2025-04-17 09:54:42,359 [72] INFO  UOBCMS.Classes.Logger - AccountController\GetAccountPhone		Account Phone of Account: 100015-001 is found
2025-04-17 09:55:39,800 [81] INFO  UOBCMS.Classes.Logger - AccountController\GetAccountPhone		Account Phone of Account: 100015-001 is found
2025-04-17 09:56:04,525 [79] INFO  UOBCMS.Classes.Logger - AccountController\GetAccountPhone		Account Phone of Account: 100015-001 is found
2025-04-17 09:57:07,531 [86] INFO  UOBCMS.Classes.Logger - AccountController\GetAccountPhone		Account Phone of Account: 100015-001 is found
2025-04-17 09:57:55,419 [81] INFO  UOBCMS.Classes.Logger - AccountController\GetAccountAddress		Account Address of Account: 100015-001 is found
2025-04-17 09:57:55,430 [81] INFO  UOBCMS.Classes.Logger - AccountController\GetIBOAccountCRS		Account Code: 100015-001
2025-04-17 09:58:00,170 [80] INFO  UOBCMS.Classes.Logger - AccountController\GetAccountAddress		Account Address of Account: 100015-001 is found
2025-04-17 09:58:00,171 [80] INFO  UOBCMS.Classes.Logger - AccountController\GetIBOAccountCRS		Account Code: 100015-001
2025-04-17 09:58:08,121 [79] ERROR UOBCMS.Classes.Logger - AccountController\GetAccountAddress		Account Address of Account: 100179-001 is not found
2025-04-17 09:58:08,169 [79] INFO  UOBCMS.Classes.Logger - AccountController\GetIBOAccountCRS		Account Code: 100179-001
2025-04-17 09:58:20,599 [80] INFO  UOBCMS.Classes.Logger - AccountController\GetAccountAddress		Account Address of Account: 100015-001 is found
2025-04-17 09:58:20,604 [79] INFO  UOBCMS.Classes.Logger - AccountController\GetIBOAccountCRS		Account Code: 100015-001
2025-04-17 09:58:27,382 [82] INFO  UOBCMS.Classes.Logger - AccountController\GetAccountPhone		Account Phone of Account: 100015-001 is found
2025-04-17 09:58:41,630 [82] INFO  UOBCMS.Classes.Logger - AccountController\GetAccountPhone		Account Phone of Account: 100015-001 is found
2025-04-17 09:58:53,519 [78] INFO  UOBCMS.Classes.Logger - AccountController\GetAccountPhone		Account Phone of Account: 100015-001 is found
2025-04-17 10:00:47,453 [75] INFO  UOBCMS.Classes.Logger - AccountController\GetAccountPhone		Account Phone of Account: 100015-001 is found
2025-04-17 10:06:36,122 [51] INFO  UOBCMS.Classes.Logger - AccountController\GetAccountbyAccno		Account: 194419-001M is found
2025-04-17 10:06:38,164 [52] INFO  UOBCMS.Classes.Logger - AccountController\GetAccountPhone		Account Phone of Account: 194419-001M is found
2025-04-17 10:06:38,194 [51] INFO  UOBCMS.Classes.Logger - AccountController\GetAccountPhone		Account Phone of Account: 194419-001M is found
2025-04-17 10:06:38,201 [51] INFO  UOBCMS.Classes.Logger - AccountController\GetAccountPhone		Account Phone of Account: 194419-001M is found
2025-04-17 10:06:38,208 [49] INFO  UOBCMS.Classes.Logger - AccountController\GetAccountPhone		Account Phone of Account: 194419-001M is found
2025-04-17 10:06:38,242 [51] INFO  UOBCMS.Classes.Logger - AccountController\GetAccountEmail		Client Email of Account: 194419-001M is found
2025-04-17 10:06:38,253 [52] INFO  UOBCMS.Classes.Logger - AccountController\GetAccountEmail		Client Email of Account: 194419-001M is found
2025-04-17 10:06:38,260 [47] INFO  UOBCMS.Classes.Logger - AccountController\GetAccountEmail		Client Email of Account: 194419-001M is found
2025-04-17 10:06:38,268 [47] INFO  UOBCMS.Classes.Logger - AccountController\GetAccountAddress		Account Address of Account: 194419-001M is found
2025-04-17 10:06:38,278 [47] INFO  UOBCMS.Classes.Logger - AccountController\GetAccountAddress		Account Address of Account: 194419-001M is found
2025-04-17 10:06:40,370 [51] INFO  UOBCMS.Classes.Logger - AccountController\GetAccountPhone		Account Phone of Account: 194419-001M is found
2025-04-17 10:07:38,893 [45] INFO  UOBCMS.Classes.Logger - AccountController\GetAccountPhone		Account Phone of Account: 194419-001M is found
2025-04-17 10:07:38,906 [44] INFO  UOBCMS.Classes.Logger - AccountController\GetAccountPhone		Account Phone of Account: 194419-001M is found
2025-04-17 10:07:38,918 [45] INFO  UOBCMS.Classes.Logger - AccountController\GetAccountPhone		Account Phone of Account: 194419-001M is found
2025-04-17 10:07:38,925 [42] INFO  UOBCMS.Classes.Logger - AccountController\GetAccountPhone		Account Phone of Account: 194419-001M is found
2025-04-17 10:07:38,934 [44] INFO  UOBCMS.Classes.Logger - AccountController\GetAccountEmail		Client Email of Account: 194419-001M is found
2025-04-17 10:07:38,942 [45] INFO  UOBCMS.Classes.Logger - AccountController\GetAccountEmail		Client Email of Account: 194419-001M is found
2025-04-17 10:07:38,948 [39] INFO  UOBCMS.Classes.Logger - AccountController\GetAccountEmail		Client Email of Account: 194419-001M is found
2025-04-17 10:07:38,955 [44] INFO  UOBCMS.Classes.Logger - AccountController\GetAccountAddress		Account Address of Account: 194419-001M is found
2025-04-17 10:07:38,961 [39] INFO  UOBCMS.Classes.Logger - AccountController\GetAccountAddress		Account Address of Account: 194419-001M is found
2025-04-17 10:08:12,324 [41] INFO  UOBCMS.Classes.Logger - AccountController\GetAccountbyAccno		Account: 194419-001M is found
2025-04-17 10:08:17,124 [44] INFO  UOBCMS.Classes.Logger - AccountController\GetAccountPhone		Account Phone of Account: 194419-001M is found
2025-04-17 10:08:17,135 [40] INFO  UOBCMS.Classes.Logger - AccountController\GetAccountPhone		Account Phone of Account: 194419-001M is found
2025-04-17 10:08:17,141 [42] INFO  UOBCMS.Classes.Logger - AccountController\GetAccountPhone		Account Phone of Account: 194419-001M is found
2025-04-17 10:08:17,148 [44] INFO  UOBCMS.Classes.Logger - AccountController\GetAccountPhone		Account Phone of Account: 194419-001M is found
2025-04-17 10:08:17,157 [40] INFO  UOBCMS.Classes.Logger - AccountController\GetAccountEmail		Client Email of Account: 194419-001M is found
2025-04-17 10:08:17,165 [42] INFO  UOBCMS.Classes.Logger - AccountController\GetAccountEmail		Client Email of Account: 194419-001M is found
2025-04-17 10:08:17,171 [42] INFO  UOBCMS.Classes.Logger - AccountController\GetAccountEmail		Client Email of Account: 194419-001M is found
2025-04-17 10:08:17,178 [42] INFO  UOBCMS.Classes.Logger - AccountController\GetAccountAddress		Account Address of Account: 194419-001M is found
2025-04-17 10:08:17,187 [42] INFO  UOBCMS.Classes.Logger - AccountController\GetAccountAddress		Account Address of Account: 194419-001M is found
2025-04-17 10:08:18,908 [41] INFO  UOBCMS.Classes.Logger - AccountController\GetAccountPhone		Account Phone of Account: 194419-001M is found
2025-04-17 10:08:23,560 [41] INFO  UOBCMS.Classes.Logger - AccountController\GetAccountbyAccno		Account: 194419-001M is found
2025-04-17 10:08:23,566 [42] INFO  UOBCMS.Classes.Logger - AccountController\GetAccountbyAccno		Account: 194419-001M is found
2025-04-17 10:08:32,190 [42] INFO  UOBCMS.Classes.Logger - AccountController\GetAccountPhone		Account Phone of Account: 100015-001 is found
2025-04-17 10:08:58,362 [40] INFO  UOBCMS.Classes.Logger - AccountController\GetAccountPhone		Account Phone of Account: 100015-001 is found
2025-04-17 10:09:04,363 [40] INFO  UOBCMS.Classes.Logger - AccountController\GetAccountEmail		Client Email of Account: 100015-001 is found
2025-04-17 10:09:07,151 [40] INFO  UOBCMS.Classes.Logger - AccountController\GetAccountPhone		Account Phone of Account: 100015-001 is found
2025-04-17 10:09:11,651 [40] INFO  UOBCMS.Classes.Logger - AccountController\GetAccountEmail		Client Email of Account: 100015-001 is found
2025-04-17 10:09:14,072 [42] INFO  UOBCMS.Classes.Logger - AccountController\GetAccountPhone		Account Phone of Account: 100015-001 is found
2025-04-17 10:09:18,707 [27] INFO  UOBCMS.Classes.Logger - AccountController\GetAccountEmail		Client Email of Account: 100015-001 is found
2025-04-17 10:09:32,124 [27] INFO  UOBCMS.Classes.Logger - AccountController\GetAccountEmail		Client Email of Account: 171718-001M is found
2025-04-17 10:09:42,665 [40] ERROR UOBCMS.Classes.Logger - AccountController\GetAccountEmail		Client Email of Account: 100179-002M is not found
2025-04-17 10:09:51,544 [36] INFO  UOBCMS.Classes.Logger - AccountController\GetAccountAddress		Account Address of Account: 100015-001 is found
2025-04-17 10:09:51,546 [40] INFO  UOBCMS.Classes.Logger - AccountController\GetIBOAccountCRS		Account Code: 100015-001
2025-04-17 10:10:05,070 [27] INFO  UOBCMS.Classes.Logger - AccountController\GetAccountbyAccno		Account: 194419-001M is found
2025-04-17 10:10:14,902 [37] INFO  UOBCMS.Classes.Logger - AccountController\GetAccountAddress		Account Address of Account: 100015-001 is found
2025-04-17 10:10:14,902 [37] INFO  UOBCMS.Classes.Logger - AccountController\GetIBOAccountCRS		Account Code: 100015-001
2025-04-17 10:26:43,516 [149] INFO  UOBCMS.Classes.Logger - AccountController\GetAccountPhone		Account Phone of Account: 171718-001M is found
2025-04-17 10:47:57,642 [57] INFO  UOBCMS.Classes.Logger - AccountController\GetAccountbyAccno		Account: 194419-001M is found
2025-04-17 10:48:03,411 [61] INFO  UOBCMS.Classes.Logger - AccountController\GetAccountPhone		Account Phone of Account: 194419-001M is found
2025-04-17 10:48:03,426 [59] INFO  UOBCMS.Classes.Logger - AccountController\GetAccountPhone		Account Phone of Account: 194419-001M is found
2025-04-17 10:48:03,438 [59] INFO  UOBCMS.Classes.Logger - AccountController\GetAccountPhone		Account Phone of Account: 194419-001M is found
2025-04-17 10:48:03,447 [59] INFO  UOBCMS.Classes.Logger - AccountController\GetAccountPhone		Account Phone of Account: 194419-001M is found
2025-04-17 10:48:03,461 [59] INFO  UOBCMS.Classes.Logger - AccountController\GetAccountEmail		Client Email of Account: 194419-001M is found
2025-04-17 10:48:03,473 [59] INFO  UOBCMS.Classes.Logger - AccountController\GetAccountEmail		Client Email of Account: 194419-001M is found
2025-04-17 10:48:03,482 [57] INFO  UOBCMS.Classes.Logger - AccountController\GetAccountEmail		Client Email of Account: 194419-001M is found
2025-04-17 10:48:03,494 [57] INFO  UOBCMS.Classes.Logger - AccountController\GetAccountAddress		Account Address of Account: 194419-001M is found
2025-04-17 10:48:03,507 [57] INFO  UOBCMS.Classes.Logger - AccountController\GetAccountAddress		Account Address of Account: 194419-001M is found
2025-04-17 10:48:06,996 [59] INFO  UOBCMS.Classes.Logger - AccountController\GetAccountAddress		Account Address of Account: 194419-001M is found
2025-04-17 10:48:06,998 [68] INFO  UOBCMS.Classes.Logger - AccountController\GetIBOAccountCRS		Account Code: 194419-001M
2025-04-17 10:48:21,160 [72] INFO  UOBCMS.Classes.Logger - AccountController\GetAccountbyAccno		Account: 194419-001M is found
2025-04-17 10:48:21,164 [72] INFO  UOBCMS.Classes.Logger - AccountController\GetAccountbyAccno		Account: 194419-001M is found
2025-04-17 10:48:25,547 [61] INFO  UOBCMS.Classes.Logger - AccountController\GetAccountbyAccno		Account: 194419-001M is found
2025-04-17 10:48:25,552 [68] INFO  UOBCMS.Classes.Logger - AccountController\GetAccountbyAccno		Account: 194419-001M is found
2025-04-17 10:48:25,629 [68] INFO  UOBCMS.Classes.Logger - AccountController\GetIBOAccountCRS		Account Code: 194419-001M
2025-04-17 10:48:25,641 [57] INFO  UOBCMS.Classes.Logger - AccountController\GetAccountAddress		Account Address of Account: 194419-001M is found
2025-04-17 10:48:28,047 [68] INFO  UOBCMS.Classes.Logger - AccountController\GetAccountbyAccno		Account: 194419-001M is found
2025-04-17 10:48:28,051 [57] INFO  UOBCMS.Classes.Logger - AccountController\GetAccountbyAccno		Account: 194419-001M is found
2025-04-17 10:48:28,124 [57] INFO  UOBCMS.Classes.Logger - AEController\GetAEbyAccno		AE of: 194419-001M is found
2025-04-17 10:48:30,629 [61] INFO  UOBCMS.Classes.Logger - AccountController\GetAccountEmail		Client Email of Account: 194419-001M is found
2025-04-17 10:49:00,995 [78] INFO  UOBCMS.Classes.Logger - AccountController\GetAccountAddress		Account Address of Account: 194419-001M is found
2025-04-17 10:49:00,996 [57] INFO  UOBCMS.Classes.Logger - AccountController\GetIBOAccountCRS		Account Code: 194419-001M
2025-04-17 10:51:18,666 [74] INFO  UOBCMS.Classes.Logger - AccountController\GetAccountAddress		Account Address of Account: 194419-001M is found
2025-04-17 10:51:18,677 [80] INFO  UOBCMS.Classes.Logger - AccountController\GetIBOAccountCRS		Account Code: 194419-001M
2025-04-17 10:52:45,965 [157] INFO  UOBCMS.Classes.Logger - AccountController\GetAccountAddress		Account Address of Account: 194419-001M is found
2025-04-17 10:52:45,970 [159] INFO  UOBCMS.Classes.Logger - AccountController\GetIBOAccountCRS		Account Code: 194419-001M
2025-04-17 11:12:14,810 [173] INFO  UOBCMS.Classes.Logger - AccountController\GetAccountAddress		Account Address of Account: 194419-001M is found
2025-04-17 11:12:14,816 [173] INFO  UOBCMS.Classes.Logger - AccountController\GetIBOAccountCRS		Account Code: 194419-001M
2025-04-17 11:16:03,553 [155] INFO  UOBCMS.Classes.Logger - AccountController\GetAccountAddress		Account Address of Account: 194419-001M is found
2025-04-17 11:16:03,562 [154] INFO  UOBCMS.Classes.Logger - AccountController\GetIBOAccountCRS		Account Code: 194419-001M
2025-04-17 11:19:11,089 [78] INFO  UOBCMS.Classes.Logger - AccountController\GetAccountAddress		Account Address of Account: 194419-001M is found
2025-04-17 11:19:11,093 [78] INFO  UOBCMS.Classes.Logger - AccountController\GetIBOAccountCRS		Account Code: 194419-001M
2025-04-17 11:19:53,847 [43] INFO  UOBCMS.Classes.Logger - AccountController\GetAccountAddress		Account Address of Account: 194419-001M is found
2025-04-17 11:19:53,856 [43] INFO  UOBCMS.Classes.Logger - AccountController\GetIBOAccountCRS		Account Code: 194419-001M
2025-04-17 11:20:46,074 [41] INFO  UOBCMS.Classes.Logger - AccountController\GetAccountAddress		Account Address of Account: 194419-001M is found
2025-04-17 11:20:46,074 [42] INFO  UOBCMS.Classes.Logger - AccountController\GetIBOAccountCRS		Account Code: 194419-001M
2025-04-17 11:21:27,984 [40] INFO  UOBCMS.Classes.Logger - AccountController\GetAccountAddress		Account Address of Account: 194419-001M is found
2025-04-17 11:21:27,985 [40] INFO  UOBCMS.Classes.Logger - AccountController\GetIBOAccountCRS		Account Code: 194419-001M
2025-04-17 11:27:38,409 [137] INFO  UOBCMS.Classes.Logger - AccountController\GetAccountAddress		Account Address of Account: 194419-001M is found
2025-04-17 11:27:38,419 [126] INFO  UOBCMS.Classes.Logger - AccountController\GetIBOAccountCRS		Account Code: 194419-001M
2025-04-17 11:31:21,319 [64] INFO  UOBCMS.Classes.Logger - AccountController\GetAccountAddress		Account Address of Account: 194419-001M is found
2025-04-17 11:31:21,325 [65] INFO  UOBCMS.Classes.Logger - AccountController\GetIBOAccountCRS		Account Code: 194419-001M
2025-04-17 11:31:27,108 [69] INFO  UOBCMS.Classes.Logger - AccountController\GetAccountAddress		Account Address of Account: 194419-001M is found
2025-04-17 11:31:27,110 [69] INFO  UOBCMS.Classes.Logger - AccountController\GetIBOAccountCRS		Account Code: 194419-001M
2025-04-17 11:32:23,890 [75] INFO  UOBCMS.Classes.Logger - AccountController\GetAccountAddress		Account Address of Account: 194419-001M is found
2025-04-17 11:32:23,891 [75] INFO  UOBCMS.Classes.Logger - AccountController\GetIBOAccountCRS		Account Code: 194419-001M
2025-04-17 11:55:11,860 [119] INFO  UOBCMS.Classes.Logger - AccountController\GetAccountAddress		Account Address of Account: 194419-001M is found
2025-04-17 11:55:11,870 [119] INFO  UOBCMS.Classes.Logger - AccountController\GetIBOAccountCRS		Account Code: 194419-001M
2025-04-17 11:55:56,628 [109] INFO  UOBCMS.Classes.Logger - AccountController\GetAccountPhone		Account Phone of Account: 194419-001M is found
2025-04-17 12:46:02,026 [31] INFO  UOBCMS.Classes.Logger - AccountController\GetAccountAddress		Account Address of Account: 194419-001M is found
2025-04-17 12:46:02,027 [36] INFO  UOBCMS.Classes.Logger - AccountController\GetIBOAccountCRS		Account Code: 194419-001M
2025-04-17 12:56:19,692 [56] INFO  UOBCMS.Classes.Logger - AccountController\GetAccountAddress		Account Address of Account: 100015-001 is found
2025-04-17 12:56:19,694 [56] INFO  UOBCMS.Classes.Logger - AccountController\GetIBOAccountCRS		Account Code: 100015-001
2025-04-17 13:05:41,200 [42] INFO  UOBCMS.Classes.Logger - AccountController\GetAccountAddress		Account Address of Account: 194419-001M is found
2025-04-17 13:05:41,210 [34] INFO  UOBCMS.Classes.Logger - AccountController\GetIBOAccountCRS		Account Code: 194419-001M
2025-04-17 13:05:52,009 [42] ERROR UOBCMS.Classes.Logger - AccountController\GetAccountAddress		Account Address of Account: 100179-001 is not found
2025-04-17 13:05:52,011 [42] INFO  UOBCMS.Classes.Logger - AccountController\GetIBOAccountCRS		Account Code: 100179-001
2025-04-17 13:05:54,463 [34] INFO  UOBCMS.Classes.Logger - AccountController\GetAccountAddress		Account Address of Account: 100015-001 is found
2025-04-17 13:05:54,465 [34] INFO  UOBCMS.Classes.Logger - AccountController\GetIBOAccountCRS		Account Code: 100015-001
2025-04-17 13:06:02,189 [42] INFO  UOBCMS.Classes.Logger - AccountController\GetAccountAddress		Account Address of Account: 194419-001M is found
2025-04-17 13:06:02,190 [42] INFO  UOBCMS.Classes.Logger - AccountController\GetIBOAccountCRS		Account Code: 194419-001M
2025-04-17 13:14:03,465 [180] INFO  UOBCMS.Classes.Logger - AccountController\GetAccountAddress		Account Address of Account: 194419-001M is found
2025-04-17 13:14:03,469 [179] INFO  UOBCMS.Classes.Logger - AccountController\GetIBOAccountCRS		Account Code: 194419-001M
2025-04-17 13:14:30,903 [193] ERROR UOBCMS.Classes.Logger - AccountController\GetAccountAddress		Account Address of Account: 100179-001 is not found
2025-04-17 13:14:30,904 [193] INFO  UOBCMS.Classes.Logger - AccountController\GetIBOAccountCRS		Account Code: 100179-001
2025-04-17 13:14:34,022 [202] INFO  UOBCMS.Classes.Logger - AccountController\GetAccountAddress		Account Address of Account: 100015-001 is found
2025-04-17 13:14:34,023 [193] INFO  UOBCMS.Classes.Logger - AccountController\GetIBOAccountCRS		Account Code: 100015-001
2025-04-17 13:17:04,550 [197] INFO  UOBCMS.Classes.Logger - AccountController\GetAccountAddress		Account Address of Account: 194419-001M is found
2025-04-17 13:17:04,560 [198] INFO  UOBCMS.Classes.Logger - AccountController\GetIBOAccountCRS		Account Code: 194419-001M
2025-04-17 13:17:11,504 [197] INFO  UOBCMS.Classes.Logger - AccountController\GetAccountEmail		Client Email of Account: 194419-001M is found
2025-04-17 13:20:48,989 [44] INFO  UOBCMS.Classes.Logger - AccountController\GetAccountbyAccno		Account: 194419-001M is found
2025-04-17 13:20:57,751 [51] INFO  UOBCMS.Classes.Logger - AccountController\GetAccountAddress		Account Address of Account: 194419-001M is found
2025-04-17 13:20:57,756 [51] INFO  UOBCMS.Classes.Logger - AccountController\GetIBOAccountCRS		Account Code: 194419-001M
2025-04-17 13:26:28,896 [64] INFO  UOBCMS.Classes.Logger - AccountController\GetAccountAddress		Account Address of Account: 194419-001M is found
2025-04-17 13:26:28,897 [64] INFO  UOBCMS.Classes.Logger - AccountController\GetIBOAccountCRS		Account Code: 194419-001M
2025-04-17 13:26:42,536 [64] INFO  UOBCMS.Classes.Logger - AccountController\GetAccountPhone		Account Phone of Account: 194419-001M is found
2025-04-17 13:26:42,547 [55] INFO  UOBCMS.Classes.Logger - AccountController\GetAccountPhone		Account Phone of Account: 194419-001M is found
2025-04-17 13:26:42,554 [54] INFO  UOBCMS.Classes.Logger - AccountController\GetAccountPhone		Account Phone of Account: 194419-001M is found
2025-04-17 13:26:42,562 [64] INFO  UOBCMS.Classes.Logger - AccountController\GetAccountPhone		Account Phone of Account: 194419-001M is found
2025-04-17 13:26:42,571 [54] INFO  UOBCMS.Classes.Logger - AccountController\GetAccountEmail		Client Email of Account: 194419-001M is found
2025-04-17 13:26:42,586 [54] INFO  UOBCMS.Classes.Logger - AccountController\GetAccountEmail		Client Email of Account: 194419-001M is found
2025-04-17 13:26:42,594 [54] INFO  UOBCMS.Classes.Logger - AccountController\GetAccountEmail		Client Email of Account: 194419-001M is found
2025-04-17 13:26:42,602 [64] INFO  UOBCMS.Classes.Logger - AccountController\GetAccountAddress		Account Address of Account: 194419-001M is found
2025-04-17 13:26:42,610 [55] INFO  UOBCMS.Classes.Logger - AccountController\GetAccountAddress		Account Address of Account: 194419-001M is found
2025-04-17 13:26:45,696 [54] INFO  UOBCMS.Classes.Logger - AccountController\GetAccountAddress		Account Address of Account: 194419-001M is found
2025-04-17 13:26:45,696 [54] INFO  UOBCMS.Classes.Logger - AccountController\GetIBOAccountCRS		Account Code: 194419-001M
2025-04-17 13:31:27,447 [125] INFO  UOBCMS.Classes.Logger - AccountController\GetAccountbyAccno		Account: 194419-001M is found
2025-04-17 13:31:30,388 [128] INFO  UOBCMS.Classes.Logger - AccountController\GetAccountAddress		Account Address of Account: 194419-001M is found
2025-04-17 13:31:30,392 [128] INFO  UOBCMS.Classes.Logger - AccountController\GetIBOAccountCRS		Account Code: 194419-001M
2025-04-17 13:31:38,391 [117] INFO  UOBCMS.Classes.Logger - AccountController\GetAccountbyAccno		Account: 194419-001M is found
2025-04-17 13:31:38,395 [125] INFO  UOBCMS.Classes.Logger - AccountController\GetAccountbyAccno		Account: 194419-001M is found
2025-04-17 13:31:38,460 [125] INFO  UOBCMS.Classes.Logger - AEController\GetAEbyAccno		AE of: 194419-001M is found
2025-04-17 13:31:38,804 [117] INFO  UOBCMS.Classes.Logger - AccountController\GetAccountEmail		Client Email of Account: 194419-001M is found
2025-04-17 13:32:05,261 [117] INFO  UOBCMS.Classes.Logger - AccountController\GetAccountbyAccno		Account: 194419-001M is found
2025-04-17 13:32:06,775 [119] INFO  UOBCMS.Classes.Logger - AccountController\GetAccountAddress		Account Address of Account: 194419-001M is found
2025-04-17 13:32:06,776 [18] INFO  UOBCMS.Classes.Logger - AccountController\GetIBOAccountCRS		Account Code: 194419-001M
2025-04-17 13:32:10,944 [119] INFO  UOBCMS.Classes.Logger - AccountController\GetAccountbyAccno		Account: 194419-001M is found
2025-04-17 13:32:10,949 [119] INFO  UOBCMS.Classes.Logger - AccountController\GetAccountbyAccno		Account: 194419-001M is found
2025-04-17 13:32:11,076 [117] INFO  UOBCMS.Classes.Logger - AccountController\GetIBOAccountCRS		Account Code: 194419-001M
2025-04-17 13:32:11,090 [117] INFO  UOBCMS.Classes.Logger - AccountController\GetAccountAddress		Account Address of Account: 194419-001M is found
2025-04-17 13:32:13,204 [117] INFO  UOBCMS.Classes.Logger - AccountController\GetAccountbyAccno		Account: 194419-001M is found
2025-04-17 13:32:13,207 [19] INFO  UOBCMS.Classes.Logger - AccountController\GetAccountbyAccno		Account: 194419-001M is found
2025-04-17 13:32:13,260 [19] INFO  UOBCMS.Classes.Logger - AEController\GetAEbyAccno		AE of: 194419-001M is found
2025-04-17 13:32:13,591 [117] INFO  UOBCMS.Classes.Logger - AccountController\GetAccountEmail		Client Email of Account: 194419-001M is found
2025-04-17 13:32:19,878 [19] INFO  UOBCMS.Classes.Logger - AccountController\GetAccountbyAccno		Account: 194419-001M is found
2025-04-17 13:32:19,882 [18] INFO  UOBCMS.Classes.Logger - AccountController\GetAccountbyAccno		Account: 194419-001M is found
2025-04-17 13:32:19,948 [18] INFO  UOBCMS.Classes.Logger - AEController\GetAEbyAccno		AE of: 194419-001M is found
2025-04-17 13:32:20,322 [19] INFO  UOBCMS.Classes.Logger - AccountController\GetAccountEmail		Client Email of Account: 194419-001M is found
2025-04-17 13:32:46,249 [30] INFO  UOBCMS.Classes.Logger - AccountController\GetAccountAddress		Account Address of Account: 194419-001M is found
2025-04-17 13:32:46,250 [30] INFO  UOBCMS.Classes.Logger - AccountController\GetIBOAccountCRS		Account Code: 194419-001M
2025-04-17 13:33:02,340 [117] INFO  UOBCMS.Classes.Logger - AccountController\GetAccountAddress		Account Address of Account: 194419-001M is found
2025-04-17 13:33:02,341 [117] INFO  UOBCMS.Classes.Logger - AccountController\GetIBOAccountCRS		Account Code: 194419-001M
2025-04-17 13:34:25,657 [40] INFO  UOBCMS.Classes.Logger - AccountController\GetAccountPhone		Account Phone of Account: 194419-001M is found
2025-04-17 13:35:21,609 [44] INFO  UOBCMS.Classes.Logger - AccountController\GetAccountbyAccno		Account: 194419-001M is found
2025-04-17 13:35:24,691 [44] INFO  UOBCMS.Classes.Logger - AccountController\GetAccountPhone		Account Phone of Account: 194419-001M is found
2025-04-17 13:35:24,707 [44] INFO  UOBCMS.Classes.Logger - AccountController\GetAccountPhone		Account Phone of Account: 194419-001M is found
2025-04-17 13:35:24,719 [33] INFO  UOBCMS.Classes.Logger - AccountController\GetAccountPhone		Account Phone of Account: 194419-001M is found
2025-04-17 13:35:24,730 [39] INFO  UOBCMS.Classes.Logger - AccountController\GetAccountPhone		Account Phone of Account: 194419-001M is found
2025-04-17 13:35:24,748 [33] INFO  UOBCMS.Classes.Logger - AccountController\GetAccountEmail		Client Email of Account: 194419-001M is found
2025-04-17 13:35:24,762 [33] INFO  UOBCMS.Classes.Logger - AccountController\GetAccountEmail		Client Email of Account: 194419-001M is found
2025-04-17 13:35:24,773 [33] INFO  UOBCMS.Classes.Logger - AccountController\GetAccountEmail		Client Email of Account: 194419-001M is found
2025-04-17 13:35:24,786 [66] INFO  UOBCMS.Classes.Logger - AccountController\GetAccountAddress		Account Address of Account: 194419-001M is found
2025-04-17 13:35:24,796 [66] INFO  UOBCMS.Classes.Logger - AccountController\GetAccountAddress		Account Address of Account: 194419-001M is found
2025-04-17 13:35:27,153 [66] INFO  UOBCMS.Classes.Logger - AccountController\GetAccountEmail		Client Email of Account: 194419-001M is found
2025-04-17 13:35:41,149 [33] INFO  UOBCMS.Classes.Logger - AccountController\GetAccountbyAccno		Account: 194419-001M is found
2025-04-17 13:35:41,155 [44] INFO  UOBCMS.Classes.Logger - AccountController\GetAccountbyAccno		Account: 194419-001M is found
2025-04-17 13:35:44,454 [66] INFO  UOBCMS.Classes.Logger - AccountController\GetAccountbyAccno		Account: 194419-001M is found
2025-04-17 13:35:44,458 [66] INFO  UOBCMS.Classes.Logger - AccountController\GetAccountbyAccno		Account: 194419-001M is found
2025-04-17 13:35:44,506 [44] INFO  UOBCMS.Classes.Logger - AccountController\GetAccountEmail		Client Email of Account: 194419-001M is found
2025-04-17 13:35:46,948 [66] INFO  UOBCMS.Classes.Logger - AccountController\GetAccountbyAccno		Account: 194419-001M is found
2025-04-17 13:35:46,952 [44] INFO  UOBCMS.Classes.Logger - AccountController\GetAccountbyAccno		Account: 194419-001M is found
2025-04-17 13:35:46,956 [66] INFO  UOBCMS.Classes.Logger - AEController\GetAEbyAccno		AE of: 194419-001M is found
2025-04-17 13:35:47,113 [66] INFO  UOBCMS.Classes.Logger - AccountController\GetAccountEmail		Client Email of Account: 194419-001M is found
2025-04-17 13:36:34,240 [4] INFO  UOBCMS.Classes.Logger - AccountController\GetAccountEmail		Client Email of Account: 194419-001M is found
2025-04-17 13:37:26,667 [191] INFO  UOBCMS.Classes.Logger - AccountController\GetAccountEmail		Client Email of Account: 194419-001M is found
2025-04-17 13:41:58,007 [193] INFO  UOBCMS.Classes.Logger - AccountController\GetAccountAddress		Account Address of Account: 100015-001 is found
2025-04-17 13:41:58,008 [185] INFO  UOBCMS.Classes.Logger - AccountController\GetIBOAccountCRS		Account Code: 100015-001
2025-04-17 15:03:18,283 [74] INFO  UOBCMS.Classes.Logger - AccountController\GetAccountAddress		Account Address of Account: 100015-001 is found
2025-04-17 15:03:18,292 [159] INFO  UOBCMS.Classes.Logger - AccountController\GetIBOAccountCRS		Account Code: 100015-001
2025-04-17 15:09:10,738 [225] INFO  UOBCMS.Classes.Logger - AccountController\GetAccountAddress		Account Address of Account: 100015-001 is found
2025-04-17 15:09:10,743 [52] INFO  UOBCMS.Classes.Logger - AccountController\GetIBOAccountCRS		Account Code: 100015-001
2025-04-17 15:13:12,368 [10] INFO  UOBCMS.Classes.Logger - AccountController\GetAccountAddress		Account Address of Account: 100015-001 is found
2025-04-17 15:13:12,370 [220] INFO  UOBCMS.Classes.Logger - AccountController\GetIBOAccountCRS		Account Code: 100015-001
2025-04-17 15:13:46,740 [115] INFO  UOBCMS.Classes.Logger - AccountController\GetAccountbyAccno		Account: 194419-001M is found
2025-04-17 15:13:49,823 [129] INFO  UOBCMS.Classes.Logger - AccountController\GetAccountPhone		Account Phone of Account: 194419-001M is found
2025-04-17 15:13:49,841 [224] INFO  UOBCMS.Classes.Logger - AccountController\GetAccountPhone		Account Phone of Account: 194419-001M is found
2025-04-17 15:13:49,852 [129] INFO  UOBCMS.Classes.Logger - AccountController\GetAccountPhone		Account Phone of Account: 194419-001M is found
2025-04-17 15:13:49,864 [129] INFO  UOBCMS.Classes.Logger - AccountController\GetAccountPhone		Account Phone of Account: 194419-001M is found
2025-04-17 15:13:49,882 [122] INFO  UOBCMS.Classes.Logger - AccountController\GetAccountEmail		Client Email of Account: 194419-001M is found
2025-04-17 15:13:49,898 [122] INFO  UOBCMS.Classes.Logger - AccountController\GetAccountEmail		Client Email of Account: 194419-001M is found
2025-04-17 15:13:49,908 [129] INFO  UOBCMS.Classes.Logger - AccountController\GetAccountEmail		Client Email of Account: 194419-001M is found
2025-04-17 15:13:49,917 [122] INFO  UOBCMS.Classes.Logger - AccountController\GetAccountAddress		Account Address of Account: 194419-001M is found
2025-04-17 15:13:49,926 [115] INFO  UOBCMS.Classes.Logger - AccountController\GetAccountAddress		Account Address of Account: 194419-001M is found
2025-04-17 15:13:57,952 [224] INFO  UOBCMS.Classes.Logger - AccountController\GetAccountAddress		Account Address of Account: 194419-001M is found
2025-04-17 15:13:57,953 [224] INFO  UOBCMS.Classes.Logger - AccountController\GetIBOAccountCRS		Account Code: 194419-001M
2025-04-17 15:17:41,903 [58] INFO  UOBCMS.Classes.Logger - AccountController\GetAccountbyAccno		Account: 194419-001M is found
2025-04-17 15:17:45,049 [58] INFO  UOBCMS.Classes.Logger - AccountController\GetAccountPhone		Account Phone of Account: 194419-001M is found
2025-04-17 15:17:45,061 [58] INFO  UOBCMS.Classes.Logger - AccountController\GetAccountPhone		Account Phone of Account: 194419-001M is found
2025-04-17 15:17:45,067 [65] INFO  UOBCMS.Classes.Logger - AccountController\GetAccountPhone		Account Phone of Account: 194419-001M is found
2025-04-17 15:17:45,074 [83] INFO  UOBCMS.Classes.Logger - AccountController\GetAccountPhone		Account Phone of Account: 194419-001M is found
2025-04-17 15:17:45,083 [65] INFO  UOBCMS.Classes.Logger - AccountController\GetAccountEmail		Client Email of Account: 194419-001M is found
2025-04-17 15:17:45,092 [83] INFO  UOBCMS.Classes.Logger - AccountController\GetAccountEmail		Client Email of Account: 194419-001M is found
2025-04-17 15:17:45,098 [209] INFO  UOBCMS.Classes.Logger - AccountController\GetAccountEmail		Client Email of Account: 194419-001M is found
2025-04-17 15:17:45,105 [83] INFO  UOBCMS.Classes.Logger - AccountController\GetAccountAddress		Account Address of Account: 194419-001M is found
2025-04-17 15:17:45,116 [58] INFO  UOBCMS.Classes.Logger - AccountController\GetAccountAddress		Account Address of Account: 194419-001M is found
2025-04-17 15:17:47,354 [83] INFO  UOBCMS.Classes.Logger - AccountController\GetAccountAddress		Account Address of Account: 194419-001M is found
2025-04-17 15:17:47,355 [83] INFO  UOBCMS.Classes.Logger - AccountController\GetIBOAccountCRS		Account Code: 194419-001M
2025-04-17 15:20:07,180 [191] INFO  UOBCMS.Classes.Logger - AccountController\GetAccountPhone		Account Phone of Account: 194419-001M is found
2025-04-17 15:20:07,193 [211] INFO  UOBCMS.Classes.Logger - AccountController\GetAccountPhone		Account Phone of Account: 194419-001M is found
2025-04-17 15:20:07,202 [67] INFO  UOBCMS.Classes.Logger - AccountController\GetAccountPhone		Account Phone of Account: 194419-001M is found
2025-04-17 15:20:07,209 [67] INFO  UOBCMS.Classes.Logger - AccountController\GetAccountPhone		Account Phone of Account: 194419-001M is found
2025-04-17 15:20:07,217 [211] INFO  UOBCMS.Classes.Logger - AccountController\GetAccountEmail		Client Email of Account: 194419-001M is found
2025-04-17 15:20:07,223 [211] INFO  UOBCMS.Classes.Logger - AccountController\GetAccountEmail		Client Email of Account: 194419-001M is found
2025-04-17 15:20:07,230 [211] INFO  UOBCMS.Classes.Logger - AccountController\GetAccountEmail		Client Email of Account: 194419-001M is found
2025-04-17 15:20:07,238 [67] INFO  UOBCMS.Classes.Logger - AccountController\GetAccountAddress		Account Address of Account: 194419-001M is found
2025-04-17 15:20:07,245 [211] INFO  UOBCMS.Classes.Logger - AccountController\GetAccountAddress		Account Address of Account: 194419-001M is found
2025-04-17 15:20:10,932 [67] INFO  UOBCMS.Classes.Logger - AccountController\GetAccountPhone		Account Phone of Account: 194419-001M is found
2025-04-17 15:20:14,327 [191] INFO  UOBCMS.Classes.Logger - AccountController\GetAccountPhone		Account Phone of Account: 194419-001M is found
2025-04-17 15:20:14,333 [191] INFO  UOBCMS.Classes.Logger - AccountController\GetAccountPhone		Account Phone of Account: 194419-001M is found
2025-04-17 15:20:14,339 [211] INFO  UOBCMS.Classes.Logger - AccountController\GetAccountPhone		Account Phone of Account: 194419-001M is found
2025-04-17 15:20:14,345 [211] INFO  UOBCMS.Classes.Logger - AccountController\GetAccountPhone		Account Phone of Account: 194419-001M is found
2025-04-17 15:20:14,353 [191] INFO  UOBCMS.Classes.Logger - AccountController\GetAccountEmail		Client Email of Account: 194419-001M is found
2025-04-17 15:20:14,360 [191] INFO  UOBCMS.Classes.Logger - AccountController\GetAccountEmail		Client Email of Account: 194419-001M is found
2025-04-17 15:20:14,366 [191] INFO  UOBCMS.Classes.Logger - AccountController\GetAccountEmail		Client Email of Account: 194419-001M is found
2025-04-17 15:20:14,374 [191] INFO  UOBCMS.Classes.Logger - AccountController\GetAccountAddress		Account Address of Account: 194419-001M is found
2025-04-17 15:20:14,380 [191] INFO  UOBCMS.Classes.Logger - AccountController\GetAccountAddress		Account Address of Account: 194419-001M is found
2025-04-17 17:17:48,255 [64] INFO  UOBCMS.Classes.Logger - AccountController\Details		Details of Account: 8703 is found
2025-04-17 17:17:53,007 [6] INFO  UOBCMS.Classes.Logger - AccountController\GetAccountAddInfos		Account Additional Info of Account: 8703 is found
2025-04-17 17:21:39,758 [116] INFO  UOBCMS.Classes.Logger - AccountController\Details		Details of Account: 8703 is found
2025-04-17 17:32:15,961 [14] INFO  UOBCMS.Classes.Logger - AccountController\GetAccountMarkets		Market of Account: 8703 is found
2025-04-17 17:50:22,797 [161] INFO  UOBCMS.Classes.Logger - AccountController\Details		Details of Account: 8703 is found
2025-04-17 17:50:25,924 [161] INFO  UOBCMS.Classes.Logger - AccountController\GetAccountLimits		Limit of Account: 8703 is found
2025-04-17 17:50:27,365 [74] INFO  UOBCMS.Classes.Logger - AccountController\GetAccountDocs		Account Document of Account: 8703 is found
2025-04-17 17:50:28,124 [74] INFO  UOBCMS.Classes.Logger - AccountController\GetAccountAddInfos		Account Additional Info of Account: 8703 is found
2025-04-17 17:50:31,954 [185] INFO  UOBCMS.Classes.Logger - AccountController\GetAccountBanks		Account Banks Info of Account: 8703 is found
2025-04-17 17:50:33,083 [185] INFO  UOBCMS.Classes.Logger - AccountController\GetAccountBanks		Account Banks Info of Account: 8703 is found
2025-04-17 17:50:34,063 [185] INFO  UOBCMS.Classes.Logger - AccountController\GetAccountEmails		Account Email of Account: 8703 is found
2025-04-17 17:50:34,513 [74] INFO  UOBCMS.Classes.Logger - AccountController\GetAccountPhones		Phone of Account: 8703 is found
2025-04-17 17:50:35,898 [185] INFO  UOBCMS.Classes.Logger - AccountController\GetAccountAddresses		Account Address of Account: 8703 is found
2025-04-17 17:50:38,348 [161] INFO  UOBCMS.Classes.Logger - AccountController\GetAccountHKIDRs		HKIDR of Account: 8703 is found
2025-04-17 18:13:31,255 [209] INFO  UOBCMS.Classes.Logger - AccountController\Details		Details of Account: 8703 is found
2025-04-17 18:13:33,000 [73] INFO  UOBCMS.Classes.Logger - AccountController\GetAccountAddInfos		Account Additional Info of Account: 8703 is found
2025-04-17 18:14:21,398 [209] INFO  UOBCMS.Classes.Logger - AccountController\GetAccountDocs		Account Document of Account: 8703 is found
2025-04-17 18:14:27,769 [73] INFO  UOBCMS.Classes.Logger - AccountController\GetAccountBanks		Account Banks Info of Account: 8703 is found
2025-04-17 18:14:28,748 [209] INFO  UOBCMS.Classes.Logger - AccountController\GetAccountAddInfos		Account Additional Info of Account: 8703 is found
2025-04-17 18:14:39,566 [209] INFO  UOBCMS.Classes.Logger - AccountController\GetAccountAddInfos		Account Additional Info of Account: 8703 is found
