2025-05-07 09:36:40,162 [3] INFO  UOBCMS.Classes.Logger - AccountController\GetAccountbyAccno		Account: 194419-001M is found
2025-05-07 09:36:42,992 [18] INFO  UOBCMS.Classes.Logger - AccountController\GetAccountbyAccno		Account: 194419-001M is found
2025-05-07 09:36:43,105 [3] INFO  UOBCMS.Classes.Logger - AccountController\GetAccountPhone		Account Phone of Account: 194419-001M is found
2025-05-07 09:36:43,145 [7] INFO  UOBCMS.Classes.Logger - AccountController\GetAccountPhone		Account Phone of Account: 194419-001M is found
2025-05-07 09:36:43,162 [3] INFO  UOBCMS.Classes.Logger - AccountController\GetAccountPhone		Account Phone of Account: 194419-001M is found
2025-05-07 09:36:43,175 [3] INFO  UOBCMS.Classes.Logger - AccountController\GetAccountPhone		Account Phone of Account: 194419-001M is found
2025-05-07 09:36:43,209 [17] INFO  UOBCMS.Classes.Logger - AccountController\GetAccountEmail		Client Email of Account: 194419-001M is found
2025-05-07 09:36:43,222 [17] INFO  UOBCMS.Classes.Logger - AccountController\GetAccountEmail		Client Email of Account: 194419-001M is found
2025-05-07 09:36:43,230 [17] INFO  UOBCMS.Classes.Logger - AccountController\GetAccountEmail		Client Email of Account: 194419-001M is found
2025-05-07 09:36:43,267 [17] INFO  UOBCMS.Classes.Logger - AccountController\GetAccountAddress		Account Address of Account: 194419-001M is found
2025-05-07 09:36:43,290 [17] INFO  UOBCMS.Classes.Logger - AccountController\GetAccountAddress		Account Address of Account: 194419-001M is found
2025-05-07 09:36:45,646 [17] INFO  UOBCMS.Classes.Logger - AccountController\GetAccountAddress		Account Address of Account: 194419-001M is found
2025-05-07 09:36:45,651 [17] INFO  UOBCMS.Classes.Logger - AccountController\GetIBOAccountCRS		Account Code: 194419-001M
2025-05-07 09:36:54,378 [17] INFO  UOBCMS.Classes.Logger - AccountController\GetAccountbyAccno		Account: 194419-001M is found
2025-05-07 09:36:54,382 [7] INFO  UOBCMS.Classes.Logger - AccountController\GetAccountbyAccno		Account: 194419-001M is found
2025-05-07 09:36:54,430 [7] INFO  UOBCMS.Classes.Logger - AEController\GetAEbyAccno		AE of: 194419-001M is found
2025-05-07 09:36:55,422 [7] INFO  UOBCMS.Classes.Logger - AccountController\GetAccountEmail		Client Email of Account: 194419-001M is found
2025-05-07 09:37:01,302 [7] INFO  UOBCMS.Classes.Logger - AccountController\GetAccountbyAccno		Account: 194419-001M is found
2025-05-07 09:37:01,307 [7] INFO  UOBCMS.Classes.Logger - AccountController\GetAccountbyAccno		Account: 194419-001M is found
2025-05-07 09:37:01,385 [7] INFO  UOBCMS.Classes.Logger - AccountController\GetIBOAccountCRS		Account Code: 194419-001M
2025-05-07 09:37:01,397 [7] INFO  UOBCMS.Classes.Logger - AccountController\GetAccountAddress		Account Address of Account: 194419-001M is found
2025-05-07 09:37:03,877 [7] INFO  UOBCMS.Classes.Logger - AccountController\GetAccountbyAccno		Account: 194419-001M is found
2025-05-07 09:37:03,883 [17] INFO  UOBCMS.Classes.Logger - AccountController\GetAccountbyAccno		Account: 194419-001M is found
2025-05-07 09:37:03,954 [7] INFO  UOBCMS.Classes.Logger - AEController\GetAEbyAccno		AE of: 194419-001M is found
2025-05-07 09:37:04,896 [3] INFO  UOBCMS.Classes.Logger - AccountController\GetAccountEmail		Client Email of Account: 194419-001M is found
2025-05-07 09:39:14,589 [25] INFO  UOBCMS.Classes.Logger - AccountController\GetAccountAddress		Account Address of Account: 194419-001M is found
2025-05-07 09:39:14,600 [25] INFO  UOBCMS.Classes.Logger - AccountController\GetIBOAccountCRS		Account Code: 194419-001M
2025-05-07 09:39:22,601 [25] INFO  UOBCMS.Classes.Logger - AccountController\GetAccountEmail		Client Email of Account: 194419-001M is found
2025-05-07 09:39:29,294 [15] INFO  UOBCMS.Classes.Logger - AccountController\GetAccountbyAccno		Account: 194419-001M is found
2025-05-07 09:39:31,249 [25] INFO  UOBCMS.Classes.Logger - AccountController\GetAccountAddress		Account Address of Account: 194419-001M is found
2025-05-07 09:39:31,250 [25] INFO  UOBCMS.Classes.Logger - AccountController\GetIBOAccountCRS		Account Code: 194419-001M
2025-05-07 09:39:33,266 [25] INFO  UOBCMS.Classes.Logger - AccountController\GetAccountEmail		Client Email of Account: 194419-001M is found
2025-05-07 09:39:40,735 [26] INFO  UOBCMS.Classes.Logger - AccountController\GetAccountbyAccno		Account: 194419-001M is found
2025-05-07 09:39:41,720 [24] INFO  UOBCMS.Classes.Logger - AccountController\GetAccountPhone		Account Phone of Account: 194419-001M is found
2025-05-07 09:39:41,730 [24] INFO  UOBCMS.Classes.Logger - AccountController\GetAccountPhone		Account Phone of Account: 194419-001M is found
2025-05-07 09:39:41,738 [26] INFO  UOBCMS.Classes.Logger - AccountController\GetAccountPhone		Account Phone of Account: 194419-001M is found
2025-05-07 09:39:41,744 [25] INFO  UOBCMS.Classes.Logger - AccountController\GetAccountPhone		Account Phone of Account: 194419-001M is found
2025-05-07 09:39:41,754 [24] INFO  UOBCMS.Classes.Logger - AccountController\GetAccountEmail		Client Email of Account: 194419-001M is found
2025-05-07 09:39:41,762 [24] INFO  UOBCMS.Classes.Logger - AccountController\GetAccountEmail		Client Email of Account: 194419-001M is found
2025-05-07 09:39:41,769 [24] INFO  UOBCMS.Classes.Logger - AccountController\GetAccountEmail		Client Email of Account: 194419-001M is found
2025-05-07 09:39:41,777 [26] INFO  UOBCMS.Classes.Logger - AccountController\GetAccountAddress		Account Address of Account: 194419-001M is found
2025-05-07 09:39:41,785 [24] INFO  UOBCMS.Classes.Logger - AccountController\GetAccountAddress		Account Address of Account: 194419-001M is found
2025-05-07 09:39:44,062 [26] INFO  UOBCMS.Classes.Logger - AccountController\GetAccountAddress		Account Address of Account: 194419-001M is found
2025-05-07 09:39:44,063 [26] INFO  UOBCMS.Classes.Logger - AccountController\GetIBOAccountCRS		Account Code: 194419-001M
2025-05-07 09:39:52,691 [25] INFO  UOBCMS.Classes.Logger - AccountController\GetAccountbyAccno		Account: 194419-001M is found
2025-05-07 09:39:52,695 [25] INFO  UOBCMS.Classes.Logger - AccountController\GetAccountbyAccno		Account: 194419-001M is found
2025-05-07 09:39:52,757 [26] INFO  UOBCMS.Classes.Logger - AccountController\GetIBOAccountCRS		Account Code: 194419-001M
2025-05-07 09:39:52,769 [26] INFO  UOBCMS.Classes.Logger - AccountController\GetAccountAddress		Account Address of Account: 194419-001M is found
2025-05-07 09:39:54,377 [24] INFO  UOBCMS.Classes.Logger - AccountController\GetAccountbyAccno		Account: 194419-001M is found
2025-05-07 09:39:54,381 [26] INFO  UOBCMS.Classes.Logger - AccountController\GetAccountbyAccno		Account: 194419-001M is found
2025-05-07 09:39:54,387 [26] INFO  UOBCMS.Classes.Logger - AEController\GetAEbyAccno		AE of: 194419-001M is found
2025-05-07 09:39:55,327 [26] INFO  UOBCMS.Classes.Logger - AccountController\GetAccountEmail		Client Email of Account: 194419-001M is found
2025-05-07 09:40:12,946 [26] INFO  UOBCMS.Classes.Logger - AccountController\GetAccountAddress		Account Address of Account: 194419-001M is found
2025-05-07 09:40:12,947 [15] INFO  UOBCMS.Classes.Logger - AccountController\GetIBOAccountCRS		Account Code: 194419-001M
2025-05-07 09:40:18,529 [26] INFO  UOBCMS.Classes.Logger - AccountController\GetAccountEmail		Client Email of Account: 194419-001M is found
2025-05-07 09:40:23,501 [26] INFO  UOBCMS.Classes.Logger - AccountController\GetAccountbyAccno		Account: 194419-001M is found
2025-05-07 09:40:25,151 [15] INFO  UOBCMS.Classes.Logger - AccountController\GetAccountAddress		Account Address of Account: 194419-001M is found
2025-05-07 09:40:25,153 [15] INFO  UOBCMS.Classes.Logger - AccountController\GetIBOAccountCRS		Account Code: 194419-001M
2025-05-07 09:40:32,743 [26] INFO  UOBCMS.Classes.Logger - AccountController\GetAccountbyAccno		Account: 194419-001M is found
2025-05-07 09:40:32,748 [15] INFO  UOBCMS.Classes.Logger - AccountController\GetAccountbyAccno		Account: 194419-001M is found
2025-05-07 09:40:32,875 [24] INFO  UOBCMS.Classes.Logger - AccountController\GetIBOAccountCRS		Account Code: 194419-001M
2025-05-07 09:40:32,887 [15] INFO  UOBCMS.Classes.Logger - AccountController\GetAccountAddress		Account Address of Account: 194419-001M is found
2025-05-07 09:40:34,670 [26] INFO  UOBCMS.Classes.Logger - AccountController\GetAccountbyAccno		Account: 194419-001M is found
2025-05-07 09:40:34,673 [15] INFO  UOBCMS.Classes.Logger - AccountController\GetAccountbyAccno		Account: 194419-001M is found
2025-05-07 09:40:34,739 [25] INFO  UOBCMS.Classes.Logger - AEController\GetAEbyAccno		AE of: 194419-001M is found
2025-05-07 09:40:35,687 [24] INFO  UOBCMS.Classes.Logger - AccountController\GetAccountEmail		Client Email of Account: 194419-001M is found
2025-05-07 09:40:55,860 [27] INFO  UOBCMS.Classes.Logger - AccountController\GetAccountAddress		Account Address of Account: 194419-001M is found
2025-05-07 09:40:55,861 [27] INFO  UOBCMS.Classes.Logger - AccountController\GetIBOAccountCRS		Account Code: 194419-001M
2025-05-07 09:40:59,238 [25] INFO  UOBCMS.Classes.Logger - AccountController\SaveBulkAddress		UOBCMS.Models.api.body_cms_client_address
2025-05-07 09:40:59,343 [29] INFO  UOBCMS.Classes.Logger - AccountController\GetAccountAddress		Account Address of Account: 194419-001M is found
2025-05-07 09:40:59,348 [25] INFO  UOBCMS.Classes.Logger - AccountController\SaveBulkAddress		UOBCMS.Models.api.body_cms_client_address
2025-05-07 09:40:59,384 [27] INFO  UOBCMS.Classes.Logger - AccountController\GetAccountEmail		Client Email of Account: 194419-001M is found
2025-05-07 09:41:23,957 [31] INFO  UOBCMS.Classes.Logger - AccountController\GetAccountbyAccno		Account: 194419-001M is found
2025-05-07 09:41:26,276 [25] INFO  UOBCMS.Classes.Logger - AccountController\GetAccountbyAccno		Account: 194419-001M is found
2025-05-07 09:41:26,299 [31] INFO  UOBCMS.Classes.Logger - AccountController\GetAccountPhone		Account Phone of Account: 194419-001M is found
2025-05-07 09:41:26,308 [27] INFO  UOBCMS.Classes.Logger - AccountController\GetAccountPhone		Account Phone of Account: 194419-001M is found
2025-05-07 09:41:26,317 [31] INFO  UOBCMS.Classes.Logger - AccountController\GetAccountPhone		Account Phone of Account: 194419-001M is found
2025-05-07 09:41:26,324 [25] INFO  UOBCMS.Classes.Logger - AccountController\GetAccountPhone		Account Phone of Account: 194419-001M is found
2025-05-07 09:41:26,333 [25] INFO  UOBCMS.Classes.Logger - AccountController\GetAccountEmail		Client Email of Account: 194419-001M is found
2025-05-07 09:41:26,339 [31] INFO  UOBCMS.Classes.Logger - AccountController\GetAccountEmail		Client Email of Account: 194419-001M is found
2025-05-07 09:41:26,346 [31] INFO  UOBCMS.Classes.Logger - AccountController\GetAccountEmail		Client Email of Account: 194419-001M is found
2025-05-07 09:41:26,353 [25] INFO  UOBCMS.Classes.Logger - AccountController\GetAccountAddress		Account Address of Account: 194419-001M is found
2025-05-07 09:41:26,360 [25] INFO  UOBCMS.Classes.Logger - AccountController\GetAccountAddress		Account Address of Account: 194419-001M is found
2025-05-07 09:41:30,491 [25] INFO  UOBCMS.Classes.Logger - AccountController\GetAccountPhone		Account Phone of Account: 194419-001M is found
2025-05-07 09:41:34,390 [27] INFO  UOBCMS.Classes.Logger - AccountController\GetAccountbyAccno		Account: 194419-001M is found
2025-05-07 09:41:34,394 [31] INFO  UOBCMS.Classes.Logger - AccountController\GetAccountbyAccno		Account: 194419-001M is found
2025-05-07 09:41:34,403 [31] INFO  UOBCMS.Classes.Logger - AccountController\GetAccountPhone		Account Phone of Account: 194419-001M is found
2025-05-07 09:41:34,425 [31] INFO  UOBCMS.Classes.Logger - AccountController\GetAccountPhone		Account Phone of Account: 194419-001M is found
2025-05-07 09:41:36,230 [29] INFO  UOBCMS.Classes.Logger - AccountController\GetAccountbyAccno		Account: 194419-001M is found
2025-05-07 09:41:36,234 [29] INFO  UOBCMS.Classes.Logger - AccountController\GetAccountbyAccno		Account: 194419-001M is found
2025-05-07 09:41:36,238 [29] INFO  UOBCMS.Classes.Logger - AEController\GetAEbyAccno		AE of: 194419-001M is found
2025-05-07 09:41:36,247 [29] INFO  UOBCMS.Classes.Logger - AccountController\GetAccountPhone		Account Phone of Account: 194419-001M is found
2025-05-07 09:41:36,401 [27] INFO  UOBCMS.Classes.Logger - AccountController\GetAccountEmail		Client Email of Account: 194419-001M is found
2025-05-07 09:41:51,990 [27] INFO  UOBCMS.Classes.Logger - AccountController\GetAccountbyAccno		Account: 194419-001M is found
2025-05-07 09:41:52,064 [27] INFO  UOBCMS.Classes.Logger - AccountController\GetAccountPhone		Account Phone of Account: 194419-001M is found
2025-05-07 09:41:52,316 [25] INFO  UOBCMS.Classes.Logger - AccountController\GetAccountbyAccno		Account: 194419-001M is found
2025-05-07 09:41:54,847 [27] INFO  UOBCMS.Classes.Logger - AccountController\GetAccountbyAccno		Account: 194419-001M is found
2025-05-07 09:41:55,190 [25] INFO  UOBCMS.Classes.Logger - AccountController\GetAccountEmail		Client Email of Account: 194419-001M is found
2025-05-07 09:41:55,296 [25] INFO  UOBCMS.Classes.Logger - AccountController\GetAccountbyAccno		Account: 194419-001M is found
2025-05-07 09:42:01,886 [29] INFO  UOBCMS.Classes.Logger - AccountController\GetAccountbyAccno		Account: 194419-001M is found
2025-05-07 09:42:03,544 [25] INFO  UOBCMS.Classes.Logger - AccountController\GetAccountPhone		Account Phone of Account: 194419-001M is found
2025-05-07 09:42:10,451 [29] INFO  UOBCMS.Classes.Logger - AccountController\GetAccountbyAccno		Account: 194419-001M is found
2025-05-07 09:42:10,455 [27] INFO  UOBCMS.Classes.Logger - AccountController\GetAccountbyAccno		Account: 194419-001M is found
2025-05-07 09:42:10,546 [25] INFO  UOBCMS.Classes.Logger - AccountController\GetAccountPhone		Account Phone of Account: 194419-001M is found
2025-05-07 09:42:12,151 [27] INFO  UOBCMS.Classes.Logger - AccountController\GetAccountbyAccno		Account: 194419-001M is found
2025-05-07 09:42:12,156 [25] INFO  UOBCMS.Classes.Logger - AccountController\GetAccountbyAccno		Account: 194419-001M is found
2025-05-07 09:42:12,217 [28] INFO  UOBCMS.Classes.Logger - AEController\GetAEbyAccno		AE of: 194419-001M is found
2025-05-07 09:42:12,225 [27] INFO  UOBCMS.Classes.Logger - AccountController\GetAccountPhone		Account Phone of Account: 194419-001M is found
2025-05-07 09:42:12,366 [25] INFO  UOBCMS.Classes.Logger - AccountController\GetAccountEmail		Client Email of Account: 194419-001M is found
2025-05-07 09:42:35,880 [28] INFO  UOBCMS.Classes.Logger - AccountController\GetAccountPhone		Account Phone of Account: 194419-001M is found
2025-05-07 09:42:40,607 [25] INFO  UOBCMS.Classes.Logger - AccountController\GetAccountbyAccno		Account: 194419-001M is found
2025-05-07 09:42:40,664 [25] INFO  UOBCMS.Classes.Logger - AccountController\GetAccountPhone		Account Phone of Account: 194419-001M is found
2025-05-07 09:42:40,896 [25] INFO  UOBCMS.Classes.Logger - AccountController\GetAccountbyAccno		Account: 194419-001M is found
2025-05-07 09:42:43,701 [30] INFO  UOBCMS.Classes.Logger - AccountController\GetAccountbyAccno		Account: 194419-001M is found
2025-05-07 09:42:50,505 [30] INFO  UOBCMS.Classes.Logger - AccountController\GetAccountbyAccno		Account: 194419-001M is found
2025-05-07 09:42:52,108 [25] INFO  UOBCMS.Classes.Logger - AccountController\GetAccountbyAccno		Account: 194419-001M is found
2025-05-07 09:42:52,445 [28] INFO  UOBCMS.Classes.Logger - AccountController\SaveBulkPhone		UOBCMS.Models.api.body_cms_client_phone
2025-05-07 09:42:52,479 [28] INFO  UOBCMS.Classes.Logger - AccountController\GetAccountEmail		Client Email of Account: 194419-001M is found
2025-05-07 09:44:58,246 [14] INFO  UOBCMS.Classes.Logger - AccountController\GetAccountbyAccno		Account: 194419-001M is found
2025-05-07 09:45:00,611 [16] INFO  UOBCMS.Classes.Logger - AccountController\GetAccountbyAccno		Account: 194419-001M is found
2025-05-07 09:45:01,519 [16] INFO  UOBCMS.Classes.Logger - AccountController\GetAccountPhone		Account Phone of Account: 194419-001M is found
2025-05-07 09:45:01,537 [14] INFO  UOBCMS.Classes.Logger - AccountController\GetAccountPhone		Account Phone of Account: 194419-001M is found
2025-05-07 09:45:01,547 [16] INFO  UOBCMS.Classes.Logger - AccountController\GetAccountPhone		Account Phone of Account: 194419-001M is found
2025-05-07 09:45:01,556 [16] INFO  UOBCMS.Classes.Logger - AccountController\GetAccountPhone		Account Phone of Account: 194419-001M is found
2025-05-07 09:45:01,569 [16] INFO  UOBCMS.Classes.Logger - AccountController\GetAccountEmail		Client Email of Account: 194419-001M is found
2025-05-07 09:45:01,581 [14] INFO  UOBCMS.Classes.Logger - AccountController\GetAccountEmail		Client Email of Account: 194419-001M is found
2025-05-07 09:45:01,589 [14] INFO  UOBCMS.Classes.Logger - AccountController\GetAccountEmail		Client Email of Account: 194419-001M is found
2025-05-07 09:45:01,598 [14] INFO  UOBCMS.Classes.Logger - AccountController\GetAccountAddress		Account Address of Account: 194419-001M is found
2025-05-07 09:45:01,608 [14] INFO  UOBCMS.Classes.Logger - AccountController\GetAccountAddress		Account Address of Account: 194419-001M is found
2025-05-07 09:45:03,520 [16] INFO  UOBCMS.Classes.Logger - AccountController\GetAccountPhone		Account Phone of Account: 194419-001M is found
2025-05-07 09:45:07,266 [19] INFO  UOBCMS.Classes.Logger - AccountController\GetAccountbyAccno		Account: 194419-001M is found
2025-05-07 09:45:07,271 [16] INFO  UOBCMS.Classes.Logger - AccountController\GetAccountbyAccno		Account: 194419-001M is found
2025-05-07 09:45:07,281 [19] INFO  UOBCMS.Classes.Logger - AccountController\GetAccountPhone		Account Phone of Account: 194419-001M is found
2025-05-07 09:45:07,322 [32] INFO  UOBCMS.Classes.Logger - AccountController\GetAccountPhone		Account Phone of Account: 194419-001M is found
2025-05-07 09:45:08,602 [14] INFO  UOBCMS.Classes.Logger - AccountController\GetAccountbyAccno		Account: 194419-001M is found
2025-05-07 09:45:08,609 [32] INFO  UOBCMS.Classes.Logger - AccountController\GetAccountbyAccno		Account: 194419-001M is found
2025-05-07 09:45:08,618 [19] INFO  UOBCMS.Classes.Logger - AEController\GetAEbyAccno		AE of: 194419-001M is found
2025-05-07 09:45:08,630 [32] INFO  UOBCMS.Classes.Logger - AccountController\GetAccountPhone		Account Phone of Account: 194419-001M is found
2025-05-07 09:45:08,800 [19] INFO  UOBCMS.Classes.Logger - AccountController\GetAccountEmail		Client Email of Account: 194419-001M is found
2025-05-07 09:45:22,264 [19] INFO  UOBCMS.Classes.Logger - AccountController\GetAccountPhone		Account Phone of Account: 194419-001M is found
2025-05-07 09:45:29,360 [14] INFO  UOBCMS.Classes.Logger - AccountController\GetAccountbyAccno		Account: 194419-001M is found
2025-05-07 09:45:29,448 [16] INFO  UOBCMS.Classes.Logger - AccountController\GetAccountPhone		Account Phone of Account: 194419-001M is found
2025-05-07 09:45:29,705 [16] INFO  UOBCMS.Classes.Logger - AccountController\GetAccountbyAccno		Account: 194419-001M is found
2025-05-07 09:45:33,015 [32] INFO  UOBCMS.Classes.Logger - AccountController\GetAccountbyAccno		Account: 194419-001M is found
2025-05-07 09:45:33,389 [14] INFO  UOBCMS.Classes.Logger - AccountController\GetAccountEmail		Client Email of Account: 194419-001M is found
2025-05-07 09:45:33,494 [14] INFO  UOBCMS.Classes.Logger - AccountController\GetAccountbyAccno		Account: 194419-001M is found
2025-05-07 09:45:47,780 [32] INFO  UOBCMS.Classes.Logger - AccountController\GetAccountbyAccno		Account: 194419-001M is found
2025-05-07 09:45:49,305 [32] INFO  UOBCMS.Classes.Logger - AccountController\GetAccountPhone		Account Phone of Account: 194419-001M is found
2025-05-07 09:45:54,592 [14] INFO  UOBCMS.Classes.Logger - AccountController\GetAccountbyAccno		Account: 194419-001M is found
2025-05-07 09:45:54,597 [16] INFO  UOBCMS.Classes.Logger - AccountController\GetAccountbyAccno		Account: 194419-001M is found
2025-05-07 09:45:54,669 [32] INFO  UOBCMS.Classes.Logger - AccountController\GetAccountPhone		Account Phone of Account: 194419-001M is found
2025-05-07 09:45:56,026 [16] INFO  UOBCMS.Classes.Logger - AccountController\GetAccountbyAccno		Account: 194419-001M is found
2025-05-07 09:45:56,031 [16] INFO  UOBCMS.Classes.Logger - AccountController\GetAccountbyAccno		Account: 194419-001M is found
2025-05-07 09:45:56,108 [32] INFO  UOBCMS.Classes.Logger - AEController\GetAEbyAccno		AE of: 194419-001M is found
2025-05-07 09:45:56,116 [32] INFO  UOBCMS.Classes.Logger - AccountController\GetAccountPhone		Account Phone of Account: 194419-001M is found
2025-05-07 09:45:56,270 [16] INFO  UOBCMS.Classes.Logger - AccountController\GetAccountEmail		Client Email of Account: 194419-001M is found
2025-05-07 09:46:04,686 [19] INFO  UOBCMS.Classes.Logger - AccountController\GetAccountbyAccno		Account: 194419-001M is found
2025-05-07 09:46:04,744 [14] INFO  UOBCMS.Classes.Logger - AccountController\GetAccountPhone		Account Phone of Account: 194419-001M is found
2025-05-07 09:46:04,982 [32] INFO  UOBCMS.Classes.Logger - AccountController\GetAccountbyAccno		Account: 194419-001M is found
2025-05-07 09:46:07,877 [32] INFO  UOBCMS.Classes.Logger - AccountController\GetAccountbyAccno		Account: 194419-001M is found
2025-05-07 09:46:08,239 [19] INFO  UOBCMS.Classes.Logger - AccountController\SaveBulkPhone		UOBCMS.Models.api.body_cms_client_phone
2025-05-07 09:46:08,262 [14] INFO  UOBCMS.Classes.Logger - AccountController\GetAccountEmail		Client Email of Account: 194419-001M is found
2025-05-07 09:46:08,369 [14] INFO  UOBCMS.Classes.Logger - AccountController\GetAccountbyAccno		Account: 194419-001M is found
2025-05-07 09:46:13,309 [16] INFO  UOBCMS.Classes.Logger - AccountController\GetAccountbyAccno		Account: 194419-001M is found
