2025-06-24 10:07:42,876 [15] INFO  UOBCMS.Classes.Logger - AccountController\GetAccountbyAccno		Account: 194419-001M is found
2025-06-24 10:07:58,024 [27] INFO  UOBCMS.Classes.Logger - AccountController\GetAccountbyAccno		Account: 194419-001M is found
2025-06-24 10:07:58,904 [26] INFO  UOBCMS.Classes.Logger - AccountController\GetAccountPhone		Account Phone of Account: 194419-001M is found
2025-06-24 10:07:58,956 [15] INFO  UOBCMS.Classes.Logger - AccountController\GetAccountPhone		Account Phone of Account: 194419-001M is found
2025-06-24 10:07:58,973 [26] INFO  UOBCMS.Classes.Logger - AccountController\GetAccountPhone		Account Phone of Account: 194419-001M is found
2025-06-24 10:07:58,990 [15] INFO  UOBCMS.Classes.Logger - AccountController\GetAccountPhone		Account Phone of Account: 194419-001M is found
2025-06-24 10:07:59,033 [15] INFO  UOBCMS.Classes.Logger - AccountController\GetAccountEmail		Client Email of Account: 194419-001M is found
2025-06-24 10:07:59,050 [15] INFO  UOBCMS.Classes.Logger - AccountController\GetAccountEmail		Client Email of Account: 194419-001M is found
2025-06-24 10:07:59,061 [15] INFO  UOBCMS.Classes.Logger - AccountController\GetAccountEmail		Client Email of Account: 194419-001M is found
2025-06-24 10:07:59,101 [15] INFO  UOBCMS.Classes.Logger - AccountController\GetAccountAddress		Account Address of Account: 194419-001M is found
2025-06-24 10:07:59,128 [15] INFO  UOBCMS.Classes.Logger - AccountController\GetAccountAddress		Account Address of Account: 194419-001M is found
2025-06-24 10:08:38,394 [31] INFO  UOBCMS.Classes.Logger - AccountController\GetAccountPhone		Account Phone of Account: 194419-001M is found
2025-06-24 10:08:38,426 [24] INFO  UOBCMS.Classes.Logger - AccountController\GetIBOAccountCRS		Account Code: 194419-001M
2025-06-24 10:08:38,529 [24] INFO  UOBCMS.Classes.Logger - AccountController\GetAccountAddresses		Account Addresss of Account: 194419-001M is found
2025-06-24 10:08:38,536 [24] INFO  UOBCMS.Classes.Logger - AccountController\GetIBOAccountCPerson		Account Code: 194419-001M
2025-06-24 10:10:41,409 [40] INFO  UOBCMS.Classes.Logger - AccountController\GetAccountbyAccno		Account: 194419-001M is found
2025-06-24 10:10:46,984 [42] INFO  UOBCMS.Classes.Logger - AccountController\GetAccountEmail		Client Email of Account: 194419-001M is found
2025-06-24 10:10:53,175 [41] INFO  UOBCMS.Classes.Logger - AccountController\GetAccountPhone		Account Phone of Account: 194419-001M is found
2025-06-24 10:10:53,232 [40] INFO  UOBCMS.Classes.Logger - AccountController\GetIBOAccountCRS		Account Code: 194419-001M
2025-06-24 10:10:53,243 [43] INFO  UOBCMS.Classes.Logger - AccountController\GetAccountAddresses		Account Addresss of Account: 194419-001M is found
2025-06-24 10:10:53,250 [43] INFO  UOBCMS.Classes.Logger - AccountController\GetIBOAccountCPerson		Account Code: 194419-001M
2025-06-24 10:11:15,728 [46] INFO  UOBCMS.Classes.Logger - AccountController\GetAccountPhone		Account Phone of Account: 194419-001M is found
2025-06-24 10:11:15,786 [46] INFO  UOBCMS.Classes.Logger - AccountController\GetIBOAccountCRS		Account Code: 194419-001M
2025-06-24 10:11:15,795 [45] INFO  UOBCMS.Classes.Logger - AccountController\GetAccountAddresses		Account Addresss of Account: 194419-001M is found
2025-06-24 10:11:15,796 [45] INFO  UOBCMS.Classes.Logger - AccountController\GetIBOAccountCPerson		Account Code: 194419-001M
2025-06-24 10:11:22,534 [45] INFO  UOBCMS.Classes.Logger - AccountController\GetAccountEmail		Client Email of Account: 194419-001M is found
2025-06-24 10:11:28,412 [46] INFO  UOBCMS.Classes.Logger - AccountController\GetAccountbyAccno		Account: 194419-001M is found
2025-06-24 10:11:30,252 [45] INFO  UOBCMS.Classes.Logger - AccountController\GetAccountPhone		Account Phone of Account: 194419-001M is found
2025-06-24 10:11:30,303 [46] INFO  UOBCMS.Classes.Logger - AccountController\GetIBOAccountCRS		Account Code: 194419-001M
2025-06-24 10:11:30,309 [46] INFO  UOBCMS.Classes.Logger - AccountController\GetAccountAddresses		Account Addresss of Account: 194419-001M is found
2025-06-24 10:11:30,311 [46] INFO  UOBCMS.Classes.Logger - AccountController\GetIBOAccountCPerson		Account Code: 194419-001M
2025-06-24 10:11:36,707 [46] INFO  UOBCMS.Classes.Logger - AccountController\GetAccountEmail		Client Email of Account: 194419-001M is found
2025-06-24 10:11:39,160 [47] INFO  UOBCMS.Classes.Logger - AccountController\GetAccountPhone		Account Phone of Account: 194419-001M is found
2025-06-24 10:11:39,178 [46] INFO  UOBCMS.Classes.Logger - AccountController\GetAccountPhone		Account Phone of Account: 194419-001M is found
2025-06-24 10:11:39,193 [47] INFO  UOBCMS.Classes.Logger - AccountController\GetAccountPhone		Account Phone of Account: 194419-001M is found
2025-06-24 10:11:39,207 [45] INFO  UOBCMS.Classes.Logger - AccountController\GetAccountPhone		Account Phone of Account: 194419-001M is found
2025-06-24 10:11:39,226 [46] INFO  UOBCMS.Classes.Logger - AccountController\GetAccountEmail		Client Email of Account: 194419-001M is found
2025-06-24 10:11:39,242 [45] INFO  UOBCMS.Classes.Logger - AccountController\GetAccountEmail		Client Email of Account: 194419-001M is found
2025-06-24 10:11:39,256 [47] INFO  UOBCMS.Classes.Logger - AccountController\GetAccountEmail		Client Email of Account: 194419-001M is found
2025-06-24 10:11:39,273 [46] INFO  UOBCMS.Classes.Logger - AccountController\GetAccountAddress		Account Address of Account: 194419-001M is found
2025-06-24 10:11:39,290 [47] INFO  UOBCMS.Classes.Logger - AccountController\GetAccountAddress		Account Address of Account: 194419-001M is found
2025-06-24 10:11:41,117 [45] INFO  UOBCMS.Classes.Logger - AccountController\GetAccountPhone		Account Phone of Account: 194419-001M is found
2025-06-24 10:11:41,124 [45] INFO  UOBCMS.Classes.Logger - AccountController\GetIBOAccountCRS		Account Code: 194419-001M
2025-06-24 10:11:41,131 [46] INFO  UOBCMS.Classes.Logger - AccountController\GetAccountAddresses		Account Addresss of Account: 194419-001M is found
2025-06-24 10:11:41,132 [45] INFO  UOBCMS.Classes.Logger - AccountController\GetIBOAccountCPerson		Account Code: 194419-001M
2025-06-24 10:11:48,959 [46] INFO  UOBCMS.Classes.Logger - AccountController\GetAccountbyAccno		Account: 194419-001M is found
2025-06-24 10:11:48,965 [46] INFO  UOBCMS.Classes.Logger - AccountController\GetAccountbyAccno		Account: 194419-001M is found
2025-06-24 10:11:48,966 [46] INFO  UOBCMS.Classes.Logger - AccountController\GetIBOAccountCPerson		Account Code: 194419-001M
2025-06-24 10:11:49,013 [46] INFO  UOBCMS.Classes.Logger - AccountController\GetAccountPhone		Account Phone of Account: 194419-001M is found
2025-06-24 10:11:58,917 [45] INFO  UOBCMS.Classes.Logger - AccountController\GetAccountbyAccno		Account: 194419-001M is found
2025-06-24 10:11:58,921 [39] INFO  UOBCMS.Classes.Logger - AccountController\GetAccountbyAccno		Account: 194419-001M is found
2025-06-24 10:11:58,922 [46] INFO  UOBCMS.Classes.Logger - AccountController\GetIBOAccountCPerson		Account Code: 194419-001M
2025-06-24 10:11:58,963 [39] INFO  UOBCMS.Classes.Logger - AccountController\GetAccountPhone		Account Phone of Account: 194419-001M is found
2025-06-24 10:11:58,965 [39] INFO  UOBCMS.Classes.Logger - AccountController\GetIBOAccountCRS		Account Code: 194419-001M
2025-06-24 10:11:58,981 [45] INFO  UOBCMS.Classes.Logger - AccountController\GetAccountAddress		Account Address of Account: 194419-001M is found
2025-06-24 10:12:10,336 [46] INFO  UOBCMS.Classes.Logger - AccountController\GetAccountbyAccno		Account: 194419-001M is found
2025-06-24 10:12:10,341 [39] INFO  UOBCMS.Classes.Logger - AccountController\GetAccountbyAccno		Account: 194419-001M is found
2025-06-24 10:12:10,342 [48] INFO  UOBCMS.Classes.Logger - AccountController\GetIBOAccountCPerson		Account Code: 194419-001M
2025-06-24 10:12:10,379 [48] INFO  UOBCMS.Classes.Logger - AccountController\GetAccountPhone		Account Phone of Account: 194419-001M is found
2025-06-24 10:12:10,381 [39] INFO  UOBCMS.Classes.Logger - AccountController\GetIBOAccountCRS		Account Code: 194419-001M
2025-06-24 10:12:10,394 [46] INFO  UOBCMS.Classes.Logger - AccountController\GetAccountAddress		Account Address of Account: 194419-001M is found
2025-06-24 10:12:10,440 [39] INFO  UOBCMS.Classes.Logger - AccountController\GetAccountPhone		Account Phone of Account: 194419-001M is found
2025-06-24 10:12:10,441 [46] INFO  UOBCMS.Classes.Logger - AccountController\GetIBOAccountCRS		Account Code: 194419-001M
2025-06-24 10:12:10,447 [46] INFO  UOBCMS.Classes.Logger - AccountController\GetAccountAddresses		Account Addresss of Account: 194419-001M is found
2025-06-24 10:12:10,448 [46] INFO  UOBCMS.Classes.Logger - AccountController\GetIBOAccountCPerson		Account Code: 194419-001M
2025-06-24 10:12:12,425 [46] INFO  UOBCMS.Classes.Logger - AccountController\GetAccountbyAccno		Account: 194419-001M is found
2025-06-24 10:12:12,429 [39] INFO  UOBCMS.Classes.Logger - AccountController\GetAccountbyAccno		Account: 194419-001M is found
2025-06-24 10:12:12,430 [39] INFO  UOBCMS.Classes.Logger - AccountController\GetIBOAccountCPerson		Account Code: 194419-001M
2025-06-24 10:12:12,469 [39] INFO  UOBCMS.Classes.Logger - AccountController\GetAccountPhone		Account Phone of Account: 194419-001M is found
2025-06-24 10:12:12,470 [39] INFO  UOBCMS.Classes.Logger - AccountController\GetIBOAccountCRS		Account Code: 194419-001M
2025-06-24 10:12:12,483 [46] INFO  UOBCMS.Classes.Logger - AccountController\GetAccountAddress		Account Address of Account: 194419-001M is found
2025-06-24 10:12:12,504 [48] INFO  UOBCMS.Classes.Logger - AEController\GetAEbyAccno		AE of: 194419-001M is found
2025-06-24 10:12:12,683 [46] INFO  UOBCMS.Classes.Logger - AccountController\GetAccountEmail		Client Email of Account: 194419-001M is found
2025-06-24 10:12:22,961 [45] INFO  UOBCMS.Classes.Logger - AccountController\GetAccountPhone		Account Phone of Account: 194419-001M is found
2025-06-24 10:12:23,028 [39] INFO  UOBCMS.Classes.Logger - AccountController\GetIBOAccountCRS		Account Code: 194419-001M
2025-06-24 10:12:23,032 [39] INFO  UOBCMS.Classes.Logger - AccountController\GetAccountAddresses		Account Addresss of Account: 194419-001M is found
2025-06-24 10:12:23,033 [39] INFO  UOBCMS.Classes.Logger - AccountController\GetIBOAccountCPerson		Account Code: 194419-001M
2025-06-24 15:02:57,386 [148] INFO  UOBCMS.Classes.Logger - AccountController\GetAccountbyAccno		Account: 194419-001M is found
2025-06-24 15:03:02,229 [151] INFO  UOBCMS.Classes.Logger - AccountController\GetAccountbyAccno		Account: 194419-001M is found
2025-06-24 15:03:03,100 [151] INFO  UOBCMS.Classes.Logger - AccountController\GetAccountPhone		Account Phone of Account: 194419-001M is found
2025-06-24 15:03:03,121 [142] INFO  UOBCMS.Classes.Logger - AccountController\GetAccountPhone		Account Phone of Account: 194419-001M is found
2025-06-24 15:03:03,137 [148] INFO  UOBCMS.Classes.Logger - AccountController\GetAccountPhone		Account Phone of Account: 194419-001M is found
2025-06-24 15:03:03,149 [142] INFO  UOBCMS.Classes.Logger - AccountController\GetAccountPhone		Account Phone of Account: 194419-001M is found
2025-06-24 15:03:03,169 [141] INFO  UOBCMS.Classes.Logger - AccountController\GetAccountEmail		Client Email of Account: 194419-001M is found
2025-06-24 15:03:03,184 [142] INFO  UOBCMS.Classes.Logger - AccountController\GetAccountEmail		Client Email of Account: 194419-001M is found
2025-06-24 15:03:03,197 [148] INFO  UOBCMS.Classes.Logger - AccountController\GetAccountEmail		Client Email of Account: 194419-001M is found
2025-06-24 15:03:03,210 [141] INFO  UOBCMS.Classes.Logger - AccountController\GetAccountAddress		Account Address of Account: 194419-001M is found
2025-06-24 15:03:03,225 [142] INFO  UOBCMS.Classes.Logger - AccountController\GetAccountAddress		Account Address of Account: 194419-001M is found
2025-06-24 15:03:06,347 [141] INFO  UOBCMS.Classes.Logger - AccountController\GetAccountAddress		Account Address of Account: 194419-001M is found
2025-06-24 15:03:06,349 [142] INFO  UOBCMS.Classes.Logger - AccountController\GetIBOAccountCRS		Account Code: 194419-001M
2025-06-24 15:03:17,516 [148] INFO  UOBCMS.Classes.Logger - AccountController\GetAccountAddress		Account Address of Account: 194419-001M is found
2025-06-24 15:03:17,517 [148] INFO  UOBCMS.Classes.Logger - AccountController\GetIBOAccountCRS		Account Code: 194419-001M
2025-06-24 15:03:45,322 [142] INFO  UOBCMS.Classes.Logger - AccountController\GetAccountbyAccno		Account: 194419-001M is found
2025-06-24 15:03:45,328 [147] INFO  UOBCMS.Classes.Logger - AccountController\GetAccountbyAccno		Account: 194419-001M is found
2025-06-24 15:03:45,341 [147] INFO  UOBCMS.Classes.Logger - AccountController\GetAccountAddress		Account Address of Account: 194419-001M is found
2025-06-24 15:03:45,355 [142] INFO  UOBCMS.Classes.Logger - AccountController\GetAccountPhones		Account Phone of Account: 194419-001M is found
2025-06-24 15:03:54,466 [147] INFO  UOBCMS.Classes.Logger - AccountController\GetAccountAddress		Account Address of Account: 194419-001M is found
2025-06-24 15:03:54,468 [149] INFO  UOBCMS.Classes.Logger - AccountController\GetIBOAccountCRS		Account Code: 194419-001M
2025-06-24 15:04:04,856 [142] INFO  UOBCMS.Classes.Logger - AccountController\GetAccountbyAccno		Account: 194419-001M is found
2025-06-24 15:04:04,862 [149] INFO  UOBCMS.Classes.Logger - AccountController\GetAccountbyAccno		Account: 194419-001M is found
2025-06-24 15:04:04,873 [135] INFO  UOBCMS.Classes.Logger - AccountController\GetAccountAddress		Account Address of Account: 194419-001M is found
2025-06-24 15:04:04,875 [149] INFO  UOBCMS.Classes.Logger - AccountController\GetAccountPhones		Account Phone of Account: 194419-001M is found
2025-06-24 15:04:04,944 [135] INFO  UOBCMS.Classes.Logger - AccountController\GetIBOAccountCRS		Account Code: 194419-001M
2025-06-24 15:04:04,964 [142] INFO  UOBCMS.Classes.Logger - AccountController\GetAccountAddress		Account Address of Account: 194419-001M is found
2025-06-24 15:04:11,679 [142] INFO  UOBCMS.Classes.Logger - AccountController\GetAccountbyAccno		Account: 194419-001M is found
2025-06-24 15:04:11,683 [149] INFO  UOBCMS.Classes.Logger - AccountController\GetAccountbyAccno		Account: 194419-001M is found
2025-06-24 15:04:11,696 [149] INFO  UOBCMS.Classes.Logger - AccountController\GetAccountAddress		Account Address of Account: 194419-001M is found
2025-06-24 15:04:11,700 [135] INFO  UOBCMS.Classes.Logger - AccountController\GetAccountPhones		Account Phone of Account: 194419-001M is found
2025-06-24 15:04:11,705 [135] INFO  UOBCMS.Classes.Logger - AEController\GetAEbyAccno		AE of: 194419-001M is found
2025-06-24 15:04:12,913 [142] INFO  UOBCMS.Classes.Logger - AccountController\GetAccountEmail		Client Email of Account: 194419-001M is found
2025-06-24 15:04:25,007 [132] INFO  UOBCMS.Classes.Logger - AccountController\GetAccountAddress		Account Address of Account: 194419-001M is found
2025-06-24 15:04:25,009 [149] INFO  UOBCMS.Classes.Logger - AccountController\GetIBOAccountCRS		Account Code: 194419-001M
2025-06-24 15:05:29,400 [149] INFO  UOBCMS.Classes.Logger - AccountController\GetAccountAddress		Account Address of Account: 194419-001M is found
2025-06-24 15:05:29,401 [149] INFO  UOBCMS.Classes.Logger - AccountController\GetIBOAccountCRS		Account Code: 194419-001M
2025-06-24 15:06:23,691 [129] INFO  UOBCMS.Classes.Logger - AccountController\GetAccountbyAccno		Account: 194419-001M is found
2025-06-24 15:06:25,617 [129] INFO  UOBCMS.Classes.Logger - AccountController\GetAccountbyAccno		Account: 194419-001M is found
2025-06-24 15:06:25,643 [128] INFO  UOBCMS.Classes.Logger - AccountController\GetAccountPhone		Account Phone of Account: 194419-001M is found
2025-06-24 15:06:25,654 [128] INFO  UOBCMS.Classes.Logger - AccountController\GetAccountPhone		Account Phone of Account: 194419-001M is found
2025-06-24 15:06:25,662 [127] INFO  UOBCMS.Classes.Logger - AccountController\GetAccountPhone		Account Phone of Account: 194419-001M is found
2025-06-24 15:06:25,670 [129] INFO  UOBCMS.Classes.Logger - AccountController\GetAccountPhone		Account Phone of Account: 194419-001M is found
2025-06-24 15:06:25,680 [128] INFO  UOBCMS.Classes.Logger - AccountController\GetAccountEmail		Client Email of Account: 194419-001M is found
2025-06-24 15:06:25,688 [128] INFO  UOBCMS.Classes.Logger - AccountController\GetAccountEmail		Client Email of Account: 194419-001M is found
2025-06-24 15:06:25,697 [129] INFO  UOBCMS.Classes.Logger - AccountController\GetAccountEmail		Client Email of Account: 194419-001M is found
2025-06-24 15:06:25,705 [125] INFO  UOBCMS.Classes.Logger - AccountController\GetAccountAddress		Account Address of Account: 194419-001M is found
2025-06-24 15:06:25,712 [129] INFO  UOBCMS.Classes.Logger - AccountController\GetAccountAddress		Account Address of Account: 194419-001M is found
2025-06-24 15:06:30,708 [129] INFO  UOBCMS.Classes.Logger - AccountController\GetAccountEmail		Client Email of Account: 194419-001M is found
2025-06-24 15:06:40,304 [129] INFO  UOBCMS.Classes.Logger - AccountController\GetAccountbyAccno		Account: 194419-001M is found
2025-06-24 15:06:40,315 [128] INFO  UOBCMS.Classes.Logger - AccountController\GetAccountEmail		Client Email of Account: 194419-001M is found
2025-06-24 15:06:40,319 [128] INFO  UOBCMS.Classes.Logger - AccountController\GetAccountbyAccno		Account: 194419-001M is found
2025-06-24 15:06:40,373 [128] INFO  UOBCMS.Classes.Logger - AccountController\GetAccountEmail		Client Email of Account: 194419-001M is found
2025-06-24 15:06:42,605 [127] INFO  UOBCMS.Classes.Logger - AccountController\GetAccountbyAccno		Account: 194419-001M is found
2025-06-24 15:06:42,618 [129] INFO  UOBCMS.Classes.Logger - AccountController\GetAccountEmail		Client Email of Account: 194419-001M is found
2025-06-24 15:06:42,622 [127] INFO  UOBCMS.Classes.Logger - AccountController\GetAccountbyAccno		Account: 194419-001M is found
2025-06-24 15:06:42,627 [127] INFO  UOBCMS.Classes.Logger - AEController\GetAEbyAccno		AE of: 194419-001M is found
2025-06-24 15:06:42,877 [127] INFO  UOBCMS.Classes.Logger - AccountController\GetAccountEmail		Client Email of Account: 194419-001M is found
2025-06-24 15:07:04,652 [128] INFO  UOBCMS.Classes.Logger - AccountController\GetAccountEmail		Client Email of Account: 194419-001M is found
2025-06-24 15:07:16,779 [126] INFO  UOBCMS.Classes.Logger - AccountController\GetAccountAddress		Account Address of Account: 194419-001M is found
2025-06-24 15:07:16,780 [126] INFO  UOBCMS.Classes.Logger - AccountController\GetIBOAccountCRS		Account Code: 194419-001M
2025-06-24 15:07:24,646 [127] INFO  UOBCMS.Classes.Logger - AccountController\GetAccountEmail		Client Email of Account: 194419-001M is found
2025-06-24 15:07:35,847 [126] INFO  UOBCMS.Classes.Logger - AccountController\GetAccountEmail		Client Email of Account: 194419-001M is found
2025-06-24 15:07:45,772 [124] INFO  UOBCMS.Classes.Logger - AccountController\GetAccountbyAccno		Account: 194419-001M is found
2025-06-24 15:07:48,286 [126] INFO  UOBCMS.Classes.Logger - AccountController\GetAccountbyAccno		Account: 194419-001M is found
2025-06-24 15:07:48,306 [126] INFO  UOBCMS.Classes.Logger - AccountController\GetAccountPhone		Account Phone of Account: 194419-001M is found
2025-06-24 15:07:48,318 [126] INFO  UOBCMS.Classes.Logger - AccountController\GetAccountPhone		Account Phone of Account: 194419-001M is found
2025-06-24 15:07:48,330 [122] INFO  UOBCMS.Classes.Logger - AccountController\GetAccountPhone		Account Phone of Account: 194419-001M is found
2025-06-24 15:07:48,337 [122] INFO  UOBCMS.Classes.Logger - AccountController\GetAccountPhone		Account Phone of Account: 194419-001M is found
2025-06-24 15:07:48,346 [123] INFO  UOBCMS.Classes.Logger - AccountController\GetAccountEmail		Client Email of Account: 194419-001M is found
2025-06-24 15:07:48,355 [122] INFO  UOBCMS.Classes.Logger - AccountController\GetAccountEmail		Client Email of Account: 194419-001M is found
2025-06-24 15:07:48,363 [126] INFO  UOBCMS.Classes.Logger - AccountController\GetAccountEmail		Client Email of Account: 194419-001M is found
2025-06-24 15:07:48,371 [122] INFO  UOBCMS.Classes.Logger - AccountController\GetAccountAddress		Account Address of Account: 194419-001M is found
2025-06-24 15:07:48,379 [122] INFO  UOBCMS.Classes.Logger - AccountController\GetAccountAddress		Account Address of Account: 194419-001M is found
2025-06-24 15:07:51,765 [127] INFO  UOBCMS.Classes.Logger - AccountController\GetAccountEmail		Client Email of Account: 194419-001M is found
2025-06-24 15:08:39,136 [121] INFO  UOBCMS.Classes.Logger - AccountController\GetAccountbyAccno		Account: 194419-001M is found
2025-06-24 15:08:39,150 [121] INFO  UOBCMS.Classes.Logger - AccountController\GetAccountEmail		Client Email of Account: 194419-001M is found
2025-06-24 15:08:39,154 [121] INFO  UOBCMS.Classes.Logger - AccountController\GetAccountbyAccno		Account: 194419-001M is found
2025-06-24 15:08:39,203 [120] INFO  UOBCMS.Classes.Logger - AccountController\GetAccountEmail		Client Email of Account: 194419-001M is found
2025-06-24 15:08:42,534 [119] INFO  UOBCMS.Classes.Logger - AccountController\GetAccountbyAccno		Account: 194419-001M is found
2025-06-24 15:08:42,549 [121] INFO  UOBCMS.Classes.Logger - AccountController\GetAccountEmail		Client Email of Account: 194419-001M is found
2025-06-24 15:08:42,554 [121] INFO  UOBCMS.Classes.Logger - AccountController\GetAccountbyAccno		Account: 194419-001M is found
2025-06-24 15:08:42,560 [121] INFO  UOBCMS.Classes.Logger - AEController\GetAEbyAccno		AE of: 194419-001M is found
2025-06-24 15:08:42,786 [119] INFO  UOBCMS.Classes.Logger - AccountController\GetAccountEmail		Client Email of Account: 194419-001M is found
2025-06-24 15:08:51,419 [121] INFO  UOBCMS.Classes.Logger - AccountController\GetAccountEmail		Client Email of Account: 194419-001M is found
2025-06-24 15:08:57,505 [120] INFO  UOBCMS.Classes.Logger - AccountController\GetAccountEmail		Client Email of Account: 194419-001M is found
2025-06-24 15:09:08,646 [120] INFO  UOBCMS.Classes.Logger - AccountController\GetIBOUserContact		Account Code: 194419-001M
2025-06-24 15:09:15,123 [119] INFO  UOBCMS.Classes.Logger - AccountController\GetAccountEmail		Client Email of Account: 194419-001M is found
2025-06-24 15:09:22,371 [120] INFO  UOBCMS.Classes.Logger - AccountController\GetAccountEmail		Client Email of Account: 194419-001M is found
2025-06-24 15:09:41,745 [119] INFO  UOBCMS.Classes.Logger - AccountController\GetAccountEmail		Client Email of Account: 194419-001M is found
2025-06-24 15:09:59,196 [118] INFO  UOBCMS.Classes.Logger - AccountController\GetAccountEmail		Client Email of Account: 194419-001M is found
2025-06-24 15:10:11,377 [120] INFO  UOBCMS.Classes.Logger - AccountController\GetAccountEmail		Client Email of Account: 194419-001M is found
2025-06-24 15:10:22,362 [120] INFO  UOBCMS.Classes.Logger - AccountController\GetIBOUserContact		Account Code: 194419-001M
2025-06-24 15:10:28,817 [118] INFO  UOBCMS.Classes.Logger - AccountController\GetAccountEmail		Client Email of Account: 194419-001M is found
2025-06-24 15:10:40,267 [120] INFO  UOBCMS.Classes.Logger - AccountController\GetAccountEmail		Client Email of Account: 194419-001M is found
2025-06-24 15:10:46,135 [118] INFO  UOBCMS.Classes.Logger - AccountController\GetAccountbyAccno		Account: 194419-001M is found
2025-06-24 15:10:46,232 [114] INFO  UOBCMS.Classes.Logger - AccountController\GetAccountEmail		Client Email of Account: 194419-001M is found
2025-06-24 15:10:46,314 [118] INFO  UOBCMS.Classes.Logger - AccountController\GetAccountbyAccno		Account: 194419-001M is found
2025-06-24 15:10:50,171 [114] INFO  UOBCMS.Classes.Logger - AccountController\GetAccountEmail		Client Email of Account: 194419-001M is found
2025-06-24 15:11:04,445 [114] INFO  UOBCMS.Classes.Logger - AccountController\GetAccountEmail		Client Email of Account: 194419-001M is found
2025-06-24 15:11:15,706 [114] INFO  UOBCMS.Classes.Logger - AccountController\GetAccountbyAccno		Account: 194419-001M is found
2025-06-24 15:11:15,780 [118] INFO  UOBCMS.Classes.Logger - AccountController\GetAccountEmail		Client Email of Account: 194419-001M is found
2025-06-24 15:11:15,856 [120] INFO  UOBCMS.Classes.Logger - AccountController\GetAccountbyAccno		Account: 194419-001M is found
2025-06-24 15:11:25,322 [113] INFO  UOBCMS.Classes.Logger - AccountController\GetAccountEmail		Client Email of Account: 194419-001M is found
2025-06-24 15:11:40,690 [117] INFO  UOBCMS.Classes.Logger - AccountController\GetAccountEmail		Client Email of Account: 194419-001M is found
2025-06-24 15:11:59,312 [117] INFO  UOBCMS.Classes.Logger - AccountController\GetAccountEmail		Client Email of Account: 194419-001M is found
2025-06-24 15:12:36,389 [114] INFO  UOBCMS.Classes.Logger - AccountController\GetAccountEmail		Client Email of Account: 194419-001M is found
2025-06-24 15:12:52,400 [111] INFO  UOBCMS.Classes.Logger - AccountController\GetAccountbyAccno		Account: 194419-001M is found
2025-06-24 15:12:52,496 [114] INFO  UOBCMS.Classes.Logger - AccountController\GetAccountEmail		Client Email of Account: 194419-001M is found
2025-06-24 15:12:52,624 [117] INFO  UOBCMS.Classes.Logger - AccountController\GetAccountbyAccno		Account: 194419-001M is found
2025-06-24 15:12:57,749 [117] INFO  UOBCMS.Classes.Logger - AccountController\GetAccountbyAccno		Account: 194419-001M is found
2025-06-24 15:13:04,553 [114] INFO  UOBCMS.Classes.Logger - AccountController\GetAccountbyAccno		Account: 194419-001M is found
2025-06-24 15:13:08,700 [111] INFO  UOBCMS.Classes.Logger - AccountController\GetAccountEmail		Client Email of Account: 194419-001M is found
2025-06-24 15:13:20,744 [114] INFO  UOBCMS.Classes.Logger - AccountController\GetAccountEmail		Client Email of Account: 194419-001M is found
2025-06-24 15:13:32,902 [114] INFO  UOBCMS.Classes.Logger - AccountController\GetAccountEmail		Client Email of Account: 194419-001M is found
2025-06-24 15:13:34,660 [114] INFO  UOBCMS.Classes.Logger - AccountController\GetAccountbyAccno		Account: 194419-001M is found
2025-06-24 15:13:34,744 [107] INFO  UOBCMS.Classes.Logger - AccountController\GetAccountEmail		Client Email of Account: 194419-001M is found
2025-06-24 15:13:34,867 [108] INFO  UOBCMS.Classes.Logger - AccountController\GetAccountbyAccno		Account: 194419-001M is found
2025-06-24 15:13:41,573 [108] INFO  UOBCMS.Classes.Logger - AccountController\GetAccountbyAccno		Account: 194419-001M is found
2025-06-24 15:13:41,796 [114] INFO  UOBCMS.Classes.Logger - AccountController\SaveBulkEmail		UOBCMS.Models.api.body_cms_client_email
2025-06-24 15:13:42,448 [114] INFO  UOBCMS.Classes.Logger - AccountController\GetAccountEmail		Client Email of Account: 194419-001M is found
2025-06-24 15:13:42,664 [114] INFO  UOBCMS.Classes.Logger - AccountController\GetAccountbyAccno		Account: 194419-001M is found
2025-06-24 15:13:58,444 [111] INFO  UOBCMS.Classes.Logger - AccountController\GetAccountbyAccno		Account: 194419-001M is found
2025-06-24 15:13:58,518 [111] INFO  UOBCMS.Classes.Logger - AccountController\GetAccountEmail		Client Email of Account: 194419-001M is found
2025-06-24 15:13:58,602 [114] INFO  UOBCMS.Classes.Logger - AccountController\GetAccountbyAccno		Account: 194419-001M is found
2025-06-24 15:14:20,425 [107] INFO  UOBCMS.Classes.Logger - AccountController\GetAccountEmail		Client Email of Account: 194419-001M is found
2025-06-24 15:21:28,145 [47] INFO  UOBCMS.Classes.Logger - AccountController\GetAccountEmail		Client Email of Account: 194419-001M is found
2025-06-24 15:26:53,114 [178] INFO  UOBCMS.Classes.Logger - AccountController\GetAccountAddress		Account Address of Account: 194419-001M is found
2025-06-24 15:26:53,115 [178] INFO  UOBCMS.Classes.Logger - AccountController\GetIBOAccountCRS		Account Code: 194419-001M
2025-06-24 15:26:58,561 [178] INFO  UOBCMS.Classes.Logger - AccountController\GetAccountAddress		Account Address of Account: 194419-001M is found
2025-06-24 15:26:58,562 [178] INFO  UOBCMS.Classes.Logger - AccountController\GetIBOAccountCRS		Account Code: 194419-001M
2025-06-24 15:28:58,371 [198] INFO  UOBCMS.Classes.Logger - AccountController\GetAccountbyAccno		Account: 194419-001M is found
2025-06-24 15:29:00,087 [196] INFO  UOBCMS.Classes.Logger - AccountController\GetAccountbyAccno		Account: 194419-001M is found
2025-06-24 15:29:00,108 [195] INFO  UOBCMS.Classes.Logger - AccountController\GetAccountPhone		Account Phone of Account: 194419-001M is found
2025-06-24 15:29:00,116 [200] INFO  UOBCMS.Classes.Logger - AccountController\GetAccountPhone		Account Phone of Account: 194419-001M is found
2025-06-24 15:29:00,123 [196] INFO  UOBCMS.Classes.Logger - AccountController\GetAccountPhone		Account Phone of Account: 194419-001M is found
2025-06-24 15:29:00,130 [196] INFO  UOBCMS.Classes.Logger - AccountController\GetAccountPhone		Account Phone of Account: 194419-001M is found
2025-06-24 15:29:00,139 [195] INFO  UOBCMS.Classes.Logger - AccountController\GetAccountEmail		Client Email of Account: 194419-001M is found
2025-06-24 15:29:00,147 [196] INFO  UOBCMS.Classes.Logger - AccountController\GetAccountEmail		Client Email of Account: 194419-001M is found
2025-06-24 15:29:00,155 [195] INFO  UOBCMS.Classes.Logger - AccountController\GetAccountEmail		Client Email of Account: 194419-001M is found
2025-06-24 15:29:00,163 [200] INFO  UOBCMS.Classes.Logger - AccountController\GetAccountAddress		Account Address of Account: 194419-001M is found
2025-06-24 15:29:00,171 [200] INFO  UOBCMS.Classes.Logger - AccountController\GetAccountAddress		Account Address of Account: 194419-001M is found
2025-06-24 15:29:02,282 [200] INFO  UOBCMS.Classes.Logger - AccountController\GetAccountAddress		Account Address of Account: 194419-001M is found
2025-06-24 15:29:02,283 [200] INFO  UOBCMS.Classes.Logger - AccountController\GetIBOAccountCRS		Account Code: 194419-001M
2025-06-24 15:29:08,188 [200] INFO  UOBCMS.Classes.Logger - AccountController\GetAccountAddress		Account Address of Account: 194419-001M is found
2025-06-24 15:29:08,189 [200] INFO  UOBCMS.Classes.Logger - AccountController\GetIBOAccountCRS		Account Code: 194419-001M
2025-06-24 15:29:15,092 [198] INFO  UOBCMS.Classes.Logger - AccountController\GetAccountAddress		Account Address of Account: 194419-001M is found
2025-06-24 15:29:15,093 [196] INFO  UOBCMS.Classes.Logger - AccountController\GetIBOAccountCRS		Account Code: 194419-001M
2025-06-24 15:29:26,046 [198] INFO  UOBCMS.Classes.Logger - AccountController\GetAccountbyAccno		Account: 194419-001M is found
2025-06-24 15:29:26,052 [196] INFO  UOBCMS.Classes.Logger - AccountController\GetAccountbyAccno		Account: 194419-001M is found
2025-06-24 15:29:26,064 [200] INFO  UOBCMS.Classes.Logger - AccountController\GetAccountAddress		Account Address of Account: 194419-001M is found
2025-06-24 15:29:26,067 [200] INFO  UOBCMS.Classes.Logger - AccountController\GetAccountPhones		Account Phone of Account: 194419-001M is found
2025-06-24 15:29:26,100 [196] INFO  UOBCMS.Classes.Logger - AccountController\GetIBOAccountCRS		Account Code: 194419-001M
2025-06-24 15:29:26,113 [198] INFO  UOBCMS.Classes.Logger - AccountController\GetAccountAddress		Account Address of Account: 194419-001M is found
2025-06-24 15:29:29,065 [200] INFO  UOBCMS.Classes.Logger - AccountController\GetAccountbyAccno		Account: 194419-001M is found
2025-06-24 15:29:29,070 [195] INFO  UOBCMS.Classes.Logger - AccountController\GetAccountbyAccno		Account: 194419-001M is found
2025-06-24 15:29:29,085 [195] INFO  UOBCMS.Classes.Logger - AccountController\GetAccountAddress		Account Address of Account: 194419-001M is found
2025-06-24 15:29:29,088 [195] INFO  UOBCMS.Classes.Logger - AccountController\GetAccountPhones		Account Phone of Account: 194419-001M is found
2025-06-24 15:29:29,091 [200] INFO  UOBCMS.Classes.Logger - AEController\GetAEbyAccno		AE of: 194419-001M is found
2025-06-24 15:29:30,333 [195] INFO  UOBCMS.Classes.Logger - AccountController\GetAccountEmail		Client Email of Account: 194419-001M is found
2025-06-24 15:29:35,569 [195] INFO  UOBCMS.Classes.Logger - AccountController\GetAccountAddress		Account Address of Account: 194419-001M is found
2025-06-24 15:29:35,570 [200] INFO  UOBCMS.Classes.Logger - AccountController\GetIBOAccountCRS		Account Code: 194419-001M
2025-06-24 18:38:56,365 [155] INFO  UOBCMS.Classes.Logger - AccountController\GetAccountbyAccno		Account: 194419-001M is found
2025-06-24 18:39:01,162 [155] INFO  UOBCMS.Classes.Logger - AccountController\GetAccountbyAccno		Account: 194419-001M is found
2025-06-24 18:39:01,866 [155] INFO  UOBCMS.Classes.Logger - AccountController\GetAccountPhone		Account Phone of Account: 194419-001M is found
2025-06-24 18:39:01,883 [152] INFO  UOBCMS.Classes.Logger - AccountController\GetAccountPhone		Account Phone of Account: 194419-001M is found
2025-06-24 18:39:01,895 [152] INFO  UOBCMS.Classes.Logger - AccountController\GetAccountPhone		Account Phone of Account: 194419-001M is found
2025-06-24 18:39:01,902 [157] INFO  UOBCMS.Classes.Logger - AccountController\GetAccountPhone		Account Phone of Account: 194419-001M is found
2025-06-24 18:39:01,912 [152] INFO  UOBCMS.Classes.Logger - AccountController\GetAccountEmail		Client Email of Account: 194419-001M is found
2025-06-24 18:39:01,923 [155] INFO  UOBCMS.Classes.Logger - AccountController\GetAccountEmail		Client Email of Account: 194419-001M is found
2025-06-24 18:39:01,932 [157] INFO  UOBCMS.Classes.Logger - AccountController\GetAccountEmail		Client Email of Account: 194419-001M is found
2025-06-24 18:39:01,942 [157] INFO  UOBCMS.Classes.Logger - AccountController\GetAccountAddress		Account Address of Account: 194419-001M is found
2025-06-24 18:39:01,956 [151] INFO  UOBCMS.Classes.Logger - AccountController\GetAccountAddress		Account Address of Account: 194419-001M is found
2025-06-24 18:39:16,262 [152] INFO  UOBCMS.Classes.Logger - AccountController\GetAccountAddress		Account Address of Account: 194419-001M is found
2025-06-24 18:39:16,265 [152] INFO  UOBCMS.Classes.Logger - AccountController\GetIBOAccountCRS		Account Code: 194419-001M
2025-06-24 18:39:30,933 [157] INFO  UOBCMS.Classes.Logger - AccountController\GetAccountEmail		Client Email of Account: 194419-001M is found
2025-06-24 18:39:36,554 [184] INFO  UOBCMS.Classes.Logger - AccountController\GetAccountAddress		Account Address of Account: 194419-001M is found
2025-06-24 18:39:36,555 [184] INFO  UOBCMS.Classes.Logger - AccountController\GetIBOAccountCRS		Account Code: 194419-001M
2025-06-24 18:39:50,006 [184] INFO  UOBCMS.Classes.Logger - AccountController\GetAccountEmail		Client Email of Account: 194419-001M is found
2025-06-24 18:39:54,994 [157] INFO  UOBCMS.Classes.Logger - AccountController\GetAccountbyAccno		Account: 194419-001M is found
2025-06-24 18:39:56,981 [157] INFO  UOBCMS.Classes.Logger - AccountController\GetAccountAddress		Account Address of Account: 194419-001M is found
2025-06-24 18:39:56,982 [157] INFO  UOBCMS.Classes.Logger - AccountController\GetIBOAccountCRS		Account Code: 194419-001M
2025-06-24 18:40:01,338 [187] INFO  UOBCMS.Classes.Logger - AccountController\GetAccountAddress		Account Address of Account: 194419-001M is found
2025-06-24 18:40:01,341 [187] INFO  UOBCMS.Classes.Logger - AccountController\GetIBOAccountCRS		Account Code: 194419-001M
2025-06-24 18:40:06,898 [187] INFO  UOBCMS.Classes.Logger - AccountController\GetAccountAddress		Account Address of Account: 194419-001M is found
2025-06-24 18:40:06,899 [157] INFO  UOBCMS.Classes.Logger - AccountController\GetIBOAccountCRS		Account Code: 194419-001M
2025-06-24 18:40:10,807 [187] INFO  UOBCMS.Classes.Logger - AccountController\GetAccountEmail		Client Email of Account: 194419-001M is found
2025-06-24 18:40:15,081 [152] INFO  UOBCMS.Classes.Logger - AccountController\GetAccountAddress		Account Address of Account: 194419-001M is found
2025-06-24 18:40:15,083 [152] INFO  UOBCMS.Classes.Logger - AccountController\GetIBOAccountCRS		Account Code: 194419-001M
2025-06-24 18:40:19,283 [187] INFO  UOBCMS.Classes.Logger - AccountController\GetAccountbyAccno		Account: 194419-001M is found
2025-06-24 18:40:19,288 [187] INFO  UOBCMS.Classes.Logger - AccountController\GetAccountbyAccno		Account: 194419-001M is found
2025-06-24 18:40:19,303 [187] INFO  UOBCMS.Classes.Logger - AccountController\GetAccountAddress		Account Address of Account: 194419-001M is found
2025-06-24 18:40:19,307 [187] INFO  UOBCMS.Classes.Logger - AccountController\GetAccountPhones		Account Phone of Account: 194419-001M is found
2025-06-24 18:40:19,429 [187] INFO  UOBCMS.Classes.Logger - AccountController\GetIBOAccountCRS		Account Code: 194419-001M
2025-06-24 18:40:19,451 [157] INFO  UOBCMS.Classes.Logger - AccountController\GetAccountAddress		Account Address of Account: 194419-001M is found
2025-06-24 18:41:31,072 [192] INFO  UOBCMS.Classes.Logger - AccountController\GetAccountbyAccno		Account: 194419-001M is found
2025-06-24 18:41:37,211 [192] INFO  UOBCMS.Classes.Logger - AccountController\GetAccountAddress		Account Address of Account: 194419-001M is found
2025-06-24 18:41:37,219 [233] INFO  UOBCMS.Classes.Logger - AccountController\GetIBOAccountCRS		Account Code: 194419-001M
2025-06-24 18:42:02,367 [192] INFO  UOBCMS.Classes.Logger - AccountController\GetAccountbyAccno		Account: 194419-001M is found
2025-06-24 18:42:02,383 [220] INFO  UOBCMS.Classes.Logger - AccountController\GetAccountbyAccno		Account: 194419-001M is found
2025-06-24 18:42:02,400 [220] INFO  UOBCMS.Classes.Logger - AccountController\GetAccountAddress		Account Address of Account: 194419-001M is found
2025-06-24 18:42:02,444 [236] INFO  UOBCMS.Classes.Logger - AccountController\GetAccountPhones		Account Phone of Account: 194419-001M is found
2025-06-24 18:42:02,601 [220] INFO  UOBCMS.Classes.Logger - AccountController\GetIBOAccountCRS		Account Code: 194419-001M
2025-06-24 18:42:02,611 [220] INFO  UOBCMS.Classes.Logger - AccountController\GetAccountAddress		Account Address of Account: 194419-001M is found
2025-06-24 18:42:04,532 [236] INFO  UOBCMS.Classes.Logger - AccountController\GetIBOAccountCRS		Account Code: 194419-001M
2025-06-24 18:42:04,546 [236] INFO  UOBCMS.Classes.Logger - AccountController\GetAccountAddress		Account Address of Account: 194419-001M is found
2025-06-24 18:43:37,239 [247] INFO  UOBCMS.Classes.Logger - AccountController\GetAccountbyAccno		Account: 194419-001M is found
2025-06-24 18:43:45,112 [245] INFO  UOBCMS.Classes.Logger - AccountController\GetAccountAddress		Account Address of Account: 194419-001M is found
2025-06-24 18:43:45,118 [246] INFO  UOBCMS.Classes.Logger - AccountController\GetIBOAccountCRS		Account Code: 194419-001M
2025-06-24 18:43:58,468 [250] INFO  UOBCMS.Classes.Logger - AccountController\GetAccountbyAccno		Account: 194419-001M is found
2025-06-24 18:43:58,473 [250] INFO  UOBCMS.Classes.Logger - AccountController\GetAccountbyAccno		Account: 194419-001M is found
2025-06-24 18:43:58,483 [246] INFO  UOBCMS.Classes.Logger - AccountController\GetAccountAddress		Account Address of Account: 194419-001M is found
2025-06-24 18:43:58,489 [250] INFO  UOBCMS.Classes.Logger - AccountController\GetAccountPhones		Account Phone of Account: 194419-001M is found
2025-06-24 18:43:58,771 [250] INFO  UOBCMS.Classes.Logger - AccountController\GetIBOAccountCRS		Account Code: 194419-001M
2025-06-24 18:43:58,787 [247] INFO  UOBCMS.Classes.Logger - AccountController\GetAccountAddress		Account Address of Account: 194419-001M is found
2025-06-24 18:48:55,755 [280] INFO  UOBCMS.Classes.Logger - AccountController\GetAccountbyAccno		Account: 194419-001M is found
2025-06-24 18:49:01,930 [281] INFO  UOBCMS.Classes.Logger - AccountController\GetAccountAddress		Account Address of Account: 194419-001M is found
2025-06-24 18:49:01,935 [283] INFO  UOBCMS.Classes.Logger - AccountController\GetIBOAccountCRS		Account Code: 194419-001M
2025-06-24 18:49:08,370 [280] INFO  UOBCMS.Classes.Logger - AccountController\GetAccountbyAccno		Account: 194419-001M is found
2025-06-24 18:49:08,380 [280] INFO  UOBCMS.Classes.Logger - AccountController\GetAccountbyAccno		Account: 194419-001M is found
2025-06-24 18:49:08,395 [281] INFO  UOBCMS.Classes.Logger - AccountController\GetAccountAddress		Account Address of Account: 194419-001M is found
2025-06-24 18:49:08,399 [281] INFO  UOBCMS.Classes.Logger - AccountController\GetAccountPhones		Account Phone of Account: 194419-001M is found
2025-06-24 18:49:08,578 [280] INFO  UOBCMS.Classes.Logger - AccountController\GetIBOAccountCRS		Account Code: 194419-001M
2025-06-24 18:49:08,598 [279] INFO  UOBCMS.Classes.Logger - AccountController\GetAccountAddress		Account Address of Account: 194419-001M is found
2025-06-24 18:49:17,808 [279] INFO  UOBCMS.Classes.Logger - AccountController\GetIBOAccountCRS		Account Code: 194419-001M
2025-06-24 18:49:17,822 [283] INFO  UOBCMS.Classes.Logger - AccountController\GetAccountAddress		Account Address of Account: 194419-001M is found
2025-06-24 18:49:22,614 [280] INFO  UOBCMS.Classes.Logger - AccountController\GetAccountAddress		Account Address of Account: 194419-001M is found
2025-06-24 18:49:22,615 [280] INFO  UOBCMS.Classes.Logger - AccountController\GetIBOAccountCRS		Account Code: 194419-001M
2025-06-24 18:49:31,366 [283] INFO  UOBCMS.Classes.Logger - AccountController\GetAccountbyAccno		Account: 194419-001M is found
2025-06-24 18:49:31,374 [280] INFO  UOBCMS.Classes.Logger - AccountController\GetAccountbyAccno		Account: 194419-001M is found
2025-06-24 18:49:31,395 [279] INFO  UOBCMS.Classes.Logger - AccountController\GetAccountAddress		Account Address of Account: 194419-001M is found
2025-06-24 18:49:31,400 [283] INFO  UOBCMS.Classes.Logger - AccountController\GetAccountPhones		Account Phone of Account: 194419-001M is found
2025-06-24 18:49:31,584 [279] INFO  UOBCMS.Classes.Logger - AccountController\GetIBOAccountCRS		Account Code: 194419-001M
2025-06-24 18:49:31,604 [281] INFO  UOBCMS.Classes.Logger - AccountController\GetAccountAddress		Account Address of Account: 194419-001M is found
2025-06-24 18:49:37,435 [280] INFO  UOBCMS.Classes.Logger - AccountController\GetIBOAccountCRS		Account Code: 194419-001M
2025-06-24 18:49:37,451 [281] INFO  UOBCMS.Classes.Logger - AccountController\GetAccountAddress		Account Address of Account: 194419-001M is found
2025-06-24 18:49:40,318 [281] INFO  UOBCMS.Classes.Logger - AccountController\GetAccountAddress		Account Address of Account: 194419-001M is found
2025-06-24 18:49:40,319 [281] INFO  UOBCMS.Classes.Logger - AccountController\GetIBOAccountCRS		Account Code: 194419-001M
2025-06-24 18:49:48,449 [283] INFO  UOBCMS.Classes.Logger - AccountController\GetAccountbyAccno		Account: 194419-001M is found
2025-06-24 18:49:48,456 [281] INFO  UOBCMS.Classes.Logger - AccountController\GetAccountbyAccno		Account: 194419-001M is found
2025-06-24 18:49:48,473 [283] INFO  UOBCMS.Classes.Logger - AccountController\GetAccountAddress		Account Address of Account: 194419-001M is found
2025-06-24 18:49:48,476 [283] INFO  UOBCMS.Classes.Logger - AccountController\GetAccountPhones		Account Phone of Account: 194419-001M is found
2025-06-24 18:49:48,648 [283] INFO  UOBCMS.Classes.Logger - AccountController\GetIBOAccountCRS		Account Code: 194419-001M
2025-06-24 18:49:48,663 [283] INFO  UOBCMS.Classes.Logger - AccountController\GetAccountAddress		Account Address of Account: 194419-001M is found
2025-06-24 18:49:51,892 [283] INFO  UOBCMS.Classes.Logger - AccountController\GetAccountbyAccno		Account: 194419-001M is found
2025-06-24 18:49:51,897 [283] INFO  UOBCMS.Classes.Logger - AccountController\GetAccountbyAccno		Account: 194419-001M is found
2025-06-24 18:49:51,908 [279] INFO  UOBCMS.Classes.Logger - AccountController\GetAccountAddress		Account Address of Account: 194419-001M is found
2025-06-24 18:49:51,911 [283] INFO  UOBCMS.Classes.Logger - AccountController\GetAccountPhones		Account Phone of Account: 194419-001M is found
2025-06-24 18:49:52,038 [279] INFO  UOBCMS.Classes.Logger - AEController\GetAEbyAccno		AE of: 194419-001M is found
2025-06-24 18:49:53,312 [283] INFO  UOBCMS.Classes.Logger - AccountController\GetAccountEmail		Client Email of Account: 194419-001M is found
2025-06-24 18:50:02,694 [283] INFO  UOBCMS.Classes.Logger - AccountController\GetAccountAddress		Account Address of Account: 194419-001M is found
2025-06-24 18:50:02,695 [280] INFO  UOBCMS.Classes.Logger - AccountController\GetIBOAccountCRS		Account Code: 194419-001M
2025-06-24 18:50:26,165 [280] INFO  UOBCMS.Classes.Logger - AccountController\GetAccountAddress		Account Address of Account: 194419-001M is found
2025-06-24 18:50:26,167 [280] INFO  UOBCMS.Classes.Logger - AccountController\GetIBOAccountCRS		Account Code: 194419-001M
2025-06-24 18:51:01,992 [280] INFO  UOBCMS.Classes.Logger - AccountController\GetAccountAddress		Account Address of Account: 194419-001M is found
2025-06-24 18:51:01,994 [280] INFO  UOBCMS.Classes.Logger - AccountController\GetIBOAccountCRS		Account Code: 194419-001M
2025-06-24 18:51:29,305 [296] INFO  UOBCMS.Classes.Logger - AccountController\GetAccountAddress		Account Address of Account: 194419-001M is found
2025-06-24 18:51:29,306 [295] INFO  UOBCMS.Classes.Logger - AccountController\GetIBOAccountCRS		Account Code: 194419-001M
2025-06-24 18:51:34,490 [297] INFO  UOBCMS.Classes.Logger - AccountController\SaveBulkAddress		UOBCMS.Models.api.body_cms_client_address
2025-06-24 18:51:34,545 [294] INFO  UOBCMS.Classes.Logger - AccountController\GetAccountAddress		Account Address of Account: 194419-001M is found
2025-06-24 18:51:34,547 [294] INFO  UOBCMS.Classes.Logger - AccountController\SaveBulkAddress		UOBCMS.Models.api.body_cms_client_address
2025-06-24 18:51:34,577 [296] INFO  UOBCMS.Classes.Logger - AccountController\GetAccountEmail		Client Email of Account: 194419-001M is found
2025-06-24 18:51:40,904 [296] INFO  UOBCMS.Classes.Logger - AccountController\GetAccountbyAccno		Account: 194419-001M is found
2025-06-24 18:51:43,109 [296] INFO  UOBCMS.Classes.Logger - AccountController\GetAccountbyAccno		Account: 194419-001M is found
2025-06-24 18:51:44,983 [295] INFO  UOBCMS.Classes.Logger - AccountController\GetAccountPhone		Account Phone of Account: 194419-001M is found
2025-06-24 18:51:44,996 [295] INFO  UOBCMS.Classes.Logger - AccountController\GetAccountPhone		Account Phone of Account: 194419-001M is found
2025-06-24 18:51:45,004 [296] INFO  UOBCMS.Classes.Logger - AccountController\GetAccountPhone		Account Phone of Account: 194419-001M is found
2025-06-24 18:51:45,011 [296] INFO  UOBCMS.Classes.Logger - AccountController\GetAccountPhone		Account Phone of Account: 194419-001M is found
2025-06-24 18:51:45,021 [296] INFO  UOBCMS.Classes.Logger - AccountController\GetAccountEmail		Client Email of Account: 194419-001M is found
2025-06-24 18:51:45,032 [297] INFO  UOBCMS.Classes.Logger - AccountController\GetAccountEmail		Client Email of Account: 194419-001M is found
2025-06-24 18:51:45,040 [296] INFO  UOBCMS.Classes.Logger - AccountController\GetAccountEmail		Client Email of Account: 194419-001M is found
2025-06-24 18:51:45,049 [297] INFO  UOBCMS.Classes.Logger - AccountController\GetAccountAddress		Account Address of Account: 194419-001M is found
2025-06-24 18:51:45,061 [294] INFO  UOBCMS.Classes.Logger - AccountController\GetAccountAddress		Account Address of Account: 194419-001M is found
2025-06-24 18:51:47,606 [295] INFO  UOBCMS.Classes.Logger - AccountController\GetAccountAddress		Account Address of Account: 194419-001M is found
2025-06-24 18:51:47,607 [299] INFO  UOBCMS.Classes.Logger - AccountController\GetIBOAccountCRS		Account Code: 194419-001M
2025-06-24 18:52:08,851 [295] INFO  UOBCMS.Classes.Logger - AccountController\GetAccountbyAccno		Account: 194419-001M is found
2025-06-24 18:52:08,858 [299] INFO  UOBCMS.Classes.Logger - AccountController\GetAccountbyAccno		Account: 194419-001M is found
2025-06-24 18:52:08,888 [295] INFO  UOBCMS.Classes.Logger - AccountController\GetAccountAddress		Account Address of Account: 194419-001M is found
2025-06-24 18:52:08,894 [295] INFO  UOBCMS.Classes.Logger - AccountController\GetAccountPhones		Account Phone of Account: 194419-001M is found
2025-06-24 18:52:08,944 [298] INFO  UOBCMS.Classes.Logger - AccountController\GetIBOAccountCRS		Account Code: 194419-001M
2025-06-24 18:52:08,965 [295] INFO  UOBCMS.Classes.Logger - AccountController\GetAccountAddress		Account Address of Account: 194419-001M is found
2025-06-24 18:52:12,614 [298] INFO  UOBCMS.Classes.Logger - AccountController\GetAccountbyAccno		Account: 194419-001M is found
2025-06-24 18:52:12,617 [300] INFO  UOBCMS.Classes.Logger - AccountController\GetAccountbyAccno		Account: 194419-001M is found
2025-06-24 18:52:12,628 [295] INFO  UOBCMS.Classes.Logger - AccountController\GetAccountAddress		Account Address of Account: 194419-001M is found
2025-06-24 18:52:12,631 [295] INFO  UOBCMS.Classes.Logger - AccountController\GetAccountPhones		Account Phone of Account: 194419-001M is found
2025-06-24 18:52:12,634 [298] INFO  UOBCMS.Classes.Logger - AEController\GetAEbyAccno		AE of: 194419-001M is found
2025-06-24 18:52:13,785 [295] INFO  UOBCMS.Classes.Logger - AccountController\GetAccountEmail		Client Email of Account: 194419-001M is found
2025-06-24 18:52:22,394 [299] INFO  UOBCMS.Classes.Logger - AccountController\GetAccountAddress		Account Address of Account: 194419-001M is found
2025-06-24 18:52:22,395 [299] INFO  UOBCMS.Classes.Logger - AccountController\GetIBOAccountCRS		Account Code: 194419-001M
2025-06-24 18:52:34,683 [295] INFO  UOBCMS.Classes.Logger - AccountController\GetAccountAddress		Account Address of Account: 194419-001M is found
2025-06-24 18:52:34,685 [295] INFO  UOBCMS.Classes.Logger - AccountController\GetIBOAccountCRS		Account Code: 194419-001M
2025-06-24 18:52:38,077 [299] INFO  UOBCMS.Classes.Logger - AccountController\SaveBulkAddress		UOBCMS.Models.api.body_cms_client_address
2025-06-24 18:52:38,109 [295] INFO  UOBCMS.Classes.Logger - AccountController\GetAccountAddress		Account Address of Account: 194419-001M is found
2025-06-24 18:52:38,111 [295] INFO  UOBCMS.Classes.Logger - AccountController\SaveBulkAddress		UOBCMS.Models.api.body_cms_client_address
2025-06-24 18:52:38,141 [298] INFO  UOBCMS.Classes.Logger - AccountController\GetAccountEmail		Client Email of Account: 194419-001M is found
2025-06-24 19:05:38,387 [146] INFO  UOBCMS.Classes.Logger - AccountController\GetAccountbyAccno		Account: 194419-001M is found
2025-06-24 19:05:40,587 [141] INFO  UOBCMS.Classes.Logger - AccountController\GetAccountbyAccno		Account: 194419-001M is found
2025-06-24 19:05:40,618 [127] INFO  UOBCMS.Classes.Logger - AccountController\GetAccountPhone		Account Phone of Account: 194419-001M is found
2025-06-24 19:05:40,631 [141] INFO  UOBCMS.Classes.Logger - AccountController\GetAccountPhone		Account Phone of Account: 194419-001M is found
2025-06-24 19:05:40,646 [127] INFO  UOBCMS.Classes.Logger - AccountController\GetAccountPhone		Account Phone of Account: 194419-001M is found
2025-06-24 19:05:40,656 [127] INFO  UOBCMS.Classes.Logger - AccountController\GetAccountPhone		Account Phone of Account: 194419-001M is found
2025-06-24 19:05:40,669 [146] INFO  UOBCMS.Classes.Logger - AccountController\GetAccountEmail		Client Email of Account: 194419-001M is found
2025-06-24 19:05:40,679 [146] INFO  UOBCMS.Classes.Logger - AccountController\GetAccountEmail		Client Email of Account: 194419-001M is found
2025-06-24 19:05:40,688 [146] INFO  UOBCMS.Classes.Logger - AccountController\GetAccountEmail		Client Email of Account: 194419-001M is found
2025-06-24 19:05:40,696 [141] INFO  UOBCMS.Classes.Logger - AccountController\GetAccountAddress		Account Address of Account: 194419-001M is found
2025-06-24 19:05:40,704 [146] INFO  UOBCMS.Classes.Logger - AccountController\GetAccountAddress		Account Address of Account: 194419-001M is found
2025-06-24 19:05:48,899 [127] INFO  UOBCMS.Classes.Logger - AccountController\GetAccountEmail		Client Email of Account: 194419-001M is found
2025-06-24 19:26:16,181 [308] INFO  UOBCMS.Classes.Logger - AccountController\GetAccountbyAccno		Account: 194419-001M is found
2025-06-24 19:45:42,869 [26] INFO  UOBCMS.Classes.Logger - AccountController\GetAccountbyAccno		Account: 194419-001M is found
2025-06-24 19:45:48,063 [85] INFO  UOBCMS.Classes.Logger - AccountController\GetAccountbyAccno		Account: 194419-001M is found
2025-06-24 19:45:49,242 [26] INFO  UOBCMS.Classes.Logger - AccountController\GetAccountPhone		Account Phone of Account: 194419-001M is found
2025-06-24 19:45:49,273 [78] INFO  UOBCMS.Classes.Logger - AccountController\GetAccountPhone		Account Phone of Account: 194419-001M is found
2025-06-24 19:45:49,284 [26] INFO  UOBCMS.Classes.Logger - AccountController\GetAccountPhone		Account Phone of Account: 194419-001M is found
2025-06-24 19:45:49,294 [85] INFO  UOBCMS.Classes.Logger - AccountController\GetAccountPhone		Account Phone of Account: 194419-001M is found
2025-06-24 19:45:49,308 [78] INFO  UOBCMS.Classes.Logger - AccountController\GetAccountEmail		Client Email of Account: 194419-001M is found
2025-06-24 19:45:49,337 [78] INFO  UOBCMS.Classes.Logger - AccountController\GetAccountEmail		Client Email of Account: 194419-001M is found
2025-06-24 19:45:49,351 [26] INFO  UOBCMS.Classes.Logger - AccountController\GetAccountEmail		Client Email of Account: 194419-001M is found
2025-06-24 19:45:49,369 [26] INFO  UOBCMS.Classes.Logger - AccountController\GetAccountAddress		Account Address of Account: 194419-001M is found
2025-06-24 19:45:49,389 [85] INFO  UOBCMS.Classes.Logger - AccountController\GetAccountAddress		Account Address of Account: 194419-001M is found
2025-06-24 19:46:02,690 [78] INFO  UOBCMS.Classes.Logger - AccountController\GetAccountEmail		Client Email of Account: 194419-001M is found
2025-06-24 19:46:20,643 [85] INFO  UOBCMS.Classes.Logger - AccountController\GetAccountEmail		Client Email of Account: 194419-001M is found
2025-06-24 19:46:25,961 [26] INFO  UOBCMS.Classes.Logger - AccountController\GetAccountbyAccno		Account: 194419-001M is found
2025-06-24 19:46:25,973 [170] INFO  UOBCMS.Classes.Logger - AccountController\GetAccountEmail		Client Email of Account: 194419-001M is found
2025-06-24 19:46:25,977 [170] INFO  UOBCMS.Classes.Logger - AccountController\GetAccountbyAccno		Account: 194419-001M is found
2025-06-24 19:46:26,059 [85] INFO  UOBCMS.Classes.Logger - AccountController\GetAccountEmail		Client Email of Account: 194419-001M is found
2025-06-24 19:46:28,994 [26] INFO  UOBCMS.Classes.Logger - AccountController\GetAccountbyAccno		Account: 194419-001M is found
2025-06-24 19:46:29,006 [85] INFO  UOBCMS.Classes.Logger - AccountController\GetAccountEmail		Client Email of Account: 194419-001M is found
2025-06-24 19:46:29,010 [85] INFO  UOBCMS.Classes.Logger - AccountController\GetAccountbyAccno		Account: 194419-001M is found
2025-06-24 19:46:31,982 [85] INFO  UOBCMS.Classes.Logger - AEController\GetAEbyAccno		AE of: 194419-001M is found
2025-06-24 19:46:32,790 [170] INFO  UOBCMS.Classes.Logger - AccountController\GetAccountEmail		Client Email of Account: 194419-001M is found
2025-06-24 19:47:53,415 [53] INFO  UOBCMS.Classes.Logger - AccountController\GetAccountEmail		Client Email of Account: 194419-001M is found
2025-06-24 19:48:20,159 [46] INFO  UOBCMS.Classes.Logger - AccountController\GetAccountEmail		Client Email of Account: 194419-001M is found
2025-06-24 19:48:34,720 [51] INFO  UOBCMS.Classes.Logger - AccountController\GetAccountEmail		Client Email of Account: 194419-001M is found
2025-06-24 19:48:54,735 [42] INFO  UOBCMS.Classes.Logger - AccountController\GetAccountEmail		Client Email of Account: 194419-001M is found
2025-06-24 19:49:06,296 [42] INFO  UOBCMS.Classes.Logger - AccountController\GetAccountEmail		Client Email of Account: 194419-001M is found
2025-06-24 19:52:39,155 [98] INFO  UOBCMS.Classes.Logger - AccountController\GetAccountbyAccno		Account: 194419-001M is found
2025-06-24 19:52:43,224 [100] INFO  UOBCMS.Classes.Logger - AccountController\GetAccountbyAccno		Account: 194419-001M is found
2025-06-24 19:52:44,407 [100] INFO  UOBCMS.Classes.Logger - AccountController\GetAccountPhone		Account Phone of Account: 194419-001M is found
2025-06-24 19:52:44,436 [102] INFO  UOBCMS.Classes.Logger - AccountController\GetAccountPhone		Account Phone of Account: 194419-001M is found
2025-06-24 19:52:44,444 [98] INFO  UOBCMS.Classes.Logger - AccountController\GetAccountPhone		Account Phone of Account: 194419-001M is found
2025-06-24 19:52:44,452 [98] INFO  UOBCMS.Classes.Logger - AccountController\GetAccountPhone		Account Phone of Account: 194419-001M is found
2025-06-24 19:52:44,463 [100] INFO  UOBCMS.Classes.Logger - AccountController\GetAccountEmail		Client Email of Account: 194419-001M is found
2025-06-24 19:52:44,475 [98] INFO  UOBCMS.Classes.Logger - AccountController\GetAccountEmail		Client Email of Account: 194419-001M is found
2025-06-24 19:52:44,484 [97] INFO  UOBCMS.Classes.Logger - AccountController\GetAccountEmail		Client Email of Account: 194419-001M is found
2025-06-24 19:52:44,497 [100] INFO  UOBCMS.Classes.Logger - AccountController\GetAccountAddress		Account Address of Account: 194419-001M is found
2025-06-24 19:52:44,511 [98] INFO  UOBCMS.Classes.Logger - AccountController\GetAccountAddress		Account Address of Account: 194419-001M is found
2025-06-24 19:53:07,471 [103] INFO  UOBCMS.Classes.Logger - AccountController\GetAccountEmail		Client Email of Account: 194419-001M is found
2025-06-24 19:54:13,907 [95] INFO  UOBCMS.Classes.Logger - AccountController\GetAccountEmail		Client Email of Account: 194419-001M is found
2025-06-24 19:54:17,452 [124] INFO  UOBCMS.Classes.Logger - AccountController\SaveBulkEmail		UOBCMS.Models.api.body_cms_client_email
2025-06-24 19:54:20,964 [124] INFO  UOBCMS.Classes.Logger - AccountController\GetAccountEmail		Client Email of Account: 194419-001M is found
