2025-06-18 10:38:46,073 [20] INFO  UOBCMS.Classes.Logger - AccountController\GetAccountbyAccno		Account: 194419-001M is found
2025-06-18 10:39:11,355 [22] INFO  UOBCMS.Classes.Logger - AccountController\GetAccountbyAccno		Account: 194419-001M is found
2025-06-18 10:39:11,487 [22] INFO  UOBCMS.Classes.Logger - AccountController\GetAccountPhone		Account Phone of Account: 194419-001M is found
2025-06-18 10:39:11,518 [28] INFO  UOBCMS.Classes.Logger - AccountController\GetAccountPhone		Account Phone of Account: 194419-001M is found
2025-06-18 10:39:11,528 [28] INFO  UOBCMS.Classes.Logger - AccountController\GetAccountPhone		Account Phone of Account: 194419-001M is found
2025-06-18 10:39:11,539 [22] INFO  UOBCMS.Classes.Logger - AccountController\GetAccountPhone		Account Phone of Account: 194419-001M is found
2025-06-18 10:39:11,574 [22] INFO  UOBCMS.Classes.Logger - AccountController\GetAccountEmail		Client Email of Account: 194419-001M is found
2025-06-18 10:39:11,590 [28] INFO  UOBCMS.Classes.Logger - AccountController\GetAccountEmail		Client Email of Account: 194419-001M is found
2025-06-18 10:39:11,603 [22] INFO  UOBCMS.Classes.Logger - AccountController\GetAccountEmail		Client Email of Account: 194419-001M is found
2025-06-18 10:39:11,647 [22] INFO  UOBCMS.Classes.Logger - AccountController\GetAccountAddress		Account Address of Account: 194419-001M is found
2025-06-18 10:39:11,674 [29] INFO  UOBCMS.Classes.Logger - AccountController\GetAccountAddress		Account Address of Account: 194419-001M is found
2025-06-18 10:39:45,660 [32] INFO  UOBCMS.Classes.Logger - AccountController\GetAccountEmail		Client Email of Account: 194419-001M is found
2025-06-18 10:39:56,628 [31] INFO  UOBCMS.Classes.Logger - AccountController\GetAccountbyAccno		Account: 194419-001M is found
2025-06-18 10:39:56,645 [27] INFO  UOBCMS.Classes.Logger - AccountController\GetAccountEmail		Client Email of Account: 194419-001M is found
2025-06-18 10:39:56,651 [32] INFO  UOBCMS.Classes.Logger - AccountController\GetAccountbyAccno		Account: 194419-001M is found
2025-06-18 10:39:56,716 [31] INFO  UOBCMS.Classes.Logger - AccountController\GetAccountEmail		Client Email of Account: 194419-001M is found
2025-06-18 10:39:59,958 [27] INFO  UOBCMS.Classes.Logger - AccountController\GetAccountbyAccno		Account: 194419-001M is found
2025-06-18 10:39:59,972 [27] INFO  UOBCMS.Classes.Logger - AccountController\GetAccountEmail		Client Email of Account: 194419-001M is found
2025-06-18 10:39:59,976 [31] INFO  UOBCMS.Classes.Logger - AccountController\GetAccountbyAccno		Account: 194419-001M is found
2025-06-18 10:40:00,028 [31] INFO  UOBCMS.Classes.Logger - AEController\GetAEbyAccno		AE of: 194419-001M is found
2025-06-18 10:40:00,297 [27] INFO  UOBCMS.Classes.Logger - AccountController\GetAccountEmail		Client Email of Account: 194419-001M is found
2025-06-18 10:40:24,281 [35] INFO  UOBCMS.Classes.Logger - AccountController\GetAccountEmail		Client Email of Account: 194419-001M is found
2025-06-18 10:40:37,850 [35] INFO  UOBCMS.Classes.Logger - AccountController\GetAccountbyAccno		Account: 194419-001M is found
2025-06-18 10:40:37,959 [36] INFO  UOBCMS.Classes.Logger - AccountController\GetAccountEmail		Client Email of Account: 194419-001M is found
2025-06-18 10:40:38,008 [33] INFO  UOBCMS.Classes.Logger - AccountController\GetAccountbyAccno		Account: 194419-001M is found
2025-06-18 10:46:11,273 [59] INFO  UOBCMS.Classes.Logger - AccountController\GetAccountbyAccno		Account: 194419-001M is found
2025-06-18 10:46:11,442 [58] INFO  UOBCMS.Classes.Logger - AccountController\GetAccountEmail		Client Email of Account: 194419-001M is found
2025-06-18 10:46:11,495 [59] INFO  UOBCMS.Classes.Logger - AccountController\GetAccountbyAccno		Account: 194419-001M is found
2025-06-18 10:46:29,280 [58] INFO  UOBCMS.Classes.Logger - AccountController\GetAccountEmail		Client Email of Account: 194419-001M is found
2025-06-18 10:46:40,576 [58] INFO  UOBCMS.Classes.Logger - AccountController\GetIBOUserContact		Account Code: 194419-001M
2025-06-18 10:46:49,882 [59] INFO  UOBCMS.Classes.Logger - AccountController\GetAccountbyAccno		Account: 194419-001M is found
2025-06-18 10:46:49,947 [59] INFO  UOBCMS.Classes.Logger - AccountController\GetAccountEmail		Client Email of Account: 194419-001M is found
2025-06-18 10:46:49,987 [58] INFO  UOBCMS.Classes.Logger - AccountController\GetAccountbyAccno		Account: 194419-001M is found
2025-06-18 10:46:57,396 [59] INFO  UOBCMS.Classes.Logger - AccountController\GetAccountEmail		Client Email of Account: 194419-001M is found
2025-06-18 10:47:12,342 [62] INFO  UOBCMS.Classes.Logger - AccountController\GetAccountEmail		Client Email of Account: 194419-001M is found
2025-06-18 10:47:34,299 [59] INFO  UOBCMS.Classes.Logger - AccountController\GetAccountEmail		Client Email of Account: 194419-001M is found
2025-06-18 10:47:49,026 [60] INFO  UOBCMS.Classes.Logger - AccountController\GetAccountbyAccno		Account: 194419-001M is found
2025-06-18 10:47:49,117 [62] INFO  UOBCMS.Classes.Logger - AccountController\GetAccountEmail		Client Email of Account: 194419-001M is found
2025-06-18 10:47:49,177 [59] INFO  UOBCMS.Classes.Logger - AccountController\GetAccountbyAccno		Account: 194419-001M is found
2025-06-18 10:47:53,508 [59] INFO  UOBCMS.Classes.Logger - AccountController\GetAccountbyAccno		Account: 194419-001M is found
2025-06-18 10:47:54,113 [62] INFO  UOBCMS.Classes.Logger - AccountController\GetAccountbyAccno		Account: 194419-001M is found
2025-06-18 10:48:05,254 [59] INFO  UOBCMS.Classes.Logger - AccountController\GetAccountbyAccno		Account: 194419-001M is found
2025-06-18 10:48:05,335 [59] INFO  UOBCMS.Classes.Logger - AccountController\GetAccountEmail		Client Email of Account: 194419-001M is found
2025-06-18 10:48:05,373 [62] INFO  UOBCMS.Classes.Logger - AccountController\GetAccountbyAccno		Account: 194419-001M is found
2025-06-18 10:48:17,764 [65] INFO  UOBCMS.Classes.Logger - AccountController\GetAccountEmail		Client Email of Account: 194419-001M is found
2025-06-18 10:48:37,761 [62] INFO  UOBCMS.Classes.Logger - AccountController\GetAccountEmail		Client Email of Account: 194419-001M is found
2025-06-18 10:48:43,860 [62] INFO  UOBCMS.Classes.Logger - AccountController\GetAccountEmail		Client Email of Account: 194419-001M is found
2025-06-18 10:48:50,641 [59] INFO  UOBCMS.Classes.Logger - AccountController\GetAccountbyAccno		Account: 194419-001M is found
2025-06-18 10:48:54,044 [65] INFO  UOBCMS.Classes.Logger - AccountController\GetAccountEmail		Client Email of Account: 194419-001M is found
2025-06-18 10:48:59,491 [65] INFO  UOBCMS.Classes.Logger - AccountController\GetAccountbyAccno		Account: 194419-001M is found
2025-06-18 10:48:59,509 [59] INFO  UOBCMS.Classes.Logger - AccountController\GetAccountEmail		Client Email of Account: 194419-001M is found
2025-06-18 10:48:59,513 [65] INFO  UOBCMS.Classes.Logger - AccountController\GetAccountbyAccno		Account: 194419-001M is found
2025-06-18 10:48:59,608 [65] INFO  UOBCMS.Classes.Logger - AccountController\GetAccountEmail		Client Email of Account: 194419-001M is found
2025-06-18 10:49:02,526 [59] INFO  UOBCMS.Classes.Logger - AccountController\GetAccountbyAccno		Account: 194419-001M is found
2025-06-18 10:49:02,541 [65] INFO  UOBCMS.Classes.Logger - AccountController\GetAccountEmail		Client Email of Account: 194419-001M is found
2025-06-18 10:49:02,544 [62] INFO  UOBCMS.Classes.Logger - AccountController\GetAccountbyAccno		Account: 194419-001M is found
2025-06-18 10:49:02,696 [66] INFO  UOBCMS.Classes.Logger - AEController\GetAEbyAccno		AE of: 194419-001M is found
2025-06-18 10:49:02,927 [65] INFO  UOBCMS.Classes.Logger - AccountController\GetAccountEmail		Client Email of Account: 194419-001M is found
2025-06-18 10:49:13,143 [62] INFO  UOBCMS.Classes.Logger - AccountController\GetAccountEmail		Client Email of Account: 194419-001M is found
2025-06-18 10:49:27,318 [66] ERROR UOBCMS.Classes.Logger - AccountController\GetAccountbyAccno		Account:  MGTUSER1 is not found
2025-06-18 10:49:36,496 [66] INFO  UOBCMS.Classes.Logger - AccountController\GetAccountEmail		Client Email of Account: 194419-001M is found
2025-06-18 10:49:48,843 [62] INFO  UOBCMS.Classes.Logger - AccountController\GetAccountbyAccno		Account: 194419-001M is found
2025-06-18 10:49:48,935 [65] INFO  UOBCMS.Classes.Logger - AccountController\GetAccountEmail		Client Email of Account: 194419-001M is found
2025-06-18 10:49:48,993 [66] INFO  UOBCMS.Classes.Logger - AccountController\GetAccountbyAccno		Account: 194419-001M is found
2025-06-18 10:49:51,131 [66] INFO  UOBCMS.Classes.Logger - AccountController\GetAccountbyAccno		Account: 194419-001M is found
2025-06-18 10:49:59,755 [66] INFO  UOBCMS.Classes.Logger - AccountController\GetAccountbyAccno		Account: 194419-001M is found
2025-06-18 10:50:05,217 [68] INFO  UOBCMS.Classes.Logger - AccountController\GetAccountbyAccno		Account: 194419-001M is found
2025-06-18 10:50:05,740 [66] INFO  UOBCMS.Classes.Logger - AccountController\GetAccountbyAccno		Account: 194419-001M is found
2025-06-18 10:50:12,896 [66] INFO  UOBCMS.Classes.Logger - AccountController\GetAccountEmail		Client Email of Account: 194419-001M is found
2025-06-18 10:50:30,829 [68] INFO  UOBCMS.Classes.Logger - AccountController\GetAccountbyAccno		Account: 194419-001M is found
2025-06-18 10:50:30,915 [67] INFO  UOBCMS.Classes.Logger - AccountController\GetAccountEmail		Client Email of Account: 194419-001M is found
2025-06-18 10:50:30,985 [67] INFO  UOBCMS.Classes.Logger - AccountController\GetAccountbyAccno		Account: 194419-001M is found
2025-06-18 10:50:40,598 [69] INFO  UOBCMS.Classes.Logger - AccountController\GetAccountbyAccno		Account: 194419-001M is found
2025-06-18 10:50:49,495 [66] INFO  UOBCMS.Classes.Logger - AccountController\GetAccountbyAccno		Account: 194419-001M is found
2025-06-18 10:50:53,131 [69] INFO  UOBCMS.Classes.Logger - AccountController\GetAccountEmail		Client Email of Account: 194419-001M is found
2025-06-18 10:50:56,932 [66] INFO  UOBCMS.Classes.Logger - AccountController\GetAccountbyAccno		Account: 194419-001M is found
2025-06-18 10:50:57,020 [66] INFO  UOBCMS.Classes.Logger - AccountController\GetAccountEmail		Client Email of Account: 194419-001M is found
2025-06-18 10:50:57,063 [69] INFO  UOBCMS.Classes.Logger - AccountController\GetAccountbyAccno		Account: 194419-001M is found
2025-06-18 10:51:05,200 [69] INFO  UOBCMS.Classes.Logger - AccountController\GetAccountEmail		Client Email of Account: 194419-001M is found
2025-06-18 10:51:15,203 [70] INFO  UOBCMS.Classes.Logger - AccountController\GetAccountEmail		Client Email of Account: 194419-001M is found
2025-06-18 10:51:19,934 [70] INFO  UOBCMS.Classes.Logger - AccountController\GetAccountEmail		Client Email of Account: 194419-001M is found
2025-06-18 10:51:25,255 [70] INFO  UOBCMS.Classes.Logger - AccountController\GetAccountbyAccno		Account: 194419-001M is found
2025-06-18 10:51:26,700 [69] INFO  UOBCMS.Classes.Logger - AccountController\GetAccountEmail		Client Email of Account: 194419-001M is found
2025-06-18 10:51:29,185 [69] INFO  UOBCMS.Classes.Logger - AccountController\GetAccountEmail		Client Email of Account: 194419-001M is found
2025-06-18 15:06:00,758 [50] INFO  UOBCMS.Classes.Logger - AccountController\GetAccountbyAccno		Account: 194419-001M is found
2025-06-18 15:06:05,457 [50] INFO  UOBCMS.Classes.Logger - AccountController\GetAccountbyAccno		Account: 194419-001M is found
2025-06-18 15:06:07,479 [45] INFO  UOBCMS.Classes.Logger - AccountController\GetAccountPhone		Account Phone of Account: 194419-001M is found
2025-06-18 15:06:07,508 [50] INFO  UOBCMS.Classes.Logger - AccountController\GetAccountPhone		Account Phone of Account: 194419-001M is found
2025-06-18 15:06:07,515 [45] INFO  UOBCMS.Classes.Logger - AccountController\GetAccountPhone		Account Phone of Account: 194419-001M is found
2025-06-18 15:06:07,522 [45] INFO  UOBCMS.Classes.Logger - AccountController\GetAccountPhone		Account Phone of Account: 194419-001M is found
2025-06-18 15:06:07,532 [45] INFO  UOBCMS.Classes.Logger - AccountController\GetAccountEmail		Client Email of Account: 194419-001M is found
2025-06-18 15:06:07,542 [45] INFO  UOBCMS.Classes.Logger - AccountController\GetAccountEmail		Client Email of Account: 194419-001M is found
2025-06-18 15:06:07,549 [45] INFO  UOBCMS.Classes.Logger - AccountController\GetAccountEmail		Client Email of Account: 194419-001M is found
2025-06-18 15:06:07,558 [45] INFO  UOBCMS.Classes.Logger - AccountController\GetAccountAddress		Account Address of Account: 194419-001M is found
2025-06-18 15:06:07,569 [50] INFO  UOBCMS.Classes.Logger - AccountController\GetAccountAddress		Account Address of Account: 194419-001M is found
2025-06-18 15:06:33,352 [63] INFO  UOBCMS.Classes.Logger - AccountController\GetAccountEmail		Client Email of Account: 194419-001M is found
2025-06-18 15:06:54,181 [63] INFO  UOBCMS.Classes.Logger - AccountController\GetAccountEmail		Client Email of Account: 194419-001M is found
2025-06-18 15:07:09,260 [46] INFO  UOBCMS.Classes.Logger - AccountController\GetAccountEmail		Client Email of Account: 194419-001M is found
2025-06-18 15:07:53,634 [34] INFO  UOBCMS.Classes.Logger - AccountController\GetAccountEmail		Client Email of Account: 194419-001M is found
2025-06-18 15:08:08,335 [33] INFO  UOBCMS.Classes.Logger - AccountController\GetAccountEmail		Client Email of Account: 194419-001M is found
2025-06-18 15:08:17,517 [31] INFO  UOBCMS.Classes.Logger - AccountController\GetAccountbyAccno		Account: 194419-001M is found
2025-06-18 15:08:21,833 [31] INFO  UOBCMS.Classes.Logger - AccountController\GetAccountEmail		Client Email of Account: 194419-001M is found
2025-06-18 15:09:04,102 [22] INFO  UOBCMS.Classes.Logger - AccountController\GetAccountbyAccno		Account: 194419-001M is found
2025-06-18 15:09:09,677 [22] INFO  UOBCMS.Classes.Logger - AccountController\GetAccountEmail		Client Email of Account: 194419-001M is found
2025-06-18 15:09:30,861 [24] INFO  UOBCMS.Classes.Logger - AccountController\GetAccountbyAccno		Account: 194419-001M is found
2025-06-18 15:09:30,877 [23] INFO  UOBCMS.Classes.Logger - AccountController\GetAccountEmail		Client Email of Account: 194419-001M is found
2025-06-18 15:09:30,882 [23] INFO  UOBCMS.Classes.Logger - AccountController\GetAccountbyAccno		Account: 194419-001M is found
2025-06-18 15:09:31,025 [19] INFO  UOBCMS.Classes.Logger - AccountController\GetAccountEmail		Client Email of Account: 194419-001M is found
2025-06-18 15:09:43,095 [24] INFO  UOBCMS.Classes.Logger - AccountController\GetAccountbyAccno		Account: 194419-001M is found
2025-06-18 15:09:43,113 [23] INFO  UOBCMS.Classes.Logger - AccountController\GetAccountEmail		Client Email of Account: 194419-001M is found
2025-06-18 15:09:43,119 [24] INFO  UOBCMS.Classes.Logger - AccountController\GetAccountbyAccno		Account: 194419-001M is found
2025-06-18 15:09:43,332 [23] INFO  UOBCMS.Classes.Logger - AEController\GetAEbyAccno		AE of: 194419-001M is found
2025-06-18 15:09:43,988 [24] INFO  UOBCMS.Classes.Logger - AccountController\GetAccountEmail		Client Email of Account: 194419-001M is found
2025-06-18 15:18:06,680 [161] INFO  UOBCMS.Classes.Logger - AccountController\GetAccountbyAccno		Account: 194419-001M is found
2025-06-18 15:18:23,333 [162] INFO  UOBCMS.Classes.Logger - AccountController\GetAccountPhone		Account Phone of Account: 194419-001M is found
2025-06-18 15:18:23,503 [159] INFO  UOBCMS.Classes.Logger - AccountController\GetIBOAccountCRS		Account Code: 194419-001M
2025-06-18 15:18:23,544 [159] INFO  UOBCMS.Classes.Logger - AccountController\GetAccountAddresses		Account Addresss of Account: 194419-001M is found
2025-06-18 15:18:23,552 [159] INFO  UOBCMS.Classes.Logger - AccountController\GetIBOAccountCPerson		Account Code: 194419-001M
2025-06-18 15:18:53,808 [166] INFO  UOBCMS.Classes.Logger - AccountController\GetAccountEmail		Client Email of Account: 194419-001M is found
2025-06-18 15:19:03,407 [164] INFO  UOBCMS.Classes.Logger - AccountController\GetAccountEmail		Client Email of Account: 194419-001M is found
2025-06-18 15:19:43,704 [168] INFO  UOBCMS.Classes.Logger - AccountController\GetAccountbyAccno		Account: 194419-001M is found
2025-06-18 15:19:45,890 [168] INFO  UOBCMS.Classes.Logger - AccountController\GetAccountbyAccno		Account: 194419-001M is found
2025-06-18 15:19:46,334 [158] INFO  UOBCMS.Classes.Logger - AccountController\GetAccountPhone		Account Phone of Account: 194419-001M is found
2025-06-18 15:19:46,369 [168] INFO  UOBCMS.Classes.Logger - AccountController\GetAccountPhone		Account Phone of Account: 194419-001M is found
2025-06-18 15:19:46,388 [168] INFO  UOBCMS.Classes.Logger - AccountController\GetAccountPhone		Account Phone of Account: 194419-001M is found
2025-06-18 15:19:46,406 [158] INFO  UOBCMS.Classes.Logger - AccountController\GetAccountPhone		Account Phone of Account: 194419-001M is found
2025-06-18 15:19:46,425 [170] INFO  UOBCMS.Classes.Logger - AccountController\GetAccountEmail		Client Email of Account: 194419-001M is found
2025-06-18 15:19:46,442 [168] INFO  UOBCMS.Classes.Logger - AccountController\GetAccountEmail		Client Email of Account: 194419-001M is found
2025-06-18 15:19:46,458 [168] INFO  UOBCMS.Classes.Logger - AccountController\GetAccountEmail		Client Email of Account: 194419-001M is found
2025-06-18 15:19:46,473 [168] INFO  UOBCMS.Classes.Logger - AccountController\GetAccountAddress		Account Address of Account: 194419-001M is found
2025-06-18 15:19:46,488 [170] INFO  UOBCMS.Classes.Logger - AccountController\GetAccountAddress		Account Address of Account: 194419-001M is found
2025-06-18 15:19:50,420 [158] INFO  UOBCMS.Classes.Logger - AccountController\GetAccountEmail		Client Email of Account: 194419-001M is found
2025-06-18 15:19:59,634 [172] INFO  UOBCMS.Classes.Logger - AccountController\GetAccountbyAccno		Account: 194419-001M is found
2025-06-18 15:19:59,645 [172] INFO  UOBCMS.Classes.Logger - AccountController\GetAccountEmail		Client Email of Account: 194419-001M is found
2025-06-18 15:19:59,648 [172] INFO  UOBCMS.Classes.Logger - AccountController\GetAccountbyAccno		Account: 194419-001M is found
2025-06-18 15:19:59,725 [172] INFO  UOBCMS.Classes.Logger - AccountController\GetAccountEmail		Client Email of Account: 194419-001M is found
2025-06-18 15:20:07,352 [172] INFO  UOBCMS.Classes.Logger - AccountController\GetAccountbyAccno		Account: 194419-001M is found
2025-06-18 15:20:07,369 [172] INFO  UOBCMS.Classes.Logger - AccountController\GetAccountEmail		Client Email of Account: 194419-001M is found
2025-06-18 15:20:07,372 [170] INFO  UOBCMS.Classes.Logger - AccountController\GetAccountbyAccno		Account: 194419-001M is found
2025-06-18 15:20:07,378 [170] INFO  UOBCMS.Classes.Logger - AEController\GetAEbyAccno		AE of: 194419-001M is found
2025-06-18 15:20:08,277 [172] INFO  UOBCMS.Classes.Logger - AccountController\GetAccountEmail		Client Email of Account: 194419-001M is found
2025-06-18 15:20:55,498 [177] INFO  UOBCMS.Classes.Logger - AccountController\GetAccountEmail		Client Email of Account: 194419-001M is found
2025-06-18 15:21:38,114 [179] INFO  UOBCMS.Classes.Logger - AccountController\GetAccountEmail		Client Email of Account: 194419-001M is found
2025-06-18 15:21:55,801 [181] INFO  UOBCMS.Classes.Logger - AccountController\GetAccountEmail		Client Email of Account: 194419-001M is found
2025-06-18 15:22:01,992 [180] INFO  UOBCMS.Classes.Logger - AccountController\GetAccountbyAccno		Account: 194419-001M is found
2025-06-18 15:22:04,048 [182] INFO  UOBCMS.Classes.Logger - AccountController\GetAccountEmail		Client Email of Account: 194419-001M is found
2025-06-18 15:22:09,224 [182] INFO  UOBCMS.Classes.Logger - AccountController\GetAccountbyAccno		Account: 194419-001M is found
2025-06-18 15:22:09,240 [180] INFO  UOBCMS.Classes.Logger - AccountController\GetAccountEmail		Client Email of Account: 194419-001M is found
2025-06-18 15:22:09,244 [182] INFO  UOBCMS.Classes.Logger - AccountController\GetAccountbyAccno		Account: 194419-001M is found
2025-06-18 15:22:09,480 [182] INFO  UOBCMS.Classes.Logger - AccountController\GetAccountEmail		Client Email of Account: 194419-001M is found
2025-06-18 15:22:12,357 [181] INFO  UOBCMS.Classes.Logger - AccountController\GetAccountbyAccno		Account: 194419-001M is found
2025-06-18 15:22:12,369 [181] INFO  UOBCMS.Classes.Logger - AccountController\GetAccountEmail		Client Email of Account: 194419-001M is found
2025-06-18 15:22:12,372 [182] INFO  UOBCMS.Classes.Logger - AccountController\GetAccountbyAccno		Account: 194419-001M is found
2025-06-18 15:22:12,602 [180] INFO  UOBCMS.Classes.Logger - AEController\GetAEbyAccno		AE of: 194419-001M is found
2025-06-18 15:22:13,323 [182] INFO  UOBCMS.Classes.Logger - AccountController\GetAccountEmail		Client Email of Account: 194419-001M is found
2025-06-18 15:22:30,571 [181] INFO  UOBCMS.Classes.Logger - AccountController\GetAccountEmail		Client Email of Account: 194419-001M is found
2025-06-18 15:22:39,840 [180] INFO  UOBCMS.Classes.Logger - AccountController\GetIBOUserContact		Account Code: 194419-001M
2025-06-18 15:22:46,409 [178] INFO  UOBCMS.Classes.Logger - AccountController\GetAccountEmail		Client Email of Account: 194419-001M is found
2025-06-18 15:23:00,897 [181] INFO  UOBCMS.Classes.Logger - AccountController\GetAccountEmail		Client Email of Account: 194419-001M is found
2025-06-18 15:23:24,395 [181] INFO  UOBCMS.Classes.Logger - AccountController\GetIBOUserContact		Account Code: 194419-001M
2025-06-18 15:23:31,936 [185] INFO  UOBCMS.Classes.Logger - AccountController\GetAccountEmail		Client Email of Account: 194419-001M is found
2025-06-18 15:23:57,127 [181] INFO  UOBCMS.Classes.Logger - AccountController\GetAccountEmail		Client Email of Account: 194419-001M is found
2025-06-18 15:24:25,620 [189] INFO  UOBCMS.Classes.Logger - AccountController\GetAccountEmail		Client Email of Account: 194419-001M is found
2025-06-18 15:24:48,682 [190] INFO  UOBCMS.Classes.Logger - AccountController\GetAccountEmail		Client Email of Account: 194419-001M is found
2025-06-18 15:24:56,293 [190] INFO  UOBCMS.Classes.Logger - AccountController\GetAccountEmail		Client Email of Account: 194419-001M is found
2025-06-18 15:25:09,112 [187] INFO  UOBCMS.Classes.Logger - AccountController\GetAccountbyAccno		Account: 194419-001M is found
2025-06-18 15:25:11,258 [194] INFO  UOBCMS.Classes.Logger - AccountController\GetAccountEmail		Client Email of Account: 194419-001M is found
2025-06-18 15:25:24,392 [191] INFO  UOBCMS.Classes.Logger - AccountController\GetAccountbyAccno		Account: 194419-001M is found
2025-06-18 15:25:24,403 [193] INFO  UOBCMS.Classes.Logger - AccountController\GetAccountEmail		Client Email of Account: 194419-001M is found
2025-06-18 15:25:24,406 [191] INFO  UOBCMS.Classes.Logger - AccountController\GetAccountbyAccno		Account: 194419-001M is found
2025-06-18 15:25:24,647 [193] INFO  UOBCMS.Classes.Logger - AccountController\GetAccountEmail		Client Email of Account: 194419-001M is found
2025-06-18 15:25:27,496 [190] INFO  UOBCMS.Classes.Logger - AccountController\GetAccountbyAccno		Account: 194419-001M is found
2025-06-18 15:25:27,508 [194] INFO  UOBCMS.Classes.Logger - AccountController\GetAccountEmail		Client Email of Account: 194419-001M is found
2025-06-18 15:25:27,512 [194] INFO  UOBCMS.Classes.Logger - AccountController\GetAccountbyAccno		Account: 194419-001M is found
2025-06-18 15:25:27,820 [190] INFO  UOBCMS.Classes.Logger - AEController\GetAEbyAccno		AE of: 194419-001M is found
2025-06-18 15:25:28,520 [194] INFO  UOBCMS.Classes.Logger - AccountController\GetAccountEmail		Client Email of Account: 194419-001M is found
2025-06-18 15:25:39,878 [194] INFO  UOBCMS.Classes.Logger - AccountController\GetAccountEmail		Client Email of Account: 194419-001M is found
2025-06-18 15:25:52,356 [190] INFO  UOBCMS.Classes.Logger - AccountController\GetAccountbyAccno		Account: 194419-001M is found
2025-06-18 15:25:54,945 [190] INFO  UOBCMS.Classes.Logger - AccountController\GetAccountbyAccno		Account: 194419-001M is found
2025-06-18 15:25:54,995 [194] INFO  UOBCMS.Classes.Logger - AccountController\GetAccountPhone		Account Phone of Account: 194419-001M is found
2025-06-18 15:25:55,007 [191] INFO  UOBCMS.Classes.Logger - AccountController\GetAccountPhone		Account Phone of Account: 194419-001M is found
2025-06-18 15:25:55,019 [191] INFO  UOBCMS.Classes.Logger - AccountController\GetAccountPhone		Account Phone of Account: 194419-001M is found
2025-06-18 15:25:55,029 [194] INFO  UOBCMS.Classes.Logger - AccountController\GetAccountPhone		Account Phone of Account: 194419-001M is found
2025-06-18 15:25:55,043 [191] INFO  UOBCMS.Classes.Logger - AccountController\GetAccountEmail		Client Email of Account: 194419-001M is found
2025-06-18 15:25:55,053 [191] INFO  UOBCMS.Classes.Logger - AccountController\GetAccountEmail		Client Email of Account: 194419-001M is found
2025-06-18 15:25:55,062 [194] INFO  UOBCMS.Classes.Logger - AccountController\GetAccountEmail		Client Email of Account: 194419-001M is found
2025-06-18 15:25:55,071 [194] INFO  UOBCMS.Classes.Logger - AccountController\GetAccountAddress		Account Address of Account: 194419-001M is found
2025-06-18 15:25:55,079 [191] INFO  UOBCMS.Classes.Logger - AccountController\GetAccountAddress		Account Address of Account: 194419-001M is found
2025-06-18 15:25:58,244 [193] INFO  UOBCMS.Classes.Logger - AccountController\GetAccountAddress		Account Address of Account: 194419-001M is found
2025-06-18 15:25:58,246 [190] INFO  UOBCMS.Classes.Logger - AccountController\GetIBOAccountCRS		Account Code: 194419-001M
2025-06-18 15:26:06,801 [194] INFO  UOBCMS.Classes.Logger - AccountController\GetAccountbyAccno		Account: 194419-001M is found
2025-06-18 15:26:06,809 [194] INFO  UOBCMS.Classes.Logger - AccountController\GetAccountbyAccno		Account: 194419-001M is found
2025-06-18 15:26:06,825 [191] INFO  UOBCMS.Classes.Logger - AccountController\GetAccountAddress		Account Address of Account: 194419-001M is found
2025-06-18 15:26:06,839 [190] INFO  UOBCMS.Classes.Logger - AccountController\GetAccountPhones		Account Phone of Account: 194419-001M is found
2025-06-18 15:26:06,977 [194] INFO  UOBCMS.Classes.Logger - AccountController\GetIBOAccountCRS		Account Code: 194419-001M
2025-06-18 15:26:06,992 [194] INFO  UOBCMS.Classes.Logger - AccountController\GetAccountAddress		Account Address of Account: 194419-001M is found
2025-06-18 15:26:10,112 [194] INFO  UOBCMS.Classes.Logger - AccountController\GetAccountbyAccno		Account: 194419-001M is found
2025-06-18 15:26:10,115 [196] INFO  UOBCMS.Classes.Logger - AccountController\GetAccountbyAccno		Account: 194419-001M is found
2025-06-18 15:26:10,125 [194] INFO  UOBCMS.Classes.Logger - AccountController\GetAccountAddress		Account Address of Account: 194419-001M is found
2025-06-18 15:26:10,128 [190] INFO  UOBCMS.Classes.Logger - AccountController\GetAccountPhones		Account Phone of Account: 194419-001M is found
2025-06-18 15:26:10,132 [193] INFO  UOBCMS.Classes.Logger - AEController\GetAEbyAccno		AE of: 194419-001M is found
2025-06-18 15:26:15,690 [193] INFO  UOBCMS.Classes.Logger - AccountController\GetAccountEmail		Client Email of Account: 194419-001M is found
2025-06-18 15:26:22,717 [193] INFO  UOBCMS.Classes.Logger - AccountController\GetAccountAddress		Account Address of Account: 194419-001M is found
2025-06-18 15:26:22,717 [193] INFO  UOBCMS.Classes.Logger - AccountController\GetIBOAccountCRS		Account Code: 194419-001M
2025-06-18 15:26:43,960 [195] INFO  UOBCMS.Classes.Logger - AccountController\GetAccountAddress		Account Address of Account: 194419-001M is found
2025-06-18 15:26:43,962 [195] INFO  UOBCMS.Classes.Logger - AccountController\GetIBOAccountCRS		Account Code: 194419-001M
2025-06-18 15:27:01,641 [193] INFO  UOBCMS.Classes.Logger - AccountController\GetIBOUserContact		Account Code: 194419-001M
2025-06-18 15:27:11,795 [194] INFO  UOBCMS.Classes.Logger - AccountController\GetAccountAddress		Account Address of Account: 194419-001M is found
2025-06-18 15:27:11,796 [194] INFO  UOBCMS.Classes.Logger - AccountController\GetIBOAccountCRS		Account Code: 194419-001M
2025-06-18 15:27:34,245 [198] INFO  UOBCMS.Classes.Logger - AccountController\GetAccountAddress		Account Address of Account: 194419-001M is found
2025-06-18 15:27:34,246 [194] INFO  UOBCMS.Classes.Logger - AccountController\GetIBOAccountCRS		Account Code: 194419-001M
2025-06-18 15:28:15,305 [197] INFO  UOBCMS.Classes.Logger - AccountController\GetAccountAddress		Account Address of Account: 194419-001M is found
2025-06-18 15:28:15,306 [194] INFO  UOBCMS.Classes.Logger - AccountController\GetIBOAccountCRS		Account Code: 194419-001M
2025-06-18 15:28:36,882 [194] INFO  UOBCMS.Classes.Logger - AccountController\GetAccountAddress		Account Address of Account: 194419-001M is found
2025-06-18 15:28:36,883 [194] INFO  UOBCMS.Classes.Logger - AccountController\GetIBOAccountCRS		Account Code: 194419-001M
2025-06-18 15:36:11,467 [168] INFO  UOBCMS.Classes.Logger - AccountController\GetAccountAddress		Account Address of Account: 194419-001M is found
2025-06-18 15:36:11,473 [167] INFO  UOBCMS.Classes.Logger - AccountController\GetIBOAccountCRS		Account Code: 194419-001M
2025-06-18 15:38:49,914 [152] INFO  UOBCMS.Classes.Logger - AccountController\GetAccountbyAccno		Account: 194419-001M is found
2025-06-18 15:40:14,762 [147] INFO  UOBCMS.Classes.Logger - AccountController\GetAccountbyAccno		Account: 194419-001M is found
2025-06-18 15:40:15,791 [144] INFO  UOBCMS.Classes.Logger - AccountController\GetAccountPhone		Account Phone of Account: 194419-001M is found
2025-06-18 15:40:15,823 [147] INFO  UOBCMS.Classes.Logger - AccountController\GetAccountPhone		Account Phone of Account: 194419-001M is found
2025-06-18 15:40:15,837 [147] INFO  UOBCMS.Classes.Logger - AccountController\GetAccountPhone		Account Phone of Account: 194419-001M is found
2025-06-18 15:40:15,849 [146] INFO  UOBCMS.Classes.Logger - AccountController\GetAccountPhone		Account Phone of Account: 194419-001M is found
2025-06-18 15:40:15,867 [145] INFO  UOBCMS.Classes.Logger - AccountController\GetAccountEmail		Client Email of Account: 194419-001M is found
2025-06-18 15:40:15,884 [144] INFO  UOBCMS.Classes.Logger - AccountController\GetAccountEmail		Client Email of Account: 194419-001M is found
2025-06-18 15:40:15,898 [145] INFO  UOBCMS.Classes.Logger - AccountController\GetAccountEmail		Client Email of Account: 194419-001M is found
2025-06-18 15:40:15,912 [145] INFO  UOBCMS.Classes.Logger - AccountController\GetAccountAddress		Account Address of Account: 194419-001M is found
2025-06-18 15:40:15,932 [144] INFO  UOBCMS.Classes.Logger - AccountController\GetAccountAddress		Account Address of Account: 194419-001M is found
2025-06-18 15:40:38,758 [142] INFO  UOBCMS.Classes.Logger - AccountController\GetAccountAddress		Account Address of Account: 194419-001M is found
2025-06-18 15:40:38,761 [145] INFO  UOBCMS.Classes.Logger - AccountController\GetIBOAccountCRS		Account Code: 194419-001M
2025-06-18 15:41:48,259 [136] INFO  UOBCMS.Classes.Logger - AccountController\GetAccountAddress		Account Address of Account: 194419-001M is found
2025-06-18 15:41:48,268 [136] INFO  UOBCMS.Classes.Logger - AccountController\GetIBOAccountCRS		Account Code: 194419-001M
2025-06-18 15:42:01,899 [139] INFO  UOBCMS.Classes.Logger - AccountController\GetIBOUserContact		Account Code: 194419-001M
2025-06-18 15:43:20,946 [129] INFO  UOBCMS.Classes.Logger - AccountController\GetAccountAddress		Account Address of Account: 194419-001M is found
2025-06-18 15:43:20,947 [129] INFO  UOBCMS.Classes.Logger - AccountController\GetIBOAccountCRS		Account Code: 194419-001M
2025-06-18 15:43:45,243 [133] INFO  UOBCMS.Classes.Logger - AccountController\GetAccountAddress		Account Address of Account: 194419-001M is found
2025-06-18 15:43:45,244 [133] INFO  UOBCMS.Classes.Logger - AccountController\GetIBOAccountCRS		Account Code: 194419-001M
2025-06-18 15:44:09,311 [16] INFO  UOBCMS.Classes.Logger - AccountController\GetAccountAddress		Account Address of Account: 194419-001M is found
2025-06-18 15:44:09,312 [16] INFO  UOBCMS.Classes.Logger - AccountController\GetIBOAccountCRS		Account Code: 194419-001M
2025-06-18 15:44:14,241 [16] INFO  UOBCMS.Classes.Logger - AccountController\SaveBulkAddress		UOBCMS.Models.api.body_cms_client_address
2025-06-18 15:44:14,358 [16] INFO  UOBCMS.Classes.Logger - AccountController\GetAccountAddress		Account Address of Account: 194419-001M is found
2025-06-18 15:44:14,363 [133] INFO  UOBCMS.Classes.Logger - AccountController\SaveBulkAddress		UOBCMS.Models.api.body_cms_client_address
2025-06-18 15:44:14,414 [16] INFO  UOBCMS.Classes.Logger - AccountController\GetAccountEmail		Client Email of Account: 194419-001M is found
2025-06-18 15:44:21,771 [133] INFO  UOBCMS.Classes.Logger - AccountController\GetAccountbyAccno		Account: 194419-001M is found
2025-06-18 15:44:24,949 [129] INFO  UOBCMS.Classes.Logger - AccountController\GetAccountbyAccno		Account: 194419-001M is found
2025-06-18 15:44:25,953 [16] INFO  UOBCMS.Classes.Logger - AccountController\GetAccountPhone		Account Phone of Account: 194419-001M is found
2025-06-18 15:44:25,974 [129] INFO  UOBCMS.Classes.Logger - AccountController\GetAccountPhone		Account Phone of Account: 194419-001M is found
2025-06-18 15:44:25,991 [16] INFO  UOBCMS.Classes.Logger - AccountController\GetAccountPhone		Account Phone of Account: 194419-001M is found
2025-06-18 15:44:26,005 [16] INFO  UOBCMS.Classes.Logger - AccountController\GetAccountPhone		Account Phone of Account: 194419-001M is found
2025-06-18 15:44:26,024 [16] INFO  UOBCMS.Classes.Logger - AccountController\GetAccountEmail		Client Email of Account: 194419-001M is found
2025-06-18 15:44:26,038 [133] INFO  UOBCMS.Classes.Logger - AccountController\GetAccountEmail		Client Email of Account: 194419-001M is found
2025-06-18 15:44:26,050 [133] INFO  UOBCMS.Classes.Logger - AccountController\GetAccountEmail		Client Email of Account: 194419-001M is found
2025-06-18 15:44:26,064 [133] INFO  UOBCMS.Classes.Logger - AccountController\GetAccountAddress		Account Address of Account: 194419-001M is found
2025-06-18 15:44:26,079 [133] INFO  UOBCMS.Classes.Logger - AccountController\GetAccountAddress		Account Address of Account: 194419-001M is found
2025-06-18 17:57:05,772 [85] INFO  UOBCMS.Classes.Logger - AccountController\GetAccountbyAccno		Account: 194419-001M is found
2025-06-18 17:57:09,425 [85] INFO  UOBCMS.Classes.Logger - AccountController\GetAccountbyAccno		Account: 194419-001M is found
2025-06-18 17:57:10,329 [87] INFO  UOBCMS.Classes.Logger - AccountController\GetAccountPhone		Account Phone of Account: 194419-001M is found
2025-06-18 17:57:10,359 [96] INFO  UOBCMS.Classes.Logger - AccountController\GetAccountPhone		Account Phone of Account: 194419-001M is found
2025-06-18 17:57:10,367 [85] INFO  UOBCMS.Classes.Logger - AccountController\GetAccountPhone		Account Phone of Account: 194419-001M is found
2025-06-18 17:57:10,375 [85] INFO  UOBCMS.Classes.Logger - AccountController\GetAccountPhone		Account Phone of Account: 194419-001M is found
2025-06-18 17:57:10,385 [85] INFO  UOBCMS.Classes.Logger - AccountController\GetAccountEmail		Client Email of Account: 194419-001M is found
2025-06-18 17:57:10,397 [87] INFO  UOBCMS.Classes.Logger - AccountController\GetAccountEmail		Client Email of Account: 194419-001M is found
2025-06-18 17:57:10,404 [85] INFO  UOBCMS.Classes.Logger - AccountController\GetAccountEmail		Client Email of Account: 194419-001M is found
2025-06-18 17:57:10,412 [85] INFO  UOBCMS.Classes.Logger - AccountController\GetAccountAddress		Account Address of Account: 194419-001M is found
2025-06-18 17:57:10,435 [85] INFO  UOBCMS.Classes.Logger - AccountController\GetAccountAddress		Account Address of Account: 194419-001M is found
2025-06-18 17:57:18,452 [96] INFO  UOBCMS.Classes.Logger - AccountController\GetAccountAddress		Account Address of Account: 194419-001M is found
2025-06-18 17:57:18,454 [87] INFO  UOBCMS.Classes.Logger - AccountController\GetIBOAccountCRS		Account Code: 194419-001M
2025-06-18 17:58:18,669 [87] INFO  UOBCMS.Classes.Logger - AccountController\GetAccountbyAccno		Account: 194419-001M is found
2025-06-18 17:58:18,675 [87] INFO  UOBCMS.Classes.Logger - AccountController\GetAccountbyAccno		Account: 194419-001M is found
2025-06-18 17:58:18,686 [101] INFO  UOBCMS.Classes.Logger - AccountController\GetAccountAddress		Account Address of Account: 194419-001M is found
2025-06-18 17:58:18,692 [90] INFO  UOBCMS.Classes.Logger - AccountController\GetAccountPhones		Account Phone of Account: 194419-001M is found
2025-06-18 17:58:18,813 [90] INFO  UOBCMS.Classes.Logger - AccountController\GetIBOAccountCRS		Account Code: 194419-001M
2025-06-18 17:58:18,831 [87] INFO  UOBCMS.Classes.Logger - AccountController\GetAccountAddress		Account Address of Account: 194419-001M is found
2025-06-18 17:59:55,603 [58] INFO  UOBCMS.Classes.Logger - AccountController\GetAccountbyAccno		Account: 194419-001M is found
2025-06-18 17:59:59,339 [121] INFO  UOBCMS.Classes.Logger - AccountController\GetAccountbyAccno		Account: 194419-001M is found
2025-06-18 17:59:59,890 [15] INFO  UOBCMS.Classes.Logger - AccountController\GetAccountPhone		Account Phone of Account: 194419-001M is found
2025-06-18 17:59:59,929 [115] INFO  UOBCMS.Classes.Logger - AccountController\GetAccountPhone		Account Phone of Account: 194419-001M is found
2025-06-18 17:59:59,947 [121] INFO  UOBCMS.Classes.Logger - AccountController\GetAccountPhone		Account Phone of Account: 194419-001M is found
2025-06-18 17:59:59,964 [121] INFO  UOBCMS.Classes.Logger - AccountController\GetAccountPhone		Account Phone of Account: 194419-001M is found
2025-06-18 17:59:59,981 [121] INFO  UOBCMS.Classes.Logger - AccountController\GetAccountEmail		Client Email of Account: 194419-001M is found
2025-06-18 17:59:59,993 [15] INFO  UOBCMS.Classes.Logger - AccountController\GetAccountEmail		Client Email of Account: 194419-001M is found
2025-06-18 18:00:00,001 [121] INFO  UOBCMS.Classes.Logger - AccountController\GetAccountEmail		Client Email of Account: 194419-001M is found
2025-06-18 18:00:00,011 [15] INFO  UOBCMS.Classes.Logger - AccountController\GetAccountAddress		Account Address of Account: 194419-001M is found
2025-06-18 18:00:00,023 [58] INFO  UOBCMS.Classes.Logger - AccountController\GetAccountAddress		Account Address of Account: 194419-001M is found
2025-06-18 18:00:02,334 [58] INFO  UOBCMS.Classes.Logger - AccountController\GetAccountAddress		Account Address of Account: 194419-001M is found
2025-06-18 18:00:02,336 [58] INFO  UOBCMS.Classes.Logger - AccountController\GetIBOAccountCRS		Account Code: 194419-001M
2025-06-18 18:00:21,823 [115] INFO  UOBCMS.Classes.Logger - AccountController\GetAccountbyAccno		Account: 194419-001M is found
2025-06-18 18:00:21,828 [58] INFO  UOBCMS.Classes.Logger - AccountController\GetAccountbyAccno		Account: 194419-001M is found
2025-06-18 18:00:21,838 [115] INFO  UOBCMS.Classes.Logger - AccountController\GetAccountAddress		Account Address of Account: 194419-001M is found
2025-06-18 18:00:21,844 [115] INFO  UOBCMS.Classes.Logger - AccountController\GetAccountPhones		Account Phone of Account: 194419-001M is found
2025-06-18 18:00:21,971 [58] INFO  UOBCMS.Classes.Logger - AccountController\GetIBOAccountCRS		Account Code: 194419-001M
2025-06-18 18:00:21,990 [15] INFO  UOBCMS.Classes.Logger - AccountController\GetAccountAddress		Account Address of Account: 194419-001M is found
2025-06-18 18:03:46,595 [16] INFO  UOBCMS.Classes.Logger - AccountController\GetAccountbyAccno		Account: 194419-001M is found
2025-06-18 18:03:50,036 [133] INFO  UOBCMS.Classes.Logger - AccountController\GetAccountbyAccno		Account: 194419-001M is found
2025-06-18 18:03:50,898 [139] INFO  UOBCMS.Classes.Logger - AccountController\GetAccountPhone		Account Phone of Account: 194419-001M is found
2025-06-18 18:03:50,942 [126] INFO  UOBCMS.Classes.Logger - AccountController\GetAccountPhone		Account Phone of Account: 194419-001M is found
2025-06-18 18:03:50,963 [139] INFO  UOBCMS.Classes.Logger - AccountController\GetAccountPhone		Account Phone of Account: 194419-001M is found
2025-06-18 18:03:50,982 [139] INFO  UOBCMS.Classes.Logger - AccountController\GetAccountPhone		Account Phone of Account: 194419-001M is found
2025-06-18 18:03:51,008 [126] INFO  UOBCMS.Classes.Logger - AccountController\GetAccountEmail		Client Email of Account: 194419-001M is found
2025-06-18 18:03:51,027 [16] INFO  UOBCMS.Classes.Logger - AccountController\GetAccountEmail		Client Email of Account: 194419-001M is found
2025-06-18 18:03:51,041 [126] INFO  UOBCMS.Classes.Logger - AccountController\GetAccountEmail		Client Email of Account: 194419-001M is found
2025-06-18 18:03:51,056 [126] INFO  UOBCMS.Classes.Logger - AccountController\GetAccountAddress		Account Address of Account: 194419-001M is found
2025-06-18 18:03:51,070 [16] INFO  UOBCMS.Classes.Logger - AccountController\GetAccountAddress		Account Address of Account: 194419-001M is found
2025-06-18 18:03:54,605 [126] INFO  UOBCMS.Classes.Logger - AccountController\GetAccountAddress		Account Address of Account: 194419-001M is found
2025-06-18 18:03:54,607 [133] INFO  UOBCMS.Classes.Logger - AccountController\GetIBOAccountCRS		Account Code: 194419-001M
2025-06-18 18:04:18,518 [133] INFO  UOBCMS.Classes.Logger - AccountController\GetAccountbyAccno		Account: 194419-001M is found
2025-06-18 18:04:18,524 [144] INFO  UOBCMS.Classes.Logger - AccountController\GetAccountbyAccno		Account: 194419-001M is found
2025-06-18 18:04:18,535 [133] INFO  UOBCMS.Classes.Logger - AccountController\GetAccountAddress		Account Address of Account: 194419-001M is found
2025-06-18 18:04:18,540 [145] INFO  UOBCMS.Classes.Logger - AccountController\GetAccountPhones		Account Phone of Account: 194419-001M is found
2025-06-18 18:04:18,667 [145] INFO  UOBCMS.Classes.Logger - AccountController\GetIBOAccountCRS		Account Code: 194419-001M
2025-06-18 18:04:18,690 [145] INFO  UOBCMS.Classes.Logger - AccountController\GetAccountAddress		Account Address of Account: 194419-001M is found
2025-06-18 18:05:34,837 [150] INFO  UOBCMS.Classes.Logger - AccountController\GetIBOAccountCRS		Account Code: 194419-001M
2025-06-18 18:05:34,860 [147] INFO  UOBCMS.Classes.Logger - AccountController\GetAccountAddress		Account Address of Account: 194419-001M is found
2025-06-18 18:05:45,532 [37] INFO  UOBCMS.Classes.Logger - AccountController\GetAccountbyAccno		Account: 194419-001M is found
2025-06-18 18:05:45,537 [150] INFO  UOBCMS.Classes.Logger - AccountController\GetAccountbyAccno		Account: 194419-001M is found
2025-06-18 18:05:45,550 [150] INFO  UOBCMS.Classes.Logger - AccountController\GetAccountAddress		Account Address of Account: 194419-001M is found
2025-06-18 18:05:45,554 [150] INFO  UOBCMS.Classes.Logger - AccountController\GetAccountPhones		Account Phone of Account: 194419-001M is found
2025-06-18 18:05:45,623 [150] INFO  UOBCMS.Classes.Logger - AccountController\GetIBOAccountCRS		Account Code: 194419-001M
2025-06-18 18:05:45,640 [150] INFO  UOBCMS.Classes.Logger - AccountController\GetAccountAddress		Account Address of Account: 194419-001M is found
2025-06-18 18:07:35,052 [172] INFO  UOBCMS.Classes.Logger - AccountController\GetAccountbyAccno		Account: 194419-001M is found
2025-06-18 18:07:38,425 [175] INFO  UOBCMS.Classes.Logger - AccountController\GetAccountbyAccno		Account: 194419-001M is found
2025-06-18 18:07:39,420 [176] INFO  UOBCMS.Classes.Logger - AccountController\GetAccountPhone		Account Phone of Account: 194419-001M is found
2025-06-18 18:07:39,449 [176] INFO  UOBCMS.Classes.Logger - AccountController\GetAccountPhone		Account Phone of Account: 194419-001M is found
2025-06-18 18:07:39,456 [175] INFO  UOBCMS.Classes.Logger - AccountController\GetAccountPhone		Account Phone of Account: 194419-001M is found
2025-06-18 18:07:39,463 [174] INFO  UOBCMS.Classes.Logger - AccountController\GetAccountPhone		Account Phone of Account: 194419-001M is found
2025-06-18 18:07:39,474 [174] INFO  UOBCMS.Classes.Logger - AccountController\GetAccountEmail		Client Email of Account: 194419-001M is found
2025-06-18 18:07:39,485 [174] INFO  UOBCMS.Classes.Logger - AccountController\GetAccountEmail		Client Email of Account: 194419-001M is found
2025-06-18 18:07:39,493 [175] INFO  UOBCMS.Classes.Logger - AccountController\GetAccountEmail		Client Email of Account: 194419-001M is found
2025-06-18 18:07:39,501 [176] INFO  UOBCMS.Classes.Logger - AccountController\GetAccountAddress		Account Address of Account: 194419-001M is found
2025-06-18 18:07:39,519 [176] INFO  UOBCMS.Classes.Logger - AccountController\GetAccountAddress		Account Address of Account: 194419-001M is found
2025-06-18 18:07:42,587 [174] INFO  UOBCMS.Classes.Logger - AccountController\GetAccountAddress		Account Address of Account: 194419-001M is found
2025-06-18 18:07:42,590 [176] INFO  UOBCMS.Classes.Logger - AccountController\GetIBOAccountCRS		Account Code: 194419-001M
2025-06-18 18:07:58,036 [174] INFO  UOBCMS.Classes.Logger - AccountController\GetAccountbyAccno		Account: 194419-001M is found
2025-06-18 18:07:58,041 [174] INFO  UOBCMS.Classes.Logger - AccountController\GetAccountbyAccno		Account: 194419-001M is found
2025-06-18 18:07:58,051 [174] INFO  UOBCMS.Classes.Logger - AccountController\GetAccountAddress		Account Address of Account: 194419-001M is found
2025-06-18 18:07:58,056 [172] INFO  UOBCMS.Classes.Logger - AccountController\GetAccountPhones		Account Phone of Account: 194419-001M is found
2025-06-18 18:07:58,187 [176] INFO  UOBCMS.Classes.Logger - AccountController\GetIBOAccountCRS		Account Code: 194419-001M
2025-06-18 18:07:58,204 [172] INFO  UOBCMS.Classes.Logger - AccountController\GetAccountAddress		Account Address of Account: 194419-001M is found
2025-06-18 18:11:00,493 [186] INFO  UOBCMS.Classes.Logger - AccountController\GetAccountbyAccno		Account: 194419-001M is found
2025-06-18 18:11:04,039 [186] INFO  UOBCMS.Classes.Logger - AccountController\GetAccountbyAccno		Account: 194419-001M is found
2025-06-18 18:11:04,545 [188] INFO  UOBCMS.Classes.Logger - AccountController\GetAccountPhone		Account Phone of Account: 194419-001M is found
2025-06-18 18:11:04,574 [188] INFO  UOBCMS.Classes.Logger - AccountController\GetAccountPhone		Account Phone of Account: 194419-001M is found
2025-06-18 18:11:04,581 [186] INFO  UOBCMS.Classes.Logger - AccountController\GetAccountPhone		Account Phone of Account: 194419-001M is found
2025-06-18 18:11:04,588 [186] INFO  UOBCMS.Classes.Logger - AccountController\GetAccountPhone		Account Phone of Account: 194419-001M is found
2025-06-18 18:11:04,598 [187] INFO  UOBCMS.Classes.Logger - AccountController\GetAccountEmail		Client Email of Account: 194419-001M is found
2025-06-18 18:11:04,610 [186] INFO  UOBCMS.Classes.Logger - AccountController\GetAccountEmail		Client Email of Account: 194419-001M is found
2025-06-18 18:11:04,618 [189] INFO  UOBCMS.Classes.Logger - AccountController\GetAccountEmail		Client Email of Account: 194419-001M is found
2025-06-18 18:11:04,627 [187] INFO  UOBCMS.Classes.Logger - AccountController\GetAccountAddress		Account Address of Account: 194419-001M is found
2025-06-18 18:11:04,645 [186] INFO  UOBCMS.Classes.Logger - AccountController\GetAccountAddress		Account Address of Account: 194419-001M is found
2025-06-18 18:11:07,405 [187] INFO  UOBCMS.Classes.Logger - AccountController\GetAccountAddress		Account Address of Account: 194419-001M is found
2025-06-18 18:11:07,407 [187] INFO  UOBCMS.Classes.Logger - AccountController\GetIBOAccountCRS		Account Code: 194419-001M
2025-06-18 18:11:17,679 [187] INFO  UOBCMS.Classes.Logger - AccountController\GetAccountbyAccno		Account: 194419-001M is found
2025-06-18 18:11:17,685 [188] INFO  UOBCMS.Classes.Logger - AccountController\GetAccountbyAccno		Account: 194419-001M is found
2025-06-18 18:11:17,694 [188] INFO  UOBCMS.Classes.Logger - AccountController\GetAccountAddress		Account Address of Account: 194419-001M is found
2025-06-18 18:11:17,698 [188] INFO  UOBCMS.Classes.Logger - AccountController\GetAccountPhones		Account Phone of Account: 194419-001M is found
2025-06-18 18:11:17,817 [187] INFO  UOBCMS.Classes.Logger - AccountController\GetIBOAccountCRS		Account Code: 194419-001M
2025-06-18 18:11:17,833 [187] INFO  UOBCMS.Classes.Logger - AccountController\GetAccountAddress		Account Address of Account: 194419-001M is found
2025-06-18 18:14:58,194 [209] INFO  UOBCMS.Classes.Logger - AccountController\GetAccountbyAccno		Account: 194419-001M is found
2025-06-18 18:15:03,743 [211] INFO  UOBCMS.Classes.Logger - AccountController\GetAccountbyAccno		Account: 194419-001M is found
2025-06-18 18:15:04,586 [209] INFO  UOBCMS.Classes.Logger - AccountController\GetAccountPhone		Account Phone of Account: 194419-001M is found
2025-06-18 18:15:04,618 [210] INFO  UOBCMS.Classes.Logger - AccountController\GetAccountPhone		Account Phone of Account: 194419-001M is found
2025-06-18 18:15:04,631 [210] INFO  UOBCMS.Classes.Logger - AccountController\GetAccountPhone		Account Phone of Account: 194419-001M is found
2025-06-18 18:15:04,644 [211] INFO  UOBCMS.Classes.Logger - AccountController\GetAccountPhone		Account Phone of Account: 194419-001M is found
2025-06-18 18:15:04,663 [208] INFO  UOBCMS.Classes.Logger - AccountController\GetAccountEmail		Client Email of Account: 194419-001M is found
2025-06-18 18:15:04,683 [211] INFO  UOBCMS.Classes.Logger - AccountController\GetAccountEmail		Client Email of Account: 194419-001M is found
2025-06-18 18:15:04,696 [210] INFO  UOBCMS.Classes.Logger - AccountController\GetAccountEmail		Client Email of Account: 194419-001M is found
2025-06-18 18:15:04,710 [208] INFO  UOBCMS.Classes.Logger - AccountController\GetAccountAddress		Account Address of Account: 194419-001M is found
2025-06-18 18:15:04,727 [210] INFO  UOBCMS.Classes.Logger - AccountController\GetAccountAddress		Account Address of Account: 194419-001M is found
2025-06-18 18:15:07,497 [209] INFO  UOBCMS.Classes.Logger - AccountController\GetAccountAddress		Account Address of Account: 194419-001M is found
2025-06-18 18:15:07,499 [209] INFO  UOBCMS.Classes.Logger - AccountController\GetIBOAccountCRS		Account Code: 194419-001M
2025-06-18 18:15:17,116 [211] INFO  UOBCMS.Classes.Logger - AccountController\GetAccountbyAccno		Account: 194419-001M is found
2025-06-18 18:15:17,121 [211] INFO  UOBCMS.Classes.Logger - AccountController\GetAccountbyAccno		Account: 194419-001M is found
2025-06-18 18:15:17,134 [211] INFO  UOBCMS.Classes.Logger - AccountController\GetAccountAddress		Account Address of Account: 194419-001M is found
2025-06-18 18:15:17,140 [208] INFO  UOBCMS.Classes.Logger - AccountController\GetAccountPhones		Account Phone of Account: 194419-001M is found
2025-06-18 18:15:17,270 [210] INFO  UOBCMS.Classes.Logger - AccountController\GetIBOAccountCRS		Account Code: 194419-001M
2025-06-18 18:15:17,282 [210] INFO  UOBCMS.Classes.Logger - AccountController\GetAccountAddress		Account Address of Account: 194419-001M is found
2025-06-18 18:17:39,710 [215] INFO  UOBCMS.Classes.Logger - AccountController\GetIBOAccountCRS		Account Code: 194419-001M
2025-06-18 18:17:39,733 [215] INFO  UOBCMS.Classes.Logger - AccountController\GetAccountAddress		Account Address of Account: 194419-001M is found
2025-06-18 18:17:45,607 [215] INFO  UOBCMS.Classes.Logger - AccountController\GetAccountbyAccno		Account: 194419-001M is found
2025-06-18 18:17:45,611 [218] INFO  UOBCMS.Classes.Logger - AccountController\GetAccountbyAccno		Account: 194419-001M is found
2025-06-18 18:17:45,624 [215] INFO  UOBCMS.Classes.Logger - AccountController\GetAccountAddress		Account Address of Account: 194419-001M is found
2025-06-18 18:17:45,626 [215] INFO  UOBCMS.Classes.Logger - AccountController\GetAccountPhones		Account Phone of Account: 194419-001M is found
2025-06-18 18:17:45,721 [215] INFO  UOBCMS.Classes.Logger - AccountController\GetIBOAccountCRS		Account Code: 194419-001M
2025-06-18 18:17:45,746 [220] INFO  UOBCMS.Classes.Logger - AccountController\GetAccountAddress		Account Address of Account: 194419-001M is found
2025-06-18 18:18:30,525 [218] INFO  UOBCMS.Classes.Logger - AccountController\GetIBOAccountCRS		Account Code: 194419-001M
2025-06-18 18:18:30,543 [222] INFO  UOBCMS.Classes.Logger - AccountController\GetAccountAddress		Account Address of Account: 194419-001M is found
2025-06-18 18:18:34,835 [219] INFO  UOBCMS.Classes.Logger - AccountController\GetAccountbyAccno		Account: 194419-001M is found
2025-06-18 18:18:34,838 [220] INFO  UOBCMS.Classes.Logger - AccountController\GetAccountbyAccno		Account: 194419-001M is found
2025-06-18 18:18:34,846 [222] INFO  UOBCMS.Classes.Logger - AccountController\GetAccountAddress		Account Address of Account: 194419-001M is found
2025-06-18 18:18:34,849 [220] INFO  UOBCMS.Classes.Logger - AccountController\GetAccountPhones		Account Phone of Account: 194419-001M is found
2025-06-18 18:18:34,906 [219] INFO  UOBCMS.Classes.Logger - AccountController\GetIBOAccountCRS		Account Code: 194419-001M
2025-06-18 18:18:34,917 [219] INFO  UOBCMS.Classes.Logger - AccountController\GetAccountAddress		Account Address of Account: 194419-001M is found
2025-06-18 18:30:44,387 [255] INFO  UOBCMS.Classes.Logger - AccountController\GetAccountbyAccno		Account: 194419-001M is found
2025-06-18 18:30:47,977 [252] INFO  UOBCMS.Classes.Logger - AccountController\GetAccountbyAccno		Account: 194419-001M is found
2025-06-18 18:30:48,687 [252] INFO  UOBCMS.Classes.Logger - AccountController\GetAccountbyAccno		Account: 194419-001M is found
2025-06-18 18:30:49,117 [256] INFO  UOBCMS.Classes.Logger - AccountController\GetAccountPhone		Account Phone of Account: 194419-001M is found
2025-06-18 18:30:49,156 [257] INFO  UOBCMS.Classes.Logger - AccountController\GetAccountPhone		Account Phone of Account: 194419-001M is found
2025-06-18 18:30:49,177 [257] INFO  UOBCMS.Classes.Logger - AccountController\GetAccountPhone		Account Phone of Account: 194419-001M is found
2025-06-18 18:30:49,198 [256] INFO  UOBCMS.Classes.Logger - AccountController\GetAccountPhone		Account Phone of Account: 194419-001M is found
2025-06-18 18:30:49,213 [255] INFO  UOBCMS.Classes.Logger - AccountController\GetAccountEmail		Client Email of Account: 194419-001M is found
2025-06-18 18:30:49,231 [257] INFO  UOBCMS.Classes.Logger - AccountController\GetAccountEmail		Client Email of Account: 194419-001M is found
2025-06-18 18:30:49,247 [257] INFO  UOBCMS.Classes.Logger - AccountController\GetAccountEmail		Client Email of Account: 194419-001M is found
2025-06-18 18:30:49,263 [255] INFO  UOBCMS.Classes.Logger - AccountController\GetAccountAddress		Account Address of Account: 194419-001M is found
2025-06-18 18:30:49,280 [256] INFO  UOBCMS.Classes.Logger - AccountController\GetAccountAddress		Account Address of Account: 194419-001M is found
2025-06-18 18:31:12,311 [254] INFO  UOBCMS.Classes.Logger - AccountController\GetAccountAddress		Account Address of Account: 194419-001M is found
2025-06-18 18:31:12,313 [254] INFO  UOBCMS.Classes.Logger - AccountController\GetIBOAccountCRS		Account Code: 194419-001M
2025-06-18 18:31:24,427 [256] INFO  UOBCMS.Classes.Logger - AccountController\GetAccountbyAccno		Account: 194419-001M is found
2025-06-18 18:31:24,433 [251] INFO  UOBCMS.Classes.Logger - AccountController\GetAccountbyAccno		Account: 194419-001M is found
2025-06-18 18:31:24,446 [254] INFO  UOBCMS.Classes.Logger - AccountController\GetAccountAddress		Account Address of Account: 194419-001M is found
2025-06-18 18:34:46,005 [243] INFO  UOBCMS.Classes.Logger - AccountController\GetAccountbyAccno		Account: 194419-001M is found
2025-06-18 18:34:49,916 [243] INFO  UOBCMS.Classes.Logger - AccountController\GetAccountbyAccno		Account: 194419-001M is found
2025-06-18 18:34:50,846 [243] INFO  UOBCMS.Classes.Logger - AccountController\GetAccountPhone		Account Phone of Account: 194419-001M is found
2025-06-18 18:34:50,875 [243] INFO  UOBCMS.Classes.Logger - AccountController\GetAccountPhone		Account Phone of Account: 194419-001M is found
2025-06-18 18:34:50,882 [240] INFO  UOBCMS.Classes.Logger - AccountController\GetAccountPhone		Account Phone of Account: 194419-001M is found
2025-06-18 18:34:50,889 [241] INFO  UOBCMS.Classes.Logger - AccountController\GetAccountPhone		Account Phone of Account: 194419-001M is found
2025-06-18 18:34:50,899 [243] INFO  UOBCMS.Classes.Logger - AccountController\GetAccountEmail		Client Email of Account: 194419-001M is found
2025-06-18 18:34:50,919 [243] INFO  UOBCMS.Classes.Logger - AccountController\GetAccountEmail		Client Email of Account: 194419-001M is found
2025-06-18 18:34:50,929 [244] INFO  UOBCMS.Classes.Logger - AccountController\GetAccountEmail		Client Email of Account: 194419-001M is found
2025-06-18 18:34:50,941 [243] INFO  UOBCMS.Classes.Logger - AccountController\GetAccountAddress		Account Address of Account: 194419-001M is found
2025-06-18 18:34:50,953 [244] INFO  UOBCMS.Classes.Logger - AccountController\GetAccountAddress		Account Address of Account: 194419-001M is found
2025-06-18 18:34:55,722 [243] INFO  UOBCMS.Classes.Logger - AccountController\GetAccountAddress		Account Address of Account: 194419-001M is found
2025-06-18 18:34:55,724 [243] INFO  UOBCMS.Classes.Logger - AccountController\GetIBOAccountCRS		Account Code: 194419-001M
2025-06-18 18:35:08,944 [241] INFO  UOBCMS.Classes.Logger - AccountController\GetAccountbyAccno		Account: 194419-001M is found
2025-06-18 18:35:08,950 [244] INFO  UOBCMS.Classes.Logger - AccountController\GetAccountbyAccno		Account: 194419-001M is found
2025-06-18 18:35:08,963 [241] INFO  UOBCMS.Classes.Logger - AccountController\GetAccountAddress		Account Address of Account: 194419-001M is found
2025-06-18 18:55:03,704 [150] INFO  UOBCMS.Classes.Logger - AccountController\GetAccountbyAccno		Account: 194419-001M is found
2025-06-18 18:55:08,688 [37] INFO  UOBCMS.Classes.Logger - AccountController\GetAccountbyAccno		Account: 194419-001M is found
2025-06-18 18:55:09,572 [150] INFO  UOBCMS.Classes.Logger - AccountController\GetAccountPhone		Account Phone of Account: 194419-001M is found
2025-06-18 18:55:09,597 [37] INFO  UOBCMS.Classes.Logger - AccountController\GetAccountPhone		Account Phone of Account: 194419-001M is found
2025-06-18 18:55:09,605 [145] INFO  UOBCMS.Classes.Logger - AccountController\GetAccountPhone		Account Phone of Account: 194419-001M is found
2025-06-18 18:55:09,612 [37] INFO  UOBCMS.Classes.Logger - AccountController\GetAccountPhone		Account Phone of Account: 194419-001M is found
2025-06-18 18:55:09,622 [145] INFO  UOBCMS.Classes.Logger - AccountController\GetAccountEmail		Client Email of Account: 194419-001M is found
2025-06-18 18:55:09,635 [147] INFO  UOBCMS.Classes.Logger - AccountController\GetAccountEmail		Client Email of Account: 194419-001M is found
2025-06-18 18:55:09,643 [150] INFO  UOBCMS.Classes.Logger - AccountController\GetAccountEmail		Client Email of Account: 194419-001M is found
2025-06-18 18:55:09,652 [145] INFO  UOBCMS.Classes.Logger - AccountController\GetAccountAddress		Account Address of Account: 194419-001M is found
2025-06-18 18:55:09,676 [150] INFO  UOBCMS.Classes.Logger - AccountController\GetAccountAddress		Account Address of Account: 194419-001M is found
2025-06-18 18:55:12,915 [145] INFO  UOBCMS.Classes.Logger - AccountController\GetAccountAddress		Account Address of Account: 194419-001M is found
2025-06-18 18:55:12,917 [145] INFO  UOBCMS.Classes.Logger - AccountController\GetIBOAccountCRS		Account Code: 194419-001M
2025-06-18 18:55:21,131 [37] INFO  UOBCMS.Classes.Logger - AccountController\GetAccountbyAccno		Account: 194419-001M is found
2025-06-18 18:55:21,136 [145] INFO  UOBCMS.Classes.Logger - AccountController\GetAccountbyAccno		Account: 194419-001M is found
2025-06-18 18:55:21,146 [150] INFO  UOBCMS.Classes.Logger - AccountController\GetAccountAddress		Account Address of Account: 194419-001M is found
2025-06-18 18:55:21,150 [150] INFO  UOBCMS.Classes.Logger - AccountController\GetAccountPhones		Account Phone of Account: 194419-001M is found
2025-06-18 18:55:21,216 [37] INFO  UOBCMS.Classes.Logger - AccountController\GetIBOAccountCRS		Account Code: 194419-001M
2025-06-18 18:55:21,231 [150] INFO  UOBCMS.Classes.Logger - AccountController\GetAccountAddress		Account Address of Account: 194419-001M is found
2025-06-18 18:55:24,564 [150] INFO  UOBCMS.Classes.Logger - AccountController\GetAccountbyAccno		Account: 194419-001M is found
2025-06-18 18:55:24,568 [150] INFO  UOBCMS.Classes.Logger - AccountController\GetAccountbyAccno		Account: 194419-001M is found
2025-06-18 18:55:24,579 [150] INFO  UOBCMS.Classes.Logger - AccountController\GetAccountAddress		Account Address of Account: 194419-001M is found
2025-06-18 18:55:24,582 [37] INFO  UOBCMS.Classes.Logger - AccountController\GetAccountPhones		Account Phone of Account: 194419-001M is found
2025-06-18 18:55:24,587 [37] INFO  UOBCMS.Classes.Logger - AEController\GetAEbyAccno		AE of: 194419-001M is found
2025-06-18 18:55:25,786 [37] INFO  UOBCMS.Classes.Logger - AccountController\GetAccountEmail		Client Email of Account: 194419-001M is found
2025-06-18 18:55:35,418 [135] INFO  UOBCMS.Classes.Logger - AccountController\GetAccountAddress		Account Address of Account: 194419-001M is found
2025-06-18 18:55:35,419 [145] INFO  UOBCMS.Classes.Logger - AccountController\GetIBOAccountCRS		Account Code: 194419-001M
2025-06-18 18:55:45,321 [135] INFO  UOBCMS.Classes.Logger - AccountController\GetAccountAddress		Account Address of Account: 194419-001M is found
2025-06-18 18:55:45,322 [147] INFO  UOBCMS.Classes.Logger - AccountController\GetIBOAccountCRS		Account Code: 194419-001M
2025-06-18 18:55:56,029 [135] INFO  UOBCMS.Classes.Logger - AccountController\GetAccountAddress		Account Address of Account: 194419-001M is found
2025-06-18 18:55:56,030 [135] INFO  UOBCMS.Classes.Logger - AccountController\GetIBOAccountCRS		Account Code: 194419-001M
2025-06-18 18:56:03,187 [145] INFO  UOBCMS.Classes.Logger - AccountController\GetAccountAddress		Account Address of Account: 194419-001M is found
2025-06-18 18:56:03,188 [145] INFO  UOBCMS.Classes.Logger - AccountController\GetIBOAccountCRS		Account Code: 194419-001M
