2025-05-19 11:44:59,301 [28] INFO  UOBCMS.Classes.Logger - AccountController\Details		Details of Account: 8703 is found
2025-05-19 11:54:22,619 [19] INFO  UOBCMS.Classes.Logger - AccountController\Details		Details of Account: 8703 is found
2025-05-19 11:57:34,895 [14] INFO  UOBCMS.Classes.Logger - AccountController\Details		Details of Account: 8703 is found
2025-05-19 11:57:35,908 [14] INFO  UOBCMS.Classes.Logger - AccountController\GetAccountControllingPersons		Controlling Person of Account: 8703 is found
2025-05-19 11:57:42,764 [14] INFO  UOBCMS.Classes.Logger - AccountController\GetAccountSocialMedias		Socal Media of Account: 8703 is found
2025-05-19 11:57:46,781 [14] INFO  UOBCMS.Classes.Logger - AccountController\GetAccountControllingPersons		Controlling Person of Account: 8703 is found
2025-05-19 12:00:35,394 [3] INFO  UOBCMS.Classes.Logger - AccountController\GetAccountControllingPersons		Controlling Person of Account: 8703 is found
2025-05-19 12:01:11,130 [5] INFO  UOBCMS.Classes.Logger - AccountController\GetAccountControllingPersons		Controlling Person of Account: 8703 is found
2025-05-19 12:01:47,035 [21] INFO  UOBCMS.Classes.Logger - AccountController\GetAccountControllingPersons		Controlling Person of Account: 8703 is found
2025-05-19 12:06:04,410 [13] INFO  UOBCMS.Classes.Logger - AccountController\GetAccountControllingPersons		Controlling Person of Account: 8703 is found
2025-05-19 12:06:49,146 [4] INFO  UOBCMS.Classes.Logger - AccountController\GetAccountControllingPersons		Controlling Person of Account: 8703 is found
2025-05-19 12:06:50,615 [7] INFO  UOBCMS.Classes.Logger - AccountController\GetAccountControllingPersons		Controlling Person of Account: 8703 is found
2025-05-19 12:09:12,194 [14] INFO  UOBCMS.Classes.Logger - AccountController\GetAccountControllingPersons		Controlling Person of Account: 8703 is found
2025-05-19 12:45:25,236 [117] INFO  UOBCMS.Classes.Logger - AccountController\GetAccountControllingPersons		Controlling Person of Account: 8703 is found
2025-05-19 12:47:08,727 [13] INFO  UOBCMS.Classes.Logger - AccountController\GetAccountControllingPersons		Controlling Person of Account: 8703 is found
2025-05-19 12:47:48,775 [13] INFO  UOBCMS.Classes.Logger - AccountController\GetAccountbyAccno		Account: 194419-001M is found
2025-05-19 12:48:08,557 [16] INFO  UOBCMS.Classes.Logger - AccountController\Details		Details of Account: 8703 is found
2025-05-19 12:48:09,919 [22] INFO  UOBCMS.Classes.Logger - AccountController\GetAccountControllingPersons		Controlling Person of Account: 8703 is found
2025-05-19 12:49:55,844 [7] INFO  UOBCMS.Classes.Logger - AccountController\GetAccountControllingPersons		Controlling Person of Account: 8703 is found
2025-05-19 12:50:11,525 [4] INFO  UOBCMS.Classes.Logger - AccountController\Details		Details of Account: 8703 is found
2025-05-19 12:50:12,551 [14] INFO  UOBCMS.Classes.Logger - AccountController\GetAccountControllingPersons		Controlling Person of Account: 8703 is found
2025-05-19 12:50:48,979 [6] INFO  UOBCMS.Classes.Logger - AccountController\Details		Details of Account: 8703 is found
2025-05-19 12:50:50,155 [13] INFO  UOBCMS.Classes.Logger - AccountController\GetAccountControllingPersons		Controlling Person of Account: 8703 is found
2025-05-19 12:51:10,501 [13] INFO  UOBCMS.Classes.Logger - AccountController\Details		Details of Account: 8703 is found
2025-05-19 12:51:11,534 [7] INFO  UOBCMS.Classes.Logger - AccountController\GetAccountControllingPersons		Controlling Person of Account: 8703 is found
2025-05-19 12:51:29,908 [10] INFO  UOBCMS.Classes.Logger - AccountController\Details		Details of Account: 8703 is found
2025-05-19 12:51:31,057 [6] INFO  UOBCMS.Classes.Logger - AccountController\GetAccountControllingPersons		Controlling Person of Account: 8703 is found
2025-05-19 12:54:03,917 [6] INFO  UOBCMS.Classes.Logger - AccountController\Details		Details of Account: 8703 is found
2025-05-19 12:54:04,845 [6] INFO  UOBCMS.Classes.Logger - AccountController\GetAccountControllingPersons		Controlling Person of Account: 8703 is found
2025-05-19 12:58:08,476 [14] INFO  UOBCMS.Classes.Logger - AccountController\Details		Details of Account: 8703 is found
2025-05-19 12:58:09,768 [4] INFO  UOBCMS.Classes.Logger - AccountController\GetAccountControllingPersons		Controlling Person of Account: 8703 is found
2025-05-19 13:00:23,165 [6] INFO  UOBCMS.Classes.Logger - AccountController\Details		Details of Account: 8703 is found
2025-05-19 13:00:24,366 [15] INFO  UOBCMS.Classes.Logger - AccountController\GetAccountControllingPersons		Controlling Person of Account: 8703 is found
2025-05-19 13:00:39,613 [4] INFO  UOBCMS.Classes.Logger - AccountController\Details		Details of Account: 8703 is found
2025-05-19 13:00:40,612 [4] INFO  UOBCMS.Classes.Logger - AccountController\GetAccountControllingPersons		Controlling Person of Account: 8703 is found
2025-05-19 13:00:59,218 [7] INFO  UOBCMS.Classes.Logger - AccountController\Details		Details of Account: 8703 is found
2025-05-19 13:01:00,774 [10] INFO  UOBCMS.Classes.Logger - AccountController\GetAccountControllingPersons		Controlling Person of Account: 8703 is found
2025-05-19 13:02:53,443 [21] INFO  UOBCMS.Classes.Logger - AccountController\Details		Details of Account: 8703 is found
2025-05-19 13:02:54,930 [23] INFO  UOBCMS.Classes.Logger - AccountController\GetAccountControllingPersons		Controlling Person of Account: 8703 is found
2025-05-19 13:24:00,524 [48] INFO  UOBCMS.Classes.Logger - AccountController\Details		Details of Account: 8703 is found
2025-05-19 13:24:02,024 [46] INFO  UOBCMS.Classes.Logger - AccountController\GetAccountControllingPersons		Controlling Person of Account: 8703 is found
2025-05-19 13:24:03,948 [48] INFO  UOBCMS.Classes.Logger - AccountController\GetAccountSocialMedias		Socal Media of Account: 8703 is found
2025-05-19 13:24:04,431 [46] INFO  UOBCMS.Classes.Logger - AccountController\GetAccountMarkets		Market of Account: 8703 is found
2025-05-19 13:24:05,932 [46] INFO  UOBCMS.Classes.Logger - AccountController\GetAccountLimits		Limit of Account: 8703 is found
2025-05-19 13:24:07,075 [48] INFO  UOBCMS.Classes.Logger - AccountController\GetAccountHKIDRs		HKIDR of Account: 8703 is found
2025-05-19 13:24:08,364 [46] INFO  UOBCMS.Classes.Logger - AccountController\GetAccountAddresses		Account Address of Account: 8703 is found
2025-05-19 13:24:08,878 [46] INFO  UOBCMS.Classes.Logger - AccountController\GetAccountEmails		Account Email of Account: 8703 is found
2025-05-19 13:24:09,198 [46] INFO  UOBCMS.Classes.Logger - AccountController\GetAccountPhones		Phone of Account: 8703 is found
2025-05-19 13:24:09,599 [48] INFO  UOBCMS.Classes.Logger - AccountController\GetAccountBanks		Account Banks Info of Account: 8703 is found
2025-05-19 13:24:11,537 [46] INFO  UOBCMS.Classes.Logger - AccountController\GetAccountBanks		Account Banks Info of Account: 8703 is found
2025-05-19 13:24:12,467 [48] INFO  UOBCMS.Classes.Logger - AccountController\GetAccountAddInfos		Account Additional Info of Account: 8703 is found
2025-05-19 13:24:13,679 [46] INFO  UOBCMS.Classes.Logger - AccountController\GetAccountDocs		Account Document of Account: 8703 is found
2025-05-19 13:26:00,155 [39] INFO  UOBCMS.Classes.Logger - AccountController\Details		Details of Account: 8703 is found
2025-05-19 14:21:15,394 [6] INFO  UOBCMS.Classes.Logger - AccountController\Details		Details of Account: 8703 is found
2025-05-19 14:21:19,291 [18] INFO  UOBCMS.Classes.Logger - AccountController\GetAccountAuthParties		Authroized Parties of Account: 8703 is found
2025-05-19 14:23:00,926 [25] INFO  UOBCMS.Classes.Logger - AccountController\GetAccountControllingPersons		Controlling Persons of Account: 8703 is found
2025-05-19 14:23:06,183 [20] INFO  UOBCMS.Classes.Logger - AccountController\Details		Details of Account: 8703 is found
2025-05-19 14:23:08,464 [20] INFO  UOBCMS.Classes.Logger - AccountController\GetAccountAuthParties		Authroized Parties of Account: 8703 is found
2025-05-19 14:23:26,861 [20] INFO  UOBCMS.Classes.Logger - AccountController\GetAccountLimits		Limit of Account: 8703 is found
2025-05-19 14:23:27,841 [24] INFO  UOBCMS.Classes.Logger - AccountController\GetAccountMarkets		Market of Account: 8703 is found
2025-05-19 14:23:28,236 [25] INFO  UOBCMS.Classes.Logger - AccountController\GetAccountSocialMedias		Socal Media of Account: 8703 is found
2025-05-19 14:23:30,161 [20] INFO  UOBCMS.Classes.Logger - AccountController\GetAccountControllingPersons		Controlling Persons of Account: 8703 is found
2025-05-19 14:40:42,930 [7] INFO  UOBCMS.Classes.Logger - AccountController\Details		Details of Account: 8703 is found
2025-05-19 14:40:44,534 [13] INFO  UOBCMS.Classes.Logger - AccountController\GetAccountAuthParties		Authroized Parties of Account: 8703 is found
2025-05-19 14:40:46,502 [4] INFO  UOBCMS.Classes.Logger - AccountController\Details		Details of Account: 8703 is found
2025-05-19 15:03:07,621 [14] INFO  UOBCMS.Classes.Logger - AccountController\Details		Details of Account: 8703 is found
2025-05-19 15:03:09,617 [6] INFO  UOBCMS.Classes.Logger - AccountController\GetAccountAuthParties		Authroized Parties of Account: 8703 is found
2025-05-19 15:03:11,228 [6] INFO  UOBCMS.Classes.Logger - AccountController\Details		Details of Account: 8703 is found
2025-05-19 15:03:14,424 [6] INFO  UOBCMS.Classes.Logger - AccountController\GetAccountAuthParties		Authroized Parties of Account: 8703 is found
2025-05-19 15:04:13,576 [6] INFO  UOBCMS.Classes.Logger - AccountController\Details		Details of Account: 8703 is found
2025-05-19 15:04:21,715 [14] INFO  UOBCMS.Classes.Logger - AccountController\Details		Details of Account: 8703 is found
2025-05-19 15:04:23,904 [23] INFO  UOBCMS.Classes.Logger - AccountController\GetAccountAuthParties		Authroized Parties of Account: 8703 is found
2025-05-19 15:04:59,126 [6] INFO  UOBCMS.Classes.Logger - AccountController\Details		Details of Account: 8703 is found
2025-05-19 15:05:00,664 [6] INFO  UOBCMS.Classes.Logger - AccountController\GetAccountAuthParties		Authroized Parties of Account: 8703 is found
2025-05-19 16:10:51,450 [6] INFO  UOBCMS.Classes.Logger - AccountController\Details		Details of Account: 8703 is found
2025-05-19 16:13:25,255 [6] INFO  UOBCMS.Classes.Logger - AccountController\GetAccountAuthParties		Authroized Parties of Account: 8703 is found
2025-05-19 16:13:30,182 [13] INFO  UOBCMS.Classes.Logger - AccountController\Details		Details of Account: 8703 is found
2025-05-19 16:13:32,197 [19] INFO  UOBCMS.Classes.Logger - AccountController\GetAccountAuthParties		Authroized Parties of Account: 8703 is found
2025-05-19 16:14:00,671 [7] INFO  UOBCMS.Classes.Logger - AccountController\Details		Details of Account: 8703 is found
2025-05-19 16:15:00,490 [14] INFO  UOBCMS.Classes.Logger - AccountController\Details		Details of Account: 8703 is found
2025-05-19 16:15:05,107 [14] INFO  UOBCMS.Classes.Logger - AccountController\GetAccountCompanyStructure		Company Structure of Account: 8703 is found
2025-05-19 16:21:38,562 [4] INFO  UOBCMS.Classes.Logger - AccountController\Details		Details of Account: 8703 is found
2025-05-19 16:22:31,516 [7] INFO  UOBCMS.Classes.Logger - AccountController\Details		Details of Account: 8703 is found
2025-05-19 16:22:55,301 [13] INFO  UOBCMS.Classes.Logger - AccountController\Details		Details of Account: 8703 is found
2025-05-19 16:22:56,817 [6] INFO  UOBCMS.Classes.Logger - AccountController\GetAccountAuthParties		Authroized Parties of Account: 8703 is found
2025-05-19 16:23:01,497 [14] INFO  UOBCMS.Classes.Logger - AccountController\GetAccountCompanyStructure		Company Structure of Account: 8703 is found
2025-05-19 16:24:12,290 [10] INFO  UOBCMS.Classes.Logger - AccountController\Details		Details of Account: 8703 is found
2025-05-19 16:24:14,692 [4] INFO  UOBCMS.Classes.Logger - AccountController\GetAccountCompanyStructure		Company Structure of Account: 8703 is found
2025-05-19 16:25:48,270 [19] INFO  UOBCMS.Classes.Logger - AccountController\Details		Details of Account: 8703 is found
2025-05-19 16:25:49,436 [4] INFO  UOBCMS.Classes.Logger - AccountController\GetAccountCompanyStructure		Company Structure of Account: 8703 is found
2025-05-19 16:26:42,883 [7] INFO  UOBCMS.Classes.Logger - AccountController\Details		Details of Account: 8703 is found
2025-05-19 16:26:44,031 [13] INFO  UOBCMS.Classes.Logger - AccountController\GetAccountCompanyStructure		Company Structure of Account: 8703 is found
2025-05-19 16:28:43,419 [4] INFO  UOBCMS.Classes.Logger - AccountController\Details		Details of Account: 8703 is found
2025-05-19 16:28:43,559 [4] INFO  UOBCMS.Classes.Logger - AccountController\Details		Details of Account: 8703 is found
2025-05-19 16:30:59,001 [7] INFO  UOBCMS.Classes.Logger - AccountController\Details		Details of Account: 8703 is found
2025-05-19 16:31:54,162 [11] INFO  UOBCMS.Classes.Logger - AccountController\Details		Details of Account: 8703 is found
2025-05-19 16:32:08,411 [11] INFO  UOBCMS.Classes.Logger - AccountController\GetAccountAuthParties		Authroized Parties of Account: 8703 is found
2025-05-19 16:33:23,184 [14] INFO  UOBCMS.Classes.Logger - AccountController\Details		Details of Account: 8703 is found
2025-05-19 16:33:24,475 [6] INFO  UOBCMS.Classes.Logger - AccountController\GetAccountCompanyStructure		Company Structure of Account: 8703 is found
2025-05-19 16:35:50,355 [6] INFO  UOBCMS.Classes.Logger - AccountController\Details		Details of Account: 8703 is found
2025-05-19 16:35:51,446 [10] INFO  UOBCMS.Classes.Logger - AccountController\GetAccountCompanyStructure		Company Structure of Account: 8703 is found
2025-05-19 16:36:59,146 [14] INFO  UOBCMS.Classes.Logger - AccountController\Details		Details of Account: 8703 is found
2025-05-19 16:37:00,773 [4] INFO  UOBCMS.Classes.Logger - AccountController\GetAccountCompanyStructure		Company Structure of Account: 8703 is found
2025-05-19 16:46:31,484 [10] INFO  UOBCMS.Classes.Logger - AccountController\Details		Details of Account: 8703 is found
2025-05-19 16:46:32,571 [3] INFO  UOBCMS.Classes.Logger - AccountController\GetAccountCompanyStructure		Company Structure of Account: 8703 is found
2025-05-19 16:46:51,427 [7] INFO  UOBCMS.Classes.Logger - AccountController\Details		Details of Account: 8703 is found
2025-05-19 16:46:52,675 [7] INFO  UOBCMS.Classes.Logger - AccountController\GetAccountCompanyStructure		Company Structure of Account: 8703 is found
2025-05-19 16:49:06,071 [13] INFO  UOBCMS.Classes.Logger - AccountController\Details		Details of Account: 8703 is found
2025-05-19 16:49:07,142 [6] INFO  UOBCMS.Classes.Logger - AccountController\GetAccountCompanyStructure		Company Structure of Account: 8703 is found
2025-05-19 17:57:21,014 [65] INFO  UOBCMS.Classes.Logger - AccountController\Details		Details of Account: 8703 is found
2025-05-19 17:57:22,386 [68] INFO  UOBCMS.Classes.Logger - AccountController\GetAccountCompanyStructure		Company Structure of Account: 8703 is found
2025-05-19 18:04:35,114 [92] INFO  UOBCMS.Classes.Logger - AccountController\GetAccountBanks		Account Banks Info of Account: 8703 is found
2025-05-19 18:04:35,538 [90] INFO  UOBCMS.Classes.Logger - AccountController\GetAccountBanks		Account Banks Info of Account: 8703 is found
2025-05-19 18:04:36,078 [92] INFO  UOBCMS.Classes.Logger - AccountController\GetAccountPhones		Phone of Account: 8703 is found
2025-05-19 18:04:36,953 [92] INFO  UOBCMS.Classes.Logger - AccountController\GetAccountAddresses		Account Address of Account: 8703 is found
2025-05-19 18:04:38,128 [88] INFO  UOBCMS.Classes.Logger - AccountController\GetAccountHKIDRs		HKIDR of Account: 8703 is found
2025-05-19 18:04:39,703 [88] INFO  UOBCMS.Classes.Logger - AccountController\GetAccountMarkets		Market of Account: 8703 is found
2025-05-19 18:40:41,204 [13] INFO  UOBCMS.Classes.Logger - AccountController\Details		Details of Account: 8703 is found
2025-05-19 18:40:43,006 [4] INFO  UOBCMS.Classes.Logger - AccountController\GetAccountCompanyStructure		Company Structure of Account: 8703 is found
2025-05-19 18:41:10,517 [15] INFO  UOBCMS.Classes.Logger - AccountController\Details		Details of Account: 8703 is found
2025-05-19 18:41:33,786 [11] INFO  UOBCMS.Classes.Logger - AccountController\GetAccountCompanyStructure		Company Structure of Account: 8703 is found
2025-05-19 18:42:02,985 [10] INFO  UOBCMS.Classes.Logger - AccountController\Details		Details of Account: 8703 is found
2025-05-19 18:42:04,139 [10] INFO  UOBCMS.Classes.Logger - AccountController\GetAccountCompanyStructure		Company Structure of Account: 8703 is found
2025-05-19 18:42:49,907 [4] INFO  UOBCMS.Classes.Logger - AccountController\Details		Details of Account: 8703 is found
2025-05-19 18:42:51,095 [10] INFO  UOBCMS.Classes.Logger - AccountController\GetAccountCompanyStructure		Company Structure of Account: 8703 is found
2025-05-19 18:43:45,407 [10] INFO  UOBCMS.Classes.Logger - AccountController\Details		Details of Account: 8703 is found
2025-05-19 18:43:46,809 [13] INFO  UOBCMS.Classes.Logger - AccountController\GetAccountCompanyStructure		Company Structure of Account: 8703 is found
2025-05-19 19:01:03,139 [6] INFO  UOBCMS.Classes.Logger - AccountController\Details		Details of Account: 8703 is found
2025-05-19 19:01:04,785 [10] INFO  UOBCMS.Classes.Logger - AccountController\GetAccountCompanyStructure		Company Structure of Account: 8703 is found
2025-05-19 19:01:58,155 [4] INFO  UOBCMS.Classes.Logger - AccountController\Details		Details of Account: 8703 is found
2025-05-19 19:01:59,348 [4] INFO  UOBCMS.Classes.Logger - AccountController\GetAccountCompanyStructure		Company Structure of Account: 8703 is found
