2025-06-23 09:51:52,853 [24] INFO  UOBCMS.Classes.Logger - AccountController\GetAccountbyAccno		Account: 194419-001M is found
2025-06-23 09:57:51,554 [41] INFO  UOBCMS.Classes.Logger - AccountController\GetAccountbyAccno		Account: 194419-001M is found
2025-06-23 09:57:55,619 [41] INFO  UOBCMS.Classes.Logger - AccountController\GetAccountbyAccno		Account: 194419-001M is found
2025-06-23 09:57:56,466 [47] INFO  UOBCMS.Classes.Logger - AccountController\GetAccountPhone		Account Phone of Account: 194419-001M is found
2025-06-23 09:57:56,508 [47] INFO  UOBCMS.Classes.Logger - AccountController\GetAccountPhone		Account Phone of Account: 194419-001M is found
2025-06-23 09:57:56,523 [47] INFO  UOBCMS.Classes.Logger - AccountController\GetAccountPhone		Account Phone of Account: 194419-001M is found
2025-06-23 09:57:56,533 [44] INFO  UOBCMS.Classes.Logger - AccountController\GetAccountPhone		Account Phone of Account: 194419-001M is found
2025-06-23 09:57:56,570 [44] INFO  UOBCMS.Classes.Logger - AccountController\GetAccountEmail		Client Email of Account: 194419-001M is found
2025-06-23 09:57:56,582 [47] INFO  UOBCMS.Classes.Logger - AccountController\GetAccountEmail		Client Email of Account: 194419-001M is found
2025-06-23 09:57:56,590 [47] INFO  UOBCMS.Classes.Logger - AccountController\GetAccountEmail		Client Email of Account: 194419-001M is found
2025-06-23 09:57:56,624 [41] INFO  UOBCMS.Classes.Logger - AccountController\GetAccountAddress		Account Address of Account: 194419-001M is found
2025-06-23 09:57:56,639 [41] INFO  UOBCMS.Classes.Logger - AccountController\GetAccountAddress		Account Address of Account: 194419-001M is found
2025-06-23 09:58:01,197 [44] INFO  UOBCMS.Classes.Logger - AccountController\GetAccountAddress		Account Address of Account: 194419-001M is found
2025-06-23 09:58:01,202 [41] INFO  UOBCMS.Classes.Logger - AccountController\GetIBOAccountCRS		Account Code: 194419-001M
2025-06-23 09:58:15,421 [47] INFO  UOBCMS.Classes.Logger - AccountController\GetAccountbyAccno		Account: 194419-001M is found
2025-06-23 09:58:15,428 [44] INFO  UOBCMS.Classes.Logger - AccountController\GetAccountbyAccno		Account: 194419-001M is found
2025-06-23 09:58:15,443 [47] INFO  UOBCMS.Classes.Logger - AccountController\GetAccountAddress		Account Address of Account: 194419-001M is found
2025-06-23 09:58:15,484 [47] INFO  UOBCMS.Classes.Logger - AccountController\GetAccountPhones		Account Phone of Account: 194419-001M is found
2025-06-23 09:58:15,607 [41] INFO  UOBCMS.Classes.Logger - AccountController\GetIBOAccountCRS		Account Code: 194419-001M
2025-06-23 09:58:15,635 [41] INFO  UOBCMS.Classes.Logger - AccountController\GetAccountAddress		Account Address of Account: 194419-001M is found
2025-06-23 09:58:19,438 [44] INFO  UOBCMS.Classes.Logger - AccountController\GetAccountbyAccno		Account: 194419-001M is found
2025-06-23 09:58:19,443 [47] INFO  UOBCMS.Classes.Logger - AccountController\GetAccountbyAccno		Account: 194419-001M is found
2025-06-23 09:58:19,457 [41] INFO  UOBCMS.Classes.Logger - AccountController\GetAccountAddress		Account Address of Account: 194419-001M is found
2025-06-23 09:58:19,462 [41] INFO  UOBCMS.Classes.Logger - AccountController\GetAccountPhones		Account Phone of Account: 194419-001M is found
2025-06-23 09:58:19,484 [41] INFO  UOBCMS.Classes.Logger - AEController\GetAEbyAccno		AE of: 194419-001M is found
2025-06-23 09:58:20,712 [41] INFO  UOBCMS.Classes.Logger - AccountController\GetAccountEmail		Client Email of Account: 194419-001M is found
2025-06-23 09:58:33,682 [47] INFO  UOBCMS.Classes.Logger - AccountController\GetAccountAddress		Account Address of Account: 194419-001M is found
2025-06-23 09:58:33,683 [41] INFO  UOBCMS.Classes.Logger - AccountController\GetIBOAccountCRS		Account Code: 194419-001M
2025-06-23 09:59:09,832 [44] INFO  UOBCMS.Classes.Logger - AccountController\GetAccountAddress		Account Address of Account: 194419-001M is found
2025-06-23 09:59:09,833 [44] INFO  UOBCMS.Classes.Logger - AccountController\GetIBOAccountCRS		Account Code: 194419-001M
2025-06-23 09:59:27,591 [44] INFO  UOBCMS.Classes.Logger - AccountController\GetIBOUserContact		Account Code: 194419-001M
2025-06-23 09:59:38,747 [47] INFO  UOBCMS.Classes.Logger - AccountController\GetAccountAddress		Account Address of Account: 194419-001M is found
2025-06-23 09:59:38,748 [44] INFO  UOBCMS.Classes.Logger - AccountController\GetIBOAccountCRS		Account Code: 194419-001M
2025-06-23 09:59:44,655 [43] INFO  UOBCMS.Classes.Logger - AccountController\GetAccountAddress		Account Address of Account: 194419-001M is found
2025-06-23 09:59:44,656 [44] INFO  UOBCMS.Classes.Logger - AccountController\GetIBOAccountCRS		Account Code: 194419-001M
2025-06-23 10:00:21,170 [49] INFO  UOBCMS.Classes.Logger - AccountController\GetAccountAddress		Account Address of Account: 194419-001M is found
2025-06-23 10:00:21,172 [49] INFO  UOBCMS.Classes.Logger - AccountController\GetIBOAccountCRS		Account Code: 194419-001M
2025-06-23 10:01:06,173 [53] INFO  UOBCMS.Classes.Logger - AccountController\GetAccountAddress		Account Address of Account: 194419-001M is found
2025-06-23 10:01:06,174 [53] INFO  UOBCMS.Classes.Logger - AccountController\GetIBOAccountCRS		Account Code: 194419-001M
2025-06-23 10:03:43,735 [66] INFO  UOBCMS.Classes.Logger - AccountController\GetAccountAddress		Account Address of Account: 194419-001M is found
2025-06-23 10:03:43,748 [69] INFO  UOBCMS.Classes.Logger - AccountController\GetIBOAccountCRS		Account Code: 194419-001M
2025-06-23 10:05:40,595 [70] INFO  UOBCMS.Classes.Logger - AccountController\GetAccountAddress		Account Address of Account: 194419-001M is found
2025-06-23 10:05:40,605 [70] INFO  UOBCMS.Classes.Logger - AccountController\GetIBOAccountCRS		Account Code: 194419-001M
2025-06-23 10:05:52,787 [71] INFO  UOBCMS.Classes.Logger - AccountController\GetAccountAddress		Account Address of Account: 194419-001M is found
2025-06-23 10:05:52,788 [71] INFO  UOBCMS.Classes.Logger - AccountController\GetIBOAccountCRS		Account Code: 194419-001M
2025-06-23 10:06:04,137 [70] INFO  UOBCMS.Classes.Logger - AccountController\GetAccountEmail		Client Email of Account: 194419-001M is found
2025-06-23 10:13:15,231 [106] INFO  UOBCMS.Classes.Logger - AccountController\GetAccountAddress		Account Address of Account: 194419-001M is found
2025-06-23 10:13:15,235 [106] INFO  UOBCMS.Classes.Logger - AccountController\GetIBOAccountCRS		Account Code: 194419-001M
2025-06-23 10:30:17,552 [52] INFO  UOBCMS.Classes.Logger - AccountController\GetAccountAddress		Account Address of Account: 194419-001M is found
2025-06-23 10:30:17,559 [54] INFO  UOBCMS.Classes.Logger - AccountController\GetIBOAccountCRS		Account Code: 194419-001M
2025-06-23 10:32:07,074 [42] INFO  UOBCMS.Classes.Logger - AccountController\GetAccountAddress		Account Address of Account: 194419-001M is found
2025-06-23 10:32:07,083 [36] INFO  UOBCMS.Classes.Logger - AccountController\GetIBOAccountCRS		Account Code: 194419-001M
2025-06-23 10:34:49,686 [26] INFO  UOBCMS.Classes.Logger - AccountController\GetAccountAddress		Account Address of Account: 194419-001M is found
2025-06-23 10:34:49,695 [27] INFO  UOBCMS.Classes.Logger - AccountController\GetIBOAccountCRS		Account Code: 194419-001M
2025-06-23 10:39:18,743 [121] INFO  UOBCMS.Classes.Logger - AccountController\GetAccountAddress		Account Address of Account: 194419-001M is found
2025-06-23 10:39:18,748 [123] INFO  UOBCMS.Classes.Logger - AccountController\GetIBOAccountCRS		Account Code: 194419-001M
2025-06-23 10:42:53,256 [138] INFO  UOBCMS.Classes.Logger - AccountController\GetAccountAddress		Account Address of Account: 194419-001M is found
2025-06-23 10:42:53,266 [138] INFO  UOBCMS.Classes.Logger - AccountController\GetIBOAccountCRS		Account Code: 194419-001M
2025-06-23 10:48:15,586 [156] INFO  UOBCMS.Classes.Logger - AccountController\GetAccountbyAccno		Account: 194419-001M is found
2025-06-23 10:48:19,575 [156] INFO  UOBCMS.Classes.Logger - AccountController\GetAccountAddress		Account Address of Account: 194419-001M is found
2025-06-23 10:48:19,580 [155] INFO  UOBCMS.Classes.Logger - AccountController\GetIBOAccountCRS		Account Code: 194419-001M
2025-06-23 10:48:22,565 [160] INFO  UOBCMS.Classes.Logger - AccountController\GetAccountbyAccno		Account: 194419-001M is found
2025-06-23 10:48:22,569 [160] INFO  UOBCMS.Classes.Logger - AccountController\GetAccountbyAccno		Account: 194419-001M is found
2025-06-23 10:48:22,577 [156] INFO  UOBCMS.Classes.Logger - AccountController\GetAccountAddress		Account Address of Account: 194419-001M is found
2025-06-23 10:48:22,580 [160] INFO  UOBCMS.Classes.Logger - AccountController\GetAccountPhones		Account Phone of Account: 194419-001M is found
2025-06-23 10:48:22,685 [157] INFO  UOBCMS.Classes.Logger - AccountController\GetIBOAccountCRS		Account Code: 194419-001M
2025-06-23 10:48:22,696 [155] INFO  UOBCMS.Classes.Logger - AccountController\GetAccountAddress		Account Address of Account: 194419-001M is found
2025-06-23 10:48:25,707 [157] INFO  UOBCMS.Classes.Logger - AccountController\GetAccountbyAccno		Account: 194419-001M is found
2025-06-23 10:48:25,710 [155] INFO  UOBCMS.Classes.Logger - AccountController\GetAccountbyAccno		Account: 194419-001M is found
2025-06-23 10:48:25,718 [155] INFO  UOBCMS.Classes.Logger - AccountController\GetAccountAddress		Account Address of Account: 194419-001M is found
2025-06-23 10:48:25,720 [155] INFO  UOBCMS.Classes.Logger - AccountController\GetAccountPhones		Account Phone of Account: 194419-001M is found
2025-06-23 10:48:25,770 [157] INFO  UOBCMS.Classes.Logger - AEController\GetAEbyAccno		AE of: 194419-001M is found
2025-06-23 10:48:26,968 [160] INFO  UOBCMS.Classes.Logger - AccountController\GetAccountEmail		Client Email of Account: 194419-001M is found
2025-06-23 10:48:39,709 [160] INFO  UOBCMS.Classes.Logger - AccountController\GetAccountAddress		Account Address of Account: 194419-001M is found
2025-06-23 10:48:39,710 [160] INFO  UOBCMS.Classes.Logger - AccountController\GetIBOAccountCRS		Account Code: 194419-001M
2025-06-23 10:49:18,203 [163] INFO  UOBCMS.Classes.Logger - AccountController\GetAccountAddress		Account Address of Account: 194419-001M is found
2025-06-23 10:49:18,204 [160] INFO  UOBCMS.Classes.Logger - AccountController\GetIBOAccountCRS		Account Code: 194419-001M
2025-06-23 10:49:29,561 [163] INFO  UOBCMS.Classes.Logger - AccountController\GetIBOUserContact		Account Code: 194419-001M
2025-06-23 10:50:20,103 [160] INFO  UOBCMS.Classes.Logger - AccountController\GetAccountAddress		Account Address of Account: 194419-001M is found
2025-06-23 10:50:20,104 [160] INFO  UOBCMS.Classes.Logger - AccountController\GetIBOAccountCRS		Account Code: 194419-001M
2025-06-23 10:50:32,050 [157] INFO  UOBCMS.Classes.Logger - AccountController\GetAccountAddress		Account Address of Account: 194419-001M is found
2025-06-23 10:50:32,051 [164] INFO  UOBCMS.Classes.Logger - AccountController\GetIBOAccountCRS		Account Code: 194419-001M
2025-06-23 10:50:39,710 [165] INFO  UOBCMS.Classes.Logger - AccountController\GetAccountEmail		Client Email of Account: 194419-001M is found
2025-06-23 10:52:18,297 [170] INFO  UOBCMS.Classes.Logger - AccountController\GetAccountbyAccno		Account: 194419-001M is found
2025-06-23 10:52:23,229 [168] INFO  UOBCMS.Classes.Logger - AccountController\GetAccountAddress		Account Address of Account: 194419-001M is found
2025-06-23 10:52:23,232 [166] INFO  UOBCMS.Classes.Logger - AccountController\GetIBOAccountCRS		Account Code: 194419-001M
2025-06-23 10:52:26,939 [166] INFO  UOBCMS.Classes.Logger - AccountController\GetAccountbyAccno		Account: 194419-001M is found
2025-06-23 10:52:26,945 [166] INFO  UOBCMS.Classes.Logger - AccountController\GetAccountbyAccno		Account: 194419-001M is found
2025-06-23 10:52:26,959 [170] INFO  UOBCMS.Classes.Logger - AccountController\GetAccountAddress		Account Address of Account: 194419-001M is found
2025-06-23 10:52:26,963 [170] INFO  UOBCMS.Classes.Logger - AccountController\GetAccountPhones		Account Phone of Account: 194419-001M is found
2025-06-23 10:52:27,152 [169] INFO  UOBCMS.Classes.Logger - AccountController\GetIBOAccountCRS		Account Code: 194419-001M
2025-06-23 10:52:27,176 [169] INFO  UOBCMS.Classes.Logger - AccountController\GetAccountAddress		Account Address of Account: 194419-001M is found
2025-06-23 10:52:30,215 [170] INFO  UOBCMS.Classes.Logger - AccountController\GetAccountbyAccno		Account: 194419-001M is found
2025-06-23 10:52:30,219 [166] INFO  UOBCMS.Classes.Logger - AccountController\GetAccountbyAccno		Account: 194419-001M is found
2025-06-23 10:52:30,226 [166] INFO  UOBCMS.Classes.Logger - AccountController\GetAccountAddress		Account Address of Account: 194419-001M is found
2025-06-23 10:52:30,227 [169] INFO  UOBCMS.Classes.Logger - AccountController\GetAccountPhones		Account Phone of Account: 194419-001M is found
2025-06-23 10:52:30,339 [166] INFO  UOBCMS.Classes.Logger - AEController\GetAEbyAccno		AE of: 194419-001M is found
2025-06-23 10:52:31,571 [170] INFO  UOBCMS.Classes.Logger - AccountController\GetAccountEmail		Client Email of Account: 194419-001M is found
2025-06-23 10:52:41,970 [166] INFO  UOBCMS.Classes.Logger - AccountController\GetAccountAddress		Account Address of Account: 194419-001M is found
2025-06-23 10:52:41,971 [166] INFO  UOBCMS.Classes.Logger - AccountController\GetIBOAccountCRS		Account Code: 194419-001M
2025-06-23 10:53:17,051 [169] INFO  UOBCMS.Classes.Logger - AccountController\GetAccountAddress		Account Address of Account: 194419-001M is found
2025-06-23 10:53:17,053 [171] INFO  UOBCMS.Classes.Logger - AccountController\GetIBOAccountCRS		Account Code: 194419-001M
2025-06-23 10:53:27,332 [171] INFO  UOBCMS.Classes.Logger - AccountController\GetIBOUserContact		Account Code: 194419-001M
2025-06-23 10:53:40,983 [171] INFO  UOBCMS.Classes.Logger - AccountController\GetAccountAddress		Account Address of Account: 194419-001M is found
2025-06-23 10:53:40,984 [171] INFO  UOBCMS.Classes.Logger - AccountController\GetIBOAccountCRS		Account Code: 194419-001M
2025-06-23 10:54:01,427 [171] INFO  UOBCMS.Classes.Logger - AccountController\GetAccountAddress		Account Address of Account: 194419-001M is found
2025-06-23 10:54:01,427 [171] INFO  UOBCMS.Classes.Logger - AccountController\GetIBOAccountCRS		Account Code: 194419-001M
2025-06-23 10:54:06,642 [172] INFO  UOBCMS.Classes.Logger - AccountController\SaveBulkAddress		UOBCMS.Models.api.body_cms_client_address
2025-06-23 10:54:06,744 [171] INFO  UOBCMS.Classes.Logger - AccountController\GetAccountAddress		Account Address of Account: 194419-001M is found
2025-06-23 10:54:06,749 [171] INFO  UOBCMS.Classes.Logger - AccountController\SaveBulkAddress		UOBCMS.Models.api.body_cms_client_address
2025-06-23 10:54:06,780 [171] INFO  UOBCMS.Classes.Logger - AccountController\GetAccountEmail		Client Email of Account: 194419-001M is found
2025-06-23 10:54:14,806 [170] INFO  UOBCMS.Classes.Logger - AccountController\GetAccountbyAccno		Account: 194419-001M is found
2025-06-23 10:54:16,819 [170] INFO  UOBCMS.Classes.Logger - AccountController\GetAccountbyAccno		Account: 194419-001M is found
2025-06-23 10:54:17,830 [170] INFO  UOBCMS.Classes.Logger - AccountController\GetAccountPhone		Account Phone of Account: 194419-001M is found
2025-06-23 10:54:17,840 [171] INFO  UOBCMS.Classes.Logger - AccountController\GetAccountPhone		Account Phone of Account: 194419-001M is found
2025-06-23 10:54:17,847 [172] INFO  UOBCMS.Classes.Logger - AccountController\GetAccountPhone		Account Phone of Account: 194419-001M is found
2025-06-23 10:54:17,854 [171] INFO  UOBCMS.Classes.Logger - AccountController\GetAccountPhone		Account Phone of Account: 194419-001M is found
2025-06-23 10:54:17,865 [172] INFO  UOBCMS.Classes.Logger - AccountController\GetAccountEmail		Client Email of Account: 194419-001M is found
2025-06-23 10:54:17,874 [172] INFO  UOBCMS.Classes.Logger - AccountController\GetAccountEmail		Client Email of Account: 194419-001M is found
2025-06-23 10:54:17,881 [170] INFO  UOBCMS.Classes.Logger - AccountController\GetAccountEmail		Client Email of Account: 194419-001M is found
2025-06-23 10:54:17,888 [170] INFO  UOBCMS.Classes.Logger - AccountController\GetAccountAddress		Account Address of Account: 194419-001M is found
2025-06-23 10:54:17,899 [172] INFO  UOBCMS.Classes.Logger - AccountController\GetAccountAddress		Account Address of Account: 194419-001M is found
2025-06-23 10:54:43,257 [168] INFO  UOBCMS.Classes.Logger - AccountController\GetAccountPhone		Account Phone of Account: 194419-001M is found
2025-06-23 10:54:43,270 [166] INFO  UOBCMS.Classes.Logger - AccountController\GetIBOAccountCRS		Account Code: 194419-001M
2025-06-23 10:54:43,286 [163] INFO  UOBCMS.Classes.Logger - AccountController\GetAccountAddresses		Account Addresss of Account: 194419-001M is found
2025-06-23 10:54:43,290 [163] INFO  UOBCMS.Classes.Logger - AccountController\GetIBOAccountCPerson		Account Code: 194419-001M
2025-06-23 10:54:52,249 [163] INFO  UOBCMS.Classes.Logger - AccountController\GetAccountbyAccno		Account: 194419-001M is found
2025-06-23 10:54:52,266 [164] INFO  UOBCMS.Classes.Logger - AccountController\GetAccountPhone		Account Phone of Account: 194419-001M is found
2025-06-23 10:54:52,273 [164] INFO  UOBCMS.Classes.Logger - AccountController\GetAccountPhone		Account Phone of Account: 194419-001M is found
2025-06-23 10:54:52,281 [164] INFO  UOBCMS.Classes.Logger - AccountController\GetAccountPhone		Account Phone of Account: 194419-001M is found
2025-06-23 10:54:52,288 [163] INFO  UOBCMS.Classes.Logger - AccountController\GetAccountPhone		Account Phone of Account: 194419-001M is found
2025-06-23 10:54:52,297 [164] INFO  UOBCMS.Classes.Logger - AccountController\GetAccountEmail		Client Email of Account: 194419-001M is found
2025-06-23 10:54:52,305 [168] INFO  UOBCMS.Classes.Logger - AccountController\GetAccountEmail		Client Email of Account: 194419-001M is found
2025-06-23 10:54:52,312 [163] INFO  UOBCMS.Classes.Logger - AccountController\GetAccountEmail		Client Email of Account: 194419-001M is found
2025-06-23 10:54:52,320 [164] INFO  UOBCMS.Classes.Logger - AccountController\GetAccountAddress		Account Address of Account: 194419-001M is found
2025-06-23 10:54:52,327 [164] INFO  UOBCMS.Classes.Logger - AccountController\GetAccountAddress		Account Address of Account: 194419-001M is found
2025-06-23 10:55:04,822 [164] INFO  UOBCMS.Classes.Logger - AccountController\GetAccountEmail		Client Email of Account: 194419-001M is found
2025-06-23 10:56:36,019 [159] INFO  UOBCMS.Classes.Logger - AccountController\GetAccountbyAccno		Account: 194419-001M is found
2025-06-23 10:56:36,028 [160] INFO  UOBCMS.Classes.Logger - AccountController\GetAccountEmail		Client Email of Account: 194419-001M is found
2025-06-23 10:56:36,032 [160] INFO  UOBCMS.Classes.Logger - AccountController\GetAccountbyAccno		Account: 194419-001M is found
2025-06-23 10:56:36,077 [159] INFO  UOBCMS.Classes.Logger - AccountController\GetAccountEmail		Client Email of Account: 194419-001M is found
2025-06-23 10:56:39,744 [159] INFO  UOBCMS.Classes.Logger - AccountController\GetAccountbyAccno		Account: 194419-001M is found
2025-06-23 10:56:39,752 [157] INFO  UOBCMS.Classes.Logger - AccountController\GetAccountEmail		Client Email of Account: 194419-001M is found
2025-06-23 10:56:39,755 [157] INFO  UOBCMS.Classes.Logger - AccountController\GetAccountbyAccno		Account: 194419-001M is found
2025-06-23 10:56:39,759 [157] INFO  UOBCMS.Classes.Logger - AEController\GetAEbyAccno		AE of: 194419-001M is found
2025-06-23 10:56:40,010 [155] INFO  UOBCMS.Classes.Logger - AccountController\GetAccountEmail		Client Email of Account: 194419-001M is found
2025-06-23 10:57:03,086 [155] INFO  UOBCMS.Classes.Logger - AccountController\GetAccountEmail		Client Email of Account: 194419-001M is found
2025-06-23 10:57:11,661 [157] INFO  UOBCMS.Classes.Logger - AccountController\GetAccountEmail		Client Email of Account: 194419-001M is found
2025-06-23 10:57:26,198 [155] INFO  UOBCMS.Classes.Logger - AccountController\GetIBOUserContact		Account Code: 194419-001M
2025-06-23 10:58:09,116 [153] INFO  UOBCMS.Classes.Logger - AccountController\GetAccountEmail		Client Email of Account: 194419-001M is found
2025-06-23 10:58:22,282 [154] INFO  UOBCMS.Classes.Logger - AccountController\GetAccountEmail		Client Email of Account: 194419-001M is found
2025-06-23 10:58:24,716 [153] INFO  UOBCMS.Classes.Logger - AccountController\GetAccountbyAccno		Account: 194419-001M is found
2025-06-23 10:58:24,820 [152] INFO  UOBCMS.Classes.Logger - AccountController\GetAccountEmail		Client Email of Account: 194419-001M is found
2025-06-23 10:58:24,920 [154] INFO  UOBCMS.Classes.Logger - AccountController\GetAccountbyAccno		Account: 194419-001M is found
2025-06-23 10:58:29,656 [153] INFO  UOBCMS.Classes.Logger - AccountController\GetAccountEmail		Client Email of Account: 194419-001M is found
2025-06-23 10:58:34,476 [151] INFO  UOBCMS.Classes.Logger - AccountController\GetAccountEmail		Client Email of Account: 194419-001M is found
2025-06-23 10:58:43,926 [151] INFO  UOBCMS.Classes.Logger - AccountController\GetAccountEmail		Client Email of Account: 194419-001M is found
2025-06-23 11:00:56,669 [145] INFO  UOBCMS.Classes.Logger - AccountController\GetAccountAddress		Account Address of Account: 194419-001M is found
2025-06-23 11:00:56,678 [147] INFO  UOBCMS.Classes.Logger - AccountController\GetIBOAccountCRS		Account Code: 194419-001M
2025-06-23 11:01:13,249 [145] INFO  UOBCMS.Classes.Logger - AccountController\GetAccountEmail		Client Email of Account: 194419-001M is found
2025-06-23 11:01:37,358 [145] INFO  UOBCMS.Classes.Logger - AccountController\GetAccountEmail		Client Email of Account: 194419-001M is found
2025-06-23 11:02:04,662 [145] INFO  UOBCMS.Classes.Logger - AccountController\GetAccountEmail		Client Email of Account: 194419-001M is found
2025-06-23 11:02:14,434 [144] INFO  UOBCMS.Classes.Logger - AccountController\GetIBOUserContact		Account Code: 194419-001M
2025-06-23 11:02:51,642 [140] INFO  UOBCMS.Classes.Logger - AccountController\GetAccountEmail		Client Email of Account: 194419-001M is found
2025-06-23 11:02:56,063 [137] INFO  UOBCMS.Classes.Logger - AccountController\GetAccountEmail		Client Email of Account: 194419-001M is found
2025-06-23 11:13:25,942 [26] INFO  UOBCMS.Classes.Logger - AccountController\GetAccountEmail		Client Email of Account: 194419-001M is found
2025-06-23 11:13:58,470 [31] INFO  UOBCMS.Classes.Logger - AccountController\GetAccountbyAccno		Account: 194419-001M is found
2025-06-23 11:14:02,406 [31] INFO  UOBCMS.Classes.Logger - AccountController\GetAccountbyAccno		Account: 194419-001M is found
2025-06-23 11:14:03,206 [28] INFO  UOBCMS.Classes.Logger - AccountController\GetAccountPhone		Account Phone of Account: 194419-001M is found
2025-06-23 11:14:03,221 [34] INFO  UOBCMS.Classes.Logger - AccountController\GetAccountPhone		Account Phone of Account: 194419-001M is found
2025-06-23 11:14:03,233 [34] INFO  UOBCMS.Classes.Logger - AccountController\GetAccountPhone		Account Phone of Account: 194419-001M is found
2025-06-23 11:14:03,243 [28] INFO  UOBCMS.Classes.Logger - AccountController\GetAccountPhone		Account Phone of Account: 194419-001M is found
2025-06-23 11:14:03,254 [34] INFO  UOBCMS.Classes.Logger - AccountController\GetAccountEmail		Client Email of Account: 194419-001M is found
2025-06-23 11:14:03,264 [34] INFO  UOBCMS.Classes.Logger - AccountController\GetAccountEmail		Client Email of Account: 194419-001M is found
2025-06-23 11:14:03,271 [28] INFO  UOBCMS.Classes.Logger - AccountController\GetAccountEmail		Client Email of Account: 194419-001M is found
2025-06-23 11:14:03,279 [28] INFO  UOBCMS.Classes.Logger - AccountController\GetAccountAddress		Account Address of Account: 194419-001M is found
2025-06-23 11:14:03,302 [28] INFO  UOBCMS.Classes.Logger - AccountController\GetAccountAddress		Account Address of Account: 194419-001M is found
2025-06-23 11:14:05,305 [33] INFO  UOBCMS.Classes.Logger - AccountController\GetAccountAddress		Account Address of Account: 194419-001M is found
2025-06-23 11:14:05,306 [33] INFO  UOBCMS.Classes.Logger - AccountController\GetIBOAccountCRS		Account Code: 194419-001M
2025-06-23 11:14:13,418 [33] INFO  UOBCMS.Classes.Logger - AccountController\GetAccountbyAccno		Account: 194419-001M is found
2025-06-23 11:14:13,422 [33] INFO  UOBCMS.Classes.Logger - AccountController\GetAccountbyAccno		Account: 194419-001M is found
2025-06-23 11:14:13,432 [30] INFO  UOBCMS.Classes.Logger - AccountController\GetAccountAddress		Account Address of Account: 194419-001M is found
2025-06-23 11:14:13,436 [33] INFO  UOBCMS.Classes.Logger - AccountController\GetAccountPhones		Account Phone of Account: 194419-001M is found
2025-06-23 11:14:13,493 [34] INFO  UOBCMS.Classes.Logger - AccountController\GetIBOAccountCRS		Account Code: 194419-001M
2025-06-23 11:14:13,507 [34] INFO  UOBCMS.Classes.Logger - AccountController\GetAccountAddress		Account Address of Account: 194419-001M is found
2025-06-23 11:14:16,492 [34] INFO  UOBCMS.Classes.Logger - AccountController\GetAccountbyAccno		Account: 194419-001M is found
2025-06-23 11:14:16,497 [34] INFO  UOBCMS.Classes.Logger - AccountController\GetAccountbyAccno		Account: 194419-001M is found
2025-06-23 11:14:16,509 [34] INFO  UOBCMS.Classes.Logger - AccountController\GetAccountAddress		Account Address of Account: 194419-001M is found
2025-06-23 11:14:16,512 [34] INFO  UOBCMS.Classes.Logger - AccountController\GetAccountPhones		Account Phone of Account: 194419-001M is found
2025-06-23 11:14:16,518 [34] INFO  UOBCMS.Classes.Logger - AEController\GetAEbyAccno		AE of: 194419-001M is found
2025-06-23 11:14:17,777 [33] INFO  UOBCMS.Classes.Logger - AccountController\GetAccountEmail		Client Email of Account: 194419-001M is found
2025-06-23 11:14:23,841 [34] INFO  UOBCMS.Classes.Logger - AccountController\GetAccountAddress		Account Address of Account: 194419-001M is found
2025-06-23 11:14:23,842 [34] INFO  UOBCMS.Classes.Logger - AccountController\GetIBOAccountCRS		Account Code: 194419-001M
2025-06-23 11:14:43,746 [32] INFO  UOBCMS.Classes.Logger - AccountController\GetAccountAddress		Account Address of Account: 194419-001M is found
2025-06-23 11:14:43,747 [32] INFO  UOBCMS.Classes.Logger - AccountController\GetIBOAccountCRS		Account Code: 194419-001M
2025-06-23 11:14:52,250 [34] INFO  UOBCMS.Classes.Logger - AccountController\GetIBOUserContact		Account Code: 194419-001M
2025-06-23 11:15:16,992 [38] INFO  UOBCMS.Classes.Logger - AccountController\GetAccountAddress		Account Address of Account: 194419-001M is found
2025-06-23 11:15:16,993 [42] INFO  UOBCMS.Classes.Logger - AccountController\GetIBOAccountCRS		Account Code: 194419-001M
2025-06-23 11:22:14,583 [75] INFO  UOBCMS.Classes.Logger - AccountController\GetAccountEmail		Client Email of Account: 194419-001M is found
2025-06-23 11:22:33,999 [73] INFO  UOBCMS.Classes.Logger - AccountController\GetAccountEmail		Client Email of Account: 194419-001M is found
2025-06-23 11:22:51,385 [78] INFO  UOBCMS.Classes.Logger - AccountController\GetAccountEmail		Client Email of Account: 194419-001M is found
2025-06-23 11:23:15,816 [86] INFO  UOBCMS.Classes.Logger - AccountController\GetAccountEmail		Client Email of Account: 194419-001M is found
2025-06-23 11:25:18,774 [93] INFO  UOBCMS.Classes.Logger - AccountController\GetAccountEmail		Client Email of Account: 194419-001M is found
2025-06-23 11:26:04,827 [100] INFO  UOBCMS.Classes.Logger - AccountController\GetAccountEmail		Client Email of Account: 194419-001M is found
2025-06-23 11:28:12,731 [112] INFO  UOBCMS.Classes.Logger - AccountController\GetAccountEmail		Client Email of Account: 194419-001M is found
2025-06-23 11:28:27,500 [110] INFO  UOBCMS.Classes.Logger - AccountController\GetAccountEmail		Client Email of Account: 194419-001M is found
2025-06-23 11:37:29,207 [37] INFO  UOBCMS.Classes.Logger - AccountController\GetAccountbyAccno		Account: 194419-001M is found
2025-06-23 11:37:34,723 [37] INFO  UOBCMS.Classes.Logger - AccountController\GetAccountEmail		Client Email of Account: 194419-001M is found
2025-06-23 11:37:40,276 [37] INFO  UOBCMS.Classes.Logger - AccountController\GetAccountbyAccno		Account: 194419-001M is found
2025-06-23 11:37:40,285 [45] INFO  UOBCMS.Classes.Logger - AccountController\GetAccountEmail		Client Email of Account: 194419-001M is found
2025-06-23 11:37:40,288 [45] INFO  UOBCMS.Classes.Logger - AccountController\GetAccountbyAccno		Account: 194419-001M is found
2025-06-23 11:37:40,368 [37] INFO  UOBCMS.Classes.Logger - AccountController\GetAccountEmail		Client Email of Account: 194419-001M is found
2025-06-23 11:37:43,335 [37] INFO  UOBCMS.Classes.Logger - AccountController\GetAccountbyAccno		Account: 194419-001M is found
2025-06-23 11:37:43,349 [45] INFO  UOBCMS.Classes.Logger - AccountController\GetAccountEmail		Client Email of Account: 194419-001M is found
2025-06-23 11:37:43,353 [45] INFO  UOBCMS.Classes.Logger - AccountController\GetAccountbyAccno		Account: 194419-001M is found
2025-06-23 11:37:43,467 [37] INFO  UOBCMS.Classes.Logger - AEController\GetAEbyAccno		AE of: 194419-001M is found
2025-06-23 11:37:43,731 [45] INFO  UOBCMS.Classes.Logger - AccountController\GetAccountEmail		Client Email of Account: 194419-001M is found
2025-06-23 11:38:05,299 [49] INFO  UOBCMS.Classes.Logger - AccountController\GetAccountEmail		Client Email of Account: 194419-001M is found
2025-06-23 11:38:12,465 [37] INFO  UOBCMS.Classes.Logger - AccountController\GetIBOUserContact		Account Code: 194419-001M
2025-06-23 11:38:39,002 [49] INFO  UOBCMS.Classes.Logger - AccountController\GetAccountEmail		Client Email of Account: 194419-001M is found
2025-06-23 11:38:55,542 [37] INFO  UOBCMS.Classes.Logger - AccountController\GetAccountAddress		Account Address of Account: 194419-001M is found
2025-06-23 11:38:55,546 [37] INFO  UOBCMS.Classes.Logger - AccountController\GetIBOAccountCRS		Account Code: 194419-001M
2025-06-23 11:39:09,859 [37] INFO  UOBCMS.Classes.Logger - AccountController\GetAccountEmail		Client Email of Account: 194419-001M is found
2025-06-23 11:39:30,760 [109] INFO  UOBCMS.Classes.Logger - AccountController\GetAccountEmail		Client Email of Account: 194419-001M is found
2025-06-23 11:39:55,616 [49] INFO  UOBCMS.Classes.Logger - AccountController\GetAccountEmail		Client Email of Account: 194419-001M is found
2025-06-23 11:40:05,381 [49] INFO  UOBCMS.Classes.Logger - AccountController\GetAccountEmail		Client Email of Account: 194419-001M is found
2025-06-23 11:40:12,442 [49] INFO  UOBCMS.Classes.Logger - AccountController\GetAccountbyAccno		Account: 194419-001M is found
2025-06-23 11:40:18,571 [109] INFO  UOBCMS.Classes.Logger - AccountController\GetAccountEmail		Client Email of Account: 194419-001M is found
2025-06-23 11:40:23,731 [107] INFO  UOBCMS.Classes.Logger - AccountController\GetAccountbyAccno		Account: 194419-001M is found
2025-06-23 11:40:23,746 [49] INFO  UOBCMS.Classes.Logger - AccountController\GetAccountEmail		Client Email of Account: 194419-001M is found
2025-06-23 11:40:23,751 [107] INFO  UOBCMS.Classes.Logger - AccountController\GetAccountbyAccno		Account: 194419-001M is found
2025-06-23 11:40:23,835 [107] INFO  UOBCMS.Classes.Logger - AccountController\GetAccountEmail		Client Email of Account: 194419-001M is found
2025-06-23 11:40:27,268 [107] INFO  UOBCMS.Classes.Logger - AccountController\GetAccountbyAccno		Account: 194419-001M is found
2025-06-23 11:40:27,280 [107] INFO  UOBCMS.Classes.Logger - AccountController\GetAccountEmail		Client Email of Account: 194419-001M is found
2025-06-23 11:40:27,283 [107] INFO  UOBCMS.Classes.Logger - AccountController\GetAccountbyAccno		Account: 194419-001M is found
2025-06-23 11:40:27,389 [107] INFO  UOBCMS.Classes.Logger - AEController\GetAEbyAccno		AE of: 194419-001M is found
2025-06-23 11:40:27,607 [107] INFO  UOBCMS.Classes.Logger - AccountController\GetAccountEmail		Client Email of Account: 194419-001M is found
2025-06-23 11:40:40,845 [105] INFO  UOBCMS.Classes.Logger - AccountController\GetAccountEmail		Client Email of Account: 194419-001M is found
2025-06-23 11:40:51,422 [105] INFO  UOBCMS.Classes.Logger - AccountController\GetIBOUserContact		Account Code: 194419-001M
2025-06-23 11:41:10,185 [104] ERROR UOBCMS.Classes.Logger - AccountController\GetAccountbyAccno		Account: 559 is not found
2025-06-23 11:41:14,182 [107] INFO  UOBCMS.Classes.Logger - AccountController\GetAccountEmail		Client Email of Account: 194419-001M is found
2025-06-23 11:41:17,389 [103] INFO  UOBCMS.Classes.Logger - AccountController\GetAccountEmail		Client Email of Account: 194419-001M is found
2025-06-23 11:41:30,484 [103] INFO  UOBCMS.Classes.Logger - AccountController\GetAccountEmail		Client Email of Account: 194419-001M is found
2025-06-23 11:41:50,225 [105] INFO  UOBCMS.Classes.Logger - AccountController\GetAccountEmail		Client Email of Account: 194419-001M is found
2025-06-23 11:42:06,738 [107] INFO  UOBCMS.Classes.Logger - AccountController\GetAccountEmail		Client Email of Account: 194419-001M is found
2025-06-23 11:42:25,880 [107] INFO  UOBCMS.Classes.Logger - AccountController\GetAccountEmail		Client Email of Account: 194419-001M is found
2025-06-23 11:42:38,552 [105] INFO  UOBCMS.Classes.Logger - AccountController\GetAccountEmail		Client Email of Account: 194419-001M is found
2025-06-23 11:42:41,495 [107] INFO  UOBCMS.Classes.Logger - AccountController\SaveBulkEmail		UOBCMS.Models.api.body_cms_client_email
2025-06-23 11:42:44,461 [104] INFO  UOBCMS.Classes.Logger - AccountController\GetAccountEmail		Client Email of Account: 194419-001M is found
2025-06-23 11:42:54,601 [100] INFO  UOBCMS.Classes.Logger - AccountController\GetAccountbyAccno		Account: 194419-001M is found
2025-06-23 11:42:57,427 [104] INFO  UOBCMS.Classes.Logger - AccountController\GetAccountbyAccno		Account: 194419-001M is found
2025-06-23 11:42:58,441 [100] INFO  UOBCMS.Classes.Logger - AccountController\GetAccountPhone		Account Phone of Account: 194419-001M is found
2025-06-23 11:42:58,455 [100] INFO  UOBCMS.Classes.Logger - AccountController\GetAccountPhone		Account Phone of Account: 194419-001M is found
2025-06-23 11:42:58,462 [100] INFO  UOBCMS.Classes.Logger - AccountController\GetAccountPhone		Account Phone of Account: 194419-001M is found
2025-06-23 11:42:58,469 [104] INFO  UOBCMS.Classes.Logger - AccountController\GetAccountPhone		Account Phone of Account: 194419-001M is found
2025-06-23 11:42:58,486 [104] INFO  UOBCMS.Classes.Logger - AccountController\GetAccountEmail		Client Email of Account: 194419-001M is found
2025-06-23 11:42:58,503 [104] INFO  UOBCMS.Classes.Logger - AccountController\GetAccountEmail		Client Email of Account: 194419-001M is found
2025-06-23 11:42:58,513 [104] INFO  UOBCMS.Classes.Logger - AccountController\GetAccountEmail		Client Email of Account: 194419-001M is found
2025-06-23 11:42:58,522 [107] INFO  UOBCMS.Classes.Logger - AccountController\GetAccountAddress		Account Address of Account: 194419-001M is found
2025-06-23 11:42:58,533 [104] INFO  UOBCMS.Classes.Logger - AccountController\GetAccountAddress		Account Address of Account: 194419-001M is found
