2025-05-30 11:03:14,329 [4] INFO  UOBCMS.Classes.Logger - AccountController\GetAccountbyAccno		Account: 194419-001M is found
2025-05-30 11:03:20,393 [18] INFO  UOBCMS.Classes.Logger - AccountController\GetAccountbyAccno		Account: 194419-001M is found
2025-05-30 11:03:20,525 [4] INFO  UOBCMS.Classes.Logger - AccountController\GetAccountPhone		Account Phone of Account: 194419-001M is found
2025-05-30 11:03:20,567 [18] INFO  UOBCMS.Classes.Logger - AccountController\GetAccountPhone		Account Phone of Account: 194419-001M is found
2025-05-30 11:03:20,590 [3] INFO  UOBCMS.Classes.Logger - AccountController\GetAccountPhone		Account Phone of Account: 194419-001M is found
2025-05-30 11:03:20,605 [18] INFO  UOBCMS.Classes.Logger - AccountController\GetAccountPhone		Account Phone of Account: 194419-001M is found
2025-05-30 11:03:20,644 [3] INFO  UOBCMS.Classes.Logger - AccountController\GetAccountEmail		Client Email of Account: 194419-001M is found
2025-05-30 11:03:20,662 [3] INFO  UOBCMS.Classes.Logger - AccountController\GetAccountEmail		Client Email of Account: 194419-001M is found
2025-05-30 11:03:20,675 [3] INFO  UOBCMS.Classes.Logger - AccountController\GetAccountEmail		Client Email of Account: 194419-001M is found
2025-05-30 11:03:20,715 [17] INFO  UOBCMS.Classes.Logger - AccountController\GetAccountAddress		Account Address of Account: 194419-001M is found
2025-05-30 11:03:20,730 [3] INFO  UOBCMS.Classes.Logger - AccountController\GetAccountAddress		Account Address of Account: 194419-001M is found
2025-05-30 11:03:23,835 [3] INFO  UOBCMS.Classes.Logger - AccountController\GetAccountPhone		Account Phone of Account: 194419-001M is found
2025-05-30 11:03:23,844 [3] INFO  UOBCMS.Classes.Logger - AccountController\GetIBOAccountCRS		Account Code: 194419-001M
2025-05-30 11:03:23,942 [4] INFO  UOBCMS.Classes.Logger - AccountController\GetAccountAddresses		Account Addresss of Account: 194419-001M is found
2025-05-30 11:03:23,949 [4] INFO  UOBCMS.Classes.Logger - AccountController\GetIBOAccountCPerson		Account Code: 194419-001M
2025-05-30 11:03:37,881 [4] INFO  UOBCMS.Classes.Logger - AccountController\GetAccountbyAccno		Account: 194419-001M is found
2025-05-30 11:03:37,888 [4] INFO  UOBCMS.Classes.Logger - AccountController\GetAccountbyAccno		Account: 194419-001M is found
2025-05-30 11:03:37,889 [18] INFO  UOBCMS.Classes.Logger - AccountController\GetIBOAccountCPerson		Account Code: 194419-001M
2025-05-30 11:03:37,926 [18] INFO  UOBCMS.Classes.Logger - AccountController\GetAccountPhone		Account Phone of Account: 194419-001M is found
2025-05-30 11:03:37,971 [4] INFO  UOBCMS.Classes.Logger - AccountController\GetAccountPhone		Account Phone of Account: 194419-001M is found
2025-05-30 11:03:37,973 [4] INFO  UOBCMS.Classes.Logger - AccountController\GetIBOAccountCRS		Account Code: 194419-001M
2025-05-30 11:03:37,977 [4] INFO  UOBCMS.Classes.Logger - AccountController\GetAccountAddresses		Account Addresss of Account: 194419-001M is found
2025-05-30 11:03:37,978 [4] INFO  UOBCMS.Classes.Logger - AccountController\GetIBOAccountCPerson		Account Code: 194419-001M
2025-05-30 11:03:40,953 [4] INFO  UOBCMS.Classes.Logger - AccountController\GetAccountbyAccno		Account: 194419-001M is found
2025-05-30 11:03:40,959 [4] INFO  UOBCMS.Classes.Logger - AccountController\GetAccountbyAccno		Account: 194419-001M is found
2025-05-30 11:03:40,960 [4] INFO  UOBCMS.Classes.Logger - AccountController\GetIBOAccountCPerson		Account Code: 194419-001M
2025-05-30 11:03:41,006 [17] INFO  UOBCMS.Classes.Logger - AccountController\GetAccountPhone		Account Phone of Account: 194419-001M is found
2025-05-30 11:03:41,036 [17] INFO  UOBCMS.Classes.Logger - AEController\GetAEbyAccno		AE of: 194419-001M is found
2025-05-30 11:03:41,248 [17] INFO  UOBCMS.Classes.Logger - AccountController\GetAccountEmail		Client Email of Account: 194419-001M is found
2025-05-30 11:03:46,236 [18] INFO  UOBCMS.Classes.Logger - AccountController\GetAccountPhone		Account Phone of Account: 194419-001M is found
2025-05-30 11:03:46,244 [3] INFO  UOBCMS.Classes.Logger - AccountController\GetAccountPhone		Account Phone of Account: 194419-001M is found
2025-05-30 11:03:46,263 [3] INFO  UOBCMS.Classes.Logger - AccountController\GetAccountPhone		Account Phone of Account: 194419-001M is found
2025-05-30 11:03:46,279 [3] INFO  UOBCMS.Classes.Logger - AccountController\GetAccountPhone		Account Phone of Account: 194419-001M is found
2025-05-30 11:03:46,299 [18] INFO  UOBCMS.Classes.Logger - AccountController\GetAccountEmail		Client Email of Account: 194419-001M is found
2025-05-30 11:03:46,310 [17] INFO  UOBCMS.Classes.Logger - AccountController\GetAccountEmail		Client Email of Account: 194419-001M is found
2025-05-30 11:03:46,321 [17] INFO  UOBCMS.Classes.Logger - AccountController\GetAccountEmail		Client Email of Account: 194419-001M is found
2025-05-30 11:03:46,331 [17] INFO  UOBCMS.Classes.Logger - AccountController\GetAccountAddress		Account Address of Account: 194419-001M is found
2025-05-30 11:03:46,339 [18] INFO  UOBCMS.Classes.Logger - AccountController\GetAccountAddress		Account Address of Account: 194419-001M is found
2025-05-30 11:03:52,825 [17] INFO  UOBCMS.Classes.Logger - AccountController\GetAccountEmail		Client Email of Account: 194419-001M is found
2025-05-30 11:04:01,501 [3] INFO  UOBCMS.Classes.Logger - AccountController\GetAccountbyAccno		Account: 194419-001M is found
2025-05-30 11:04:01,513 [3] INFO  UOBCMS.Classes.Logger - AccountController\GetAccountEmail		Client Email of Account: 194419-001M is found
2025-05-30 11:04:01,516 [3] INFO  UOBCMS.Classes.Logger - AccountController\GetAccountbyAccno		Account: 194419-001M is found
2025-05-30 11:04:01,566 [3] INFO  UOBCMS.Classes.Logger - AccountController\GetAccountEmail		Client Email of Account: 194419-001M is found
2025-05-30 11:04:03,642 [17] INFO  UOBCMS.Classes.Logger - AccountController\GetAccountbyAccno		Account: 194419-001M is found
2025-05-30 11:04:03,655 [4] INFO  UOBCMS.Classes.Logger - AccountController\GetAccountEmail		Client Email of Account: 194419-001M is found
2025-05-30 11:04:03,659 [4] INFO  UOBCMS.Classes.Logger - AccountController\GetAccountbyAccno		Account: 194419-001M is found
2025-05-30 11:04:03,664 [4] INFO  UOBCMS.Classes.Logger - AEController\GetAEbyAccno		AE of: 194419-001M is found
2025-05-30 11:04:03,859 [17] INFO  UOBCMS.Classes.Logger - AccountController\GetAccountEmail		Client Email of Account: 194419-001M is found
2025-05-30 11:04:08,140 [17] INFO  UOBCMS.Classes.Logger - AccountController\GetAccountPhone		Account Phone of Account: 194419-001M is found
2025-05-30 11:04:08,154 [4] INFO  UOBCMS.Classes.Logger - AccountController\GetAccountPhone		Account Phone of Account: 194419-001M is found
2025-05-30 11:04:08,166 [4] INFO  UOBCMS.Classes.Logger - AccountController\GetAccountPhone		Account Phone of Account: 194419-001M is found
2025-05-30 11:04:08,184 [4] INFO  UOBCMS.Classes.Logger - AccountController\GetAccountPhone		Account Phone of Account: 194419-001M is found
2025-05-30 11:04:08,201 [18] INFO  UOBCMS.Classes.Logger - AccountController\GetAccountEmail		Client Email of Account: 194419-001M is found
2025-05-30 11:04:08,210 [4] INFO  UOBCMS.Classes.Logger - AccountController\GetAccountEmail		Client Email of Account: 194419-001M is found
2025-05-30 11:04:08,218 [17] INFO  UOBCMS.Classes.Logger - AccountController\GetAccountEmail		Client Email of Account: 194419-001M is found
2025-05-30 11:04:08,225 [17] INFO  UOBCMS.Classes.Logger - AccountController\GetAccountAddress		Account Address of Account: 194419-001M is found
2025-05-30 11:04:08,232 [4] INFO  UOBCMS.Classes.Logger - AccountController\GetAccountAddress		Account Address of Account: 194419-001M is found
2025-05-30 11:04:11,205 [4] INFO  UOBCMS.Classes.Logger - AccountController\GetAccountAddress		Account Address of Account: 194419-001M is found
2025-05-30 11:04:11,206 [4] INFO  UOBCMS.Classes.Logger - AccountController\GetIBOAccountCRS		Account Code: 194419-001M
2025-05-30 11:04:11,253 [17] INFO  UOBCMS.Classes.Logger - AccountController\GetAccountPhones		Account Phone of Account: 194419-001M is found
2025-05-30 11:04:27,487 [18] INFO  UOBCMS.Classes.Logger - AccountController\GetAccountbyAccno		Account: 194419-001M is found
2025-05-30 11:04:27,493 [4] INFO  UOBCMS.Classes.Logger - AccountController\GetAccountbyAccno		Account: 194419-001M is found
2025-05-30 11:04:27,504 [18] INFO  UOBCMS.Classes.Logger - AccountController\GetAccountAddress		Account Address of Account: 194419-001M is found
2025-05-30 11:04:27,569 [3] INFO  UOBCMS.Classes.Logger - AccountController\GetIBOAccountCRS		Account Code: 194419-001M
2025-05-30 11:04:27,583 [18] INFO  UOBCMS.Classes.Logger - AccountController\GetAccountAddress		Account Address of Account: 194419-001M is found
2025-05-30 11:04:27,587 [18] INFO  UOBCMS.Classes.Logger - AccountController\GetAccountPhones		Account Phone of Account: 194419-001M is found
2025-05-30 11:04:31,769 [17] INFO  UOBCMS.Classes.Logger - AccountController\GetAccountbyAccno		Account: 194419-001M is found
2025-05-30 11:04:31,774 [17] INFO  UOBCMS.Classes.Logger - AccountController\GetAccountbyAccno		Account: 194419-001M is found
2025-05-30 11:04:31,783 [18] INFO  UOBCMS.Classes.Logger - AccountController\GetAccountAddress		Account Address of Account: 194419-001M is found
2025-05-30 11:04:31,787 [18] INFO  UOBCMS.Classes.Logger - AEController\GetAEbyAccno		AE of: 194419-001M is found
2025-05-30 11:04:32,858 [3] INFO  UOBCMS.Classes.Logger - AccountController\GetAccountEmail		Client Email of Account: 194419-001M is found
2025-05-30 11:04:38,436 [3] INFO  UOBCMS.Classes.Logger - AccountController\GetAccountPhone		Account Phone of Account: 194419-001M is found
2025-05-30 11:04:38,450 [17] INFO  UOBCMS.Classes.Logger - AccountController\GetAccountPhone		Account Phone of Account: 194419-001M is found
2025-05-30 11:04:38,459 [18] INFO  UOBCMS.Classes.Logger - AccountController\GetAccountPhone		Account Phone of Account: 194419-001M is found
2025-05-30 11:04:38,468 [18] INFO  UOBCMS.Classes.Logger - AccountController\GetAccountPhone		Account Phone of Account: 194419-001M is found
2025-05-30 11:04:38,483 [18] INFO  UOBCMS.Classes.Logger - AccountController\GetAccountEmail		Client Email of Account: 194419-001M is found
2025-05-30 11:04:38,496 [18] INFO  UOBCMS.Classes.Logger - AccountController\GetAccountEmail		Client Email of Account: 194419-001M is found
2025-05-30 11:04:38,506 [4] INFO  UOBCMS.Classes.Logger - AccountController\GetAccountEmail		Client Email of Account: 194419-001M is found
2025-05-30 11:04:38,517 [3] INFO  UOBCMS.Classes.Logger - AccountController\GetAccountAddress		Account Address of Account: 194419-001M is found
2025-05-30 11:04:38,531 [3] INFO  UOBCMS.Classes.Logger - AccountController\GetAccountAddress		Account Address of Account: 194419-001M is found
2025-05-30 11:04:54,927 [4] INFO  UOBCMS.Classes.Logger - AccountController\GetAccountAddress		Account Address of Account: 194419-001M is found
2025-05-30 11:04:54,928 [4] INFO  UOBCMS.Classes.Logger - AccountController\GetIBOAccountCRS		Account Code: 194419-001M
2025-05-30 11:04:55,250 [4] INFO  UOBCMS.Classes.Logger - AccountController\GetAccountPhones		Account Phone of Account: 194419-001M is found
2025-05-30 11:05:00,326 [4] INFO  UOBCMS.Classes.Logger - AccountController\SaveBulkAddress		UOBCMS.Models.api.body_cms_client_address
2025-05-30 11:05:00,423 [18] INFO  UOBCMS.Classes.Logger - AccountController\GetAccountAddress		Account Address of Account: 194419-001M is found
2025-05-30 11:05:00,428 [18] INFO  UOBCMS.Classes.Logger - AccountController\SaveBulkAddress		UOBCMS.Models.api.body_cms_client_address
2025-05-30 11:05:00,455 [17] INFO  UOBCMS.Classes.Logger - AccountController\GetAccountEmail		Client Email of Account: 194419-001M is found
2025-05-30 11:05:10,527 [16] INFO  UOBCMS.Classes.Logger - AccountController\GetAccountPhone		Account Phone of Account: 194419-001M is found
2025-05-30 11:05:10,793 [16] INFO  UOBCMS.Classes.Logger - AccountController\GetIBOAccountCRS		Account Code: 194419-001M
2025-05-30 11:05:10,798 [16] INFO  UOBCMS.Classes.Logger - AccountController\GetAccountAddresses		Account Addresss of Account: 194419-001M is found
2025-05-30 11:05:10,799 [16] INFO  UOBCMS.Classes.Logger - AccountController\GetIBOAccountCPerson		Account Code: 194419-001M
2025-05-30 11:05:14,465 [18] INFO  UOBCMS.Classes.Logger - AccountController\SaveBulkPhone		UOBCMS.Models.api.body_cms_client_phone
2025-05-30 11:05:14,543 [16] INFO  UOBCMS.Classes.Logger - AccountController\GetAccountEmail		Client Email of Account: 194419-001M is found
2025-05-30 11:05:16,805 [18] INFO  UOBCMS.Classes.Logger - AccountController\GetAccountEmail		Client Email of Account: 194419-001M is found
2025-05-30 11:05:20,355 [4] INFO  UOBCMS.Classes.Logger - AccountController\SaveBulkEmail		UOBCMS.Models.api.body_cms_client_email
2025-05-30 11:05:23,157 [18] INFO  UOBCMS.Classes.Logger - AccountController\GetAccountEmail		Client Email of Account: 194419-001M is found
2025-05-30 11:28:42,347 [112] INFO  UOBCMS.Classes.Logger - AccountController\GetAccountbyAccno		Account: 194419-001M is found
2025-05-30 11:28:47,723 [112] INFO  UOBCMS.Classes.Logger - AccountController\GetAccountbyAccno		Account: 194419-001M is found
2025-05-30 11:28:47,756 [118] INFO  UOBCMS.Classes.Logger - AccountController\GetAccountPhone		Account Phone of Account: 194419-001M is found
2025-05-30 11:28:47,771 [112] INFO  UOBCMS.Classes.Logger - AccountController\GetAccountPhone		Account Phone of Account: 194419-001M is found
2025-05-30 11:28:47,780 [118] INFO  UOBCMS.Classes.Logger - AccountController\GetAccountPhone		Account Phone of Account: 194419-001M is found
2025-05-30 11:28:47,789 [112] INFO  UOBCMS.Classes.Logger - AccountController\GetAccountPhone		Account Phone of Account: 194419-001M is found
2025-05-30 11:28:47,805 [112] INFO  UOBCMS.Classes.Logger - AccountController\GetAccountEmail		Client Email of Account: 194419-001M is found
2025-05-30 11:28:47,817 [117] INFO  UOBCMS.Classes.Logger - AccountController\GetAccountEmail		Client Email of Account: 194419-001M is found
2025-05-30 11:28:47,827 [117] INFO  UOBCMS.Classes.Logger - AccountController\GetAccountEmail		Client Email of Account: 194419-001M is found
2025-05-30 11:28:47,837 [112] INFO  UOBCMS.Classes.Logger - AccountController\GetAccountAddress		Account Address of Account: 194419-001M is found
2025-05-30 11:28:47,850 [118] INFO  UOBCMS.Classes.Logger - AccountController\GetAccountAddress		Account Address of Account: 194419-001M is found
2025-05-30 11:28:58,409 [118] INFO  UOBCMS.Classes.Logger - AccountController\GetAccountAddress		Account Address of Account: 194419-001M is found
2025-05-30 11:28:58,412 [118] INFO  UOBCMS.Classes.Logger - AccountController\GetIBOAccountCRS		Account Code: 194419-001M
2025-05-30 11:28:58,458 [112] INFO  UOBCMS.Classes.Logger - AccountController\GetAccountPhones		Account Phone of Account: 194419-001M is found
2025-05-30 11:29:09,710 [113] INFO  UOBCMS.Classes.Logger - AccountController\GetAccountbyAccno		Account: 194419-001M is found
2025-05-30 11:29:09,713 [112] INFO  UOBCMS.Classes.Logger - AccountController\GetAccountbyAccno		Account: 194419-001M is found
2025-05-30 11:29:09,722 [118] INFO  UOBCMS.Classes.Logger - AccountController\GetAccountAddress		Account Address of Account: 194419-001M is found
2025-05-30 11:29:09,769 [112] INFO  UOBCMS.Classes.Logger - AccountController\GetIBOAccountCRS		Account Code: 194419-001M
2025-05-30 11:29:09,778 [113] INFO  UOBCMS.Classes.Logger - AccountController\GetAccountAddress		Account Address of Account: 194419-001M is found
2025-05-30 11:29:09,786 [112] INFO  UOBCMS.Classes.Logger - AccountController\GetAccountPhones		Account Phone of Account: 194419-001M is found
2025-05-30 11:29:13,309 [113] INFO  UOBCMS.Classes.Logger - AccountController\GetAccountbyAccno		Account: 194419-001M is found
2025-05-30 11:29:13,313 [113] INFO  UOBCMS.Classes.Logger - AccountController\GetAccountbyAccno		Account: 194419-001M is found
2025-05-30 11:29:13,323 [118] INFO  UOBCMS.Classes.Logger - AccountController\GetAccountAddress		Account Address of Account: 194419-001M is found
2025-05-30 11:29:13,328 [118] INFO  UOBCMS.Classes.Logger - AEController\GetAEbyAccno		AE of: 194419-001M is found
2025-05-30 11:29:14,405 [117] INFO  UOBCMS.Classes.Logger - AccountController\GetAccountEmail		Client Email of Account: 194419-001M is found
2025-05-30 11:30:03,916 [118] INFO  UOBCMS.Classes.Logger - AccountController\GetAccountAddress		Account Address of Account: 194419-001M is found
2025-05-30 11:30:03,917 [118] INFO  UOBCMS.Classes.Logger - AccountController\GetIBOAccountCRS		Account Code: 194419-001M
2025-05-30 11:30:04,197 [119] INFO  UOBCMS.Classes.Logger - AccountController\GetAccountPhones		Account Phone of Account: 194419-001M is found
2025-05-30 11:30:08,427 [118] INFO  UOBCMS.Classes.Logger - AccountController\SaveBulkAddress		UOBCMS.Models.api.body_cms_client_address
2025-05-30 11:30:08,468 [119] INFO  UOBCMS.Classes.Logger - AccountController\GetAccountAddress		Account Address of Account: 194419-001M is found
2025-05-30 11:30:08,469 [118] INFO  UOBCMS.Classes.Logger - AccountController\SaveBulkAddress		UOBCMS.Models.api.body_cms_client_address
2025-05-30 11:30:08,505 [119] INFO  UOBCMS.Classes.Logger - AccountController\GetAccountEmail		Client Email of Account: 194419-001M is found
2025-05-30 11:31:19,790 [122] INFO  UOBCMS.Classes.Logger - AccountController\GetAccountbyAccno		Account: 194419-001M is found
2025-05-30 11:31:21,991 [120] INFO  UOBCMS.Classes.Logger - AccountController\GetAccountbyAccno		Account: 194419-001M is found
2025-05-30 11:31:22,393 [119] INFO  UOBCMS.Classes.Logger - AccountController\GetAccountPhone		Account Phone of Account: 194419-001M is found
2025-05-30 11:31:22,434 [120] INFO  UOBCMS.Classes.Logger - AccountController\GetAccountPhone		Account Phone of Account: 194419-001M is found
2025-05-30 11:31:22,449 [126] INFO  UOBCMS.Classes.Logger - AccountController\GetAccountPhone		Account Phone of Account: 194419-001M is found
2025-05-30 11:31:22,461 [126] INFO  UOBCMS.Classes.Logger - AccountController\GetAccountPhone		Account Phone of Account: 194419-001M is found
2025-05-30 11:31:22,481 [126] INFO  UOBCMS.Classes.Logger - AccountController\GetAccountEmail		Client Email of Account: 194419-001M is found
2025-05-30 11:31:22,498 [126] INFO  UOBCMS.Classes.Logger - AccountController\GetAccountEmail		Client Email of Account: 194419-001M is found
2025-05-30 11:31:22,511 [122] INFO  UOBCMS.Classes.Logger - AccountController\GetAccountEmail		Client Email of Account: 194419-001M is found
2025-05-30 11:31:22,527 [119] INFO  UOBCMS.Classes.Logger - AccountController\GetAccountAddress		Account Address of Account: 194419-001M is found
2025-05-30 11:31:22,544 [122] INFO  UOBCMS.Classes.Logger - AccountController\GetAccountAddress		Account Address of Account: 194419-001M is found
2025-05-30 11:31:24,959 [122] INFO  UOBCMS.Classes.Logger - AccountController\GetAccountAddress		Account Address of Account: 194419-001M is found
2025-05-30 11:31:28,093 [126] INFO  UOBCMS.Classes.Logger - AccountController\GetIBOAccountCRS		Account Code: 194419-001M
2025-05-30 11:31:28,128 [119] INFO  UOBCMS.Classes.Logger - AccountController\GetAccountPhones		Account Phone of Account: 194419-001M is found
2025-05-30 11:31:37,466 [122] INFO  UOBCMS.Classes.Logger - AccountController\GetAccountbyAccno		Account: 194419-001M is found
2025-05-30 11:31:37,472 [122] INFO  UOBCMS.Classes.Logger - AccountController\GetAccountbyAccno		Account: 194419-001M is found
2025-05-30 11:31:37,483 [126] INFO  UOBCMS.Classes.Logger - AccountController\GetAccountAddress		Account Address of Account: 194419-001M is found
2025-05-30 11:31:43,058 [122] INFO  UOBCMS.Classes.Logger - AccountController\GetAccountbyAccno		Account: 194419-001M is found
2025-05-30 11:31:43,062 [122] INFO  UOBCMS.Classes.Logger - AccountController\GetAccountbyAccno		Account: 194419-001M is found
2025-05-30 11:31:43,070 [122] INFO  UOBCMS.Classes.Logger - AccountController\GetAccountAddress		Account Address of Account: 194419-001M is found
2025-05-30 11:31:43,153 [126] INFO  UOBCMS.Classes.Logger - AccountController\GetIBOAccountCRS		Account Code: 194419-001M
2025-05-30 11:31:47,439 [126] INFO  UOBCMS.Classes.Logger - AccountController\GetAccountAddress		Account Address of Account: 194419-001M is found
2025-05-30 11:31:47,444 [122] INFO  UOBCMS.Classes.Logger - AccountController\GetAccountPhones		Account Phone of Account: 194419-001M is found
2025-05-30 11:31:52,132 [126] INFO  UOBCMS.Classes.Logger - AccountController\GetAccountbyAccno		Account: 194419-001M is found
2025-05-30 11:31:52,136 [126] INFO  UOBCMS.Classes.Logger - AccountController\GetAccountbyAccno		Account: 194419-001M is found
2025-05-30 11:31:52,147 [120] INFO  UOBCMS.Classes.Logger - AccountController\GetAccountAddress		Account Address of Account: 194419-001M is found
2025-05-30 11:31:52,151 [126] INFO  UOBCMS.Classes.Logger - AEController\GetAEbyAccno		AE of: 194419-001M is found
2025-05-30 11:31:57,029 [126] INFO  UOBCMS.Classes.Logger - AccountController\GetAccountEmail		Client Email of Account: 194419-001M is found
2025-05-30 11:32:07,595 [120] INFO  UOBCMS.Classes.Logger - AccountController\GetAccountAddress		Account Address of Account: 194419-001M is found
2025-05-30 11:32:07,596 [126] INFO  UOBCMS.Classes.Logger - AccountController\GetIBOAccountCRS		Account Code: 194419-001M
2025-05-30 11:32:07,903 [126] INFO  UOBCMS.Classes.Logger - AccountController\GetAccountPhones		Account Phone of Account: 194419-001M is found
2025-05-30 11:32:14,868 [126] INFO  UOBCMS.Classes.Logger - AccountController\SaveBulkAddress		UOBCMS.Models.api.body_cms_client_address
2025-05-30 11:32:14,919 [126] INFO  UOBCMS.Classes.Logger - AccountController\GetAccountAddress		Account Address of Account: 194419-001M is found
2025-05-30 11:32:14,921 [126] INFO  UOBCMS.Classes.Logger - AccountController\SaveBulkAddress		UOBCMS.Models.api.body_cms_client_address
2025-05-30 11:32:14,948 [126] INFO  UOBCMS.Classes.Logger - AccountController\GetAccountEmail		Client Email of Account: 194419-001M is found
2025-05-30 11:37:14,282 [103] INFO  UOBCMS.Classes.Logger - AccountController\GetAccountbyAccno		Account: 194419-001M is found
2025-05-30 11:37:18,636 [104] INFO  UOBCMS.Classes.Logger - AccountController\GetAccountbyAccno		Account: 194419-001M is found
2025-05-30 11:37:18,713 [105] INFO  UOBCMS.Classes.Logger - AccountController\GetAccountPhone		Account Phone of Account: 194419-001M is found
2025-05-30 11:37:18,743 [104] INFO  UOBCMS.Classes.Logger - AccountController\GetAccountPhone		Account Phone of Account: 194419-001M is found
2025-05-30 11:37:18,755 [104] INFO  UOBCMS.Classes.Logger - AccountController\GetAccountPhone		Account Phone of Account: 194419-001M is found
2025-05-30 11:37:18,761 [104] INFO  UOBCMS.Classes.Logger - AccountController\GetAccountPhone		Account Phone of Account: 194419-001M is found
2025-05-30 11:37:18,776 [105] INFO  UOBCMS.Classes.Logger - AccountController\GetAccountEmail		Client Email of Account: 194419-001M is found
2025-05-30 11:37:18,793 [103] INFO  UOBCMS.Classes.Logger - AccountController\GetAccountEmail		Client Email of Account: 194419-001M is found
2025-05-30 11:37:18,806 [103] INFO  UOBCMS.Classes.Logger - AccountController\GetAccountEmail		Client Email of Account: 194419-001M is found
2025-05-30 11:37:18,820 [103] INFO  UOBCMS.Classes.Logger - AccountController\GetAccountAddress		Account Address of Account: 194419-001M is found
2025-05-30 11:37:18,837 [105] INFO  UOBCMS.Classes.Logger - AccountController\GetAccountAddress		Account Address of Account: 194419-001M is found
2025-05-30 11:37:21,979 [104] INFO  UOBCMS.Classes.Logger - AccountController\GetAccountPhone		Account Phone of Account: 194419-001M is found
2025-05-30 11:37:21,985 [103] INFO  UOBCMS.Classes.Logger - AccountController\GetIBOAccountCRS		Account Code: 194419-001M
2025-05-30 11:37:21,990 [104] INFO  UOBCMS.Classes.Logger - AccountController\GetAccountAddresses		Account Addresss of Account: 194419-001M is found
2025-05-30 11:37:24,603 [103] INFO  UOBCMS.Classes.Logger - AccountController\GetIBOAccountCPerson		Account Code: 194419-001M
2025-05-30 11:37:31,150 [104] INFO  UOBCMS.Classes.Logger - AccountController\GetAccountbyAccno		Account: 194419-001M is found
2025-05-30 11:37:31,157 [103] INFO  UOBCMS.Classes.Logger - AccountController\GetAccountbyAccno		Account: 194419-001M is found
2025-05-30 11:37:31,158 [103] INFO  UOBCMS.Classes.Logger - AccountController\GetIBOAccountCPerson		Account Code: 194419-001M
2025-05-30 11:37:31,202 [103] INFO  UOBCMS.Classes.Logger - AccountController\GetAccountPhone		Account Phone of Account: 194419-001M is found
2025-05-30 11:37:31,273 [112] INFO  UOBCMS.Classes.Logger - AccountController\GetAccountPhone		Account Phone of Account: 194419-001M is found
2025-05-30 11:37:31,274 [104] INFO  UOBCMS.Classes.Logger - AccountController\GetIBOAccountCRS		Account Code: 194419-001M
2025-05-30 11:37:31,278 [103] INFO  UOBCMS.Classes.Logger - AccountController\GetAccountAddresses		Account Addresss of Account: 194419-001M is found
2025-05-30 11:37:31,278 [104] INFO  UOBCMS.Classes.Logger - AccountController\GetIBOAccountCPerson		Account Code: 194419-001M
2025-05-30 11:37:37,756 [103] INFO  UOBCMS.Classes.Logger - AccountController\GetAccountbyAccno		Account: 194419-001M is found
2025-05-30 11:37:37,761 [103] INFO  UOBCMS.Classes.Logger - AccountController\GetAccountbyAccno		Account: 194419-001M is found
2025-05-30 11:37:37,762 [103] INFO  UOBCMS.Classes.Logger - AccountController\GetIBOAccountCPerson		Account Code: 194419-001M
2025-05-30 11:37:37,803 [112] INFO  UOBCMS.Classes.Logger - AccountController\GetAccountPhone		Account Phone of Account: 194419-001M is found
2025-05-30 11:37:37,809 [112] INFO  UOBCMS.Classes.Logger - AEController\GetAEbyAccno		AE of: 194419-001M is found
2025-05-30 11:37:38,542 [103] INFO  UOBCMS.Classes.Logger - AccountController\GetAccountEmail		Client Email of Account: 194419-001M is found
2025-05-30 11:38:12,648 [101] INFO  UOBCMS.Classes.Logger - AccountController\GetAccountPhone		Account Phone of Account: 194419-001M is found
2025-05-30 11:38:19,491 [103] INFO  UOBCMS.Classes.Logger - AccountController\GetIBOAccountCRS		Account Code: 194419-001M
2025-05-30 11:38:19,494 [100] INFO  UOBCMS.Classes.Logger - AccountController\GetAccountAddresses		Account Addresss of Account: 194419-001M is found
2025-05-30 11:38:19,495 [100] INFO  UOBCMS.Classes.Logger - AccountController\GetIBOAccountCPerson		Account Code: 194419-001M
2025-05-30 11:38:25,463 [100] INFO  UOBCMS.Classes.Logger - AccountController\SaveBulkPhone		UOBCMS.Models.api.body_cms_client_phone
2025-05-30 11:38:25,486 [103] INFO  UOBCMS.Classes.Logger - AccountController\GetAccountEmail		Client Email of Account: 194419-001M is found
2025-05-30 11:39:24,058 [97] INFO  UOBCMS.Classes.Logger - AccountController\GetAccountbyAccno		Account: 194419-001M is found
2025-05-30 11:39:25,458 [97] INFO  UOBCMS.Classes.Logger - AccountController\GetAccountbyAccno		Account: 194419-001M is found
2025-05-30 11:39:25,502 [97] INFO  UOBCMS.Classes.Logger - AccountController\GetAccountPhone		Account Phone of Account: 194419-001M is found
2025-05-30 11:39:25,515 [98] INFO  UOBCMS.Classes.Logger - AccountController\GetAccountPhone		Account Phone of Account: 194419-001M is found
2025-05-30 11:39:25,526 [97] INFO  UOBCMS.Classes.Logger - AccountController\GetAccountPhone		Account Phone of Account: 194419-001M is found
2025-05-30 11:39:25,537 [99] INFO  UOBCMS.Classes.Logger - AccountController\GetAccountPhone		Account Phone of Account: 194419-001M is found
2025-05-30 11:39:25,555 [99] INFO  UOBCMS.Classes.Logger - AccountController\GetAccountEmail		Client Email of Account: 194419-001M is found
2025-05-30 11:39:25,569 [99] INFO  UOBCMS.Classes.Logger - AccountController\GetAccountEmail		Client Email of Account: 194419-001M is found
2025-05-30 11:39:25,583 [96] INFO  UOBCMS.Classes.Logger - AccountController\GetAccountEmail		Client Email of Account: 194419-001M is found
2025-05-30 11:39:25,598 [97] INFO  UOBCMS.Classes.Logger - AccountController\GetAccountAddress		Account Address of Account: 194419-001M is found
2025-05-30 11:39:25,614 [98] INFO  UOBCMS.Classes.Logger - AccountController\GetAccountAddress		Account Address of Account: 194419-001M is found
2025-05-30 11:39:28,761 [97] INFO  UOBCMS.Classes.Logger - AccountController\GetAccountPhone		Account Phone of Account: 194419-001M is found
2025-05-30 11:39:28,762 [96] INFO  UOBCMS.Classes.Logger - AccountController\GetIBOAccountCRS		Account Code: 194419-001M
2025-05-30 11:39:28,766 [96] INFO  UOBCMS.Classes.Logger - AccountController\GetAccountAddresses		Account Addresss of Account: 194419-001M is found
2025-05-30 11:39:28,766 [96] INFO  UOBCMS.Classes.Logger - AccountController\GetIBOAccountCPerson		Account Code: 194419-001M
2025-05-30 11:39:32,316 [96] INFO  UOBCMS.Classes.Logger - AccountController\GetAccountbyAccno		Account: 194419-001M is found
2025-05-30 11:39:32,320 [97] INFO  UOBCMS.Classes.Logger - AccountController\GetAccountbyAccno		Account: 194419-001M is found
2025-05-30 11:39:32,321 [97] INFO  UOBCMS.Classes.Logger - AccountController\GetIBOAccountCPerson		Account Code: 194419-001M
2025-05-30 11:39:32,358 [99] INFO  UOBCMS.Classes.Logger - AccountController\GetAccountPhone		Account Phone of Account: 194419-001M is found
2025-05-30 11:39:32,418 [97] INFO  UOBCMS.Classes.Logger - AccountController\GetAccountPhone		Account Phone of Account: 194419-001M is found
2025-05-30 11:39:32,419 [97] INFO  UOBCMS.Classes.Logger - AccountController\GetIBOAccountCRS		Account Code: 194419-001M
2025-05-30 11:39:32,422 [97] INFO  UOBCMS.Classes.Logger - AccountController\GetAccountAddresses		Account Addresss of Account: 194419-001M is found
2025-05-30 11:39:32,423 [97] INFO  UOBCMS.Classes.Logger - AccountController\GetIBOAccountCPerson		Account Code: 194419-001M
2025-05-30 11:39:35,273 [98] INFO  UOBCMS.Classes.Logger - AccountController\GetAccountbyAccno		Account: 194419-001M is found
2025-05-30 11:39:35,279 [98] INFO  UOBCMS.Classes.Logger - AccountController\GetAccountbyAccno		Account: 194419-001M is found
2025-05-30 11:39:35,280 [98] INFO  UOBCMS.Classes.Logger - AccountController\GetIBOAccountCPerson		Account Code: 194419-001M
2025-05-30 11:39:35,320 [98] INFO  UOBCMS.Classes.Logger - AccountController\GetAccountPhone		Account Phone of Account: 194419-001M is found
2025-05-30 11:39:35,326 [98] INFO  UOBCMS.Classes.Logger - AEController\GetAEbyAccno		AE of: 194419-001M is found
2025-05-30 11:39:35,921 [96] INFO  UOBCMS.Classes.Logger - AccountController\GetAccountEmail		Client Email of Account: 194419-001M is found
2025-05-30 11:46:40,150 [74] INFO  UOBCMS.Classes.Logger - AccountController\GetAccountbyAccno		Account: 194419-001M is found
2025-05-30 11:46:44,504 [76] INFO  UOBCMS.Classes.Logger - AccountController\GetAccountbyAccno		Account: 194419-001M is found
2025-05-30 11:46:44,538 [70] INFO  UOBCMS.Classes.Logger - AccountController\GetAccountPhone		Account Phone of Account: 194419-001M is found
2025-05-30 11:46:44,566 [76] INFO  UOBCMS.Classes.Logger - AccountController\GetAccountPhone		Account Phone of Account: 194419-001M is found
2025-05-30 11:46:44,577 [74] INFO  UOBCMS.Classes.Logger - AccountController\GetAccountPhone		Account Phone of Account: 194419-001M is found
2025-05-30 11:46:44,583 [76] INFO  UOBCMS.Classes.Logger - AccountController\GetAccountPhone		Account Phone of Account: 194419-001M is found
2025-05-30 11:46:44,593 [74] INFO  UOBCMS.Classes.Logger - AccountController\GetAccountEmail		Client Email of Account: 194419-001M is found
2025-05-30 11:46:44,610 [73] INFO  UOBCMS.Classes.Logger - AccountController\GetAccountEmail		Client Email of Account: 194419-001M is found
2025-05-30 11:46:44,623 [70] INFO  UOBCMS.Classes.Logger - AccountController\GetAccountEmail		Client Email of Account: 194419-001M is found
2025-05-30 11:46:44,637 [70] INFO  UOBCMS.Classes.Logger - AccountController\GetAccountAddress		Account Address of Account: 194419-001M is found
2025-05-30 11:46:44,657 [70] INFO  UOBCMS.Classes.Logger - AccountController\GetAccountAddress		Account Address of Account: 194419-001M is found
2025-05-30 11:46:52,309 [73] INFO  UOBCMS.Classes.Logger - AccountController\GetAccountAddress		Account Address of Account: 194419-001M is found
2025-05-30 11:46:52,313 [73] INFO  UOBCMS.Classes.Logger - AccountController\GetIBOAccountCRS		Account Code: 194419-001M
2025-05-30 11:46:52,363 [76] INFO  UOBCMS.Classes.Logger - AccountController\GetAccountPhones		Account Phone of Account: 194419-001M is found
2025-05-30 11:47:01,776 [73] INFO  UOBCMS.Classes.Logger - AccountController\GetAccountbyAccno		Account: 194419-001M is found
2025-05-30 11:47:01,783 [73] INFO  UOBCMS.Classes.Logger - AccountController\GetAccountbyAccno		Account: 194419-001M is found
2025-05-30 11:47:01,798 [73] INFO  UOBCMS.Classes.Logger - AccountController\GetAccountAddress		Account Address of Account: 194419-001M is found
2025-05-30 11:47:01,861 [73] INFO  UOBCMS.Classes.Logger - AccountController\GetIBOAccountCRS		Account Code: 194419-001M
2025-05-30 11:47:01,878 [73] INFO  UOBCMS.Classes.Logger - AccountController\GetAccountAddress		Account Address of Account: 194419-001M is found
2025-05-30 11:47:01,881 [73] INFO  UOBCMS.Classes.Logger - AccountController\GetAccountPhones		Account Phone of Account: 194419-001M is found
2025-05-30 11:47:05,699 [74] INFO  UOBCMS.Classes.Logger - AccountController\GetAccountbyAccno		Account: 194419-001M is found
2025-05-30 11:47:05,702 [73] INFO  UOBCMS.Classes.Logger - AccountController\GetAccountbyAccno		Account: 194419-001M is found
2025-05-30 11:47:05,711 [73] INFO  UOBCMS.Classes.Logger - AccountController\GetAccountAddress		Account Address of Account: 194419-001M is found
2025-05-30 11:47:05,715 [73] INFO  UOBCMS.Classes.Logger - AEController\GetAEbyAccno		AE of: 194419-001M is found
2025-05-30 11:47:06,803 [76] INFO  UOBCMS.Classes.Logger - AccountController\GetAccountEmail		Client Email of Account: 194419-001M is found
2025-05-30 11:52:10,429 [54] INFO  UOBCMS.Classes.Logger - AccountController\GetAccountbyAccno		Account: 194419-001M is found
2025-05-30 11:52:16,069 [52] INFO  UOBCMS.Classes.Logger - AccountController\GetAccountbyAccno		Account: 194419-001M is found
2025-05-30 11:52:16,107 [52] INFO  UOBCMS.Classes.Logger - AccountController\GetAccountPhone		Account Phone of Account: 194419-001M is found
2025-05-30 11:52:16,119 [54] INFO  UOBCMS.Classes.Logger - AccountController\GetAccountPhone		Account Phone of Account: 194419-001M is found
2025-05-30 11:52:16,125 [54] INFO  UOBCMS.Classes.Logger - AccountController\GetAccountPhone		Account Phone of Account: 194419-001M is found
2025-05-30 11:52:16,131 [54] INFO  UOBCMS.Classes.Logger - AccountController\GetAccountPhone		Account Phone of Account: 194419-001M is found
2025-05-30 11:52:16,141 [54] INFO  UOBCMS.Classes.Logger - AccountController\GetAccountEmail		Client Email of Account: 194419-001M is found
2025-05-30 11:52:16,159 [52] INFO  UOBCMS.Classes.Logger - AccountController\GetAccountEmail		Client Email of Account: 194419-001M is found
2025-05-30 11:52:16,168 [53] INFO  UOBCMS.Classes.Logger - AccountController\GetAccountEmail		Client Email of Account: 194419-001M is found
2025-05-30 11:52:16,177 [51] INFO  UOBCMS.Classes.Logger - AccountController\GetAccountAddress		Account Address of Account: 194419-001M is found
2025-05-30 11:52:16,193 [52] INFO  UOBCMS.Classes.Logger - AccountController\GetAccountAddress		Account Address of Account: 194419-001M is found
2025-05-30 11:52:38,760 [47] INFO  UOBCMS.Classes.Logger - AccountController\GetAccountAddress		Account Address of Account: 194419-001M is found
2025-05-30 11:52:38,763 [47] INFO  UOBCMS.Classes.Logger - AccountController\GetIBOAccountCRS		Account Code: 194419-001M
2025-05-30 11:52:39,065 [49] INFO  UOBCMS.Classes.Logger - AccountController\GetAccountPhones		Account Phone of Account: 194419-001M is found
2025-05-30 11:52:47,154 [49] INFO  UOBCMS.Classes.Logger - AccountController\GetAccountEmail		Client Email of Account: 194419-001M is found
2025-05-30 11:52:54,997 [45] INFO  UOBCMS.Classes.Logger - AccountController\GetAccountbyAccno		Account: 194419-001M is found
2025-05-30 11:52:56,992 [47] INFO  UOBCMS.Classes.Logger - AccountController\GetAccountAddress		Account Address of Account: 194419-001M is found
2025-05-30 11:52:56,993 [45] INFO  UOBCMS.Classes.Logger - AccountController\GetIBOAccountCRS		Account Code: 194419-001M
2025-05-30 11:52:57,100 [47] INFO  UOBCMS.Classes.Logger - AccountController\GetAccountPhones		Account Phone of Account: 194419-001M is found
2025-05-30 11:52:59,662 [45] INFO  UOBCMS.Classes.Logger - AccountController\GetAccountEmail		Client Email of Account: 194419-001M is found
2025-05-30 11:53:03,446 [47] INFO  UOBCMS.Classes.Logger - AccountController\GetAccountPhone		Account Phone of Account: 194419-001M is found
2025-05-30 11:53:03,455 [49] INFO  UOBCMS.Classes.Logger - AccountController\GetAccountPhone		Account Phone of Account: 194419-001M is found
2025-05-30 11:53:03,464 [45] INFO  UOBCMS.Classes.Logger - AccountController\GetAccountPhone		Account Phone of Account: 194419-001M is found
2025-05-30 11:53:03,471 [48] INFO  UOBCMS.Classes.Logger - AccountController\GetAccountPhone		Account Phone of Account: 194419-001M is found
2025-05-30 11:53:03,482 [48] INFO  UOBCMS.Classes.Logger - AccountController\GetAccountEmail		Client Email of Account: 194419-001M is found
2025-05-30 11:53:03,490 [47] INFO  UOBCMS.Classes.Logger - AccountController\GetAccountEmail		Client Email of Account: 194419-001M is found
2025-05-30 11:53:03,497 [47] INFO  UOBCMS.Classes.Logger - AccountController\GetAccountEmail		Client Email of Account: 194419-001M is found
2025-05-30 11:53:03,505 [49] INFO  UOBCMS.Classes.Logger - AccountController\GetAccountAddress		Account Address of Account: 194419-001M is found
2025-05-30 11:53:03,512 [47] INFO  UOBCMS.Classes.Logger - AccountController\GetAccountAddress		Account Address of Account: 194419-001M is found
2025-05-30 11:53:09,593 [47] INFO  UOBCMS.Classes.Logger - AccountController\GetAccountAddress		Account Address of Account: 194419-001M is found
2025-05-30 11:53:09,594 [47] INFO  UOBCMS.Classes.Logger - AccountController\GetIBOAccountCRS		Account Code: 194419-001M
2025-05-30 11:53:09,622 [47] INFO  UOBCMS.Classes.Logger - AccountController\GetAccountPhones		Account Phone of Account: 194419-001M is found
2025-05-30 11:53:19,903 [47] INFO  UOBCMS.Classes.Logger - AccountController\GetAccountbyAccno		Account: 194419-001M is found
2025-05-30 11:53:19,908 [48] INFO  UOBCMS.Classes.Logger - AccountController\GetAccountbyAccno		Account: 194419-001M is found
2025-05-30 11:53:19,922 [48] INFO  UOBCMS.Classes.Logger - AccountController\GetAccountAddress		Account Address of Account: 194419-001M is found
2025-05-30 11:53:19,978 [45] INFO  UOBCMS.Classes.Logger - AccountController\GetIBOAccountCRS		Account Code: 194419-001M
2025-05-30 11:53:19,997 [45] INFO  UOBCMS.Classes.Logger - AccountController\GetAccountAddress		Account Address of Account: 194419-001M is found
2025-05-30 11:53:19,999 [47] INFO  UOBCMS.Classes.Logger - AccountController\GetAccountPhones		Account Phone of Account: 194419-001M is found
2025-05-30 11:53:23,895 [45] INFO  UOBCMS.Classes.Logger - AccountController\GetAccountbyAccno		Account: 194419-001M is found
2025-05-30 11:53:23,899 [45] INFO  UOBCMS.Classes.Logger - AccountController\GetAccountbyAccno		Account: 194419-001M is found
2025-05-30 11:53:23,913 [48] INFO  UOBCMS.Classes.Logger - AccountController\GetAccountAddress		Account Address of Account: 194419-001M is found
2025-05-30 11:53:23,918 [47] INFO  UOBCMS.Classes.Logger - AEController\GetAEbyAccno		AE of: 194419-001M is found
2025-05-30 11:53:25,030 [48] INFO  UOBCMS.Classes.Logger - AccountController\GetAccountEmail		Client Email of Account: 194419-001M is found
2025-05-30 15:55:43,925 [71] INFO  UOBCMS.Classes.Logger - AccountController\GetAccountbyAccno		Account: 194419-001M is found
2025-05-30 15:55:47,600 [76] INFO  UOBCMS.Classes.Logger - AccountController\GetAccountbyAccno		Account: 194419-001M is found
2025-05-30 15:55:47,641 [71] INFO  UOBCMS.Classes.Logger - AccountController\GetAccountPhone		Account Phone of Account: 194419-001M is found
2025-05-30 15:55:47,665 [71] INFO  UOBCMS.Classes.Logger - AccountController\GetAccountPhone		Account Phone of Account: 194419-001M is found
2025-05-30 15:55:47,684 [61] INFO  UOBCMS.Classes.Logger - AccountController\GetAccountPhone		Account Phone of Account: 194419-001M is found
2025-05-30 15:55:47,701 [61] INFO  UOBCMS.Classes.Logger - AccountController\GetAccountPhone		Account Phone of Account: 194419-001M is found
2025-05-30 15:55:47,719 [76] INFO  UOBCMS.Classes.Logger - AccountController\GetAccountEmail		Client Email of Account: 194419-001M is found
2025-05-30 15:55:47,735 [76] INFO  UOBCMS.Classes.Logger - AccountController\GetAccountEmail		Client Email of Account: 194419-001M is found
2025-05-30 15:55:47,744 [61] INFO  UOBCMS.Classes.Logger - AccountController\GetAccountEmail		Client Email of Account: 194419-001M is found
2025-05-30 15:55:47,754 [69] INFO  UOBCMS.Classes.Logger - AccountController\GetAccountAddress		Account Address of Account: 194419-001M is found
2025-05-30 15:55:47,768 [61] INFO  UOBCMS.Classes.Logger - AccountController\GetAccountAddress		Account Address of Account: 194419-001M is found
2025-05-30 15:56:01,014 [61] INFO  UOBCMS.Classes.Logger - AccountController\GetAccountAddress		Account Address of Account: 194419-001M is found
2025-05-30 15:56:01,016 [61] INFO  UOBCMS.Classes.Logger - AccountController\GetIBOAccountCRS		Account Code: 194419-001M
2025-05-30 15:56:01,333 [71] INFO  UOBCMS.Classes.Logger - AccountController\GetAccountPhones		Account Phone of Account: 194419-001M is found
2025-05-30 15:56:07,015 [69] INFO  UOBCMS.Classes.Logger - AccountController\GetAccountEmail		Client Email of Account: 194419-001M is found
2025-05-30 15:56:12,100 [76] INFO  UOBCMS.Classes.Logger - AccountController\GetAccountbyAccno		Account: 194419-001M is found
2025-05-30 15:56:14,404 [69] INFO  UOBCMS.Classes.Logger - AccountController\GetAccountAddress		Account Address of Account: 194419-001M is found
2025-05-30 15:56:14,406 [76] INFO  UOBCMS.Classes.Logger - AccountController\GetIBOAccountCRS		Account Code: 194419-001M
2025-05-30 15:56:14,527 [61] INFO  UOBCMS.Classes.Logger - AccountController\GetAccountPhones		Account Phone of Account: 194419-001M is found
2025-05-30 15:56:17,002 [61] INFO  UOBCMS.Classes.Logger - AccountController\GetAccountEmail		Client Email of Account: 194419-001M is found
2025-05-30 15:56:21,746 [69] INFO  UOBCMS.Classes.Logger - AccountController\GetAccountPhone		Account Phone of Account: 194419-001M is found
2025-05-30 15:56:21,755 [61] INFO  UOBCMS.Classes.Logger - AccountController\GetAccountPhone		Account Phone of Account: 194419-001M is found
2025-05-30 15:56:21,768 [69] INFO  UOBCMS.Classes.Logger - AccountController\GetAccountPhone		Account Phone of Account: 194419-001M is found
2025-05-30 15:56:21,777 [69] INFO  UOBCMS.Classes.Logger - AccountController\GetAccountPhone		Account Phone of Account: 194419-001M is found
2025-05-30 15:56:21,798 [69] INFO  UOBCMS.Classes.Logger - AccountController\GetAccountEmail		Client Email of Account: 194419-001M is found
2025-05-30 15:56:21,811 [61] INFO  UOBCMS.Classes.Logger - AccountController\GetAccountEmail		Client Email of Account: 194419-001M is found
2025-05-30 15:56:21,822 [71] INFO  UOBCMS.Classes.Logger - AccountController\GetAccountEmail		Client Email of Account: 194419-001M is found
2025-05-30 15:56:21,836 [69] INFO  UOBCMS.Classes.Logger - AccountController\GetAccountAddress		Account Address of Account: 194419-001M is found
2025-05-30 15:56:21,853 [71] INFO  UOBCMS.Classes.Logger - AccountController\GetAccountAddress		Account Address of Account: 194419-001M is found
2025-05-30 15:56:24,688 [76] INFO  UOBCMS.Classes.Logger - AccountController\GetAccountAddress		Account Address of Account: 194419-001M is found
2025-05-30 15:56:24,690 [69] INFO  UOBCMS.Classes.Logger - AccountController\GetIBOAccountCRS		Account Code: 194419-001M
2025-05-30 15:56:24,720 [69] INFO  UOBCMS.Classes.Logger - AccountController\GetAccountPhones		Account Phone of Account: 194419-001M is found
2025-05-30 15:58:15,179 [50] INFO  UOBCMS.Classes.Logger - AccountController\GetAccountbyAccno		Account: 194419-001M is found
2025-05-30 15:58:15,183 [50] INFO  UOBCMS.Classes.Logger - AccountController\GetAccountbyAccno		Account: 194419-001M is found
2025-05-30 15:58:15,193 [50] INFO  UOBCMS.Classes.Logger - AccountController\GetAccountAddress		Account Address of Account: 194419-001M is found
2025-05-30 15:58:15,251 [51] INFO  UOBCMS.Classes.Logger - AccountController\GetIBOAccountCRS		Account Code: 194419-001M
2025-05-30 15:58:15,267 [54] INFO  UOBCMS.Classes.Logger - AccountController\GetAccountAddress		Account Address of Account: 194419-001M is found
2025-05-30 15:58:15,272 [51] INFO  UOBCMS.Classes.Logger - AccountController\GetAccountPhones		Account Phone of Account: 194419-001M is found
2025-05-30 15:58:18,994 [55] INFO  UOBCMS.Classes.Logger - AccountController\GetAccountbyAccno		Account: 194419-001M is found
2025-05-30 15:58:18,997 [54] INFO  UOBCMS.Classes.Logger - AccountController\GetAccountbyAccno		Account: 194419-001M is found
2025-05-30 15:58:19,006 [54] INFO  UOBCMS.Classes.Logger - AccountController\GetAccountAddress		Account Address of Account: 194419-001M is found
2025-05-30 15:58:19,012 [54] INFO  UOBCMS.Classes.Logger - AEController\GetAEbyAccno		AE of: 194419-001M is found
2025-05-30 15:58:20,085 [51] INFO  UOBCMS.Classes.Logger - AccountController\GetAccountEmail		Client Email of Account: 194419-001M is found
2025-05-30 15:58:34,120 [51] INFO  UOBCMS.Classes.Logger - AccountController\GetAccountAddress		Account Address of Account: 194419-001M is found
2025-05-30 15:58:34,121 [51] INFO  UOBCMS.Classes.Logger - AccountController\GetIBOAccountCRS		Account Code: 194419-001M
2025-05-30 15:58:34,424 [55] INFO  UOBCMS.Classes.Logger - AccountController\GetAccountPhones		Account Phone of Account: 194419-001M is found
2025-05-30 15:58:35,189 [51] INFO  UOBCMS.Classes.Logger - AccountController\GetAccountAddress		Account Address of Account: 194419-001M is found
2025-05-30 15:58:35,191 [54] INFO  UOBCMS.Classes.Logger - AccountController\GetIBOAccountCRS		Account Code: 194419-001M
2025-05-30 15:58:35,480 [54] INFO  UOBCMS.Classes.Logger - AccountController\GetAccountPhones		Account Phone of Account: 194419-001M is found
2025-05-30 19:11:14,163 [21] INFO  UOBCMS.Classes.Logger - AccountController\GetAccountbyAccno		Account: 194419-001M is found
2025-05-30 19:11:20,561 [21] INFO  UOBCMS.Classes.Logger - AccountController\GetAccountbyAccno		Account: 194419-001M is found
2025-05-30 19:11:20,691 [21] INFO  UOBCMS.Classes.Logger - AccountController\GetAccountPhone		Account Phone of Account: 194419-001M is found
2025-05-30 19:11:20,723 [21] INFO  UOBCMS.Classes.Logger - AccountController\GetAccountPhone		Account Phone of Account: 194419-001M is found
2025-05-30 19:11:20,733 [15] INFO  UOBCMS.Classes.Logger - AccountController\GetAccountPhone		Account Phone of Account: 194419-001M is found
2025-05-30 19:11:20,740 [21] INFO  UOBCMS.Classes.Logger - AccountController\GetAccountPhone		Account Phone of Account: 194419-001M is found
2025-05-30 19:11:20,778 [21] INFO  UOBCMS.Classes.Logger - AccountController\GetAccountEmail		Client Email of Account: 194419-001M is found
2025-05-30 19:11:20,810 [15] INFO  UOBCMS.Classes.Logger - AccountController\GetAccountEmail		Client Email of Account: 194419-001M is found
2025-05-30 19:11:20,826 [20] INFO  UOBCMS.Classes.Logger - AccountController\GetAccountEmail		Client Email of Account: 194419-001M is found
2025-05-30 19:11:20,870 [21] INFO  UOBCMS.Classes.Logger - AccountController\GetAccountAddress		Account Address of Account: 194419-001M is found
2025-05-30 19:11:20,896 [21] INFO  UOBCMS.Classes.Logger - AccountController\GetAccountAddress		Account Address of Account: 194419-001M is found
2025-05-30 19:11:28,981 [20] INFO  UOBCMS.Classes.Logger - AccountController\GetAccountPhone		Account Phone of Account: 194419-001M is found
2025-05-30 19:11:28,993 [20] INFO  UOBCMS.Classes.Logger - AccountController\GetIBOAccountCRS		Account Code: 194419-001M
2025-05-30 19:11:29,092 [20] INFO  UOBCMS.Classes.Logger - AccountController\GetAccountAddresses		Account Addresss of Account: 194419-001M is found
2025-05-30 19:11:29,101 [20] INFO  UOBCMS.Classes.Logger - AccountController\GetIBOAccountCPerson		Account Code: 194419-001M
2025-05-30 19:13:00,231 [7] INFO  UOBCMS.Classes.Logger - AccountController\GetAccountbyAccno		Account: 194419-001M is found
2025-05-30 19:13:00,485 [10] INFO  UOBCMS.Classes.Logger - AccountController\GetAccountPhone		Account Phone of Account: 194419-001M is found
2025-05-30 19:13:00,868 [6] INFO  UOBCMS.Classes.Logger - AccountController\GetAccountbyAccno		Account: 194419-001M is found
2025-05-30 19:13:05,923 [10] INFO  UOBCMS.Classes.Logger - AccountController\GetAccountbyAccno		Account: 194419-001M is found
2025-05-30 19:13:06,436 [10] INFO  UOBCMS.Classes.Logger - AccountController\GetAccountEmail		Client Email of Account: 194419-001M is found
2025-05-30 19:13:06,794 [10] INFO  UOBCMS.Classes.Logger - AccountController\GetAccountbyAccno		Account: 194419-001M is found
2025-05-30 19:13:14,659 [10] INFO  UOBCMS.Classes.Logger - AccountController\GetAccountbyAccno		Account: 194419-001M is found
2025-05-30 19:13:17,605 [10] INFO  UOBCMS.Classes.Logger - AccountController\GetAccountbyAccno		Account: 194419-001M is found
2025-05-30 19:13:17,625 [6] INFO  UOBCMS.Classes.Logger - AccountController\GetAccountPhone		Account Phone of Account: 194419-001M is found
2025-05-30 19:13:17,635 [4] INFO  UOBCMS.Classes.Logger - AccountController\GetAccountPhone		Account Phone of Account: 194419-001M is found
2025-05-30 19:13:17,643 [6] INFO  UOBCMS.Classes.Logger - AccountController\GetAccountPhone		Account Phone of Account: 194419-001M is found
2025-05-30 19:13:17,651 [4] INFO  UOBCMS.Classes.Logger - AccountController\GetAccountPhone		Account Phone of Account: 194419-001M is found
2025-05-30 19:13:17,668 [10] INFO  UOBCMS.Classes.Logger - AccountController\GetAccountEmail		Client Email of Account: 194419-001M is found
2025-05-30 19:13:17,683 [7] INFO  UOBCMS.Classes.Logger - AccountController\GetAccountEmail		Client Email of Account: 194419-001M is found
2025-05-30 19:13:17,696 [7] INFO  UOBCMS.Classes.Logger - AccountController\GetAccountEmail		Client Email of Account: 194419-001M is found
2025-05-30 19:13:17,740 [7] INFO  UOBCMS.Classes.Logger - AccountController\GetAccountAddress		Account Address of Account: 194419-001M is found
2025-05-30 19:13:17,759 [7] INFO  UOBCMS.Classes.Logger - AccountController\GetAccountAddress		Account Address of Account: 194419-001M is found
2025-05-30 19:13:25,184 [20] INFO  UOBCMS.Classes.Logger - AccountController\GetAccountPhone		Account Phone of Account: 194419-001M is found
2025-05-30 19:13:25,235 [7] INFO  UOBCMS.Classes.Logger - AccountController\GetIBOAccountCRS		Account Code: 194419-001M
2025-05-30 19:13:25,318 [7] INFO  UOBCMS.Classes.Logger - AccountController\GetAccountAddresses		Account Addresss of Account: 194419-001M is found
2025-05-30 19:13:25,323 [7] INFO  UOBCMS.Classes.Logger - AccountController\GetIBOAccountCPerson		Account Code: 194419-001M
2025-05-30 19:13:31,745 [10] INFO  UOBCMS.Classes.Logger - AccountController\GetAccountEmail		Client Email of Account: 194419-001M is found
2025-05-30 19:13:35,583 [10] INFO  UOBCMS.Classes.Logger - AccountController\GetAccountPhone		Account Phone of Account: 194419-001M is found
2025-05-30 19:13:35,593 [20] INFO  UOBCMS.Classes.Logger - AccountController\GetAccountPhone		Account Phone of Account: 194419-001M is found
2025-05-30 19:13:35,601 [20] INFO  UOBCMS.Classes.Logger - AccountController\GetAccountPhone		Account Phone of Account: 194419-001M is found
2025-05-30 19:13:35,609 [20] INFO  UOBCMS.Classes.Logger - AccountController\GetAccountPhone		Account Phone of Account: 194419-001M is found
2025-05-30 19:13:35,623 [20] INFO  UOBCMS.Classes.Logger - AccountController\GetAccountEmail		Client Email of Account: 194419-001M is found
2025-05-30 19:13:35,632 [10] INFO  UOBCMS.Classes.Logger - AccountController\GetAccountEmail		Client Email of Account: 194419-001M is found
2025-05-30 19:13:35,642 [10] INFO  UOBCMS.Classes.Logger - AccountController\GetAccountEmail		Client Email of Account: 194419-001M is found
2025-05-30 19:13:35,650 [10] INFO  UOBCMS.Classes.Logger - AccountController\GetAccountAddress		Account Address of Account: 194419-001M is found
2025-05-30 19:13:35,671 [10] INFO  UOBCMS.Classes.Logger - AccountController\GetAccountAddress		Account Address of Account: 194419-001M is found
2025-05-30 19:13:41,325 [20] INFO  UOBCMS.Classes.Logger - AccountController\GetAccountPhone		Account Phone of Account: 194419-001M is found
2025-05-30 19:13:41,327 [20] INFO  UOBCMS.Classes.Logger - AccountController\GetIBOAccountCRS		Account Code: 194419-001M
2025-05-30 19:13:41,335 [10] INFO  UOBCMS.Classes.Logger - AccountController\GetAccountAddresses		Account Addresss of Account: 194419-001M is found
2025-05-30 19:13:41,336 [10] INFO  UOBCMS.Classes.Logger - AccountController\GetIBOAccountCPerson		Account Code: 194419-001M
2025-05-30 19:13:58,833 [10] INFO  UOBCMS.Classes.Logger - AccountController\GetAccountAddress		Account Address of Account: 194419-001M is found
2025-05-30 19:13:58,835 [10] INFO  UOBCMS.Classes.Logger - AccountController\GetIBOAccountCRS		Account Code: 194419-001M
2025-05-30 19:13:59,162 [7] INFO  UOBCMS.Classes.Logger - AccountController\GetAccountPhones		Account Phone of Account: 194419-001M is found
2025-05-30 19:14:09,253 [7] INFO  UOBCMS.Classes.Logger - AccountController\GetAccountAddress		Account Address of Account: 194419-001M is found
2025-05-30 19:14:09,255 [7] INFO  UOBCMS.Classes.Logger - AccountController\GetIBOAccountCRS		Account Code: 194419-001M
2025-05-30 19:14:09,551 [20] INFO  UOBCMS.Classes.Logger - AccountController\GetAccountPhones		Account Phone of Account: 194419-001M is found
2025-05-30 19:14:18,106 [10] INFO  UOBCMS.Classes.Logger - AccountController\GetAccountEmail		Client Email of Account: 194419-001M is found
2025-05-30 19:14:25,931 [7] INFO  UOBCMS.Classes.Logger - AccountController\GetAccountbyAccno		Account: 194419-001M is found
2025-05-30 19:14:28,744 [7] INFO  UOBCMS.Classes.Logger - AccountController\GetAccountAddress		Account Address of Account: 194419-001M is found
2025-05-30 19:14:28,745 [7] INFO  UOBCMS.Classes.Logger - AccountController\GetIBOAccountCRS		Account Code: 194419-001M
2025-05-30 19:14:28,870 [20] INFO  UOBCMS.Classes.Logger - AccountController\GetAccountPhones		Account Phone of Account: 194419-001M is found
2025-05-30 19:14:48,987 [20] INFO  UOBCMS.Classes.Logger - AccountController\GetAccountEmail		Client Email of Account: 194419-001M is found
