2025-04-24 10:02:28,525 [17] INFO  UOBCMS.Classes.Logger - AccountController\Details		Details of Account: 8703 is found
2025-04-24 10:02:30,158 [4] INFO  UOBCMS.Classes.Logger - AccountController\GetAccountAddInfos		Account Additional Info of Account: 8703 is found
2025-04-24 10:51:27,283 [136] INFO  UOBCMS.Classes.Logger - AccountController\Details		Details of Account: 8703 is found
2025-04-24 10:51:28,592 [136] INFO  UOBCMS.Classes.Logger - AccountController\GetAccountHKIDRs		HKIDR of Account: 8703 is found
2025-04-24 12:02:35,341 [112] INFO  UOBCMS.Classes.Logger - AccountController\Details		Details of Account: 8703 is found
2025-04-24 12:02:40,245 [30] INFO  UOBCMS.Classes.Logger - AccountController\GetAccountAddInfos		Account Additional Info of Account: 8703 is found
2025-04-24 14:31:33,517 [182] INFO  UOBCMS.Classes.Logger - AccountController\Details		Details of Account: 8703 is found
2025-04-24 14:31:34,598 [182] INFO  UOBCMS.Classes.Logger - AccountController\GetAccountAddInfos		Account Additional Info of Account: 8703 is found
2025-04-24 15:22:14,244 [17] INFO  UOBCMS.Classes.Logger - AccountController\Details		Details of Account: 8703 is found
2025-04-24 15:25:10,553 [6] INFO  UOBCMS.Classes.Logger - AccountController\Details		Details of Account: 8703 is found
2025-04-24 15:25:27,671 [4] INFO  UOBCMS.Classes.Logger - AccountController\Details		Details of Account: 8703 is found
2025-04-24 16:00:29,630 [6] INFO  UOBCMS.Classes.Logger - AccountController\Details		Details of Account: 8703 is found
2025-04-24 16:10:41,590 [25] INFO  UOBCMS.Classes.Logger - AccountController\Details		Details of Account: 8703 is found
2025-04-24 16:10:44,358 [22] INFO  UOBCMS.Classes.Logger - AccountController\GetAccountAddInfos		Account Additional Info of Account: 8703 is found
2025-04-24 16:28:44,982 [15] INFO  UOBCMS.Classes.Logger - AccountController\Details		Details of Account: 8703 is found
2025-04-24 16:29:17,753 [13] INFO  UOBCMS.Classes.Logger - AccountController\Details		Details of Account: 8703 is found
2025-04-24 16:30:14,554 [17] INFO  UOBCMS.Classes.Logger - AccountController\Details		Details of Account: 8703 is found
2025-04-24 16:31:07,416 [14] INFO  UOBCMS.Classes.Logger - AccountController\Details		Details of Account: 8703 is found
2025-04-24 16:31:09,691 [10] INFO  UOBCMS.Classes.Logger - AccountController\GetAccountAddInfos		Account Additional Info of Account: 8703 is found
2025-04-24 16:31:12,237 [10] INFO  UOBCMS.Classes.Logger - AccountController\GetAccountBanks		Account Banks Info of Account: 8703 is found
2025-04-24 16:31:13,021 [11] INFO  UOBCMS.Classes.Logger - AccountController\GetAccountBanks		Account Banks Info of Account: 8703 is found
2025-04-24 16:31:13,846 [14] INFO  UOBCMS.Classes.Logger - AccountController\GetAccountPhones		Phone of Account: 8703 is found
2025-04-24 16:31:14,871 [10] INFO  UOBCMS.Classes.Logger - AccountController\GetAccountDocs		Account Document of Account: 8703 is found
2025-04-24 16:31:15,246 [10] INFO  UOBCMS.Classes.Logger - AccountController\GetAccountAddInfos		Account Additional Info of Account: 8703 is found
2025-04-24 16:32:13,946 [10] INFO  UOBCMS.Classes.Logger - AccountController\Details		Details of Account: 8703 is found
2025-04-24 16:32:15,501 [10] INFO  UOBCMS.Classes.Logger - AccountController\GetAccountAddInfos		Account Additional Info of Account: 8703 is found
2025-04-24 16:33:19,374 [10] INFO  UOBCMS.Classes.Logger - AccountController\Details		Details of Account: 8703 is found
2025-04-24 16:42:49,159 [7] INFO  UOBCMS.Classes.Logger - AccountController\Details		Details of Account: 8703 is found
2025-04-24 16:42:50,811 [7] INFO  UOBCMS.Classes.Logger - AccountController\GetAccountAddInfos		Account Additional Info of Account: 8703 is found
2025-04-24 17:24:00,248 [4] INFO  UOBCMS.Classes.Logger - AccountController\Details		Details of Account: 25 is found
2025-04-24 18:26:59,134 [14] INFO  UOBCMS.Classes.Logger - AccountController\Details		Details of Account: 1774 is found
2025-04-24 18:27:06,179 [21] INFO  UOBCMS.Classes.Logger - AccountController\GetAccountMarkets		Market of Account: 1774 is found
2025-04-24 18:27:07,489 [21] INFO  UOBCMS.Classes.Logger - AccountController\GetAccountLimits		Limit of Account: 1774 is found
2025-04-24 18:27:10,969 [21] INFO  UOBCMS.Classes.Logger - AccountController\GetAccountPhones		Phone of Account: 1774 is found
2025-04-24 18:27:11,972 [21] INFO  UOBCMS.Classes.Logger - AccountController\GetAccountBanks		Account Banks Info of Account: 1774 is found
2025-04-24 18:27:12,676 [10] INFO  UOBCMS.Classes.Logger - AccountController\GetAccountAddInfos		Account Additional Info of Account: 1774 is found
2025-04-24 18:27:13,298 [21] INFO  UOBCMS.Classes.Logger - AccountController\GetAccountDocs		Account Document of Account: 1774 is found
2025-04-24 18:28:15,172 [13] INFO  UOBCMS.Classes.Logger - AccountController\Details		Details of Account: 1774 is found
2025-04-24 18:28:16,425 [13] INFO  UOBCMS.Classes.Logger - AccountController\GetAccountSocialMedias		Socal Media of Account: 1774 is found
2025-04-24 18:29:02,969 [5] INFO  UOBCMS.Classes.Logger - AccountController\Details		Details of Account: 1774 is found
2025-04-24 18:29:08,140 [12] INFO  UOBCMS.Classes.Logger - AccountController\GetAccountSocialMedias		Socal Media of Account: 1774 is found
2025-04-24 18:31:49,330 [10] INFO  UOBCMS.Classes.Logger - AccountController\GetAccountAddInfos		Account Additional Info of Account: 1774 is found
2025-04-24 18:31:50,178 [4] INFO  UOBCMS.Classes.Logger - AccountController\GetAccountSocialMedias		Socal Media of Account: 1774 is found
2025-04-24 18:31:52,473 [13] INFO  UOBCMS.Classes.Logger - AccountController\GetAccountMarkets		Market of Account: 1774 is found
2025-04-24 18:31:53,039 [4] INFO  UOBCMS.Classes.Logger - AccountController\GetAccountSocialMedias		Socal Media of Account: 1774 is found
2025-04-24 18:32:10,635 [7] INFO  UOBCMS.Classes.Logger - AccountController\GetAccountSocialMedias		Socal Media of Account: 1774 is found
2025-04-24 18:32:55,463 [6] INFO  UOBCMS.Classes.Logger - AccountController\GetAccountLimits		Limit of Account: 1774 is found
2025-04-24 18:32:55,468 [7] INFO  UOBCMS.Classes.Logger - AccountController\GetAccountSocialMedias		Socal Media of Account: 1774 is found
2025-04-24 18:32:56,394 [14] INFO  UOBCMS.Classes.Logger - AccountController\GetAccountMarkets		Market of Account: 1774 is found
2025-04-24 18:32:57,343 [14] INFO  UOBCMS.Classes.Logger - AccountController\GetAccountSocialMedias		Socal Media of Account: 1774 is found
