2025-05-08 10:57:31,754 [26] INFO  UOBCMS.Classes.Logger - AccountController\GetAccountbyAccno		Account: 194419-001M is found
2025-05-08 10:57:31,907 [30] INFO  UOBCMS.Classes.Logger - AccountController\GetAccountPhone		Account Phone of Account: 194419-001M is found
2025-05-08 10:57:31,984 [30] INFO  UOBCMS.Classes.Logger - AccountController\GetAccountPhone		Account Phone of Account: 194419-001M is found
2025-05-08 10:57:31,995 [30] INFO  UOBCMS.Classes.Logger - AccountController\GetAccountPhone		Account Phone of Account: 194419-001M is found
2025-05-08 10:57:32,004 [30] INFO  UOBCMS.Classes.Logger - AccountController\GetAccountPhone		Account Phone of Account: 194419-001M is found
2025-05-08 10:57:32,043 [30] INFO  UOBCMS.Classes.Logger - AccountController\GetAccountEmail		Client Email of Account: 194419-001M is found
2025-05-08 10:57:32,058 [30] INFO  UOBCMS.Classes.Logger - AccountController\GetAccountEmail		Client Email of Account: 194419-001M is found
2025-05-08 10:57:32,066 [30] INFO  UOBCMS.Classes.Logger - AccountController\GetAccountEmail		Client Email of Account: 194419-001M is found
2025-05-08 10:57:32,108 [29] INFO  UOBCMS.Classes.Logger - AccountController\GetAccountAddress		Account Address of Account: 194419-001M is found
2025-05-08 10:57:32,124 [30] INFO  UOBCMS.Classes.Logger - AccountController\GetAccountAddress		Account Address of Account: 194419-001M is found
2025-05-08 10:57:36,520 [29] INFO  UOBCMS.Classes.Logger - AccountController\GetAccountAddress		Account Address of Account: 194419-001M is found
2025-05-08 10:57:36,525 [29] INFO  UOBCMS.Classes.Logger - AccountController\GetIBOAccountCRS		Account Code: 194419-001M
2025-05-08 10:59:16,254 [38] INFO  UOBCMS.Classes.Logger - AccountController\GetAccountbyAccno		Account: 194419-001M is found
2025-05-08 10:59:16,259 [38] INFO  UOBCMS.Classes.Logger - AccountController\GetAccountbyAccno		Account: 194419-001M is found
2025-05-08 10:59:16,319 [35] INFO  UOBCMS.Classes.Logger - AccountController\GetIBOAccountCRS		Account Code: 194419-001M
2025-05-08 10:59:16,334 [35] INFO  UOBCMS.Classes.Logger - AccountController\GetAccountAddress		Account Address of Account: 194419-001M is found
2025-05-08 10:59:21,188 [39] INFO  UOBCMS.Classes.Logger - AccountController\GetIBOAccountCRS		Account Code: 194419-001M
2025-05-08 10:59:21,200 [38] INFO  UOBCMS.Classes.Logger - AccountController\GetAccountAddress		Account Address of Account: 194419-001M is found
2025-05-08 14:56:13,278 [82] INFO  UOBCMS.Classes.Logger - AccountController\GetAccountbyAccno		Account: 100753-001M is found
2025-05-08 14:56:16,111 [80] INFO  UOBCMS.Classes.Logger - AccountController\GetAccountbyAccno		Account: 100753-001M is found
2025-05-08 14:56:16,577 [7] ERROR UOBCMS.Classes.Logger - AccountController\GetAccountPhone		Account Phone of Account: 100753-001M is not found
2025-05-08 14:56:16,595 [7] ERROR UOBCMS.Classes.Logger - AccountController\GetAccountPhone		Account Phone of Account: 100753-001M is not found
2025-05-08 14:56:16,602 [81] ERROR UOBCMS.Classes.Logger - AccountController\GetAccountPhone		Account Phone of Account: 100753-001M is not found
2025-05-08 14:56:16,608 [81] ERROR UOBCMS.Classes.Logger - AccountController\GetAccountPhone		Account Phone of Account: 100753-001M is not found
2025-05-08 14:56:16,616 [7] ERROR UOBCMS.Classes.Logger - AccountController\GetAccountEmail		Client Email of Account: 100753-001M is not found
2025-05-08 14:56:16,623 [80] ERROR UOBCMS.Classes.Logger - AccountController\GetAccountEmail		Client Email of Account: 100753-001M is not found
2025-05-08 14:56:16,630 [7] ERROR UOBCMS.Classes.Logger - AccountController\GetAccountEmail		Client Email of Account: 100753-001M is not found
2025-05-08 14:56:16,638 [81] ERROR UOBCMS.Classes.Logger - AccountController\GetAccountAddress		Account Address of Account: 100753-001M is not found
2025-05-08 14:56:16,667 [7] ERROR UOBCMS.Classes.Logger - AccountController\GetAccountAddress		Account Address of Account: 100753-001M is not found
2025-05-08 14:56:18,540 [80] ERROR UOBCMS.Classes.Logger - AccountController\GetAccountAddress		Account Address of Account: 100753-001M is not found
2025-05-08 14:56:18,542 [80] INFO  UOBCMS.Classes.Logger - AccountController\GetIBOAccountCRS		Account Code: 100753-001M
2025-05-08 15:09:25,839 [166] INFO  UOBCMS.Classes.Logger - AccountController\GetAccountbyAccno		Account: 100753-001M is found
2025-05-08 15:09:28,238 [167] INFO  UOBCMS.Classes.Logger - AccountController\GetAccountbyAccno		Account: 100753-001M is found
2025-05-08 15:09:28,261 [165] ERROR UOBCMS.Classes.Logger - AccountController\GetAccountPhone		Account Phone of Account: 100753-001M is not found
2025-05-08 15:09:28,267 [165] ERROR UOBCMS.Classes.Logger - AccountController\GetAccountPhone		Account Phone of Account: 100753-001M is not found
2025-05-08 15:09:28,271 [165] ERROR UOBCMS.Classes.Logger - AccountController\GetAccountPhone		Account Phone of Account: 100753-001M is not found
2025-05-08 15:09:28,275 [4] ERROR UOBCMS.Classes.Logger - AccountController\GetAccountPhone		Account Phone of Account: 100753-001M is not found
2025-05-08 15:09:28,279 [166] ERROR UOBCMS.Classes.Logger - AccountController\GetAccountEmail		Client Email of Account: 100753-001M is not found
2025-05-08 15:09:28,285 [167] ERROR UOBCMS.Classes.Logger - AccountController\GetAccountEmail		Client Email of Account: 100753-001M is not found
2025-05-08 15:09:28,289 [167] ERROR UOBCMS.Classes.Logger - AccountController\GetAccountEmail		Client Email of Account: 100753-001M is not found
2025-05-08 15:09:28,293 [167] ERROR UOBCMS.Classes.Logger - AccountController\GetAccountAddress		Account Address of Account: 100753-001M is not found
2025-05-08 15:09:28,321 [167] ERROR UOBCMS.Classes.Logger - AccountController\GetAccountAddress		Account Address of Account: 100753-001M is not found
2025-05-08 15:09:29,912 [4] ERROR UOBCMS.Classes.Logger - AccountController\GetAccountAddress		Account Address of Account: 100753-001M is not found
2025-05-08 15:09:29,914 [167] INFO  UOBCMS.Classes.Logger - AccountController\GetIBOAccountCRS		Account Code: 100753-001M
2025-05-08 15:11:58,647 [73] INFO  UOBCMS.Classes.Logger - AccountController\GetAccountbyAccno		Account: 100753-001M is found
2025-05-08 15:12:00,783 [73] INFO  UOBCMS.Classes.Logger - AccountController\GetAccountbyAccno		Account: 100753-001M is found
2025-05-08 15:12:00,846 [73] ERROR UOBCMS.Classes.Logger - AccountController\GetAccountPhone		Account Phone of Account: 100753-001M is not found
2025-05-08 15:12:00,913 [73] ERROR UOBCMS.Classes.Logger - AccountController\GetAccountPhone		Account Phone of Account: 100753-001M is not found
2025-05-08 15:12:00,943 [73] ERROR UOBCMS.Classes.Logger - AccountController\GetAccountPhone		Account Phone of Account: 100753-001M is not found
2025-05-08 15:12:00,974 [78] ERROR UOBCMS.Classes.Logger - AccountController\GetAccountPhone		Account Phone of Account: 100753-001M is not found
2025-05-08 15:12:01,006 [71] ERROR UOBCMS.Classes.Logger - AccountController\GetAccountEmail		Client Email of Account: 100753-001M is not found
2025-05-08 15:12:01,046 [78] ERROR UOBCMS.Classes.Logger - AccountController\GetAccountEmail		Client Email of Account: 100753-001M is not found
2025-05-08 15:12:01,074 [78] ERROR UOBCMS.Classes.Logger - AccountController\GetAccountEmail		Client Email of Account: 100753-001M is not found
2025-05-08 15:12:01,106 [78] ERROR UOBCMS.Classes.Logger - AccountController\GetAccountAddress		Account Address of Account: 100753-001M is not found
2025-05-08 15:12:01,160 [71] ERROR UOBCMS.Classes.Logger - AccountController\GetAccountAddress		Account Address of Account: 100753-001M is not found
2025-05-08 15:12:03,008 [71] ERROR UOBCMS.Classes.Logger - AccountController\GetAccountAddress		Account Address of Account: 100753-001M is not found
2025-05-08 15:12:03,059 [78] INFO  UOBCMS.Classes.Logger - AccountController\GetIBOAccountCRS		Account Code: 100753-001M
2025-05-08 15:18:08,260 [28] INFO  UOBCMS.Classes.Logger - AccountController\GetAccountbyAccno		Account: 100753-001M is found
2025-05-08 15:18:11,850 [28] INFO  UOBCMS.Classes.Logger - AccountController\GetAccountbyAccno		Account: 100753-001M is found
2025-05-08 15:18:12,886 [26] ERROR UOBCMS.Classes.Logger - AccountController\GetAccountPhone		Account Phone of Account: 100753-001M is not found
2025-05-08 15:18:12,949 [26] ERROR UOBCMS.Classes.Logger - AccountController\GetAccountPhone		Account Phone of Account: 100753-001M is not found
2025-05-08 15:18:12,978 [23] ERROR UOBCMS.Classes.Logger - AccountController\GetAccountPhone		Account Phone of Account: 100753-001M is not found
2025-05-08 15:18:13,009 [28] ERROR UOBCMS.Classes.Logger - AccountController\GetAccountPhone		Account Phone of Account: 100753-001M is not found
2025-05-08 15:18:13,037 [28] ERROR UOBCMS.Classes.Logger - AccountController\GetAccountEmail		Client Email of Account: 100753-001M is not found
2025-05-08 15:18:13,068 [30] ERROR UOBCMS.Classes.Logger - AccountController\GetAccountEmail		Client Email of Account: 100753-001M is not found
2025-05-08 15:18:13,096 [30] ERROR UOBCMS.Classes.Logger - AccountController\GetAccountEmail		Client Email of Account: 100753-001M is not found
2025-05-08 15:18:13,122 [23] ERROR UOBCMS.Classes.Logger - AccountController\GetAccountAddress		Account Address of Account: 100753-001M is not found
2025-05-08 15:18:13,177 [23] ERROR UOBCMS.Classes.Logger - AccountController\GetAccountAddress		Account Address of Account: 100753-001M is not found
2025-05-08 15:18:19,251 [23] ERROR UOBCMS.Classes.Logger - AccountController\GetAccountAddress		Account Address of Account: 100753-001M is not found
2025-05-08 15:18:19,302 [23] INFO  UOBCMS.Classes.Logger - AccountController\GetIBOAccountCRS		Account Code: 100753-001M
2025-05-08 15:21:53,602 [95] INFO  UOBCMS.Classes.Logger - AccountController\GetAccountbyAccno		Account: 100753-001M is found
2025-05-08 15:21:58,277 [94] INFO  UOBCMS.Classes.Logger - AccountController\GetAccountbyAccno		Account: 100753-001M is found
2025-05-08 15:21:58,309 [94] ERROR UOBCMS.Classes.Logger - AccountController\GetAccountPhone		Account Phone of Account: 100753-001M is not found
2025-05-08 15:21:58,330 [92] ERROR UOBCMS.Classes.Logger - AccountController\GetAccountPhone		Account Phone of Account: 100753-001M is not found
2025-05-08 15:21:58,335 [99] ERROR UOBCMS.Classes.Logger - AccountController\GetAccountPhone		Account Phone of Account: 100753-001M is not found
2025-05-08 15:21:58,339 [95] ERROR UOBCMS.Classes.Logger - AccountController\GetAccountPhone		Account Phone of Account: 100753-001M is not found
2025-05-08 15:21:58,344 [99] ERROR UOBCMS.Classes.Logger - AccountController\GetAccountEmail		Client Email of Account: 100753-001M is not found
2025-05-08 15:21:58,350 [99] ERROR UOBCMS.Classes.Logger - AccountController\GetAccountEmail		Client Email of Account: 100753-001M is not found
2025-05-08 15:21:58,354 [99] ERROR UOBCMS.Classes.Logger - AccountController\GetAccountEmail		Client Email of Account: 100753-001M is not found
2025-05-08 15:21:58,358 [94] ERROR UOBCMS.Classes.Logger - AccountController\GetAccountAddress		Account Address of Account: 100753-001M is not found
2025-05-08 15:21:58,388 [99] ERROR UOBCMS.Classes.Logger - AccountController\GetAccountAddress		Account Address of Account: 100753-001M is not found
2025-05-08 15:22:00,715 [99] ERROR UOBCMS.Classes.Logger - AccountController\GetAccountAddress		Account Address of Account: 100753-001M is not found
2025-05-08 15:22:00,716 [92] INFO  UOBCMS.Classes.Logger - AccountController\GetIBOAccountCRS		Account Code: 100753-001M
2025-05-08 15:22:28,156 [97] INFO  UOBCMS.Classes.Logger - AccountController\GetAccountbyAccno		Account: 100753-001M is found
2025-05-08 15:22:28,163 [101] INFO  UOBCMS.Classes.Logger - AccountController\GetAccountbyAccno		Account: 100753-001M is found
2025-05-08 15:22:34,868 [101] INFO  UOBCMS.Classes.Logger - AccountController\GetAccountbyAccno		Account: 100753-001M is found
2025-05-08 15:22:34,871 [101] INFO  UOBCMS.Classes.Logger - AccountController\GetAccountbyAccno		Account: 100753-001M is found
2025-05-08 15:27:14,660 [131] INFO  UOBCMS.Classes.Logger - AccountController\GetAccountbyAccno		Account: 100753-001M is found
2025-05-08 15:27:16,956 [135] INFO  UOBCMS.Classes.Logger - AccountController\GetAccountbyAccno		Account: 100753-001M is found
2025-05-08 15:27:17,420 [135] ERROR UOBCMS.Classes.Logger - AccountController\GetAccountPhone		Account Phone of Account: 100753-001M is not found
2025-05-08 15:27:17,485 [135] ERROR UOBCMS.Classes.Logger - AccountController\GetAccountPhone		Account Phone of Account: 100753-001M is not found
2025-05-08 15:27:17,514 [137] ERROR UOBCMS.Classes.Logger - AccountController\GetAccountPhone		Account Phone of Account: 100753-001M is not found
2025-05-08 15:27:17,545 [135] ERROR UOBCMS.Classes.Logger - AccountController\GetAccountPhone		Account Phone of Account: 100753-001M is not found
2025-05-08 15:27:17,576 [135] ERROR UOBCMS.Classes.Logger - AccountController\GetAccountEmail		Client Email of Account: 100753-001M is not found
2025-05-08 15:27:17,609 [133] ERROR UOBCMS.Classes.Logger - AccountController\GetAccountEmail		Client Email of Account: 100753-001M is not found
2025-05-08 15:27:17,638 [134] ERROR UOBCMS.Classes.Logger - AccountController\GetAccountEmail		Client Email of Account: 100753-001M is not found
2025-05-08 15:27:17,667 [133] ERROR UOBCMS.Classes.Logger - AccountController\GetAccountAddress		Account Address of Account: 100753-001M is not found
2025-05-08 15:27:17,724 [134] ERROR UOBCMS.Classes.Logger - AccountController\GetAccountAddress		Account Address of Account: 100753-001M is not found
2025-05-08 15:27:19,795 [135] ERROR UOBCMS.Classes.Logger - AccountController\GetAccountAddress		Account Address of Account: 100753-001M is not found
2025-05-08 15:27:19,845 [133] INFO  UOBCMS.Classes.Logger - AccountController\GetIBOAccountCRS		Account Code: 100753-001M
2025-05-08 15:27:47,547 [130] INFO  UOBCMS.Classes.Logger - AccountController\GetAccountbyAccno		Account: 100753-001M is found
2025-05-08 15:27:47,552 [138] INFO  UOBCMS.Classes.Logger - AccountController\GetAccountbyAccno		Account: 100753-001M is found
2025-05-08 15:29:06,846 [150] INFO  UOBCMS.Classes.Logger - AccountController\GetAccountbyAccno		Account: 100753-001M is found
2025-05-08 15:29:09,474 [149] INFO  UOBCMS.Classes.Logger - AccountController\GetAccountbyAccno		Account: 100753-001M is found
2025-05-08 15:29:09,981 [150] ERROR UOBCMS.Classes.Logger - AccountController\GetAccountPhone		Account Phone of Account: 100753-001M is not found
2025-05-08 15:29:10,046 [149] ERROR UOBCMS.Classes.Logger - AccountController\GetAccountPhone		Account Phone of Account: 100753-001M is not found
2025-05-08 15:29:10,075 [150] ERROR UOBCMS.Classes.Logger - AccountController\GetAccountPhone		Account Phone of Account: 100753-001M is not found
2025-05-08 15:29:10,102 [151] ERROR UOBCMS.Classes.Logger - AccountController\GetAccountPhone		Account Phone of Account: 100753-001M is not found
2025-05-08 15:29:10,135 [153] ERROR UOBCMS.Classes.Logger - AccountController\GetAccountEmail		Client Email of Account: 100753-001M is not found
2025-05-08 15:29:10,170 [149] ERROR UOBCMS.Classes.Logger - AccountController\GetAccountEmail		Client Email of Account: 100753-001M is not found
2025-05-08 15:29:10,200 [150] ERROR UOBCMS.Classes.Logger - AccountController\GetAccountEmail		Client Email of Account: 100753-001M is not found
2025-05-08 15:29:10,230 [149] ERROR UOBCMS.Classes.Logger - AccountController\GetAccountAddress		Account Address of Account: 100753-001M is not found
2025-05-08 15:29:10,287 [153] ERROR UOBCMS.Classes.Logger - AccountController\GetAccountAddress		Account Address of Account: 100753-001M is not found
2025-05-08 15:29:12,112 [153] ERROR UOBCMS.Classes.Logger - AccountController\GetAccountAddress		Account Address of Account: 100753-001M is not found
2025-05-08 15:29:12,162 [150] INFO  UOBCMS.Classes.Logger - AccountController\GetIBOAccountCRS		Account Code: 100753-001M
2025-05-08 15:29:38,817 [149] INFO  UOBCMS.Classes.Logger - AccountController\GetAccountbyAccno		Account: 100753-001M is found
2025-05-08 15:29:38,820 [156] INFO  UOBCMS.Classes.Logger - AccountController\GetAccountbyAccno		Account: 100753-001M is found
2025-05-08 15:29:46,397 [156] INFO  UOBCMS.Classes.Logger - AccountController\GetIBOAccountCRS		Account Code: 100753-001M
2025-05-08 15:29:46,408 [153] ERROR UOBCMS.Classes.Logger - AccountController\GetAccountAddress		Account Address of Account: 100753-001M is not found
2025-05-08 15:29:50,896 [156] INFO  UOBCMS.Classes.Logger - AccountController\GetAccountbyAccno		Account: 100753-001M is found
2025-05-08 15:29:50,898 [152] INFO  UOBCMS.Classes.Logger - AccountController\GetAccountbyAccno		Account: 100753-001M is found
2025-05-08 15:29:56,090 [156] INFO  UOBCMS.Classes.Logger - AEController\GetAEbyAccno		AE of: 100753-001M is found
2025-05-08 15:30:03,073 [152] ERROR UOBCMS.Classes.Logger - AccountController\GetAccountEmail		Client Email of Account: 100753-001M is not found
2025-05-08 15:36:04,451 [203] ERROR UOBCMS.Classes.Logger - AccountController\GetAccountAddress		Account Address of Account: 100753-001M is not found
2025-05-08 15:36:04,490 [209] INFO  UOBCMS.Classes.Logger - AccountController\GetIBOAccountCRS		Account Code: 100753-001M
2025-05-08 15:36:16,737 [203] ERROR UOBCMS.Classes.Logger - AccountController\GetAccountAddress		Account Address of Account: 100753-001M is not found
2025-05-08 15:36:16,762 [203] INFO  UOBCMS.Classes.Logger - AccountController\GetIBOAccountCRS		Account Code: 100753-001M
2025-05-08 15:36:53,842 [208] ERROR UOBCMS.Classes.Logger - AccountController\GetAccountEmail		Client Email of Account: 100753-001M is not found
2025-05-08 15:37:25,538 [160] ERROR UOBCMS.Classes.Logger - AccountController\GetAccountEmail		Client Email of Account: 100753-001M is not found
2025-05-08 15:38:06,267 [205] ERROR UOBCMS.Classes.Logger - AccountController\GetAccountEmail		Client Email of Account: 100753-001M is not found
2025-05-08 15:38:41,396 [157] INFO  UOBCMS.Classes.Logger - AccountController\GetAccountEmail		Client Email of Account: 194419-001M is found
2025-05-08 15:39:45,838 [156] INFO  UOBCMS.Classes.Logger - AccountController\GetAccountbyAccno		Account: 194419-001M is found
2025-05-08 15:39:59,588 [129] INFO  UOBCMS.Classes.Logger - AccountController\GetAccountbyAccno		Account: 100753-001M is found
2025-05-08 15:40:01,939 [152] ERROR UOBCMS.Classes.Logger - AccountController\GetAccountAddress		Account Address of Account: 100753-001M is not found
2025-05-08 15:40:01,942 [129] INFO  UOBCMS.Classes.Logger - AccountController\GetIBOAccountCRS		Account Code: 100753-001M
2025-05-08 15:40:10,270 [156] INFO  UOBCMS.Classes.Logger - AccountController\GetAccountbyAccno		Account: 100753-001M is found
2025-05-08 15:40:10,273 [152] INFO  UOBCMS.Classes.Logger - AccountController\GetAccountbyAccno		Account: 100753-001M is found
2025-05-08 15:40:10,399 [159] INFO  UOBCMS.Classes.Logger - AccountController\GetIBOAccountCRS		Account Code: 100753-001M
2025-05-08 15:40:10,404 [159] ERROR UOBCMS.Classes.Logger - AccountController\GetAccountAddress		Account Address of Account: 100753-001M is not found
2025-05-08 15:40:13,054 [159] INFO  UOBCMS.Classes.Logger - AccountController\GetAccountbyAccno		Account: 100753-001M is found
2025-05-08 15:40:13,057 [152] INFO  UOBCMS.Classes.Logger - AccountController\GetAccountbyAccno		Account: 100753-001M is found
2025-05-08 15:40:13,118 [159] INFO  UOBCMS.Classes.Logger - AEController\GetAEbyAccno		AE of: 100753-001M is found
2025-05-08 15:40:14,089 [152] ERROR UOBCMS.Classes.Logger - AccountController\GetAccountEmail		Client Email of Account: 100753-001M is not found
2025-05-08 15:40:23,096 [159] INFO  UOBCMS.Classes.Logger - AccountController\GetAccountbyAccno		Account: 194419-001M is found
2025-05-08 15:40:25,364 [156] INFO  UOBCMS.Classes.Logger - AccountController\GetAccountbyAccno		Account: 194419-001M is found
2025-05-08 15:40:25,392 [156] INFO  UOBCMS.Classes.Logger - AccountController\GetAccountPhone		Account Phone of Account: 194419-001M is found
2025-05-08 15:40:25,413 [152] INFO  UOBCMS.Classes.Logger - AccountController\GetAccountPhone		Account Phone of Account: 194419-001M is found
2025-05-08 15:40:25,421 [159] INFO  UOBCMS.Classes.Logger - AccountController\GetAccountPhone		Account Phone of Account: 194419-001M is found
2025-05-08 15:40:25,427 [156] INFO  UOBCMS.Classes.Logger - AccountController\GetAccountPhone		Account Phone of Account: 194419-001M is found
2025-05-08 15:40:25,437 [156] INFO  UOBCMS.Classes.Logger - AccountController\GetAccountEmail		Client Email of Account: 194419-001M is found
2025-05-08 15:40:25,446 [156] INFO  UOBCMS.Classes.Logger - AccountController\GetAccountEmail		Client Email of Account: 194419-001M is found
2025-05-08 15:40:25,452 [129] INFO  UOBCMS.Classes.Logger - AccountController\GetAccountEmail		Client Email of Account: 194419-001M is found
2025-05-08 15:40:25,460 [129] INFO  UOBCMS.Classes.Logger - AccountController\GetAccountAddress		Account Address of Account: 194419-001M is found
2025-05-08 15:40:25,471 [156] INFO  UOBCMS.Classes.Logger - AccountController\GetAccountAddress		Account Address of Account: 194419-001M is found
2025-05-08 15:40:27,047 [156] INFO  UOBCMS.Classes.Logger - AccountController\GetAccountAddress		Account Address of Account: 194419-001M is found
2025-05-08 15:40:27,048 [129] INFO  UOBCMS.Classes.Logger - AccountController\GetIBOAccountCRS		Account Code: 194419-001M
2025-05-08 15:40:37,301 [156] INFO  UOBCMS.Classes.Logger - AccountController\GetAccountbyAccno		Account: 194419-001M is found
2025-05-08 15:40:37,304 [129] INFO  UOBCMS.Classes.Logger - AccountController\GetAccountbyAccno		Account: 194419-001M is found
2025-05-08 15:40:37,344 [152] INFO  UOBCMS.Classes.Logger - AccountController\GetIBOAccountCRS		Account Code: 194419-001M
2025-05-08 15:40:37,356 [156] INFO  UOBCMS.Classes.Logger - AccountController\GetAccountAddress		Account Address of Account: 194419-001M is found
2025-05-08 15:40:39,200 [158] INFO  UOBCMS.Classes.Logger - AccountController\GetAccountbyAccno		Account: 194419-001M is found
2025-05-08 15:40:39,204 [152] INFO  UOBCMS.Classes.Logger - AccountController\GetAccountbyAccno		Account: 194419-001M is found
2025-05-08 15:40:39,209 [152] INFO  UOBCMS.Classes.Logger - AEController\GetAEbyAccno		AE of: 194419-001M is found
2025-05-08 15:40:40,152 [156] INFO  UOBCMS.Classes.Logger - AccountController\GetAccountEmail		Client Email of Account: 194419-001M is found
2025-05-08 15:40:51,668 [156] ERROR UOBCMS.Classes.Logger - AccountController\GetAccountAddress		Account Address of Account: 100753-001M is not found
2025-05-08 15:40:51,669 [156] INFO  UOBCMS.Classes.Logger - AccountController\GetIBOAccountCRS		Account Code: 100753-001M
2025-05-08 15:40:54,447 [152] INFO  UOBCMS.Classes.Logger - AccountController\SaveBulkAddress		UOBCMS.Models.api.body_cms_client_address
2025-05-08 15:40:54,635 [152] ERROR UOBCMS.Classes.Logger - AccountController\GetAccountEmail		Client Email of Account: 100753-001M is not found
2025-05-08 15:41:04,715 [158] INFO  UOBCMS.Classes.Logger - AccountController\GetAccountAddress		Account Address of Account: 194419-001M is found
2025-05-08 15:41:04,716 [152] INFO  UOBCMS.Classes.Logger - AccountController\GetIBOAccountCRS		Account Code: 194419-001M
2025-05-08 15:41:08,006 [129] INFO  UOBCMS.Classes.Logger - AccountController\SaveBulkAddress		UOBCMS.Models.api.body_cms_client_address
2025-05-08 15:41:08,047 [158] INFO  UOBCMS.Classes.Logger - AccountController\GetAccountAddress		Account Address of Account: 194419-001M is found
2025-05-08 15:41:08,048 [129] INFO  UOBCMS.Classes.Logger - AccountController\SaveBulkAddress		UOBCMS.Models.api.body_cms_client_address
2025-05-08 15:41:08,072 [152] INFO  UOBCMS.Classes.Logger - AccountController\GetAccountEmail		Client Email of Account: 194419-001M is found
2025-05-08 15:41:11,504 [129] ERROR UOBCMS.Classes.Logger - AccountController\GetAccountAddress		Account Address of Account: 100753-001M is not found
2025-05-08 15:41:11,505 [129] INFO  UOBCMS.Classes.Logger - AccountController\GetIBOAccountCRS		Account Code: 100753-001M
2025-05-08 15:41:14,768 [152] INFO  UOBCMS.Classes.Logger - AccountController\SaveBulkAddress		UOBCMS.Models.api.body_cms_client_address
2025-05-08 15:41:14,786 [158] ERROR UOBCMS.Classes.Logger - AccountController\GetAccountEmail		Client Email of Account: 100753-001M is not found
2025-05-08 15:45:27,300 [23] ERROR UOBCMS.Classes.Logger - AccountController\GetAccountAddress		Account Address of Account: 100753-001M is not found
2025-05-08 15:45:27,333 [19] INFO  UOBCMS.Classes.Logger - AccountController\GetIBOAccountCRS		Account Code: 100753-001M
2025-05-08 15:45:33,113 [11] INFO  UOBCMS.Classes.Logger - AccountController\SaveBulkAddress		UOBCMS.Models.api.body_cms_client_address
2025-05-08 15:45:36,059 [23] ERROR UOBCMS.Classes.Logger - AccountController\GetAccountEmail		Client Email of Account: 100753-001M is not found
2025-05-08 15:45:49,421 [19] INFO  UOBCMS.Classes.Logger - AccountController\SaveBulkAddress		UOBCMS.Models.api.body_cms_client_address
2025-05-08 15:46:19,180 [19] ERROR UOBCMS.Classes.Logger - AccountController\GetAccountEmail		Client Email of Account: 100753-001M is not found
2025-05-08 15:51:25,099 [6] ERROR UOBCMS.Classes.Logger - AccountController\GetAccountAddress		Account Address of Account: 100753-001M is not found
2025-05-08 15:51:25,117 [11] INFO  UOBCMS.Classes.Logger - AccountController\GetIBOAccountCRS		Account Code: 100753-001M
2025-05-08 15:51:33,724 [11] INFO  UOBCMS.Classes.Logger - AccountController\SaveBulkAddress		UOBCMS.Models.api.body_cms_client_address
2025-05-08 15:51:33,920 [6] ERROR UOBCMS.Classes.Logger - AccountController\GetAccountEmail		Client Email of Account: 100753-001M is not found
2025-05-08 15:52:55,383 [6] ERROR UOBCMS.Classes.Logger - AccountController\GetAccountAddress		Account Address of Account: 100753-001M is not found
2025-05-08 15:52:55,400 [13] INFO  UOBCMS.Classes.Logger - AccountController\GetIBOAccountCRS		Account Code: 100753-001M
2025-05-08 15:52:58,508 [13] INFO  UOBCMS.Classes.Logger - AccountController\SaveBulkAddress		UOBCMS.Models.api.body_cms_client_address
2025-05-08 15:52:58,737 [13] ERROR UOBCMS.Classes.Logger - AccountController\GetAccountAddress		Account Address of Account: 100753-001M is not found
2025-05-08 15:52:58,743 [13] INFO  UOBCMS.Classes.Logger - AccountController\SaveBulkAddress		UOBCMS.Models.api.body_cms_client_address
2025-05-08 15:52:58,780 [13] ERROR UOBCMS.Classes.Logger - AccountController\GetAccountEmail		Client Email of Account: 100753-001M is not found
2025-05-08 16:20:52,410 [19] ERROR UOBCMS.Classes.Logger - AccountController\GetAccountAddress		Account Address of Account: 101097-001M is not found
2025-05-08 16:20:52,426 [23] INFO  UOBCMS.Classes.Logger - AccountController\GetIBOAccountCRS		Account Code: 101097-001M
2025-05-08 16:21:05,921 [23] INFO  UOBCMS.Classes.Logger - AccountController\SaveBulkAddress		UOBCMS.Models.api.body_cms_client_address
2025-05-08 16:21:34,696 [23] ERROR UOBCMS.Classes.Logger - AccountController\GetAccountAddress		Account Address of Account: 101097-001M is not found
2025-05-08 16:21:40,336 [14] INFO  UOBCMS.Classes.Logger - AccountController\SaveBulkAddress		UOBCMS.Models.api.body_cms_client_address
2025-05-08 16:21:40,379 [23] ERROR UOBCMS.Classes.Logger - AccountController\GetAccountEmail		Client Email of Account: 101097-001M is not found
2025-05-08 16:30:43,901 [25] INFO  UOBCMS.Classes.Logger - AccountController\Details		Details of Account: 8703 is found
2025-05-08 16:30:51,080 [25] INFO  UOBCMS.Classes.Logger - AccountController\GetAccountAddInfos		Account Additional Info of Account: 8703 is found
2025-05-08 16:30:52,482 [25] INFO  UOBCMS.Classes.Logger - AccountController\GetAccountBanks		Account Banks Info of Account: 8703 is found
2025-05-08 16:31:02,947 [25] INFO  UOBCMS.Classes.Logger - AccountController\GetAccountBanks		Account Banks Info of Account: 8703 is found
2025-05-08 16:31:04,164 [21] INFO  UOBCMS.Classes.Logger - AccountController\GetAccountPhones		Phone of Account: 8703 is found
2025-05-08 16:32:05,988 [21] INFO  UOBCMS.Classes.Logger - AccountController\Details		Details of Account: 8703 is found
2025-05-08 16:32:07,029 [21] INFO  UOBCMS.Classes.Logger - AccountController\GetAccountSocialMedias		Socal Media of Account: 8703 is found
2025-05-08 16:32:10,263 [21] INFO  UOBCMS.Classes.Logger - AccountController\GetAccountAddInfos		Account Additional Info of Account: 8703 is found
2025-05-08 16:32:10,808 [23] INFO  UOBCMS.Classes.Logger - AccountController\GetAccountBanks		Account Banks Info of Account: 8703 is found
2025-05-08 16:32:11,501 [20] INFO  UOBCMS.Classes.Logger - AccountController\GetAccountBanks		Account Banks Info of Account: 8703 is found
2025-05-08 17:59:58,218 [62] INFO  UOBCMS.Classes.Logger - AccountController\GetAccountbyAccno		Account: 194419-001M is found
2025-05-08 18:00:09,889 [60] INFO  UOBCMS.Classes.Logger - AccountController\GetAccountbyAccno		Account: 194419-001M is found
2025-05-08 18:00:11,202 [62] INFO  UOBCMS.Classes.Logger - AccountController\GetAccountPhone		Account Phone of Account: 194419-001M is found
2025-05-08 18:00:11,231 [60] INFO  UOBCMS.Classes.Logger - AccountController\GetAccountPhone		Account Phone of Account: 194419-001M is found
2025-05-08 18:00:11,239 [60] INFO  UOBCMS.Classes.Logger - AccountController\GetAccountPhone		Account Phone of Account: 194419-001M is found
2025-05-08 18:00:11,246 [65] INFO  UOBCMS.Classes.Logger - AccountController\GetAccountPhone		Account Phone of Account: 194419-001M is found
2025-05-08 18:00:11,265 [63] INFO  UOBCMS.Classes.Logger - AccountController\GetAccountEmail		Client Email of Account: 194419-001M is found
2025-05-08 18:00:11,275 [60] INFO  UOBCMS.Classes.Logger - AccountController\GetAccountEmail		Client Email of Account: 194419-001M is found
2025-05-08 18:00:11,282 [60] INFO  UOBCMS.Classes.Logger - AccountController\GetAccountEmail		Client Email of Account: 194419-001M is found
2025-05-08 18:00:11,299 [63] INFO  UOBCMS.Classes.Logger - AccountController\GetAccountAddress		Account Address of Account: 194419-001M is found
2025-05-08 18:00:11,310 [63] INFO  UOBCMS.Classes.Logger - AccountController\GetAccountAddress		Account Address of Account: 194419-001M is found
2025-05-08 18:00:13,401 [63] INFO  UOBCMS.Classes.Logger - AccountController\GetAccountAddress		Account Address of Account: 194419-001M is found
2025-05-08 18:00:13,406 [60] INFO  UOBCMS.Classes.Logger - AccountController\GetIBOAccountCRS		Account Code: 194419-001M
2025-05-08 18:00:20,562 [62] INFO  UOBCMS.Classes.Logger - AccountController\GetAccountAddress		Account Address of Account: 194419-001M is found
2025-05-08 18:00:20,563 [62] INFO  UOBCMS.Classes.Logger - AccountController\GetIBOAccountCRS		Account Code: 194419-001M
2025-05-08 18:00:23,868 [60] INFO  UOBCMS.Classes.Logger - AccountController\GetAccountAddress		Account Address of Account: 194419-001M is found
2025-05-08 18:00:23,870 [60] INFO  UOBCMS.Classes.Logger - AccountController\GetIBOAccountCRS		Account Code: 194419-001M
2025-05-08 18:03:21,582 [74] INFO  UOBCMS.Classes.Logger - AccountController\GetAccountbyAccno		Account: 194419-001M is found
2025-05-08 18:03:23,841 [74] INFO  UOBCMS.Classes.Logger - AccountController\GetAccountbyAccno		Account: 194419-001M is found
2025-05-08 18:03:25,708 [76] INFO  UOBCMS.Classes.Logger - AccountController\GetAccountPhone		Account Phone of Account: 194419-001M is found
2025-05-08 18:03:25,719 [76] INFO  UOBCMS.Classes.Logger - AccountController\GetAccountPhone		Account Phone of Account: 194419-001M is found
2025-05-08 18:03:25,727 [76] INFO  UOBCMS.Classes.Logger - AccountController\GetAccountPhone		Account Phone of Account: 194419-001M is found
2025-05-08 18:03:25,734 [76] INFO  UOBCMS.Classes.Logger - AccountController\GetAccountPhone		Account Phone of Account: 194419-001M is found
2025-05-08 18:03:25,744 [74] INFO  UOBCMS.Classes.Logger - AccountController\GetAccountEmail		Client Email of Account: 194419-001M is found
2025-05-08 18:03:25,753 [73] INFO  UOBCMS.Classes.Logger - AccountController\GetAccountEmail		Client Email of Account: 194419-001M is found
2025-05-08 18:03:25,761 [74] INFO  UOBCMS.Classes.Logger - AccountController\GetAccountEmail		Client Email of Account: 194419-001M is found
2025-05-08 18:03:25,770 [74] INFO  UOBCMS.Classes.Logger - AccountController\GetAccountAddress		Account Address of Account: 194419-001M is found
2025-05-08 18:03:25,781 [76] INFO  UOBCMS.Classes.Logger - AccountController\GetAccountAddress		Account Address of Account: 194419-001M is found
2025-05-08 18:03:27,834 [76] INFO  UOBCMS.Classes.Logger - AccountController\GetAccountAddress		Account Address of Account: 194419-001M is found
2025-05-08 18:03:27,836 [73] INFO  UOBCMS.Classes.Logger - AccountController\GetIBOAccountCRS		Account Code: 194419-001M
2025-05-08 18:03:32,376 [73] INFO  UOBCMS.Classes.Logger - AccountController\GetAccountAddress		Account Address of Account: 194419-001M is found
2025-05-08 18:03:32,377 [73] INFO  UOBCMS.Classes.Logger - AccountController\GetIBOAccountCRS		Account Code: 194419-001M
2025-05-08 18:14:20,151 [111] INFO  UOBCMS.Classes.Logger - AccountController\GetAccountbyAccno		Account: 194419-001M is found
2025-05-08 18:14:23,367 [111] INFO  UOBCMS.Classes.Logger - AccountController\GetAccountbyAccno		Account: 194419-001M is found
2025-05-08 18:14:24,204 [112] INFO  UOBCMS.Classes.Logger - AccountController\GetAccountPhone		Account Phone of Account: 194419-001M is found
2025-05-08 18:14:24,226 [112] INFO  UOBCMS.Classes.Logger - AccountController\GetAccountPhone		Account Phone of Account: 194419-001M is found
2025-05-08 18:14:24,240 [111] INFO  UOBCMS.Classes.Logger - AccountController\GetAccountPhone		Account Phone of Account: 194419-001M is found
2025-05-08 18:14:24,252 [112] INFO  UOBCMS.Classes.Logger - AccountController\GetAccountPhone		Account Phone of Account: 194419-001M is found
2025-05-08 18:14:24,270 [111] INFO  UOBCMS.Classes.Logger - AccountController\GetAccountEmail		Client Email of Account: 194419-001M is found
2025-05-08 18:14:24,284 [116] INFO  UOBCMS.Classes.Logger - AccountController\GetAccountEmail		Client Email of Account: 194419-001M is found
2025-05-08 18:14:24,294 [116] INFO  UOBCMS.Classes.Logger - AccountController\GetAccountEmail		Client Email of Account: 194419-001M is found
2025-05-08 18:14:24,313 [116] INFO  UOBCMS.Classes.Logger - AccountController\GetAccountAddress		Account Address of Account: 194419-001M is found
2025-05-08 18:14:24,332 [116] INFO  UOBCMS.Classes.Logger - AccountController\GetAccountAddress		Account Address of Account: 194419-001M is found
2025-05-08 18:14:29,249 [113] INFO  UOBCMS.Classes.Logger - AccountController\GetAccountAddress		Account Address of Account: 194419-001M is found
2025-05-08 18:14:29,251 [116] INFO  UOBCMS.Classes.Logger - AccountController\GetIBOAccountCRS		Account Code: 194419-001M
2025-05-08 18:18:46,769 [131] INFO  UOBCMS.Classes.Logger - AccountController\GetAccountbyAccno		Account: 194419-001M is found
2025-05-08 18:18:49,299 [129] INFO  UOBCMS.Classes.Logger - AccountController\GetAccountbyAccno		Account: 194419-001M is found
2025-05-08 18:18:49,324 [128] INFO  UOBCMS.Classes.Logger - AccountController\GetAccountPhone		Account Phone of Account: 194419-001M is found
2025-05-08 18:18:49,335 [129] INFO  UOBCMS.Classes.Logger - AccountController\GetAccountPhone		Account Phone of Account: 194419-001M is found
2025-05-08 18:18:49,342 [128] INFO  UOBCMS.Classes.Logger - AccountController\GetAccountPhone		Account Phone of Account: 194419-001M is found
2025-05-08 18:18:49,348 [129] INFO  UOBCMS.Classes.Logger - AccountController\GetAccountPhone		Account Phone of Account: 194419-001M is found
2025-05-08 18:18:49,358 [128] INFO  UOBCMS.Classes.Logger - AccountController\GetAccountEmail		Client Email of Account: 194419-001M is found
2025-05-08 18:18:49,367 [131] INFO  UOBCMS.Classes.Logger - AccountController\GetAccountEmail		Client Email of Account: 194419-001M is found
2025-05-08 18:18:49,373 [131] INFO  UOBCMS.Classes.Logger - AccountController\GetAccountEmail		Client Email of Account: 194419-001M is found
2025-05-08 18:18:49,380 [131] INFO  UOBCMS.Classes.Logger - AccountController\GetAccountAddress		Account Address of Account: 194419-001M is found
2025-05-08 18:18:49,390 [131] INFO  UOBCMS.Classes.Logger - AccountController\GetAccountAddress		Account Address of Account: 194419-001M is found
2025-05-08 18:18:53,058 [131] INFO  UOBCMS.Classes.Logger - AccountController\GetAccountAddress		Account Address of Account: 194419-001M is found
2025-05-08 18:18:53,059 [131] INFO  UOBCMS.Classes.Logger - AccountController\GetIBOAccountCRS		Account Code: 194419-001M
2025-05-08 18:20:20,737 [135] INFO  UOBCMS.Classes.Logger - AccountController\GetAccountbyAccno		Account: 194419-001M is found
2025-05-08 18:20:24,105 [138] INFO  UOBCMS.Classes.Logger - AccountController\GetAccountbyAccno		Account: 194419-001M is found
2025-05-08 18:20:24,135 [140] INFO  UOBCMS.Classes.Logger - AccountController\GetAccountPhone		Account Phone of Account: 194419-001M is found
2025-05-08 18:20:24,152 [139] INFO  UOBCMS.Classes.Logger - AccountController\GetAccountPhone		Account Phone of Account: 194419-001M is found
2025-05-08 18:20:24,165 [139] INFO  UOBCMS.Classes.Logger - AccountController\GetAccountPhone		Account Phone of Account: 194419-001M is found
2025-05-08 18:20:24,177 [140] INFO  UOBCMS.Classes.Logger - AccountController\GetAccountPhone		Account Phone of Account: 194419-001M is found
2025-05-08 18:20:24,193 [140] INFO  UOBCMS.Classes.Logger - AccountController\GetAccountEmail		Client Email of Account: 194419-001M is found
2025-05-08 18:20:24,205 [138] INFO  UOBCMS.Classes.Logger - AccountController\GetAccountEmail		Client Email of Account: 194419-001M is found
2025-05-08 18:20:24,215 [140] INFO  UOBCMS.Classes.Logger - AccountController\GetAccountEmail		Client Email of Account: 194419-001M is found
2025-05-08 18:20:24,228 [140] INFO  UOBCMS.Classes.Logger - AccountController\GetAccountAddress		Account Address of Account: 194419-001M is found
2025-05-08 18:20:24,243 [140] INFO  UOBCMS.Classes.Logger - AccountController\GetAccountAddress		Account Address of Account: 194419-001M is found
2025-05-08 18:20:26,627 [139] INFO  UOBCMS.Classes.Logger - AccountController\GetAccountAddress		Account Address of Account: 194419-001M is found
2025-05-08 18:20:26,629 [140] INFO  UOBCMS.Classes.Logger - AccountController\GetIBOAccountCRS		Account Code: 194419-001M
2025-05-08 18:24:30,043 [133] INFO  UOBCMS.Classes.Logger - AccountController\GetAccountbyAccno		Account: 194419-001M is found
2025-05-08 18:24:33,067 [133] INFO  UOBCMS.Classes.Logger - AccountController\GetAccountbyAccno		Account: 194419-001M is found
2025-05-08 18:24:33,884 [132] INFO  UOBCMS.Classes.Logger - AccountController\GetAccountPhone		Account Phone of Account: 194419-001M is found
2025-05-08 18:24:33,896 [132] INFO  UOBCMS.Classes.Logger - AccountController\GetAccountPhone		Account Phone of Account: 194419-001M is found
2025-05-08 18:24:33,903 [129] INFO  UOBCMS.Classes.Logger - AccountController\GetAccountPhone		Account Phone of Account: 194419-001M is found
2025-05-08 18:24:33,908 [132] INFO  UOBCMS.Classes.Logger - AccountController\GetAccountPhone		Account Phone of Account: 194419-001M is found
2025-05-08 18:24:33,918 [133] INFO  UOBCMS.Classes.Logger - AccountController\GetAccountEmail		Client Email of Account: 194419-001M is found
2025-05-08 18:24:33,927 [129] INFO  UOBCMS.Classes.Logger - AccountController\GetAccountEmail		Client Email of Account: 194419-001M is found
2025-05-08 18:24:33,934 [129] INFO  UOBCMS.Classes.Logger - AccountController\GetAccountEmail		Client Email of Account: 194419-001M is found
2025-05-08 18:24:33,943 [127] INFO  UOBCMS.Classes.Logger - AccountController\GetAccountAddress		Account Address of Account: 194419-001M is found
2025-05-08 18:24:33,954 [127] INFO  UOBCMS.Classes.Logger - AccountController\GetAccountAddress		Account Address of Account: 194419-001M is found
2025-05-08 18:24:55,566 [129] INFO  UOBCMS.Classes.Logger - AccountController\GetAccountAddress		Account Address of Account: 194419-001M is found
2025-05-08 18:24:55,568 [129] INFO  UOBCMS.Classes.Logger - AccountController\GetIBOAccountCRS		Account Code: 194419-001M
2025-05-08 18:25:00,432 [129] INFO  UOBCMS.Classes.Logger - AccountController\GetAccountAddress		Account Address of Account: 194419-001M is found
2025-05-08 18:25:00,433 [128] INFO  UOBCMS.Classes.Logger - AccountController\GetIBOAccountCRS		Account Code: 194419-001M
2025-05-08 18:25:04,378 [128] INFO  UOBCMS.Classes.Logger - AccountController\GetAccountAddress		Account Address of Account: 194419-001M is found
2025-05-08 18:25:04,379 [128] INFO  UOBCMS.Classes.Logger - AccountController\GetIBOAccountCRS		Account Code: 194419-001M
