2025-05-16 10:04:44,115 [10] INFO  UOBCMS.Classes.Logger - AccountController\GetAccountbyAccno		Account: 194419-001M is found
2025-05-16 10:04:47,052 [20] INFO  UOBCMS.Classes.Logger - AccountController\GetAccountbyAccno		Account: 194419-001M is found
2025-05-16 10:04:48,139 [20] INFO  UOBCMS.Classes.Logger - AccountController\GetAccountPhone		Account Phone of Account: 194419-001M is found
2025-05-16 10:04:48,161 [18] INFO  UOBCMS.Classes.Logger - AccountController\GetAccountPhone		Account Phone of Account: 194419-001M is found
2025-05-16 10:04:48,179 [19] INFO  UOBCMS.Classes.Logger - AccountController\GetAccountPhone		Account Phone of Account: 194419-001M is found
2025-05-16 10:04:48,194 [19] INFO  UOBCMS.Classes.Logger - AccountController\GetAccountPhone		Account Phone of Account: 194419-001M is found
2025-05-16 10:04:48,234 [18] INFO  UOBCMS.Classes.Logger - AccountController\GetAccountEmail		Client Email of Account: 194419-001M is found
2025-05-16 10:04:48,255 [19] INFO  UOBCMS.Classes.Logger - AccountController\GetAccountEmail		Client Email of Account: 194419-001M is found
2025-05-16 10:04:48,271 [20] INFO  UOBCMS.Classes.Logger - AccountController\GetAccountEmail		Client Email of Account: 194419-001M is found
2025-05-16 10:04:48,310 [20] INFO  UOBCMS.Classes.Logger - AccountController\GetAccountAddress		Account Address of Account: 194419-001M is found
2025-05-16 10:04:48,330 [18] INFO  UOBCMS.Classes.Logger - AccountController\GetAccountAddress		Account Address of Account: 194419-001M is found
2025-05-16 10:30:53,084 [21] INFO  UOBCMS.Classes.Logger - AccountController\Details		Details of Account: 8703 is found
2025-05-16 10:31:00,183 [21] INFO  UOBCMS.Classes.Logger - AccountController\GetAccountSocialMedias		Socal Media of Account: 8703 is found
2025-05-16 10:34:19,966 [72] INFO  UOBCMS.Classes.Logger - AccountController\Details		Details of Account: 8703 is found
2025-05-16 10:34:29,663 [79] INFO  UOBCMS.Classes.Logger - AccountController\GetAccountDocs		Account Document of Account: 8703 is found
2025-05-16 10:34:30,183 [72] INFO  UOBCMS.Classes.Logger - AccountController\GetAccountAddInfos		Account Additional Info of Account: 8703 is found
2025-05-16 10:34:30,732 [73] INFO  UOBCMS.Classes.Logger - AccountController\GetAccountBanks		Account Banks Info of Account: 8703 is found
2025-05-16 10:34:31,647 [73] INFO  UOBCMS.Classes.Logger - AccountController\GetAccountBanks		Account Banks Info of Account: 8703 is found
2025-05-16 10:34:32,187 [72] INFO  UOBCMS.Classes.Logger - AccountController\GetAccountPhones		Phone of Account: 8703 is found
2025-05-16 10:34:32,625 [73] INFO  UOBCMS.Classes.Logger - AccountController\GetAccountEmails		Account Email of Account: 8703 is found
2025-05-16 10:34:33,099 [73] INFO  UOBCMS.Classes.Logger - AccountController\GetAccountAddresses		Account Address of Account: 8703 is found
2025-05-16 10:39:02,561 [88] INFO  UOBCMS.Classes.Logger - AccountController\Details		Details of Account: 8703 is found
2025-05-16 10:39:08,851 [88] INFO  UOBCMS.Classes.Logger - AccountController\GetAccountDocs		Account Document of Account: 8703 is found
2025-05-16 10:39:09,288 [87] INFO  UOBCMS.Classes.Logger - AccountController\GetAccountAddInfos		Account Additional Info of Account: 8703 is found
2025-05-16 10:39:09,795 [88] INFO  UOBCMS.Classes.Logger - AccountController\GetAccountBanks		Account Banks Info of Account: 8703 is found
2025-05-16 10:39:11,122 [88] INFO  UOBCMS.Classes.Logger - AccountController\GetAccountBanks		Account Banks Info of Account: 8703 is found
2025-05-16 10:39:11,671 [91] INFO  UOBCMS.Classes.Logger - AccountController\GetAccountPhones		Phone of Account: 8703 is found
2025-05-16 10:39:12,067 [92] INFO  UOBCMS.Classes.Logger - AccountController\GetAccountEmails		Account Email of Account: 8703 is found
2025-05-16 10:39:12,527 [92] INFO  UOBCMS.Classes.Logger - AccountController\GetAccountAddresses		Account Address of Account: 8703 is found
2025-05-16 10:39:14,619 [93] INFO  UOBCMS.Classes.Logger - AccountController\GetAccountHKIDRs		HKIDR of Account: 8703 is found
2025-05-16 10:39:15,860 [92] INFO  UOBCMS.Classes.Logger - AccountController\GetAccountLimits		Limit of Account: 8703 is found
2025-05-16 10:39:17,129 [91] INFO  UOBCMS.Classes.Logger - AccountController\GetAccountSocialMedias		Socal Media of Account: 8703 is found
2025-05-16 10:39:18,059 [93] INFO  UOBCMS.Classes.Logger - AccountController\GetAccountMarkets		Market of Account: 8703 is found
2025-05-16 11:02:45,170 [13] INFO  UOBCMS.Classes.Logger - AccountController\Details		Details of Account: 8703 is found
2025-05-16 11:04:52,151 [16] INFO  UOBCMS.Classes.Logger - AccountController\GetAccountSocialMedias		Socal Media of Account: 8703 is found
2025-05-16 11:16:57,391 [13] INFO  UOBCMS.Classes.Logger - AccountController\Details		Details of Account: 8703 is found
2025-05-16 11:17:31,684 [14] INFO  UOBCMS.Classes.Logger - AccountController\Details		Details of Account: 8703 is found
2025-05-16 11:18:14,287 [4] INFO  UOBCMS.Classes.Logger - AccountController\Details		Details of Account: 8703 is found
2025-05-16 11:18:29,801 [6] INFO  UOBCMS.Classes.Logger - AccountController\Details		Details of Account: 8703 is found
2025-05-16 11:20:29,764 [19] INFO  UOBCMS.Classes.Logger - AccountController\Details		Details of Account: 8703 is found
2025-05-16 11:23:17,238 [20] INFO  UOBCMS.Classes.Logger - AccountController\Details		Details of Account: 8703 is found
2025-05-16 11:24:19,384 [14] INFO  UOBCMS.Classes.Logger - AccountController\Details		Details of Account: 8703 is found
2025-05-16 11:27:13,869 [19] INFO  UOBCMS.Classes.Logger - AccountController\Details		Details of Account: 8703 is found
2025-05-16 11:47:15,515 [7] INFO  UOBCMS.Classes.Logger - AccountController\Details		Details of Account: 8703 is found
2025-05-16 11:47:22,686 [6] INFO  UOBCMS.Classes.Logger - AccountController\GetAccountSocialMedias		Socal Media of Account: 8703 is found
2025-05-16 11:47:54,624 [4] INFO  UOBCMS.Classes.Logger - AccountController\Details		Details of Account: 8703 is found
2025-05-16 11:48:17,338 [10] INFO  UOBCMS.Classes.Logger - AccountController\Details		Details of Account: 8703 is found
2025-05-16 11:48:35,765 [6] INFO  UOBCMS.Classes.Logger - AccountController\Details		Details of Account: 8703 is found
2025-05-16 11:49:24,203 [14] INFO  UOBCMS.Classes.Logger - AccountController\Details		Details of Account: 8703 is found
2025-05-16 11:49:57,111 [6] INFO  UOBCMS.Classes.Logger - AccountController\Details		Details of Account: 8703 is found
2025-05-16 11:51:06,128 [7] INFO  UOBCMS.Classes.Logger - AccountController\Details		Details of Account: 8703 is found
2025-05-16 11:53:10,831 [3] INFO  UOBCMS.Classes.Logger - AccountController\GetAccountSocialMedias		Socal Media of Account: 8703 is found
2025-05-16 11:54:27,584 [11] INFO  UOBCMS.Classes.Logger - AccountController\Details		Details of Account: 8703 is found
2025-05-16 11:56:46,926 [19] INFO  UOBCMS.Classes.Logger - AccountController\Details		Details of Account: 8703 is found
2025-05-16 11:58:23,575 [25] INFO  UOBCMS.Classes.Logger - AccountController\Details		Details of Account: 8703 is found
2025-05-16 13:23:19,426 [18] INFO  UOBCMS.Classes.Logger - AccountController\Details		Details of Account: 8703 is found
2025-05-16 13:24:26,979 [6] INFO  UOBCMS.Classes.Logger - AccountController\Details		Details of Account: 8703 is found
2025-05-16 13:24:28,599 [7] INFO  UOBCMS.Classes.Logger - AccountController\GetAccountNorthBound		North Bound of Account: 8703 is found
2025-05-16 13:25:20,879 [14] INFO  UOBCMS.Classes.Logger - AccountController\Details		Details of Account: 8703 is found
2025-05-16 13:25:43,258 [7] INFO  UOBCMS.Classes.Logger - AccountController\Details		Details of Account: 8703 is found
2025-05-16 13:26:27,353 [17] INFO  UOBCMS.Classes.Logger - AccountController\Details		Details of Account: 8703 is found
2025-05-16 13:28:41,277 [13] INFO  UOBCMS.Classes.Logger - AccountController\Details		Details of Account: 8703 is found
2025-05-16 13:29:09,241 [4] INFO  UOBCMS.Classes.Logger - AccountController\Details		Details of Account: 8703 is found
2025-05-16 13:29:59,723 [6] INFO  UOBCMS.Classes.Logger - AccountController\Details		Details of Account: 8703 is found
2025-05-16 13:30:59,054 [10] INFO  UOBCMS.Classes.Logger - AccountController\Details		Details of Account: 8703 is found
2025-05-16 13:31:00,868 [13] INFO  UOBCMS.Classes.Logger - AccountController\GetAccountNorthBound		North Bound of Account: 8703 is found
2025-05-16 13:31:14,348 [7] INFO  UOBCMS.Classes.Logger - AccountController\GetAccountHKIDRs		HKIDR of Account: 8703 is found
2025-05-16 13:35:08,570 [7] INFO  UOBCMS.Classes.Logger - AccountController\Details		Details of Account: 8703 is found
2025-05-16 13:37:42,162 [13] INFO  UOBCMS.Classes.Logger - AccountController\Details		Details of Account: 8703 is found
2025-05-16 13:38:02,185 [10] INFO  UOBCMS.Classes.Logger - AccountController\GetAccountSocialMedias		Socal Media of Account: 8703 is found
2025-05-16 13:38:02,958 [13] INFO  UOBCMS.Classes.Logger - AccountController\GetAccountMarkets		Market of Account: 8703 is found
2025-05-16 13:38:04,884 [13] INFO  UOBCMS.Classes.Logger - AccountController\GetAccountDocs		Account Document of Account: 8703 is found
2025-05-16 13:41:56,385 [26] INFO  UOBCMS.Classes.Logger - AccountController\Details		Details of Account: 8703 is found
2025-05-16 13:42:28,866 [10] INFO  UOBCMS.Classes.Logger - AccountController\Details		Details of Account: 8703 is found
2025-05-16 13:43:57,345 [10] INFO  UOBCMS.Classes.Logger - AccountController\GetAccountDocs		Account Document of Account: 8703 is found
2025-05-16 13:43:57,345 [4] INFO  UOBCMS.Classes.Logger - AccountController\GetAccountAddInfos		Account Additional Info of Account: 8703 is found
2025-05-16 13:44:01,200 [4] INFO  UOBCMS.Classes.Logger - AccountController\Details		Details of Account: 8703 is found
2025-05-16 13:49:45,643 [30] INFO  UOBCMS.Classes.Logger - AccountController\GetAccountbyAccno		Account: 194419-001M is found
2025-05-16 13:49:49,712 [30] INFO  UOBCMS.Classes.Logger - AccountController\GetAccountbyAccno		Account: 194419-001M is found
2025-05-16 13:49:49,755 [17] INFO  UOBCMS.Classes.Logger - AccountController\GetAccountPhone		Account Phone of Account: 194419-001M is found
2025-05-16 13:49:49,773 [30] INFO  UOBCMS.Classes.Logger - AccountController\GetAccountPhone		Account Phone of Account: 194419-001M is found
2025-05-16 13:49:49,785 [30] INFO  UOBCMS.Classes.Logger - AccountController\GetAccountPhone		Account Phone of Account: 194419-001M is found
2025-05-16 13:49:49,796 [14] INFO  UOBCMS.Classes.Logger - AccountController\GetAccountPhone		Account Phone of Account: 194419-001M is found
2025-05-16 13:49:49,819 [17] INFO  UOBCMS.Classes.Logger - AccountController\GetAccountEmail		Client Email of Account: 194419-001M is found
2025-05-16 13:49:49,832 [30] INFO  UOBCMS.Classes.Logger - AccountController\GetAccountEmail		Client Email of Account: 194419-001M is found
2025-05-16 13:49:49,840 [14] INFO  UOBCMS.Classes.Logger - AccountController\GetAccountEmail		Client Email of Account: 194419-001M is found
2025-05-16 13:49:49,872 [17] INFO  UOBCMS.Classes.Logger - AccountController\GetAccountAddress		Account Address of Account: 194419-001M is found
2025-05-16 13:49:49,898 [14] INFO  UOBCMS.Classes.Logger - AccountController\GetAccountAddress		Account Address of Account: 194419-001M is found
2025-05-16 13:49:54,581 [17] INFO  UOBCMS.Classes.Logger - AccountController\GetAccountPhone		Account Phone of Account: 194419-001M is found
2025-05-16 13:49:54,590 [30] INFO  UOBCMS.Classes.Logger - AccountController\GetIBOAccountCRS		Account Code: 194419-001M
2025-05-16 13:49:54,614 [14] INFO  UOBCMS.Classes.Logger - AccountController\GetAccountAddresses		Account Addresss of Account: 194419-001M is found
2025-05-16 13:49:58,936 [17] INFO  UOBCMS.Classes.Logger - AccountController\GetAccountbyAccno		Account: 194419-001M is found
2025-05-16 13:49:58,942 [17] INFO  UOBCMS.Classes.Logger - AccountController\GetAccountbyAccno		Account: 194419-001M is found
2025-05-16 13:49:58,947 [30] INFO  UOBCMS.Classes.Logger - AccountController\GetIBOAccountCPerson		Account Code: 194419-001M
2025-05-16 13:49:59,007 [17] INFO  UOBCMS.Classes.Logger - AccountController\GetAccountPhone		Account Phone of Account: 194419-001M is found
2025-05-16 13:49:59,043 [14] INFO  UOBCMS.Classes.Logger - AccountController\GetAccountPhone		Account Phone of Account: 194419-001M is found
2025-05-16 13:49:59,044 [14] INFO  UOBCMS.Classes.Logger - AccountController\GetIBOAccountCRS		Account Code: 194419-001M
2025-05-16 13:49:59,049 [14] INFO  UOBCMS.Classes.Logger - AccountController\GetAccountAddresses		Account Addresss of Account: 194419-001M is found
2025-05-16 13:50:02,554 [14] INFO  UOBCMS.Classes.Logger - AccountController\GetAccountbyAccno		Account: 194419-001M is found
2025-05-16 13:50:02,558 [14] INFO  UOBCMS.Classes.Logger - AccountController\GetAccountbyAccno		Account: 194419-001M is found
2025-05-16 13:50:02,559 [14] INFO  UOBCMS.Classes.Logger - AccountController\GetIBOAccountCPerson		Account Code: 194419-001M
2025-05-16 13:50:02,596 [14] INFO  UOBCMS.Classes.Logger - AccountController\GetAccountPhone		Account Phone of Account: 194419-001M is found
2025-05-16 13:50:02,622 [14] INFO  UOBCMS.Classes.Logger - AEController\GetAEbyAccno		AE of: 194419-001M is found
2025-05-16 13:50:02,787 [30] INFO  UOBCMS.Classes.Logger - AccountController\GetAccountEmail		Client Email of Account: 194419-001M is found
2025-05-16 13:51:05,105 [18] INFO  UOBCMS.Classes.Logger - AccountController\GetAccountPhone		Account Phone of Account: 194419-001M is found
2025-05-16 13:51:05,181 [7] INFO  UOBCMS.Classes.Logger - AccountController\GetIBOAccountCRS		Account Code: 194419-001M
2025-05-16 13:51:05,187 [3] INFO  UOBCMS.Classes.Logger - AccountController\GetAccountAddresses		Account Addresss of Account: 194419-001M is found
2025-05-16 13:51:10,528 [7] INFO  UOBCMS.Classes.Logger - AccountController\GetAccountEmail		Client Email of Account: 194419-001M is found
2025-05-16 14:00:21,001 [16] INFO  UOBCMS.Classes.Logger - AccountController\GetAccountbyAccno		Account: 194419-001M is found
2025-05-16 14:00:24,873 [17] INFO  UOBCMS.Classes.Logger - AccountController\GetAccountPhone		Account Phone of Account: 194419-001M is found
2025-05-16 14:00:25,021 [10] INFO  UOBCMS.Classes.Logger - AccountController\GetIBOAccountCRS		Account Code: 194419-001M
2025-05-16 14:00:25,125 [17] INFO  UOBCMS.Classes.Logger - AccountController\GetAccountAddresses		Account Addresss of Account: 194419-001M is found
2025-05-16 14:00:26,918 [17] INFO  UOBCMS.Classes.Logger - AccountController\GetAccountbyAccno		Account: 194419-001M is found
2025-05-16 14:00:26,925 [17] INFO  UOBCMS.Classes.Logger - AccountController\GetAccountbyAccno		Account: 194419-001M is found
2025-05-16 14:00:26,931 [17] INFO  UOBCMS.Classes.Logger - AccountController\GetIBOAccountCPerson		Account Code: 194419-001M
2025-05-16 14:00:26,976 [17] INFO  UOBCMS.Classes.Logger - AccountController\GetAccountPhone		Account Phone of Account: 194419-001M is found
2025-05-16 14:00:27,054 [7] INFO  UOBCMS.Classes.Logger - AccountController\GetAccountPhone		Account Phone of Account: 194419-001M is found
2025-05-16 14:00:27,056 [17] INFO  UOBCMS.Classes.Logger - AccountController\GetIBOAccountCRS		Account Code: 194419-001M
2025-05-16 14:00:27,062 [10] INFO  UOBCMS.Classes.Logger - AccountController\GetAccountAddresses		Account Addresss of Account: 194419-001M is found
2025-05-16 14:00:28,825 [7] INFO  UOBCMS.Classes.Logger - AccountController\GetAccountbyAccno		Account: 194419-001M is found
2025-05-16 14:00:28,830 [7] INFO  UOBCMS.Classes.Logger - AccountController\GetAccountbyAccno		Account: 194419-001M is found
2025-05-16 14:00:28,831 [7] INFO  UOBCMS.Classes.Logger - AccountController\GetIBOAccountCPerson		Account Code: 194419-001M
2025-05-16 14:00:28,874 [7] INFO  UOBCMS.Classes.Logger - AccountController\GetAccountPhone		Account Phone of Account: 194419-001M is found
2025-05-16 14:00:28,963 [10] INFO  UOBCMS.Classes.Logger - AEController\GetAEbyAccno		AE of: 194419-001M is found
2025-05-16 14:00:29,189 [17] INFO  UOBCMS.Classes.Logger - AccountController\GetAccountEmail		Client Email of Account: 194419-001M is found
2025-05-16 14:06:26,479 [36] INFO  UOBCMS.Classes.Logger - AccountController\GetAccountPhone		Account Phone of Account: 194419-001M is found
2025-05-16 14:06:26,591 [37] INFO  UOBCMS.Classes.Logger - AccountController\GetIBOAccountCRS		Account Code: 194419-001M
2025-05-16 14:06:26,599 [36] INFO  UOBCMS.Classes.Logger - AccountController\GetAccountAddresses		Account Addresss of Account: 194419-001M is found
2025-05-16 14:06:31,733 [36] INFO  UOBCMS.Classes.Logger - AccountController\GetAccountEmail		Client Email of Account: 194419-001M is found
2025-05-16 14:06:38,617 [37] INFO  UOBCMS.Classes.Logger - AccountController\GetAccountbyAccno		Account: 194419-001M is found
2025-05-16 14:06:40,234 [36] INFO  UOBCMS.Classes.Logger - AccountController\GetAccountPhone		Account Phone of Account: 194419-001M is found
2025-05-16 14:06:40,275 [36] INFO  UOBCMS.Classes.Logger - AccountController\GetIBOAccountCRS		Account Code: 194419-001M
2025-05-16 14:06:40,280 [36] INFO  UOBCMS.Classes.Logger - AccountController\GetAccountAddresses		Account Addresss of Account: 194419-001M is found
2025-05-16 14:06:44,756 [38] INFO  UOBCMS.Classes.Logger - AccountController\GetAccountbyAccno		Account: 194419-001M is found
2025-05-16 14:06:44,761 [37] INFO  UOBCMS.Classes.Logger - AccountController\GetAccountbyAccno		Account: 194419-001M is found
2025-05-16 14:06:44,762 [38] INFO  UOBCMS.Classes.Logger - AccountController\GetIBOAccountCPerson		Account Code: 194419-001M
2025-05-16 14:06:44,805 [37] INFO  UOBCMS.Classes.Logger - AccountController\GetAccountPhone		Account Phone of Account: 194419-001M is found
2025-05-16 14:06:44,891 [38] INFO  UOBCMS.Classes.Logger - AccountController\GetAccountPhone		Account Phone of Account: 194419-001M is found
2025-05-16 14:06:44,893 [38] INFO  UOBCMS.Classes.Logger - AccountController\GetIBOAccountCRS		Account Code: 194419-001M
2025-05-16 14:06:44,902 [38] INFO  UOBCMS.Classes.Logger - AccountController\GetAccountAddresses		Account Addresss of Account: 194419-001M is found
2025-05-16 14:06:46,894 [36] INFO  UOBCMS.Classes.Logger - AccountController\GetAccountbyAccno		Account: 194419-001M is found
2025-05-16 14:06:46,898 [37] INFO  UOBCMS.Classes.Logger - AccountController\GetAccountbyAccno		Account: 194419-001M is found
2025-05-16 14:06:46,899 [37] INFO  UOBCMS.Classes.Logger - AccountController\GetIBOAccountCPerson		Account Code: 194419-001M
2025-05-16 14:06:46,937 [40] INFO  UOBCMS.Classes.Logger - AccountController\GetAccountPhone		Account Phone of Account: 194419-001M is found
2025-05-16 14:06:46,989 [40] INFO  UOBCMS.Classes.Logger - AEController\GetAEbyAccno		AE of: 194419-001M is found
2025-05-16 14:06:47,136 [36] INFO  UOBCMS.Classes.Logger - AccountController\GetAccountEmail		Client Email of Account: 194419-001M is found
2025-05-16 14:09:38,836 [50] INFO  UOBCMS.Classes.Logger - AccountController\GetAccountPhone		Account Phone of Account: 194419-001M is found
2025-05-16 14:09:38,960 [50] INFO  UOBCMS.Classes.Logger - AccountController\GetIBOAccountCRS		Account Code: 194419-001M
2025-05-16 14:09:38,967 [48] INFO  UOBCMS.Classes.Logger - AccountController\GetAccountAddresses		Account Addresss of Account: 194419-001M is found
2025-05-16 14:09:45,166 [49] INFO  UOBCMS.Classes.Logger - AccountController\GetAccountEmail		Client Email of Account: 194419-001M is found
2025-05-16 14:09:56,335 [48] INFO  UOBCMS.Classes.Logger - AccountController\GetAccountbyAccno		Account: 194419-001M is found
2025-05-16 14:10:08,949 [49] INFO  UOBCMS.Classes.Logger - AccountController\GetAccountPhone		Account Phone of Account: 194419-001M is found
2025-05-16 14:10:08,989 [49] INFO  UOBCMS.Classes.Logger - AccountController\GetIBOAccountCRS		Account Code: 194419-001M
2025-05-16 14:10:08,994 [49] INFO  UOBCMS.Classes.Logger - AccountController\GetAccountAddresses		Account Addresss of Account: 194419-001M is found
2025-05-16 14:10:11,535 [48] INFO  UOBCMS.Classes.Logger - AccountController\GetAccountbyAccno		Account: 194419-001M is found
2025-05-16 14:10:11,540 [49] INFO  UOBCMS.Classes.Logger - AccountController\GetAccountbyAccno		Account: 194419-001M is found
2025-05-16 14:10:11,542 [49] INFO  UOBCMS.Classes.Logger - AccountController\GetIBOAccountCPerson		Account Code: 194419-001M
2025-05-16 14:10:11,582 [50] INFO  UOBCMS.Classes.Logger - AccountController\GetAccountPhone		Account Phone of Account: 194419-001M is found
2025-05-16 14:10:11,674 [48] INFO  UOBCMS.Classes.Logger - AccountController\GetAccountPhone		Account Phone of Account: 194419-001M is found
2025-05-16 14:10:11,675 [48] INFO  UOBCMS.Classes.Logger - AccountController\GetIBOAccountCRS		Account Code: 194419-001M
2025-05-16 14:10:11,681 [48] INFO  UOBCMS.Classes.Logger - AccountController\GetAccountAddresses		Account Addresss of Account: 194419-001M is found
2025-05-16 14:10:13,500 [52] INFO  UOBCMS.Classes.Logger - AccountController\GetAccountbyAccno		Account: 194419-001M is found
2025-05-16 14:10:13,503 [52] INFO  UOBCMS.Classes.Logger - AccountController\GetAccountbyAccno		Account: 194419-001M is found
2025-05-16 14:10:13,504 [52] INFO  UOBCMS.Classes.Logger - AccountController\GetIBOAccountCPerson		Account Code: 194419-001M
2025-05-16 14:10:13,542 [52] INFO  UOBCMS.Classes.Logger - AccountController\GetAccountPhone		Account Phone of Account: 194419-001M is found
2025-05-16 14:10:13,600 [52] INFO  UOBCMS.Classes.Logger - AEController\GetAEbyAccno		AE of: 194419-001M is found
2025-05-16 14:10:13,760 [48] INFO  UOBCMS.Classes.Logger - AccountController\GetAccountEmail		Client Email of Account: 194419-001M is found
2025-05-16 14:22:56,481 [96] INFO  UOBCMS.Classes.Logger - AccountController\GetAccountbyAccno		Account: 194419-001M is found
2025-05-16 14:23:01,167 [97] INFO  UOBCMS.Classes.Logger - AccountController\GetAccountbyAccno		Account: 194419-001M is found
2025-05-16 14:23:02,825 [96] INFO  UOBCMS.Classes.Logger - AccountController\GetAccountPhone		Account Phone of Account: 194419-001M is found
2025-05-16 14:23:02,849 [95] INFO  UOBCMS.Classes.Logger - AccountController\GetAccountPhone		Account Phone of Account: 194419-001M is found
2025-05-16 14:23:02,858 [95] INFO  UOBCMS.Classes.Logger - AccountController\GetAccountPhone		Account Phone of Account: 194419-001M is found
2025-05-16 14:23:02,864 [95] INFO  UOBCMS.Classes.Logger - AccountController\GetAccountPhone		Account Phone of Account: 194419-001M is found
2025-05-16 14:23:02,874 [97] INFO  UOBCMS.Classes.Logger - AccountController\GetAccountEmail		Client Email of Account: 194419-001M is found
2025-05-16 14:23:02,885 [96] INFO  UOBCMS.Classes.Logger - AccountController\GetAccountEmail		Client Email of Account: 194419-001M is found
2025-05-16 14:23:02,892 [97] INFO  UOBCMS.Classes.Logger - AccountController\GetAccountEmail		Client Email of Account: 194419-001M is found
2025-05-16 14:23:02,912 [96] INFO  UOBCMS.Classes.Logger - AccountController\GetAccountAddress		Account Address of Account: 194419-001M is found
2025-05-16 14:23:02,924 [95] INFO  UOBCMS.Classes.Logger - AccountController\GetAccountAddress		Account Address of Account: 194419-001M is found
2025-05-16 14:23:11,229 [95] INFO  UOBCMS.Classes.Logger - AccountController\GetAccountbyAccno		Account: 194419-001M is found
2025-05-16 14:23:11,322 [97] INFO  UOBCMS.Classes.Logger - AccountController\GetAccountPhone		Account Phone of Account: 194419-001M is found
2025-05-16 14:23:11,443 [94] INFO  UOBCMS.Classes.Logger - AccountController\GetAccountbyAccno		Account: 194419-001M is found
2025-05-16 14:23:16,195 [97] INFO  UOBCMS.Classes.Logger - AccountController\GetAccountbyAccno		Account: 194419-001M is found
2025-05-16 14:23:16,423 [94] INFO  UOBCMS.Classes.Logger - AccountController\SaveBulkPhone		UOBCMS.Models.api.body_cms_client_phone
2025-05-16 14:23:16,513 [94] INFO  UOBCMS.Classes.Logger - AccountController\GetAccountEmail		Client Email of Account: 194419-001M is found
2025-05-16 14:23:16,627 [95] INFO  UOBCMS.Classes.Logger - AccountController\GetAccountbyAccno		Account: 194419-001M is found
2025-05-16 15:30:14,487 [64] INFO  UOBCMS.Classes.Logger - AccountController\GetAccountbyAccno		Account: 194419-001M is found
2025-05-16 15:30:18,187 [64] INFO  UOBCMS.Classes.Logger - AccountController\GetAccountbyAccno		Account: 194419-001M is found
2025-05-16 15:30:18,592 [64] INFO  UOBCMS.Classes.Logger - AccountController\GetAccountPhone		Account Phone of Account: 194419-001M is found
2025-05-16 15:30:18,609 [66] INFO  UOBCMS.Classes.Logger - AccountController\GetAccountPhone		Account Phone of Account: 194419-001M is found
2025-05-16 15:30:18,621 [66] INFO  UOBCMS.Classes.Logger - AccountController\GetAccountPhone		Account Phone of Account: 194419-001M is found
2025-05-16 15:30:18,630 [64] INFO  UOBCMS.Classes.Logger - AccountController\GetAccountPhone		Account Phone of Account: 194419-001M is found
2025-05-16 15:30:18,645 [67] INFO  UOBCMS.Classes.Logger - AccountController\GetAccountEmail		Client Email of Account: 194419-001M is found
2025-05-16 15:30:18,656 [64] INFO  UOBCMS.Classes.Logger - AccountController\GetAccountEmail		Client Email of Account: 194419-001M is found
2025-05-16 15:30:18,664 [66] INFO  UOBCMS.Classes.Logger - AccountController\GetAccountEmail		Client Email of Account: 194419-001M is found
2025-05-16 15:30:18,673 [64] INFO  UOBCMS.Classes.Logger - AccountController\GetAccountAddress		Account Address of Account: 194419-001M is found
2025-05-16 15:30:18,684 [66] INFO  UOBCMS.Classes.Logger - AccountController\GetAccountAddress		Account Address of Account: 194419-001M is found
2025-05-16 15:30:19,688 [66] INFO  UOBCMS.Classes.Logger - AccountController\GetAccountPhone		Account Phone of Account: 194419-001M is found
2025-05-16 15:30:19,698 [65] INFO  UOBCMS.Classes.Logger - AccountController\GetAccountPhone		Account Phone of Account: 194419-001M is found
2025-05-16 15:30:19,707 [64] INFO  UOBCMS.Classes.Logger - AccountController\GetAccountPhone		Account Phone of Account: 194419-001M is found
2025-05-16 15:30:19,714 [65] INFO  UOBCMS.Classes.Logger - AccountController\GetAccountPhone		Account Phone of Account: 194419-001M is found
2025-05-16 15:30:19,724 [70] INFO  UOBCMS.Classes.Logger - AccountController\GetAccountEmail		Client Email of Account: 194419-001M is found
2025-05-16 15:30:19,731 [70] INFO  UOBCMS.Classes.Logger - AccountController\GetAccountEmail		Client Email of Account: 194419-001M is found
2025-05-16 15:30:19,739 [65] INFO  UOBCMS.Classes.Logger - AccountController\GetAccountEmail		Client Email of Account: 194419-001M is found
2025-05-16 15:30:19,747 [70] INFO  UOBCMS.Classes.Logger - AccountController\GetAccountAddress		Account Address of Account: 194419-001M is found
2025-05-16 15:30:19,754 [70] INFO  UOBCMS.Classes.Logger - AccountController\GetAccountAddress		Account Address of Account: 194419-001M is found
2025-05-16 15:30:23,696 [67] INFO  UOBCMS.Classes.Logger - AccountController\GetAccountPhone		Account Phone of Account: 194419-001M is found
2025-05-16 15:30:23,702 [66] INFO  UOBCMS.Classes.Logger - AccountController\GetIBOAccountCRS		Account Code: 194419-001M
2025-05-16 15:30:23,722 [66] INFO  UOBCMS.Classes.Logger - AccountController\GetAccountAddresses		Account Addresss of Account: 194419-001M is found
2025-05-16 15:30:28,652 [70] INFO  UOBCMS.Classes.Logger - AccountController\GetAccountbyAccno		Account: 194419-001M is found
2025-05-16 15:30:28,658 [67] INFO  UOBCMS.Classes.Logger - AccountController\GetAccountbyAccno		Account: 194419-001M is found
2025-05-16 15:30:28,660 [67] INFO  UOBCMS.Classes.Logger - AccountController\GetIBOAccountCPerson		Account Code: 194419-001M
2025-05-16 15:30:28,701 [67] INFO  UOBCMS.Classes.Logger - AccountController\GetAccountPhone		Account Phone of Account: 194419-001M is found
2025-05-16 15:30:28,756 [70] INFO  UOBCMS.Classes.Logger - AccountController\GetAccountPhone		Account Phone of Account: 194419-001M is found
2025-05-16 15:30:28,758 [70] INFO  UOBCMS.Classes.Logger - AccountController\GetIBOAccountCRS		Account Code: 194419-001M
2025-05-16 15:30:28,766 [66] INFO  UOBCMS.Classes.Logger - AccountController\GetAccountAddresses		Account Addresss of Account: 194419-001M is found
2025-05-16 15:30:31,809 [66] INFO  UOBCMS.Classes.Logger - AccountController\GetAccountbyAccno		Account: 194419-001M is found
2025-05-16 15:30:31,814 [67] INFO  UOBCMS.Classes.Logger - AccountController\GetAccountbyAccno		Account: 194419-001M is found
2025-05-16 15:30:31,815 [70] INFO  UOBCMS.Classes.Logger - AccountController\GetIBOAccountCPerson		Account Code: 194419-001M
2025-05-16 15:30:31,853 [66] INFO  UOBCMS.Classes.Logger - AccountController\GetAccountPhone		Account Phone of Account: 194419-001M is found
2025-05-16 15:30:31,858 [66] INFO  UOBCMS.Classes.Logger - AEController\GetAEbyAccno		AE of: 194419-001M is found
2025-05-16 15:30:32,033 [66] INFO  UOBCMS.Classes.Logger - AccountController\GetAccountEmail		Client Email of Account: 194419-001M is found
2025-05-16 15:30:44,362 [70] INFO  UOBCMS.Classes.Logger - AccountController\GetAccountPhone		Account Phone of Account: 194419-001M is found
2025-05-16 15:30:44,439 [66] INFO  UOBCMS.Classes.Logger - AccountController\GetIBOAccountCRS		Account Code: 194419-001M
2025-05-16 15:30:44,444 [66] INFO  UOBCMS.Classes.Logger - AccountController\GetAccountAddresses		Account Addresss of Account: 194419-001M is found
2025-05-16 15:30:45,998 [72] INFO  UOBCMS.Classes.Logger - AccountController\GetAccountPhone		Account Phone of Account: 194419-001M is found
2025-05-16 15:30:46,064 [66] INFO  UOBCMS.Classes.Logger - AccountController\GetIBOAccountCRS		Account Code: 194419-001M
2025-05-16 15:30:46,070 [66] INFO  UOBCMS.Classes.Logger - AccountController\GetAccountAddresses		Account Addresss of Account: 194419-001M is found
2025-05-16 15:31:29,874 [66] INFO  UOBCMS.Classes.Logger - AccountController\GetAccountPhone		Account Phone of Account: 194419-001M is found
2025-05-16 15:31:29,910 [66] INFO  UOBCMS.Classes.Logger - AccountController\GetIBOAccountCRS		Account Code: 194419-001M
2025-05-16 15:31:29,916 [66] INFO  UOBCMS.Classes.Logger - AccountController\GetAccountAddresses		Account Addresss of Account: 194419-001M is found
2025-05-16 15:31:36,980 [76] INFO  UOBCMS.Classes.Logger - AccountController\GetAccountPhone		Account Phone of Account: 194419-001M is found
2025-05-16 15:31:37,018 [72] INFO  UOBCMS.Classes.Logger - AccountController\GetIBOAccountCRS		Account Code: 194419-001M
2025-05-16 15:31:37,024 [72] INFO  UOBCMS.Classes.Logger - AccountController\GetAccountAddresses		Account Addresss of Account: 194419-001M is found
2025-05-16 15:31:47,387 [76] INFO  UOBCMS.Classes.Logger - AccountController\GetAccountPhone		Account Phone of Account: 194419-001M is found
2025-05-16 15:31:47,444 [66] INFO  UOBCMS.Classes.Logger - AccountController\GetIBOAccountCRS		Account Code: 194419-001M
2025-05-16 15:31:47,450 [66] INFO  UOBCMS.Classes.Logger - AccountController\GetAccountAddresses		Account Addresss of Account: 194419-001M is found
2025-05-16 15:33:36,181 [79] INFO  UOBCMS.Classes.Logger - AccountController\SaveBulkPhone		UOBCMS.Models.api.body_cms_client_phone
2025-05-16 15:33:36,207 [79] INFO  UOBCMS.Classes.Logger - AccountController\GetAccountEmail		Client Email of Account: 194419-001M is found
2025-05-16 15:33:50,550 [77] INFO  UOBCMS.Classes.Logger - AccountController\GetAccountbyAccno		Account: 194419-001M is found
2025-05-16 15:33:52,134 [77] INFO  UOBCMS.Classes.Logger - AccountController\GetAccountbyAccno		Account: 194419-001M is found
2025-05-16 15:33:52,148 [77] INFO  UOBCMS.Classes.Logger - AccountController\GetAccountPhone		Account Phone of Account: 194419-001M is found
2025-05-16 15:33:52,156 [74] INFO  UOBCMS.Classes.Logger - AccountController\GetAccountPhone		Account Phone of Account: 194419-001M is found
2025-05-16 15:33:52,163 [74] INFO  UOBCMS.Classes.Logger - AccountController\GetAccountPhone		Account Phone of Account: 194419-001M is found
2025-05-16 15:33:52,169 [74] INFO  UOBCMS.Classes.Logger - AccountController\GetAccountPhone		Account Phone of Account: 194419-001M is found
2025-05-16 15:33:52,177 [74] INFO  UOBCMS.Classes.Logger - AccountController\GetAccountEmail		Client Email of Account: 194419-001M is found
2025-05-16 15:33:52,184 [74] INFO  UOBCMS.Classes.Logger - AccountController\GetAccountEmail		Client Email of Account: 194419-001M is found
2025-05-16 15:33:52,190 [79] INFO  UOBCMS.Classes.Logger - AccountController\GetAccountEmail		Client Email of Account: 194419-001M is found
2025-05-16 15:33:52,197 [77] INFO  UOBCMS.Classes.Logger - AccountController\GetAccountAddress		Account Address of Account: 194419-001M is found
2025-05-16 15:33:52,205 [77] INFO  UOBCMS.Classes.Logger - AccountController\GetAccountAddress		Account Address of Account: 194419-001M is found
2025-05-16 15:34:30,543 [84] INFO  UOBCMS.Classes.Logger - AccountController\GetAccountPhone		Account Phone of Account: 194419-001M is found
2025-05-16 15:34:30,571 [75] INFO  UOBCMS.Classes.Logger - AccountController\GetIBOAccountCRS		Account Code: 194419-001M
2025-05-16 15:34:30,582 [85] INFO  UOBCMS.Classes.Logger - AccountController\GetAccountAddresses		Account Addresss of Account: 194419-001M is found
2025-05-16 17:01:35,863 [54] INFO  UOBCMS.Classes.Logger - AccountController\GetAccountbyAccno		Account: 194419-001M is found
2025-05-16 17:01:39,743 [59] INFO  UOBCMS.Classes.Logger - AccountController\GetAccountbyAccno		Account: 194419-001M is found
2025-05-16 17:01:39,771 [52] INFO  UOBCMS.Classes.Logger - AccountController\GetAccountPhone		Account Phone of Account: 194419-001M is found
2025-05-16 17:01:39,783 [52] INFO  UOBCMS.Classes.Logger - AccountController\GetAccountPhone		Account Phone of Account: 194419-001M is found
2025-05-16 17:01:39,790 [59] INFO  UOBCMS.Classes.Logger - AccountController\GetAccountPhone		Account Phone of Account: 194419-001M is found
2025-05-16 17:01:39,796 [54] INFO  UOBCMS.Classes.Logger - AccountController\GetAccountPhone		Account Phone of Account: 194419-001M is found
2025-05-16 17:01:39,806 [59] INFO  UOBCMS.Classes.Logger - AccountController\GetAccountEmail		Client Email of Account: 194419-001M is found
2025-05-16 17:01:39,817 [54] INFO  UOBCMS.Classes.Logger - AccountController\GetAccountEmail		Client Email of Account: 194419-001M is found
2025-05-16 17:01:39,825 [53] INFO  UOBCMS.Classes.Logger - AccountController\GetAccountEmail		Client Email of Account: 194419-001M is found
2025-05-16 17:01:39,834 [53] INFO  UOBCMS.Classes.Logger - AccountController\GetAccountAddress		Account Address of Account: 194419-001M is found
2025-05-16 17:01:39,849 [53] INFO  UOBCMS.Classes.Logger - AccountController\GetAccountAddress		Account Address of Account: 194419-001M is found
2025-05-16 17:01:48,597 [53] INFO  UOBCMS.Classes.Logger - AccountController\GetAccountAddress		Account Address of Account: 194419-001M is found
2025-05-16 17:01:48,599 [53] INFO  UOBCMS.Classes.Logger - AccountController\GetIBOAccountCRS		Account Code: 194419-001M
2025-05-16 17:01:48,664 [59] INFO  UOBCMS.Classes.Logger - AccountController\GetAccountPhones		Account Phone of Account: 194419-001M is found
2025-05-16 17:10:31,799 [95] INFO  UOBCMS.Classes.Logger - AccountController\GetAccountbyAccno		Account: 194419-001M is found
2025-05-16 17:10:34,922 [95] INFO  UOBCMS.Classes.Logger - AccountController\GetAccountbyAccno		Account: 194419-001M is found
2025-05-16 17:10:37,669 [95] INFO  UOBCMS.Classes.Logger - AccountController\GetAccountPhone		Account Phone of Account: 194419-001M is found
2025-05-16 17:10:37,687 [94] INFO  UOBCMS.Classes.Logger - AccountController\GetAccountPhone		Account Phone of Account: 194419-001M is found
2025-05-16 17:10:37,700 [94] INFO  UOBCMS.Classes.Logger - AccountController\GetAccountPhone		Account Phone of Account: 194419-001M is found
2025-05-16 17:10:37,712 [95] INFO  UOBCMS.Classes.Logger - AccountController\GetAccountPhone		Account Phone of Account: 194419-001M is found
2025-05-16 17:10:37,732 [95] INFO  UOBCMS.Classes.Logger - AccountController\GetAccountEmail		Client Email of Account: 194419-001M is found
2025-05-16 17:10:37,746 [92] INFO  UOBCMS.Classes.Logger - AccountController\GetAccountEmail		Client Email of Account: 194419-001M is found
2025-05-16 17:10:37,754 [94] INFO  UOBCMS.Classes.Logger - AccountController\GetAccountEmail		Client Email of Account: 194419-001M is found
2025-05-16 17:10:37,762 [95] INFO  UOBCMS.Classes.Logger - AccountController\GetAccountAddress		Account Address of Account: 194419-001M is found
2025-05-16 17:10:37,775 [92] INFO  UOBCMS.Classes.Logger - AccountController\GetAccountAddress		Account Address of Account: 194419-001M is found
2025-05-16 17:10:39,595 [94] INFO  UOBCMS.Classes.Logger - AccountController\GetAccountAddress		Account Address of Account: 194419-001M is found
2025-05-16 17:10:39,597 [94] INFO  UOBCMS.Classes.Logger - AccountController\GetIBOAccountCRS		Account Code: 194419-001M
2025-05-16 17:10:39,645 [92] INFO  UOBCMS.Classes.Logger - AccountController\GetAccountPhones		Account Phone of Account: 194419-001M is found
2025-05-16 17:13:54,822 [79] INFO  UOBCMS.Classes.Logger - AccountController\GetAccountbyAccno		Account: 194419-001M is found
2025-05-16 17:13:57,640 [74] INFO  UOBCMS.Classes.Logger - AccountController\GetAccountbyAccno		Account: 194419-001M is found
2025-05-16 17:13:57,680 [73] INFO  UOBCMS.Classes.Logger - AccountController\GetAccountPhone		Account Phone of Account: 194419-001M is found
2025-05-16 17:13:57,696 [73] INFO  UOBCMS.Classes.Logger - AccountController\GetAccountPhone		Account Phone of Account: 194419-001M is found
2025-05-16 17:13:57,704 [79] INFO  UOBCMS.Classes.Logger - AccountController\GetAccountPhone		Account Phone of Account: 194419-001M is found
2025-05-16 17:13:57,711 [74] INFO  UOBCMS.Classes.Logger - AccountController\GetAccountPhone		Account Phone of Account: 194419-001M is found
2025-05-16 17:13:57,721 [77] INFO  UOBCMS.Classes.Logger - AccountController\GetAccountEmail		Client Email of Account: 194419-001M is found
2025-05-16 17:13:57,733 [73] INFO  UOBCMS.Classes.Logger - AccountController\GetAccountEmail		Client Email of Account: 194419-001M is found
2025-05-16 17:13:57,740 [74] INFO  UOBCMS.Classes.Logger - AccountController\GetAccountEmail		Client Email of Account: 194419-001M is found
2025-05-16 17:13:57,750 [74] INFO  UOBCMS.Classes.Logger - AccountController\GetAccountAddress		Account Address of Account: 194419-001M is found
2025-05-16 17:13:57,762 [74] INFO  UOBCMS.Classes.Logger - AccountController\GetAccountAddress		Account Address of Account: 194419-001M is found
2025-05-16 17:14:05,448 [79] INFO  UOBCMS.Classes.Logger - AccountController\GetAccountAddress		Account Address of Account: 194419-001M is found
2025-05-16 17:14:05,450 [79] INFO  UOBCMS.Classes.Logger - AccountController\GetIBOAccountCRS		Account Code: 194419-001M
2025-05-16 17:14:05,489 [74] INFO  UOBCMS.Classes.Logger - AccountController\GetAccountPhones		Account Phone of Account: 194419-001M is found
2025-05-16 17:15:17,199 [72] INFO  UOBCMS.Classes.Logger - AccountController\GetAccountbyAccno		Account: 194419-001M is found
2025-05-16 17:15:21,300 [76] INFO  UOBCMS.Classes.Logger - AccountController\GetAccountbyAccno		Account: 194419-001M is found
2025-05-16 17:15:21,328 [71] INFO  UOBCMS.Classes.Logger - AccountController\GetAccountPhone		Account Phone of Account: 194419-001M is found
2025-05-16 17:15:21,341 [72] INFO  UOBCMS.Classes.Logger - AccountController\GetAccountPhone		Account Phone of Account: 194419-001M is found
2025-05-16 17:15:21,349 [72] INFO  UOBCMS.Classes.Logger - AccountController\GetAccountPhone		Account Phone of Account: 194419-001M is found
2025-05-16 17:15:21,356 [72] INFO  UOBCMS.Classes.Logger - AccountController\GetAccountPhone		Account Phone of Account: 194419-001M is found
2025-05-16 17:15:21,368 [72] INFO  UOBCMS.Classes.Logger - AccountController\GetAccountEmail		Client Email of Account: 194419-001M is found
2025-05-16 17:15:21,381 [71] INFO  UOBCMS.Classes.Logger - AccountController\GetAccountEmail		Client Email of Account: 194419-001M is found
2025-05-16 17:15:21,390 [72] INFO  UOBCMS.Classes.Logger - AccountController\GetAccountEmail		Client Email of Account: 194419-001M is found
2025-05-16 17:15:21,398 [72] INFO  UOBCMS.Classes.Logger - AccountController\GetAccountAddress		Account Address of Account: 194419-001M is found
2025-05-16 17:15:21,409 [76] INFO  UOBCMS.Classes.Logger - AccountController\GetAccountAddress		Account Address of Account: 194419-001M is found
2025-05-16 17:15:24,040 [76] INFO  UOBCMS.Classes.Logger - AccountController\GetAccountAddress		Account Address of Account: 194419-001M is found
2025-05-16 17:15:24,041 [76] INFO  UOBCMS.Classes.Logger - AccountController\GetIBOAccountCRS		Account Code: 194419-001M
2025-05-16 17:15:24,080 [71] INFO  UOBCMS.Classes.Logger - AccountController\GetAccountPhones		Account Phone of Account: 194419-001M is found
2025-05-16 17:16:01,408 [64] INFO  UOBCMS.Classes.Logger - AccountController\GetAccountAddress		Account Address of Account: 194419-001M is found
2025-05-16 17:16:01,410 [64] INFO  UOBCMS.Classes.Logger - AccountController\GetIBOAccountCRS		Account Code: 194419-001M
2025-05-16 17:16:01,445 [70] INFO  UOBCMS.Classes.Logger - AccountController\GetAccountPhones		Account Phone of Account: 194419-001M is found
2025-05-16 17:21:00,131 [31] INFO  UOBCMS.Classes.Logger - AccountController\GetAccountPhone		Account Phone of Account: 194419-001M is found
2025-05-16 17:21:00,139 [15] INFO  UOBCMS.Classes.Logger - AccountController\GetAccountPhone		Account Phone of Account: 194419-001M is found
2025-05-16 17:21:00,146 [15] INFO  UOBCMS.Classes.Logger - AccountController\GetAccountPhone		Account Phone of Account: 194419-001M is found
2025-05-16 17:21:00,152 [32] INFO  UOBCMS.Classes.Logger - AccountController\GetAccountPhone		Account Phone of Account: 194419-001M is found
2025-05-16 17:21:00,161 [15] INFO  UOBCMS.Classes.Logger - AccountController\GetAccountEmail		Client Email of Account: 194419-001M is found
2025-05-16 17:21:00,169 [15] INFO  UOBCMS.Classes.Logger - AccountController\GetAccountEmail		Client Email of Account: 194419-001M is found
2025-05-16 17:21:00,176 [32] INFO  UOBCMS.Classes.Logger - AccountController\GetAccountEmail		Client Email of Account: 194419-001M is found
2025-05-16 17:21:00,184 [32] INFO  UOBCMS.Classes.Logger - AccountController\GetAccountAddress		Account Address of Account: 194419-001M is found
2025-05-16 17:21:00,192 [15] INFO  UOBCMS.Classes.Logger - AccountController\GetAccountAddress		Account Address of Account: 194419-001M is found
2025-05-16 17:21:01,995 [31] INFO  UOBCMS.Classes.Logger - AccountController\GetAccountAddress		Account Address of Account: 194419-001M is found
2025-05-16 17:21:01,997 [15] INFO  UOBCMS.Classes.Logger - AccountController\GetIBOAccountCRS		Account Code: 194419-001M
2025-05-16 17:21:02,041 [15] INFO  UOBCMS.Classes.Logger - AccountController\GetAccountPhones		Account Phone of Account: 194419-001M is found
2025-05-16 17:21:40,484 [31] INFO  UOBCMS.Classes.Logger - AccountController\GetAccountAddress		Account Address of Account: 194419-001M is found
2025-05-16 17:21:40,485 [31] INFO  UOBCMS.Classes.Logger - AccountController\GetIBOAccountCRS		Account Code: 194419-001M
2025-05-16 17:21:40,496 [26] INFO  UOBCMS.Classes.Logger - AccountController\GetAccountPhones		Account Phone of Account: 194419-001M is found
2025-05-16 17:24:28,366 [127] INFO  UOBCMS.Classes.Logger - AccountController\GetAccountPhone		Account Phone of Account: 194419-001M is found
2025-05-16 17:24:28,373 [127] INFO  UOBCMS.Classes.Logger - AccountController\GetAccountPhone		Account Phone of Account: 194419-001M is found
2025-05-16 17:24:28,382 [128] INFO  UOBCMS.Classes.Logger - AccountController\GetAccountPhone		Account Phone of Account: 194419-001M is found
2025-05-16 17:24:28,389 [128] INFO  UOBCMS.Classes.Logger - AccountController\GetAccountPhone		Account Phone of Account: 194419-001M is found
2025-05-16 17:24:28,399 [128] INFO  UOBCMS.Classes.Logger - AccountController\GetAccountEmail		Client Email of Account: 194419-001M is found
2025-05-16 17:24:28,407 [125] INFO  UOBCMS.Classes.Logger - AccountController\GetAccountEmail		Client Email of Account: 194419-001M is found
2025-05-16 17:24:28,415 [128] INFO  UOBCMS.Classes.Logger - AccountController\GetAccountEmail		Client Email of Account: 194419-001M is found
2025-05-16 17:24:28,422 [128] INFO  UOBCMS.Classes.Logger - AccountController\GetAccountAddress		Account Address of Account: 194419-001M is found
2025-05-16 17:24:28,429 [128] INFO  UOBCMS.Classes.Logger - AccountController\GetAccountAddress		Account Address of Account: 194419-001M is found
2025-05-16 17:24:32,624 [128] INFO  UOBCMS.Classes.Logger - AccountController\GetAccountAddress		Account Address of Account: 194419-001M is found
2025-05-16 17:24:32,625 [128] INFO  UOBCMS.Classes.Logger - AccountController\GetIBOAccountCRS		Account Code: 194419-001M
2025-05-16 17:24:32,656 [123] INFO  UOBCMS.Classes.Logger - AccountController\GetAccountPhones		Account Phone of Account: 194419-001M is found
2025-05-16 17:25:04,242 [126] INFO  UOBCMS.Classes.Logger - AccountController\GetAccountPhone		Account Phone of Account: 194419-001M is found
2025-05-16 17:25:04,251 [131] INFO  UOBCMS.Classes.Logger - AccountController\GetAccountPhone		Account Phone of Account: 194419-001M is found
2025-05-16 17:25:04,258 [126] INFO  UOBCMS.Classes.Logger - AccountController\GetAccountPhone		Account Phone of Account: 194419-001M is found
2025-05-16 17:25:04,265 [126] INFO  UOBCMS.Classes.Logger - AccountController\GetAccountPhone		Account Phone of Account: 194419-001M is found
2025-05-16 17:25:04,274 [126] INFO  UOBCMS.Classes.Logger - AccountController\GetAccountEmail		Client Email of Account: 194419-001M is found
2025-05-16 17:25:04,282 [131] INFO  UOBCMS.Classes.Logger - AccountController\GetAccountEmail		Client Email of Account: 194419-001M is found
2025-05-16 17:25:04,289 [128] INFO  UOBCMS.Classes.Logger - AccountController\GetAccountEmail		Client Email of Account: 194419-001M is found
2025-05-16 17:25:04,296 [131] INFO  UOBCMS.Classes.Logger - AccountController\GetAccountAddress		Account Address of Account: 194419-001M is found
2025-05-16 17:25:04,303 [131] INFO  UOBCMS.Classes.Logger - AccountController\GetAccountAddress		Account Address of Account: 194419-001M is found
2025-05-16 17:25:06,491 [131] INFO  UOBCMS.Classes.Logger - AccountController\GetAccountAddress		Account Address of Account: 194419-001M is found
2025-05-16 17:25:06,492 [128] INFO  UOBCMS.Classes.Logger - AccountController\GetIBOAccountCRS		Account Code: 194419-001M
2025-05-16 17:25:06,526 [131] INFO  UOBCMS.Classes.Logger - AccountController\GetAccountPhones		Account Phone of Account: 194419-001M is found
2025-05-16 17:25:52,957 [136] INFO  UOBCMS.Classes.Logger - AccountController\GetAccountbyAccno		Account: 194419-001M is found
2025-05-16 17:25:55,165 [128] INFO  UOBCMS.Classes.Logger - AccountController\GetAccountbyAccno		Account: 194419-001M is found
2025-05-16 17:25:55,192 [128] INFO  UOBCMS.Classes.Logger - AccountController\GetAccountPhone		Account Phone of Account: 194419-001M is found
2025-05-16 17:25:55,203 [134] INFO  UOBCMS.Classes.Logger - AccountController\GetAccountPhone		Account Phone of Account: 194419-001M is found
2025-05-16 17:25:55,211 [136] INFO  UOBCMS.Classes.Logger - AccountController\GetAccountPhone		Account Phone of Account: 194419-001M is found
2025-05-16 17:25:55,218 [128] INFO  UOBCMS.Classes.Logger - AccountController\GetAccountPhone		Account Phone of Account: 194419-001M is found
2025-05-16 17:25:55,228 [136] INFO  UOBCMS.Classes.Logger - AccountController\GetAccountEmail		Client Email of Account: 194419-001M is found
2025-05-16 17:25:55,239 [134] INFO  UOBCMS.Classes.Logger - AccountController\GetAccountEmail		Client Email of Account: 194419-001M is found
2025-05-16 17:25:55,246 [134] INFO  UOBCMS.Classes.Logger - AccountController\GetAccountEmail		Client Email of Account: 194419-001M is found
2025-05-16 17:25:55,258 [136] INFO  UOBCMS.Classes.Logger - AccountController\GetAccountAddress		Account Address of Account: 194419-001M is found
2025-05-16 17:25:55,270 [131] INFO  UOBCMS.Classes.Logger - AccountController\GetAccountAddress		Account Address of Account: 194419-001M is found
2025-05-16 17:25:58,640 [137] INFO  UOBCMS.Classes.Logger - AccountController\GetAccountAddress		Account Address of Account: 194419-001M is found
2025-05-16 17:25:58,643 [137] INFO  UOBCMS.Classes.Logger - AccountController\GetIBOAccountCRS		Account Code: 194419-001M
2025-05-16 17:25:58,691 [137] INFO  UOBCMS.Classes.Logger - AccountController\GetAccountPhones		Account Phone of Account: 194419-001M is found
2025-05-16 17:26:57,112 [135] INFO  UOBCMS.Classes.Logger - AccountController\GetAccountbyAccno		Account: 194419-001M is found
2025-05-16 17:26:59,324 [141] INFO  UOBCMS.Classes.Logger - AccountController\GetAccountbyAccno		Account: 194419-001M is found
2025-05-16 17:27:00,910 [141] INFO  UOBCMS.Classes.Logger - AccountController\GetAccountPhone		Account Phone of Account: 194419-001M is found
2025-05-16 17:27:00,922 [141] INFO  UOBCMS.Classes.Logger - AccountController\GetAccountPhone		Account Phone of Account: 194419-001M is found
2025-05-16 17:27:00,930 [141] INFO  UOBCMS.Classes.Logger - AccountController\GetAccountPhone		Account Phone of Account: 194419-001M is found
2025-05-16 17:27:00,937 [135] INFO  UOBCMS.Classes.Logger - AccountController\GetAccountPhone		Account Phone of Account: 194419-001M is found
2025-05-16 17:27:00,947 [140] INFO  UOBCMS.Classes.Logger - AccountController\GetAccountEmail		Client Email of Account: 194419-001M is found
2025-05-16 17:27:00,958 [150] INFO  UOBCMS.Classes.Logger - AccountController\GetAccountEmail		Client Email of Account: 194419-001M is found
2025-05-16 17:27:00,965 [150] INFO  UOBCMS.Classes.Logger - AccountController\GetAccountEmail		Client Email of Account: 194419-001M is found
2025-05-16 17:27:00,973 [135] INFO  UOBCMS.Classes.Logger - AccountController\GetAccountAddress		Account Address of Account: 194419-001M is found
2025-05-16 17:27:00,987 [150] INFO  UOBCMS.Classes.Logger - AccountController\GetAccountAddress		Account Address of Account: 194419-001M is found
2025-05-16 17:27:06,109 [150] INFO  UOBCMS.Classes.Logger - AccountController\GetAccountAddress		Account Address of Account: 194419-001M is found
2025-05-16 17:27:06,111 [150] INFO  UOBCMS.Classes.Logger - AccountController\GetIBOAccountCRS		Account Code: 194419-001M
2025-05-16 17:27:06,151 [150] INFO  UOBCMS.Classes.Logger - AccountController\GetAccountPhones		Account Phone of Account: 194419-001M is found
2025-05-16 17:27:58,549 [141] INFO  UOBCMS.Classes.Logger - AccountController\GetAccountbyAccno		Account: 194419-001M is found
2025-05-16 17:28:01,159 [150] INFO  UOBCMS.Classes.Logger - AccountController\GetAccountbyAccno		Account: 194419-001M is found
2025-05-16 17:28:01,184 [150] INFO  UOBCMS.Classes.Logger - AccountController\GetAccountPhone		Account Phone of Account: 194419-001M is found
2025-05-16 17:28:01,196 [148] INFO  UOBCMS.Classes.Logger - AccountController\GetAccountPhone		Account Phone of Account: 194419-001M is found
2025-05-16 17:28:01,204 [141] INFO  UOBCMS.Classes.Logger - AccountController\GetAccountPhone		Account Phone of Account: 194419-001M is found
2025-05-16 17:28:01,209 [148] INFO  UOBCMS.Classes.Logger - AccountController\GetAccountPhone		Account Phone of Account: 194419-001M is found
2025-05-16 17:28:01,218 [141] INFO  UOBCMS.Classes.Logger - AccountController\GetAccountEmail		Client Email of Account: 194419-001M is found
2025-05-16 17:28:01,229 [150] INFO  UOBCMS.Classes.Logger - AccountController\GetAccountEmail		Client Email of Account: 194419-001M is found
2025-05-16 17:28:01,236 [148] INFO  UOBCMS.Classes.Logger - AccountController\GetAccountEmail		Client Email of Account: 194419-001M is found
2025-05-16 17:28:01,243 [150] INFO  UOBCMS.Classes.Logger - AccountController\GetAccountAddress		Account Address of Account: 194419-001M is found
2025-05-16 17:28:01,254 [148] INFO  UOBCMS.Classes.Logger - AccountController\GetAccountAddress		Account Address of Account: 194419-001M is found
2025-05-16 17:28:04,537 [148] INFO  UOBCMS.Classes.Logger - AccountController\GetAccountAddress		Account Address of Account: 194419-001M is found
2025-05-16 17:28:04,539 [148] INFO  UOBCMS.Classes.Logger - AccountController\GetIBOAccountCRS		Account Code: 194419-001M
2025-05-16 17:28:04,579 [150] INFO  UOBCMS.Classes.Logger - AccountController\GetAccountPhones		Account Phone of Account: 194419-001M is found
2025-05-16 17:29:32,721 [151] INFO  UOBCMS.Classes.Logger - AccountController\GetAccountbyAccno		Account: 194419-001M is found
2025-05-16 17:29:35,081 [148] INFO  UOBCMS.Classes.Logger - AccountController\GetAccountbyAccno		Account: 194419-001M is found
2025-05-16 17:29:35,114 [156] INFO  UOBCMS.Classes.Logger - AccountController\GetAccountPhone		Account Phone of Account: 194419-001M is found
2025-05-16 17:29:35,130 [157] INFO  UOBCMS.Classes.Logger - AccountController\GetAccountPhone		Account Phone of Account: 194419-001M is found
2025-05-16 17:29:35,137 [151] INFO  UOBCMS.Classes.Logger - AccountController\GetAccountPhone		Account Phone of Account: 194419-001M is found
2025-05-16 17:29:35,144 [156] INFO  UOBCMS.Classes.Logger - AccountController\GetAccountPhone		Account Phone of Account: 194419-001M is found
2025-05-16 17:29:35,153 [156] INFO  UOBCMS.Classes.Logger - AccountController\GetAccountEmail		Client Email of Account: 194419-001M is found
2025-05-16 17:29:35,164 [157] INFO  UOBCMS.Classes.Logger - AccountController\GetAccountEmail		Client Email of Account: 194419-001M is found
2025-05-16 17:29:35,172 [157] INFO  UOBCMS.Classes.Logger - AccountController\GetAccountEmail		Client Email of Account: 194419-001M is found
2025-05-16 17:29:35,180 [148] INFO  UOBCMS.Classes.Logger - AccountController\GetAccountAddress		Account Address of Account: 194419-001M is found
2025-05-16 17:29:35,191 [157] INFO  UOBCMS.Classes.Logger - AccountController\GetAccountAddress		Account Address of Account: 194419-001M is found
2025-05-16 17:29:39,763 [157] INFO  UOBCMS.Classes.Logger - AccountController\GetAccountAddress		Account Address of Account: 194419-001M is found
2025-05-16 17:29:39,764 [157] INFO  UOBCMS.Classes.Logger - AccountController\GetIBOAccountCRS		Account Code: 194419-001M
2025-05-16 17:29:39,808 [148] INFO  UOBCMS.Classes.Logger - AccountController\GetAccountPhones		Account Phone of Account: 194419-001M is found
2025-05-16 17:32:11,485 [81] INFO  UOBCMS.Classes.Logger - AccountController\GetAccountbyAccno		Account: 194419-001M is found
2025-05-16 17:32:14,894 [81] INFO  UOBCMS.Classes.Logger - AccountController\GetAccountbyAccno		Account: 194419-001M is found
2025-05-16 17:32:15,837 [121] INFO  UOBCMS.Classes.Logger - AccountController\GetAccountPhone		Account Phone of Account: 194419-001M is found
2025-05-16 17:32:15,859 [121] INFO  UOBCMS.Classes.Logger - AccountController\GetAccountPhone		Account Phone of Account: 194419-001M is found
2025-05-16 17:32:15,873 [81] INFO  UOBCMS.Classes.Logger - AccountController\GetAccountPhone		Account Phone of Account: 194419-001M is found
2025-05-16 17:32:15,885 [80] INFO  UOBCMS.Classes.Logger - AccountController\GetAccountPhone		Account Phone of Account: 194419-001M is found
2025-05-16 17:32:15,902 [80] INFO  UOBCMS.Classes.Logger - AccountController\GetAccountEmail		Client Email of Account: 194419-001M is found
2025-05-16 17:32:15,918 [81] INFO  UOBCMS.Classes.Logger - AccountController\GetAccountEmail		Client Email of Account: 194419-001M is found
2025-05-16 17:32:15,945 [121] INFO  UOBCMS.Classes.Logger - AccountController\GetAccountEmail		Client Email of Account: 194419-001M is found
2025-05-16 17:32:15,959 [109] INFO  UOBCMS.Classes.Logger - AccountController\GetAccountAddress		Account Address of Account: 194419-001M is found
2025-05-16 17:32:15,970 [121] INFO  UOBCMS.Classes.Logger - AccountController\GetAccountAddress		Account Address of Account: 194419-001M is found
2025-05-16 17:32:19,304 [146] INFO  UOBCMS.Classes.Logger - AccountController\GetAccountAddress		Account Address of Account: 194419-001M is found
2025-05-16 17:32:19,305 [146] INFO  UOBCMS.Classes.Logger - AccountController\GetIBOAccountCRS		Account Code: 194419-001M
2025-05-16 17:32:19,349 [146] INFO  UOBCMS.Classes.Logger - AccountController\GetAccountPhones		Account Phone of Account: 194419-001M is found
2025-05-16 17:35:22,494 [189] INFO  UOBCMS.Classes.Logger - AccountController\GetAccountbyAccno		Account: 194419-001M is found
2025-05-16 17:35:26,839 [190] INFO  UOBCMS.Classes.Logger - AccountController\GetAccountbyAccno		Account: 194419-001M is found
2025-05-16 17:35:26,867 [192] INFO  UOBCMS.Classes.Logger - AccountController\GetAccountPhone		Account Phone of Account: 194419-001M is found
2025-05-16 17:35:26,880 [189] INFO  UOBCMS.Classes.Logger - AccountController\GetAccountPhone		Account Phone of Account: 194419-001M is found
2025-05-16 17:35:26,887 [192] INFO  UOBCMS.Classes.Logger - AccountController\GetAccountPhone		Account Phone of Account: 194419-001M is found
2025-05-16 17:35:26,894 [192] INFO  UOBCMS.Classes.Logger - AccountController\GetAccountPhone		Account Phone of Account: 194419-001M is found
2025-05-16 17:35:26,905 [191] INFO  UOBCMS.Classes.Logger - AccountController\GetAccountEmail		Client Email of Account: 194419-001M is found
2025-05-16 17:35:26,918 [190] INFO  UOBCMS.Classes.Logger - AccountController\GetAccountEmail		Client Email of Account: 194419-001M is found
2025-05-16 17:35:26,928 [192] INFO  UOBCMS.Classes.Logger - AccountController\GetAccountEmail		Client Email of Account: 194419-001M is found
2025-05-16 17:35:26,937 [189] INFO  UOBCMS.Classes.Logger - AccountController\GetAccountAddress		Account Address of Account: 194419-001M is found
2025-05-16 17:35:26,950 [189] INFO  UOBCMS.Classes.Logger - AccountController\GetAccountAddress		Account Address of Account: 194419-001M is found
2025-05-16 17:35:29,451 [189] INFO  UOBCMS.Classes.Logger - AccountController\GetAccountAddress		Account Address of Account: 194419-001M is found
2025-05-16 17:35:29,452 [190] INFO  UOBCMS.Classes.Logger - AccountController\GetIBOAccountCRS		Account Code: 194419-001M
2025-05-16 17:35:29,483 [189] INFO  UOBCMS.Classes.Logger - AccountController\GetAccountPhones		Account Phone of Account: 194419-001M is found
2025-05-16 17:37:50,442 [188] INFO  UOBCMS.Classes.Logger - AccountController\GetAccountbyAccno		Account: 194419-001M is found
2025-05-16 17:37:53,380 [189] INFO  UOBCMS.Classes.Logger - AccountController\GetAccountbyAccno		Account: 194419-001M is found
2025-05-16 17:37:53,416 [189] INFO  UOBCMS.Classes.Logger - AccountController\GetAccountPhone		Account Phone of Account: 194419-001M is found
2025-05-16 17:37:53,435 [188] INFO  UOBCMS.Classes.Logger - AccountController\GetAccountPhone		Account Phone of Account: 194419-001M is found
2025-05-16 17:37:53,446 [188] INFO  UOBCMS.Classes.Logger - AccountController\GetAccountPhone		Account Phone of Account: 194419-001M is found
2025-05-16 17:37:53,455 [189] INFO  UOBCMS.Classes.Logger - AccountController\GetAccountPhone		Account Phone of Account: 194419-001M is found
2025-05-16 17:37:53,466 [188] INFO  UOBCMS.Classes.Logger - AccountController\GetAccountEmail		Client Email of Account: 194419-001M is found
2025-05-16 17:37:53,477 [190] INFO  UOBCMS.Classes.Logger - AccountController\GetAccountEmail		Client Email of Account: 194419-001M is found
2025-05-16 17:37:53,484 [188] INFO  UOBCMS.Classes.Logger - AccountController\GetAccountEmail		Client Email of Account: 194419-001M is found
2025-05-16 17:37:53,492 [190] INFO  UOBCMS.Classes.Logger - AccountController\GetAccountAddress		Account Address of Account: 194419-001M is found
2025-05-16 17:37:53,504 [190] INFO  UOBCMS.Classes.Logger - AccountController\GetAccountAddress		Account Address of Account: 194419-001M is found
2025-05-16 17:37:55,621 [189] INFO  UOBCMS.Classes.Logger - AccountController\GetAccountAddress		Account Address of Account: 194419-001M is found
2025-05-16 17:37:55,622 [189] INFO  UOBCMS.Classes.Logger - AccountController\GetIBOAccountCRS		Account Code: 194419-001M
2025-05-16 17:37:55,666 [190] INFO  UOBCMS.Classes.Logger - AccountController\GetAccountPhones		Account Phone of Account: 194419-001M is found
2025-05-16 17:43:11,229 [145] INFO  UOBCMS.Classes.Logger - AccountController\GetAccountbyAccno		Account: 194419-001M is found
2025-05-16 17:43:15,336 [145] INFO  UOBCMS.Classes.Logger - AccountController\GetAccountbyAccno		Account: 194419-001M is found
2025-05-16 17:43:15,370 [141] INFO  UOBCMS.Classes.Logger - AccountController\GetAccountPhone		Account Phone of Account: 194419-001M is found
2025-05-16 17:43:15,383 [141] INFO  UOBCMS.Classes.Logger - AccountController\GetAccountPhone		Account Phone of Account: 194419-001M is found
2025-05-16 17:43:15,390 [141] INFO  UOBCMS.Classes.Logger - AccountController\GetAccountPhone		Account Phone of Account: 194419-001M is found
2025-05-16 17:43:15,396 [141] INFO  UOBCMS.Classes.Logger - AccountController\GetAccountPhone		Account Phone of Account: 194419-001M is found
2025-05-16 17:43:15,406 [141] INFO  UOBCMS.Classes.Logger - AccountController\GetAccountEmail		Client Email of Account: 194419-001M is found
2025-05-16 17:43:15,424 [141] INFO  UOBCMS.Classes.Logger - AccountController\GetAccountEmail		Client Email of Account: 194419-001M is found
2025-05-16 17:43:15,432 [141] INFO  UOBCMS.Classes.Logger - AccountController\GetAccountEmail		Client Email of Account: 194419-001M is found
2025-05-16 17:43:15,444 [145] INFO  UOBCMS.Classes.Logger - AccountController\GetAccountAddress		Account Address of Account: 194419-001M is found
2025-05-16 17:43:15,456 [145] INFO  UOBCMS.Classes.Logger - AccountController\GetAccountAddress		Account Address of Account: 194419-001M is found
2025-05-16 17:43:18,370 [141] INFO  UOBCMS.Classes.Logger - AccountController\GetAccountAddress		Account Address of Account: 194419-001M is found
2025-05-16 17:43:18,372 [145] INFO  UOBCMS.Classes.Logger - AccountController\GetIBOAccountCRS		Account Code: 194419-001M
2025-05-16 17:43:18,419 [145] INFO  UOBCMS.Classes.Logger - AccountController\GetAccountPhones		Account Phone of Account: 194419-001M is found
2025-05-16 17:45:03,859 [25] INFO  UOBCMS.Classes.Logger - AccountController\GetAccountPhone		Account Phone of Account: 194419-001M is found
2025-05-16 17:45:03,868 [25] INFO  UOBCMS.Classes.Logger - AccountController\GetAccountPhone		Account Phone of Account: 194419-001M is found
2025-05-16 17:45:03,875 [18] INFO  UOBCMS.Classes.Logger - AccountController\GetAccountPhone		Account Phone of Account: 194419-001M is found
2025-05-16 17:45:03,881 [18] INFO  UOBCMS.Classes.Logger - AccountController\GetAccountPhone		Account Phone of Account: 194419-001M is found
2025-05-16 17:45:03,890 [25] INFO  UOBCMS.Classes.Logger - AccountController\GetAccountEmail		Client Email of Account: 194419-001M is found
2025-05-16 17:45:03,898 [25] INFO  UOBCMS.Classes.Logger - AccountController\GetAccountEmail		Client Email of Account: 194419-001M is found
2025-05-16 17:45:03,904 [25] INFO  UOBCMS.Classes.Logger - AccountController\GetAccountEmail		Client Email of Account: 194419-001M is found
2025-05-16 17:45:03,912 [10] INFO  UOBCMS.Classes.Logger - AccountController\GetAccountAddress		Account Address of Account: 194419-001M is found
2025-05-16 17:45:03,918 [10] INFO  UOBCMS.Classes.Logger - AccountController\GetAccountAddress		Account Address of Account: 194419-001M is found
2025-05-16 17:45:06,187 [29] INFO  UOBCMS.Classes.Logger - AccountController\GetAccountAddress		Account Address of Account: 194419-001M is found
2025-05-16 17:45:06,188 [18] INFO  UOBCMS.Classes.Logger - AccountController\GetIBOAccountCRS		Account Code: 194419-001M
2025-05-16 17:45:06,217 [25] INFO  UOBCMS.Classes.Logger - AccountController\GetAccountPhones		Account Phone of Account: 194419-001M is found
2025-05-16 17:46:51,388 [31] INFO  UOBCMS.Classes.Logger - AccountController\GetAccountbyAccno		Account: 194419-001M is found
2025-05-16 17:46:55,297 [30] INFO  UOBCMS.Classes.Logger - AccountController\GetAccountbyAccno		Account: 194419-001M is found
2025-05-16 17:46:56,656 [34] INFO  UOBCMS.Classes.Logger - AccountController\GetAccountPhone		Account Phone of Account: 194419-001M is found
2025-05-16 17:46:56,667 [26] INFO  UOBCMS.Classes.Logger - AccountController\GetAccountPhone		Account Phone of Account: 194419-001M is found
2025-05-16 17:46:56,674 [30] INFO  UOBCMS.Classes.Logger - AccountController\GetAccountPhone		Account Phone of Account: 194419-001M is found
2025-05-16 17:46:56,680 [26] INFO  UOBCMS.Classes.Logger - AccountController\GetAccountPhone		Account Phone of Account: 194419-001M is found
2025-05-16 17:46:56,688 [30] INFO  UOBCMS.Classes.Logger - AccountController\GetAccountEmail		Client Email of Account: 194419-001M is found
2025-05-16 17:46:56,698 [26] INFO  UOBCMS.Classes.Logger - AccountController\GetAccountEmail		Client Email of Account: 194419-001M is found
2025-05-16 17:46:56,704 [26] INFO  UOBCMS.Classes.Logger - AccountController\GetAccountEmail		Client Email of Account: 194419-001M is found
2025-05-16 17:46:56,711 [34] INFO  UOBCMS.Classes.Logger - AccountController\GetAccountAddress		Account Address of Account: 194419-001M is found
2025-05-16 17:46:56,721 [26] INFO  UOBCMS.Classes.Logger - AccountController\GetAccountAddress		Account Address of Account: 194419-001M is found
2025-05-16 17:46:58,953 [34] INFO  UOBCMS.Classes.Logger - AccountController\GetAccountAddress		Account Address of Account: 194419-001M is found
2025-05-16 17:46:58,955 [37] INFO  UOBCMS.Classes.Logger - AccountController\GetIBOAccountCRS		Account Code: 194419-001M
2025-05-16 17:46:58,994 [37] INFO  UOBCMS.Classes.Logger - AccountController\GetAccountPhones		Account Phone of Account: 194419-001M is found
2025-05-16 17:47:54,569 [34] INFO  UOBCMS.Classes.Logger - AccountController\GetAccountbyAccno		Account: 194419-001M is found
2025-05-16 17:47:56,869 [40] INFO  UOBCMS.Classes.Logger - AccountController\GetAccountbyAccno		Account: 194419-001M is found
2025-05-16 17:47:57,821 [37] INFO  UOBCMS.Classes.Logger - AccountController\GetAccountPhone		Account Phone of Account: 194419-001M is found
2025-05-16 17:47:57,840 [34] INFO  UOBCMS.Classes.Logger - AccountController\GetAccountPhone		Account Phone of Account: 194419-001M is found
2025-05-16 17:47:57,854 [34] INFO  UOBCMS.Classes.Logger - AccountController\GetAccountPhone		Account Phone of Account: 194419-001M is found
2025-05-16 17:47:57,865 [34] INFO  UOBCMS.Classes.Logger - AccountController\GetAccountPhone		Account Phone of Account: 194419-001M is found
2025-05-16 17:47:57,882 [42] INFO  UOBCMS.Classes.Logger - AccountController\GetAccountEmail		Client Email of Account: 194419-001M is found
2025-05-16 17:47:57,898 [34] INFO  UOBCMS.Classes.Logger - AccountController\GetAccountEmail		Client Email of Account: 194419-001M is found
2025-05-16 17:47:57,909 [34] INFO  UOBCMS.Classes.Logger - AccountController\GetAccountEmail		Client Email of Account: 194419-001M is found
2025-05-16 17:47:57,922 [34] INFO  UOBCMS.Classes.Logger - AccountController\GetAccountAddress		Account Address of Account: 194419-001M is found
2025-05-16 17:47:57,948 [42] INFO  UOBCMS.Classes.Logger - AccountController\GetAccountAddress		Account Address of Account: 194419-001M is found
2025-05-16 17:48:00,113 [43] INFO  UOBCMS.Classes.Logger - AccountController\GetAccountAddress		Account Address of Account: 194419-001M is found
2025-05-16 17:48:00,115 [34] INFO  UOBCMS.Classes.Logger - AccountController\GetIBOAccountCRS		Account Code: 194419-001M
2025-05-16 17:48:00,154 [34] INFO  UOBCMS.Classes.Logger - AccountController\GetAccountPhones		Account Phone of Account: 194419-001M is found
2025-05-16 17:49:36,183 [67] INFO  UOBCMS.Classes.Logger - AccountController\GetAccountbyAccno		Account: 194419-001M is found
2025-05-16 17:51:56,512 [85] INFO  UOBCMS.Classes.Logger - AccountController\GetAccountbyAccno		Account: 194419-001M is found
2025-05-16 17:51:56,539 [87] INFO  UOBCMS.Classes.Logger - AccountController\GetAccountPhone		Account Phone of Account: 194419-001M is found
2025-05-16 17:51:56,551 [85] INFO  UOBCMS.Classes.Logger - AccountController\GetAccountPhone		Account Phone of Account: 194419-001M is found
2025-05-16 17:51:56,559 [91] INFO  UOBCMS.Classes.Logger - AccountController\GetAccountPhone		Account Phone of Account: 194419-001M is found
2025-05-16 17:51:56,565 [91] INFO  UOBCMS.Classes.Logger - AccountController\GetAccountPhone		Account Phone of Account: 194419-001M is found
2025-05-16 17:51:56,575 [85] INFO  UOBCMS.Classes.Logger - AccountController\GetAccountEmail		Client Email of Account: 194419-001M is found
2025-05-16 17:51:56,586 [82] INFO  UOBCMS.Classes.Logger - AccountController\GetAccountEmail		Client Email of Account: 194419-001M is found
2025-05-16 17:51:56,594 [85] INFO  UOBCMS.Classes.Logger - AccountController\GetAccountEmail		Client Email of Account: 194419-001M is found
2025-05-16 17:51:56,601 [87] INFO  UOBCMS.Classes.Logger - AccountController\GetAccountAddress		Account Address of Account: 194419-001M is found
2025-05-16 17:51:56,613 [82] INFO  UOBCMS.Classes.Logger - AccountController\GetAccountAddress		Account Address of Account: 194419-001M is found
2025-05-16 17:51:59,266 [82] INFO  UOBCMS.Classes.Logger - AccountController\GetAccountAddress		Account Address of Account: 194419-001M is found
2025-05-16 17:51:59,268 [82] INFO  UOBCMS.Classes.Logger - AccountController\GetIBOAccountCRS		Account Code: 194419-001M
2025-05-16 17:51:59,307 [85] INFO  UOBCMS.Classes.Logger - AccountController\GetAccountPhones		Account Phone of Account: 194419-001M is found
2025-05-16 17:59:10,496 [54] INFO  UOBCMS.Classes.Logger - AccountController\GetAccountbyAccno		Account: 194419-001M is found
2025-05-16 17:59:13,844 [48] INFO  UOBCMS.Classes.Logger - AccountController\GetAccountbyAccno		Account: 194419-001M is found
2025-05-16 17:59:14,415 [54] INFO  UOBCMS.Classes.Logger - AccountController\GetAccountPhone		Account Phone of Account: 194419-001M is found
2025-05-16 17:59:14,430 [58] INFO  UOBCMS.Classes.Logger - AccountController\GetAccountPhone		Account Phone of Account: 194419-001M is found
2025-05-16 17:59:14,441 [54] INFO  UOBCMS.Classes.Logger - AccountController\GetAccountPhone		Account Phone of Account: 194419-001M is found
2025-05-16 17:59:14,450 [58] INFO  UOBCMS.Classes.Logger - AccountController\GetAccountPhone		Account Phone of Account: 194419-001M is found
2025-05-16 17:59:14,463 [58] INFO  UOBCMS.Classes.Logger - AccountController\GetAccountEmail		Client Email of Account: 194419-001M is found
2025-05-16 17:59:14,477 [48] INFO  UOBCMS.Classes.Logger - AccountController\GetAccountEmail		Client Email of Account: 194419-001M is found
2025-05-16 17:59:14,485 [58] INFO  UOBCMS.Classes.Logger - AccountController\GetAccountEmail		Client Email of Account: 194419-001M is found
2025-05-16 17:59:14,493 [48] INFO  UOBCMS.Classes.Logger - AccountController\GetAccountAddress		Account Address of Account: 194419-001M is found
2025-05-16 17:59:14,507 [54] INFO  UOBCMS.Classes.Logger - AccountController\GetAccountAddress		Account Address of Account: 194419-001M is found
2025-05-16 17:59:16,126 [59] INFO  UOBCMS.Classes.Logger - AccountController\GetAccountAddress		Account Address of Account: 194419-001M is found
2025-05-16 17:59:16,128 [59] INFO  UOBCMS.Classes.Logger - AccountController\GetIBOAccountCRS		Account Code: 194419-001M
2025-05-16 17:59:16,176 [54] INFO  UOBCMS.Classes.Logger - AccountController\GetAccountPhones		Account Phone of Account: 194419-001M is found
2025-05-16 19:05:05,766 [109] INFO  UOBCMS.Classes.Logger - AccountController\GetAccountbyAccno		Account: 194419-001M is found
2025-05-16 19:05:10,764 [109] INFO  UOBCMS.Classes.Logger - AccountController\GetAccountbyAccno		Account: 194419-001M is found
2025-05-16 19:05:11,168 [81] INFO  UOBCMS.Classes.Logger - AccountController\GetAccountPhone		Account Phone of Account: 194419-001M is found
2025-05-16 19:05:11,189 [146] INFO  UOBCMS.Classes.Logger - AccountController\GetAccountPhone		Account Phone of Account: 194419-001M is found
2025-05-16 19:05:11,203 [146] INFO  UOBCMS.Classes.Logger - AccountController\GetAccountPhone		Account Phone of Account: 194419-001M is found
2025-05-16 19:05:11,212 [81] INFO  UOBCMS.Classes.Logger - AccountController\GetAccountPhone		Account Phone of Account: 194419-001M is found
2025-05-16 19:05:11,223 [146] INFO  UOBCMS.Classes.Logger - AccountController\GetAccountEmail		Client Email of Account: 194419-001M is found
2025-05-16 19:05:11,234 [109] INFO  UOBCMS.Classes.Logger - AccountController\GetAccountEmail		Client Email of Account: 194419-001M is found
2025-05-16 19:05:11,242 [146] INFO  UOBCMS.Classes.Logger - AccountController\GetAccountEmail		Client Email of Account: 194419-001M is found
2025-05-16 19:05:11,250 [109] INFO  UOBCMS.Classes.Logger - AccountController\GetAccountAddress		Account Address of Account: 194419-001M is found
2025-05-16 19:05:11,264 [81] INFO  UOBCMS.Classes.Logger - AccountController\GetAccountAddress		Account Address of Account: 194419-001M is found
2025-05-16 19:05:14,898 [121] INFO  UOBCMS.Classes.Logger - AccountController\GetAccountAddress		Account Address of Account: 194419-001M is found
2025-05-16 19:05:14,901 [121] INFO  UOBCMS.Classes.Logger - AccountController\GetIBOAccountCRS		Account Code: 194419-001M
2025-05-16 19:05:14,952 [81] INFO  UOBCMS.Classes.Logger - AccountController\GetAccountPhones		Account Phone of Account: 194419-001M is found
2025-05-16 19:10:27,810 [41] INFO  UOBCMS.Classes.Logger - AccountController\GetAccountbyAccno		Account: 194419-001M is found
2025-05-16 19:10:31,182 [49] INFO  UOBCMS.Classes.Logger - AccountController\GetAccountbyAccno		Account: 194419-001M is found
2025-05-16 19:10:31,212 [42] INFO  UOBCMS.Classes.Logger - AccountController\GetAccountPhone		Account Phone of Account: 194419-001M is found
2025-05-16 19:10:31,224 [49] INFO  UOBCMS.Classes.Logger - AccountController\GetAccountPhone		Account Phone of Account: 194419-001M is found
2025-05-16 19:10:31,231 [42] INFO  UOBCMS.Classes.Logger - AccountController\GetAccountPhone		Account Phone of Account: 194419-001M is found
2025-05-16 19:10:31,238 [41] INFO  UOBCMS.Classes.Logger - AccountController\GetAccountPhone		Account Phone of Account: 194419-001M is found
2025-05-16 19:10:31,248 [42] INFO  UOBCMS.Classes.Logger - AccountController\GetAccountEmail		Client Email of Account: 194419-001M is found
2025-05-16 19:10:31,259 [60] INFO  UOBCMS.Classes.Logger - AccountController\GetAccountEmail		Client Email of Account: 194419-001M is found
2025-05-16 19:10:31,266 [42] INFO  UOBCMS.Classes.Logger - AccountController\GetAccountEmail		Client Email of Account: 194419-001M is found
2025-05-16 19:10:31,274 [42] INFO  UOBCMS.Classes.Logger - AccountController\GetAccountAddress		Account Address of Account: 194419-001M is found
2025-05-16 19:10:31,284 [42] INFO  UOBCMS.Classes.Logger - AccountController\GetAccountAddress		Account Address of Account: 194419-001M is found
2025-05-16 19:10:33,394 [60] INFO  UOBCMS.Classes.Logger - AccountController\GetAccountAddress		Account Address of Account: 194419-001M is found
2025-05-16 19:10:33,396 [49] INFO  UOBCMS.Classes.Logger - AccountController\GetIBOAccountCRS		Account Code: 194419-001M
2025-05-16 19:10:33,444 [42] INFO  UOBCMS.Classes.Logger - AccountController\GetAccountPhones		Account Phone of Account: 194419-001M is found
2025-05-19 09:35:17,539 [458] INFO  UOBCMS.Classes.Logger - AccountController\Details		Details of Account: 8703 is found
