2025-07-03 10:23:44,294 [23] INFO  UOBCMS.Classes.Logger - AccountController\GetAccountbyAccno		Account: 194419-001M is found
2025-07-03 10:23:47,896 [24] INFO  UOBCMS.Classes.Logger - AccountController\GetAccountbyAccno		Account: 194419-001M is found
2025-07-03 10:23:48,848 [23] INFO  UOBCMS.Classes.Logger - AccountController\GetAccountPhone		Account Phone of Account: 194419-001M is found
2025-07-03 10:23:48,898 [27] INFO  UOBCMS.Classes.Logger - AccountController\GetAccountPhone		Account Phone of Account: 194419-001M is found
2025-07-03 10:23:48,923 [23] INFO  UOBCMS.Classes.Logger - AccountController\GetAccountPhone		Account Phone of Account: 194419-001M is found
2025-07-03 10:23:48,952 [23] INFO  UOBCMS.Classes.Logger - AccountController\GetAccountPhone		Account Phone of Account: 194419-001M is found
2025-07-03 10:23:49,036 [25] INFO  UOBCMS.Classes.Logger - AccountController\GetAccountEmail		Client Email of Account: 194419-001M is found
2025-07-03 10:23:49,055 [24] INFO  UOBCMS.Classes.Logger - AccountController\GetAccountEmail		Client Email of Account: 194419-001M is found
2025-07-03 10:23:49,077 [24] INFO  UOBCMS.Classes.Logger - AccountController\GetAccountEmail		Client Email of Account: 194419-001M is found
2025-07-03 10:23:49,130 [25] INFO  UOBCMS.Classes.Logger - AccountController\GetAccountAddress		Account Address of Account: 194419-001M is found
2025-07-03 10:23:49,159 [25] INFO  UOBCMS.Classes.Logger - AccountController\GetAccountAddress		Account Address of Account: 194419-001M is found
2025-07-03 10:23:52,259 [24] INFO  UOBCMS.Classes.Logger - AccountController\GetAccountEmail		Client Email of Account: 194419-001M is found
2025-07-03 10:24:57,600 [31] INFO  UOBCMS.Classes.Logger - AccountController\GetAccountbyAccno		Account: 194419-001M is found
2025-07-03 10:25:02,464 [26] INFO  UOBCMS.Classes.Logger - AccountController\GetAccountbyAccno		Account: 194419-001M is found
2025-07-03 10:25:03,309 [26] INFO  UOBCMS.Classes.Logger - AccountController\GetAccountPhone		Account Phone of Account: 194419-001M is found
2025-07-03 10:25:03,328 [31] INFO  UOBCMS.Classes.Logger - AccountController\GetAccountPhone		Account Phone of Account: 194419-001M is found
2025-07-03 10:25:03,340 [34] INFO  UOBCMS.Classes.Logger - AccountController\GetAccountPhone		Account Phone of Account: 194419-001M is found
2025-07-03 10:25:03,352 [31] INFO  UOBCMS.Classes.Logger - AccountController\GetAccountPhone		Account Phone of Account: 194419-001M is found
2025-07-03 10:25:03,366 [34] INFO  UOBCMS.Classes.Logger - AccountController\GetAccountEmail		Client Email of Account: 194419-001M is found
2025-07-03 10:25:03,379 [26] INFO  UOBCMS.Classes.Logger - AccountController\GetAccountEmail		Client Email of Account: 194419-001M is found
2025-07-03 10:25:03,387 [34] INFO  UOBCMS.Classes.Logger - AccountController\GetAccountEmail		Client Email of Account: 194419-001M is found
2025-07-03 10:25:03,395 [26] INFO  UOBCMS.Classes.Logger - AccountController\GetAccountAddress		Account Address of Account: 194419-001M is found
2025-07-03 10:25:03,409 [32] INFO  UOBCMS.Classes.Logger - AccountController\GetAccountAddress		Account Address of Account: 194419-001M is found
2025-07-03 10:25:05,965 [32] INFO  UOBCMS.Classes.Logger - AccountController\GetAccountEmail		Client Email of Account: 194419-001M is found
2025-07-03 10:25:42,193 [36] INFO  UOBCMS.Classes.Logger - AccountController\GetAccountbyAccno		Account: 194419-001M is found
2025-07-03 10:25:45,454 [35] INFO  UOBCMS.Classes.Logger - AccountController\GetAccountbyAccno		Account: 194419-001M is found
2025-07-03 10:25:46,217 [33] INFO  UOBCMS.Classes.Logger - AccountController\GetAccountPhone		Account Phone of Account: 194419-001M is found
2025-07-03 10:25:46,235 [38] INFO  UOBCMS.Classes.Logger - AccountController\GetAccountPhone		Account Phone of Account: 194419-001M is found
2025-07-03 10:25:46,256 [33] INFO  UOBCMS.Classes.Logger - AccountController\GetAccountPhone		Account Phone of Account: 194419-001M is found
2025-07-03 10:25:46,272 [33] INFO  UOBCMS.Classes.Logger - AccountController\GetAccountPhone		Account Phone of Account: 194419-001M is found
2025-07-03 10:25:46,287 [38] INFO  UOBCMS.Classes.Logger - AccountController\GetAccountEmail		Client Email of Account: 194419-001M is found
2025-07-03 10:25:46,316 [38] INFO  UOBCMS.Classes.Logger - AccountController\GetAccountEmail		Client Email of Account: 194419-001M is found
2025-07-03 10:25:46,340 [39] INFO  UOBCMS.Classes.Logger - AccountController\GetAccountEmail		Client Email of Account: 194419-001M is found
2025-07-03 10:25:46,368 [33] INFO  UOBCMS.Classes.Logger - AccountController\GetAccountAddress		Account Address of Account: 194419-001M is found
2025-07-03 10:25:46,391 [38] INFO  UOBCMS.Classes.Logger - AccountController\GetAccountAddress		Account Address of Account: 194419-001M is found
2025-07-03 10:25:49,281 [33] INFO  UOBCMS.Classes.Logger - AccountController\GetAccountEmail		Client Email of Account: 194419-001M is found
2025-07-03 10:26:10,110 [40] INFO  UOBCMS.Classes.Logger - AccountController\GetAccountbyAccno		Account: 194419-001M is found
2025-07-03 10:26:10,123 [40] INFO  UOBCMS.Classes.Logger - AccountController\GetAccountEmail		Client Email of Account: 194419-001M is found
2025-07-03 10:26:10,126 [42] INFO  UOBCMS.Classes.Logger - AccountController\GetAccountbyAccno		Account: 194419-001M is found
2025-07-03 10:26:10,184 [40] INFO  UOBCMS.Classes.Logger - AccountController\GetAccountEmail		Client Email of Account: 194419-001M is found
2025-07-03 10:26:17,116 [42] INFO  UOBCMS.Classes.Logger - AccountController\GetAccountEmail		Client Email of Account: 194419-001M is found
2025-07-03 10:26:45,498 [43] INFO  UOBCMS.Classes.Logger - AccountController\GetAccountbyAccno		Account: 194419-001M is found
2025-07-03 10:26:48,856 [43] INFO  UOBCMS.Classes.Logger - AccountController\GetAccountbyAccno		Account: 194419-001M is found
2025-07-03 10:26:49,723 [43] INFO  UOBCMS.Classes.Logger - AccountController\GetAccountPhone		Account Phone of Account: 194419-001M is found
2025-07-03 10:26:49,736 [43] INFO  UOBCMS.Classes.Logger - AccountController\GetAccountPhone		Account Phone of Account: 194419-001M is found
2025-07-03 10:26:49,746 [44] INFO  UOBCMS.Classes.Logger - AccountController\GetAccountPhone		Account Phone of Account: 194419-001M is found
2025-07-03 10:26:49,757 [42] INFO  UOBCMS.Classes.Logger - AccountController\GetAccountPhone		Account Phone of Account: 194419-001M is found
2025-07-03 10:26:49,781 [42] INFO  UOBCMS.Classes.Logger - AccountController\GetAccountEmail		Client Email of Account: 194419-001M is found
2025-07-03 10:26:49,806 [43] INFO  UOBCMS.Classes.Logger - AccountController\GetAccountEmail		Client Email of Account: 194419-001M is found
2025-07-03 10:26:49,822 [42] INFO  UOBCMS.Classes.Logger - AccountController\GetAccountEmail		Client Email of Account: 194419-001M is found
2025-07-03 10:26:49,841 [42] INFO  UOBCMS.Classes.Logger - AccountController\GetAccountAddress		Account Address of Account: 194419-001M is found
2025-07-03 10:26:49,860 [42] INFO  UOBCMS.Classes.Logger - AccountController\GetAccountAddress		Account Address of Account: 194419-001M is found
2025-07-03 10:26:55,260 [43] INFO  UOBCMS.Classes.Logger - AccountController\GetAccountEmail		Client Email of Account: 194419-001M is found
2025-07-03 10:27:05,862 [43] INFO  UOBCMS.Classes.Logger - AccountController\GetAccountbyAccno		Account: 194419-001M is found
2025-07-03 10:27:05,880 [40] INFO  UOBCMS.Classes.Logger - AccountController\GetAccountEmail		Client Email of Account: 194419-001M is found
2025-07-03 10:27:05,885 [40] INFO  UOBCMS.Classes.Logger - AccountController\GetAccountbyAccno		Account: 194419-001M is found
2025-07-03 10:27:05,946 [43] INFO  UOBCMS.Classes.Logger - AccountController\GetAccountEmail		Client Email of Account: 194419-001M is found
2025-07-03 10:27:09,644 [43] INFO  UOBCMS.Classes.Logger - AccountController\GetAccountbyAccno		Account: 194419-001M is found
2025-07-03 10:27:09,657 [42] INFO  UOBCMS.Classes.Logger - AccountController\GetAccountEmail		Client Email of Account: 194419-001M is found
2025-07-03 10:27:09,662 [40] INFO  UOBCMS.Classes.Logger - AccountController\GetAccountbyAccno		Account: 194419-001M is found
2025-07-03 10:27:09,721 [40] INFO  UOBCMS.Classes.Logger - AEController\GetAEbyAccno		AE of: 194419-001M is found
2025-07-03 10:27:09,960 [42] INFO  UOBCMS.Classes.Logger - AccountController\GetAccountEmail		Client Email of Account: 194419-001M is found
2025-07-03 10:32:58,001 [64] INFO  UOBCMS.Classes.Logger - AccountController\GetAccountEmail		Client Email of Account: 194419-001M is found
2025-07-03 10:33:05,199 [66] INFO  UOBCMS.Classes.Logger - AccountController\GetAccountEmail		Client Email of Account: 194419-001M is found
2025-07-03 10:42:26,217 [71] INFO  UOBCMS.Classes.Logger - AccountController\GetAccountbyAccno		Account: 194419-001M is found
2025-07-03 10:42:49,187 [71] INFO  UOBCMS.Classes.Logger - AccountController\GetAccountEmail		Client Email of Account: 194419-001M is found
2025-07-03 10:46:21,831 [54] INFO  UOBCMS.Classes.Logger - AccountController\GetAccountbyAccno		Account: 194419-001M is found
2025-07-03 10:46:23,824 [56] INFO  UOBCMS.Classes.Logger - AccountController\GetAccountbyAccno		Account: 194419-001M is found
2025-07-03 10:46:25,297 [52] INFO  UOBCMS.Classes.Logger - AccountController\GetAccountPhone		Account Phone of Account: 194419-001M is found
2025-07-03 10:46:25,321 [52] INFO  UOBCMS.Classes.Logger - AccountController\GetAccountPhone		Account Phone of Account: 194419-001M is found
2025-07-03 10:46:25,337 [56] INFO  UOBCMS.Classes.Logger - AccountController\GetAccountPhone		Account Phone of Account: 194419-001M is found
2025-07-03 10:46:25,357 [52] INFO  UOBCMS.Classes.Logger - AccountController\GetAccountPhone		Account Phone of Account: 194419-001M is found
2025-07-03 10:46:25,381 [56] INFO  UOBCMS.Classes.Logger - AccountController\GetAccountEmail		Client Email of Account: 194419-001M is found
2025-07-03 10:46:25,401 [55] INFO  UOBCMS.Classes.Logger - AccountController\GetAccountEmail		Client Email of Account: 194419-001M is found
2025-07-03 10:46:25,420 [55] INFO  UOBCMS.Classes.Logger - AccountController\GetAccountEmail		Client Email of Account: 194419-001M is found
2025-07-03 10:46:25,439 [56] INFO  UOBCMS.Classes.Logger - AccountController\GetAccountAddress		Account Address of Account: 194419-001M is found
2025-07-03 10:46:25,461 [55] INFO  UOBCMS.Classes.Logger - AccountController\GetAccountAddress		Account Address of Account: 194419-001M is found
2025-07-03 10:46:51,995 [55] INFO  UOBCMS.Classes.Logger - AccountController\GetAccountbyAccno		Account: 100015-001 is found
2025-07-03 10:47:37,755 [37] INFO  UOBCMS.Classes.Logger - AccountController\GetAccountbyAccno		Account: 100015-001 is found
2025-07-03 10:47:37,773 [37] INFO  UOBCMS.Classes.Logger - AccountController\GetAccountPhone		Account Phone of Account: 100015-001 is found
2025-07-03 10:47:37,781 [37] INFO  UOBCMS.Classes.Logger - AccountController\GetAccountPhone		Account Phone of Account: 100015-001 is found
2025-07-03 10:47:37,785 [45] ERROR UOBCMS.Classes.Logger - AccountController\GetAccountPhone		Account Phone of Account: 100015-001 is not found
2025-07-03 10:47:37,828 [45] ERROR UOBCMS.Classes.Logger - AccountController\GetAccountPhone		Account Phone of Account: 100015-001 is not found
2025-07-03 10:47:37,856 [37] INFO  UOBCMS.Classes.Logger - AccountController\GetAccountEmail		Client Email of Account: 100015-001 is found
2025-07-03 10:47:37,865 [47] ERROR UOBCMS.Classes.Logger - AccountController\GetAccountEmail		Client Email of Account: 100015-001 is not found
2025-07-03 10:47:37,873 [45] ERROR UOBCMS.Classes.Logger - AccountController\GetAccountEmail		Client Email of Account: 100015-001 is not found
2025-07-03 10:47:37,884 [37] INFO  UOBCMS.Classes.Logger - AccountController\GetAccountAddress		Account Address of Account: 100015-001 is found
2025-07-03 10:47:37,895 [37] INFO  UOBCMS.Classes.Logger - AccountController\GetAccountAddress		Account Address of Account: 100015-001 is found
2025-07-03 10:47:40,717 [47] ERROR UOBCMS.Classes.Logger - AccountController\GetAccountPhone		Account Phone of Account: 100015-001 is not found
2025-07-03 10:47:40,757 [37] INFO  UOBCMS.Classes.Logger - AccountController\GetIBOAccountCRS		Account Code: 100015-001
2025-07-03 10:47:40,822 [48] INFO  UOBCMS.Classes.Logger - AccountController\GetAccountAddresses		Account Addresss of Account: 100015-001 is found
2025-07-03 10:47:40,829 [37] INFO  UOBCMS.Classes.Logger - AccountController\GetIBOAccountCPerson		Account Code: 100015-001
2025-07-03 10:47:50,848 [47] INFO  UOBCMS.Classes.Logger - AccountController\GetAccountbyAccno		Account: 100015-001 is found
2025-07-03 10:47:50,866 [47] INFO  UOBCMS.Classes.Logger - AccountController\GetAccountPhone		Account Phone of Account: 100015-001 is found
2025-07-03 10:47:50,875 [45] INFO  UOBCMS.Classes.Logger - AccountController\GetAccountPhone		Account Phone of Account: 100015-001 is found
2025-07-03 10:47:50,882 [47] ERROR UOBCMS.Classes.Logger - AccountController\GetAccountPhone		Account Phone of Account: 100015-001 is not found
2025-07-03 10:47:50,909 [45] ERROR UOBCMS.Classes.Logger - AccountController\GetAccountPhone		Account Phone of Account: 100015-001 is not found
2025-07-03 10:47:50,937 [47] INFO  UOBCMS.Classes.Logger - AccountController\GetAccountEmail		Client Email of Account: 100015-001 is found
2025-07-03 10:47:50,946 [37] ERROR UOBCMS.Classes.Logger - AccountController\GetAccountEmail		Client Email of Account: 100015-001 is not found
2025-07-03 10:47:50,955 [37] ERROR UOBCMS.Classes.Logger - AccountController\GetAccountEmail		Client Email of Account: 100015-001 is not found
2025-07-03 10:47:50,966 [37] INFO  UOBCMS.Classes.Logger - AccountController\GetAccountAddress		Account Address of Account: 100015-001 is found
2025-07-03 10:47:50,974 [37] INFO  UOBCMS.Classes.Logger - AccountController\GetAccountAddress		Account Address of Account: 100015-001 is found
2025-07-03 10:47:58,451 [45] INFO  UOBCMS.Classes.Logger - AccountController\GetAccountAddress		Account Address of Account: 100015-001 is found
2025-07-03 10:47:58,452 [37] INFO  UOBCMS.Classes.Logger - AccountController\GetIBOAccountCRS		Account Code: 100015-001
2025-07-03 10:48:35,406 [45] INFO  UOBCMS.Classes.Logger - AccountController\GetAccountbyAccno		Account: 100015-001 is found
2025-07-03 10:48:35,409 [37] INFO  UOBCMS.Classes.Logger - AccountController\GetAccountbyAccno		Account: 100015-001 is found
2025-07-03 10:48:35,415 [46] INFO  UOBCMS.Classes.Logger - AccountController\GetAccountAddress		Account Address of Account: 100015-001 is found
2025-07-03 10:48:35,427 [45] INFO  UOBCMS.Classes.Logger - AccountController\GetAccountPhones		Account Phone of Account: 100015-001 is found
2025-07-03 10:48:49,280 [45] INFO  UOBCMS.Classes.Logger - AccountController\GetAccountbyAccno		Account: 100015-001 is found
2025-07-03 10:48:49,297 [45] INFO  UOBCMS.Classes.Logger - AccountController\GetAccountPhone		Account Phone of Account: 100015-001 is found
2025-07-03 10:48:49,305 [45] INFO  UOBCMS.Classes.Logger - AccountController\GetAccountPhone		Account Phone of Account: 100015-001 is found
2025-07-03 10:48:49,309 [45] ERROR UOBCMS.Classes.Logger - AccountController\GetAccountPhone		Account Phone of Account: 100015-001 is not found
2025-07-03 10:48:49,338 [41] ERROR UOBCMS.Classes.Logger - AccountController\GetAccountPhone		Account Phone of Account: 100015-001 is not found
2025-07-03 10:48:49,369 [41] INFO  UOBCMS.Classes.Logger - AccountController\GetAccountEmail		Client Email of Account: 100015-001 is found
2025-07-03 10:48:49,374 [41] ERROR UOBCMS.Classes.Logger - AccountController\GetAccountEmail		Client Email of Account: 100015-001 is not found
2025-07-03 10:48:49,382 [45] ERROR UOBCMS.Classes.Logger - AccountController\GetAccountEmail		Client Email of Account: 100015-001 is not found
2025-07-03 10:48:49,389 [40] INFO  UOBCMS.Classes.Logger - AccountController\GetAccountAddress		Account Address of Account: 100015-001 is found
2025-07-03 10:48:49,396 [40] INFO  UOBCMS.Classes.Logger - AccountController\GetAccountAddress		Account Address of Account: 100015-001 is found
2025-07-03 10:48:52,705 [41] INFO  UOBCMS.Classes.Logger - AccountController\GetAccountPhone		Account Phone of Account: 100015-001 is found
2025-07-03 10:48:52,712 [45] INFO  UOBCMS.Classes.Logger - AccountController\GetIBOAccountCRS		Account Code: 100015-001
2025-07-03 10:48:52,719 [45] INFO  UOBCMS.Classes.Logger - AccountController\GetAccountAddresses		Account Addresss of Account: 100015-001 is found
2025-07-03 10:48:52,720 [45] INFO  UOBCMS.Classes.Logger - AccountController\GetIBOAccountCPerson		Account Code: 100015-001
2025-07-03 10:49:14,810 [36] INFO  UOBCMS.Classes.Logger - AccountController\GetAccountbyAccno		Account: 100015-001 is found
2025-07-03 10:49:14,815 [36] INFO  UOBCMS.Classes.Logger - AccountController\GetAccountbyAccno		Account: 100015-001 is found
2025-07-03 10:49:14,815 [42] INFO  UOBCMS.Classes.Logger - AccountController\GetIBOAccountCPerson		Account Code: 100015-001
2025-07-03 10:49:14,855 [38] INFO  UOBCMS.Classes.Logger - AccountController\GetAccountPhone		Account Phone of Account: 100015-001 is found
2025-07-03 10:49:14,862 [42] INFO  UOBCMS.Classes.Logger - AccountController\GetIBOAccountCRS		Account Code: 100015-001
2025-07-03 10:49:14,875 [42] INFO  UOBCMS.Classes.Logger - AccountController\GetAccountAddress		Account Address of Account: 100015-001 is found
2025-07-03 10:49:44,304 [33] INFO  UOBCMS.Classes.Logger - AccountController\GetAccountAddress		Account Address of Account: 100015-001 is found
2025-07-03 10:49:44,305 [33] INFO  UOBCMS.Classes.Logger - AccountController\GetIBOAccountCRS		Account Code: 100015-001
2025-07-03 10:50:02,588 [42] INFO  UOBCMS.Classes.Logger - AccountController\GetAccountbyAccno		Account: 194419-001 is found
2025-07-03 10:50:06,673 [42] INFO  UOBCMS.Classes.Logger - AccountController\GetAccountbyAccno		Account: 194419-001M is found
2025-07-03 10:50:08,795 [33] INFO  UOBCMS.Classes.Logger - AccountController\GetAccountbyAccno		Account: 194419-001M is found
2025-07-03 10:50:08,817 [32] INFO  UOBCMS.Classes.Logger - AccountController\GetAccountPhone		Account Phone of Account: 194419-001M is found
2025-07-03 10:50:08,825 [33] INFO  UOBCMS.Classes.Logger - AccountController\GetAccountPhone		Account Phone of Account: 194419-001M is found
2025-07-03 10:50:08,841 [32] INFO  UOBCMS.Classes.Logger - AccountController\GetAccountPhone		Account Phone of Account: 194419-001M is found
2025-07-03 10:50:08,859 [35] INFO  UOBCMS.Classes.Logger - AccountController\GetAccountPhone		Account Phone of Account: 194419-001M is found
2025-07-03 10:50:08,876 [35] INFO  UOBCMS.Classes.Logger - AccountController\GetAccountEmail		Client Email of Account: 194419-001M is found
2025-07-03 10:50:08,889 [33] INFO  UOBCMS.Classes.Logger - AccountController\GetAccountEmail		Client Email of Account: 194419-001M is found
2025-07-03 10:50:08,902 [26] INFO  UOBCMS.Classes.Logger - AccountController\GetAccountEmail		Client Email of Account: 194419-001M is found
2025-07-03 10:50:08,915 [33] INFO  UOBCMS.Classes.Logger - AccountController\GetAccountAddress		Account Address of Account: 194419-001M is found
2025-07-03 10:50:08,931 [33] INFO  UOBCMS.Classes.Logger - AccountController\GetAccountAddress		Account Address of Account: 194419-001M is found
2025-07-03 10:51:03,850 [35] INFO  UOBCMS.Classes.Logger - AccountController\GetAccountbyAccno		Account: 171718-001M is found
2025-07-03 10:51:05,768 [29] INFO  UOBCMS.Classes.Logger - AccountController\GetAccountbyAccno		Account: 171718-001M is found
2025-07-03 10:51:05,782 [35] INFO  UOBCMS.Classes.Logger - AccountController\GetAccountPhone		Account Phone of Account: 171718-001M is found
2025-07-03 10:51:05,787 [29] INFO  UOBCMS.Classes.Logger - AccountController\GetAccountPhone		Account Phone of Account: 171718-001M is found
2025-07-03 10:51:05,792 [29] INFO  UOBCMS.Classes.Logger - AccountController\GetAccountPhone		Account Phone of Account: 171718-001M is found
2025-07-03 10:51:05,796 [35] INFO  UOBCMS.Classes.Logger - AccountController\GetAccountPhone		Account Phone of Account: 171718-001M is found
2025-07-03 10:51:05,801 [35] INFO  UOBCMS.Classes.Logger - AccountController\GetAccountEmail		Client Email of Account: 171718-001M is found
2025-07-03 10:51:05,805 [29] INFO  UOBCMS.Classes.Logger - AccountController\GetAccountEmail		Client Email of Account: 171718-001M is found
2025-07-03 10:51:05,810 [29] INFO  UOBCMS.Classes.Logger - AccountController\GetAccountEmail		Client Email of Account: 171718-001M is found
2025-07-03 10:51:05,814 [31] INFO  UOBCMS.Classes.Logger - AccountController\GetAccountAddress		Account Address of Account: 171718-001M is found
2025-07-03 10:51:05,819 [23] INFO  UOBCMS.Classes.Logger - AccountController\GetAccountAddress		Account Address of Account: 171718-001M is found
2025-07-03 10:51:17,178 [23] INFO  UOBCMS.Classes.Logger - AccountController\GetAccountPhone		Account Phone of Account: 171718-001M is found
2025-07-03 10:51:17,184 [35] INFO  UOBCMS.Classes.Logger - AccountController\GetIBOAccountCRS		Account Code: 171718-001M
2025-07-03 10:51:17,191 [35] INFO  UOBCMS.Classes.Logger - AccountController\GetAccountAddresses		Account Addresss of Account: 171718-001M is found
2025-07-03 10:51:17,191 [23] INFO  UOBCMS.Classes.Logger - AccountController\GetIBOAccountCPerson		Account Code: 171718-001M
2025-07-03 10:51:20,805 [23] INFO  UOBCMS.Classes.Logger - AccountController\GetAccountbyAccno		Account: 171718-001M is found
2025-07-03 10:51:20,821 [35] INFO  UOBCMS.Classes.Logger - AccountController\GetAccountPhone		Account Phone of Account: 171718-001M is found
2025-07-03 10:51:20,826 [35] INFO  UOBCMS.Classes.Logger - AccountController\GetAccountPhone		Account Phone of Account: 171718-001M is found
2025-07-03 10:51:20,831 [35] INFO  UOBCMS.Classes.Logger - AccountController\GetAccountPhone		Account Phone of Account: 171718-001M is found
2025-07-03 10:51:20,835 [31] INFO  UOBCMS.Classes.Logger - AccountController\GetAccountPhone		Account Phone of Account: 171718-001M is found
2025-07-03 10:51:20,840 [35] INFO  UOBCMS.Classes.Logger - AccountController\GetAccountEmail		Client Email of Account: 171718-001M is found
2025-07-03 10:51:20,845 [29] INFO  UOBCMS.Classes.Logger - AccountController\GetAccountEmail		Client Email of Account: 171718-001M is found
2025-07-03 10:51:20,849 [29] INFO  UOBCMS.Classes.Logger - AccountController\GetAccountEmail		Client Email of Account: 171718-001M is found
2025-07-03 10:51:20,854 [35] INFO  UOBCMS.Classes.Logger - AccountController\GetAccountAddress		Account Address of Account: 171718-001M is found
2025-07-03 10:51:20,860 [31] INFO  UOBCMS.Classes.Logger - AccountController\GetAccountAddress		Account Address of Account: 171718-001M is found
2025-07-03 10:51:22,944 [23] INFO  UOBCMS.Classes.Logger - AccountController\GetAccountAddress		Account Address of Account: 171718-001M is found
2025-07-03 10:51:22,945 [23] INFO  UOBCMS.Classes.Logger - AccountController\GetIBOAccountCRS		Account Code: 171718-001M
2025-07-03 10:51:34,134 [31] INFO  UOBCMS.Classes.Logger - AccountController\GetAccountbyAccno		Account: 171718-001M is found
2025-07-03 10:51:34,137 [31] INFO  UOBCMS.Classes.Logger - AccountController\GetAccountbyAccno		Account: 171718-001M is found
2025-07-03 10:51:34,143 [23] INFO  UOBCMS.Classes.Logger - AccountController\GetAccountAddress		Account Address of Account: 171718-001M is found
2025-07-03 10:51:34,145 [23] INFO  UOBCMS.Classes.Logger - AccountController\GetAccountPhones		Account Phone of Account: 171718-001M is found
2025-07-03 10:52:13,263 [25] INFO  UOBCMS.Classes.Logger - AccountController\GetAccountbyAccno		Account: 101097-001M is found
2025-07-03 10:52:14,949 [23] INFO  UOBCMS.Classes.Logger - AccountController\GetAccountbyAccno		Account: 101097-001M is found
2025-07-03 10:52:14,967 [3] ERROR UOBCMS.Classes.Logger - AccountController\GetAccountPhone		Account Phone of Account: 101097-001M is not found
2025-07-03 10:52:14,994 [3] ERROR UOBCMS.Classes.Logger - AccountController\GetAccountPhone		Account Phone of Account: 101097-001M is not found
2025-07-03 10:52:15,014 [25] ERROR UOBCMS.Classes.Logger - AccountController\GetAccountPhone		Account Phone of Account: 101097-001M is not found
2025-07-03 10:52:15,035 [23] ERROR UOBCMS.Classes.Logger - AccountController\GetAccountPhone		Account Phone of Account: 101097-001M is not found
2025-07-03 10:52:15,057 [17] ERROR UOBCMS.Classes.Logger - AccountController\GetAccountEmail		Client Email of Account: 101097-001M is not found
2025-07-03 10:52:15,064 [17] ERROR UOBCMS.Classes.Logger - AccountController\GetAccountEmail		Client Email of Account: 101097-001M is not found
2025-07-03 10:52:15,073 [3] ERROR UOBCMS.Classes.Logger - AccountController\GetAccountEmail		Client Email of Account: 101097-001M is not found
2025-07-03 10:52:15,083 [17] INFO  UOBCMS.Classes.Logger - AccountController\GetAccountAddress		Account Address of Account: 101097-001M is found
2025-07-03 10:52:15,094 [3] INFO  UOBCMS.Classes.Logger - AccountController\GetAccountAddress		Account Address of Account: 101097-001M is found
2025-07-03 10:52:22,641 [23] INFO  UOBCMS.Classes.Logger - AccountController\GetAccountAddress		Account Address of Account: 101097-001M is found
2025-07-03 10:52:22,642 [23] INFO  UOBCMS.Classes.Logger - AccountController\GetIBOAccountCRS		Account Code: 101097-001M
2025-07-03 10:52:49,605 [22] INFO  UOBCMS.Classes.Logger - AccountController\GetAccountbyAccno		Account: 101097-001M is found
2025-07-03 10:52:49,608 [21] INFO  UOBCMS.Classes.Logger - AccountController\GetAccountbyAccno		Account: 101097-001M is found
2025-07-03 10:52:49,616 [21] INFO  UOBCMS.Classes.Logger - AccountController\GetAccountAddress		Account Address of Account: 101097-001M is found
2025-07-03 10:52:49,619 [16] ERROR UOBCMS.Classes.Logger - AccountController\GetAccountPhones		Account Phone of Account: 101097-001M is not found
2025-07-03 10:52:49,686 [21] INFO  UOBCMS.Classes.Logger - AccountController\GetIBOAccountCRS		Account Code: 101097-001M
2025-07-03 10:52:49,697 [19] INFO  UOBCMS.Classes.Logger - AccountController\GetAccountAddress		Account Address of Account: 101097-001M is found
2025-07-03 10:53:18,359 [19] ERROR UOBCMS.Classes.Logger - AccountController\GetAccountbyAccno		Account: 1944 is not found
2025-07-03 10:53:21,448 [20] INFO  UOBCMS.Classes.Logger - AccountController\GetAccountbyAccno		Account: 194419-001M is found
2025-07-03 10:53:23,490 [20] INFO  UOBCMS.Classes.Logger - AccountController\GetAccountbyAccno		Account: 194419-001M is found
2025-07-03 10:53:23,505 [13] INFO  UOBCMS.Classes.Logger - AccountController\GetAccountPhone		Account Phone of Account: 194419-001M is found
2025-07-03 10:53:23,512 [20] INFO  UOBCMS.Classes.Logger - AccountController\GetAccountPhone		Account Phone of Account: 194419-001M is found
2025-07-03 10:53:23,519 [19] INFO  UOBCMS.Classes.Logger - AccountController\GetAccountPhone		Account Phone of Account: 194419-001M is found
2025-07-03 10:53:23,526 [19] INFO  UOBCMS.Classes.Logger - AccountController\GetAccountPhone		Account Phone of Account: 194419-001M is found
2025-07-03 10:53:23,535 [19] INFO  UOBCMS.Classes.Logger - AccountController\GetAccountEmail		Client Email of Account: 194419-001M is found
2025-07-03 10:53:23,542 [19] INFO  UOBCMS.Classes.Logger - AccountController\GetAccountEmail		Client Email of Account: 194419-001M is found
2025-07-03 10:53:23,549 [19] INFO  UOBCMS.Classes.Logger - AccountController\GetAccountEmail		Client Email of Account: 194419-001M is found
2025-07-03 10:53:23,556 [19] INFO  UOBCMS.Classes.Logger - AccountController\GetAccountAddress		Account Address of Account: 194419-001M is found
2025-07-03 10:53:23,563 [19] INFO  UOBCMS.Classes.Logger - AccountController\GetAccountAddress		Account Address of Account: 194419-001M is found
2025-07-03 10:53:25,264 [19] INFO  UOBCMS.Classes.Logger - AccountController\GetAccountAddress		Account Address of Account: 194419-001M is found
2025-07-03 10:53:25,265 [19] INFO  UOBCMS.Classes.Logger - AccountController\GetIBOAccountCRS		Account Code: 194419-001M
2025-07-03 10:53:34,990 [13] INFO  UOBCMS.Classes.Logger - AccountController\GetAccountbyAccno		Account: 194419-001M is found
2025-07-03 10:53:34,994 [20] INFO  UOBCMS.Classes.Logger - AccountController\GetAccountbyAccno		Account: 194419-001M is found
2025-07-03 10:53:35,001 [19] INFO  UOBCMS.Classes.Logger - AccountController\GetAccountAddress		Account Address of Account: 194419-001M is found
2025-07-03 10:53:35,003 [19] INFO  UOBCMS.Classes.Logger - AccountController\GetAccountPhones		Account Phone of Account: 194419-001M is found
2025-07-03 10:53:35,038 [20] INFO  UOBCMS.Classes.Logger - AccountController\GetIBOAccountCRS		Account Code: 194419-001M
2025-07-03 10:53:35,051 [13] INFO  UOBCMS.Classes.Logger - AccountController\GetAccountAddress		Account Address of Account: 194419-001M is found
2025-07-03 10:53:51,034 [13] INFO  UOBCMS.Classes.Logger - AccountController\GetAccountbyAccno		Account: 101097-001M is found
2025-07-03 10:53:53,016 [13] INFO  UOBCMS.Classes.Logger - AccountController\GetAccountbyAccno		Account: 101097-001M is found
2025-07-03 10:53:53,030 [19] ERROR UOBCMS.Classes.Logger - AccountController\GetAccountPhone		Account Phone of Account: 101097-001M is not found
2025-07-03 10:53:53,048 [20] ERROR UOBCMS.Classes.Logger - AccountController\GetAccountPhone		Account Phone of Account: 101097-001M is not found
2025-07-03 10:53:53,066 [20] ERROR UOBCMS.Classes.Logger - AccountController\GetAccountPhone		Account Phone of Account: 101097-001M is not found
2025-07-03 10:53:53,086 [13] ERROR UOBCMS.Classes.Logger - AccountController\GetAccountPhone		Account Phone of Account: 101097-001M is not found
2025-07-03 10:53:53,106 [13] ERROR UOBCMS.Classes.Logger - AccountController\GetAccountEmail		Client Email of Account: 101097-001M is not found
2025-07-03 10:53:53,110 [13] ERROR UOBCMS.Classes.Logger - AccountController\GetAccountEmail		Client Email of Account: 101097-001M is not found
2025-07-03 10:53:53,113 [13] ERROR UOBCMS.Classes.Logger - AccountController\GetAccountEmail		Client Email of Account: 101097-001M is not found
2025-07-03 10:53:53,118 [19] INFO  UOBCMS.Classes.Logger - AccountController\GetAccountAddress		Account Address of Account: 101097-001M is found
2025-07-03 10:53:53,123 [19] INFO  UOBCMS.Classes.Logger - AccountController\GetAccountAddress		Account Address of Account: 101097-001M is found
2025-07-03 10:53:56,173 [20] INFO  UOBCMS.Classes.Logger - AccountController\GetAccountAddress		Account Address of Account: 101097-001M is found
2025-07-03 10:53:56,175 [13] INFO  UOBCMS.Classes.Logger - AccountController\GetIBOAccountCRS		Account Code: 101097-001M
2025-07-03 10:54:55,385 [14] INFO  UOBCMS.Classes.Logger - AccountController\GetAccountAddress		Account Address of Account: 101097-001M is found
2025-07-03 10:54:55,386 [20] INFO  UOBCMS.Classes.Logger - AccountController\GetIBOAccountCRS		Account Code: 101097-001M
2025-07-03 10:55:08,208 [14] INFO  UOBCMS.Classes.Logger - AccountController\GetAccountbyAccno		Account: 101097-001M is found
2025-07-03 10:55:08,211 [19] INFO  UOBCMS.Classes.Logger - AccountController\GetAccountbyAccno		Account: 101097-001M is found
2025-07-03 10:55:08,217 [20] INFO  UOBCMS.Classes.Logger - AccountController\GetAccountAddress		Account Address of Account: 101097-001M is found
2025-07-03 10:55:08,219 [20] ERROR UOBCMS.Classes.Logger - AccountController\GetAccountPhones		Account Phone of Account: 101097-001M is not found
2025-07-03 10:55:08,258 [19] INFO  UOBCMS.Classes.Logger - AccountController\GetIBOAccountCRS		Account Code: 101097-001M
2025-07-03 10:55:08,269 [10] INFO  UOBCMS.Classes.Logger - AccountController\GetAccountAddress		Account Address of Account: 101097-001M is found
2025-07-03 10:55:25,598 [19] INFO  UOBCMS.Classes.Logger - AccountController\GetAccountbyAccno		Account: 101097-001M is found
2025-07-03 10:55:25,600 [20] INFO  UOBCMS.Classes.Logger - AccountController\GetAccountbyAccno		Account: 101097-001M is found
2025-07-03 10:55:25,605 [20] INFO  UOBCMS.Classes.Logger - AccountController\GetAccountAddress		Account Address of Account: 101097-001M is found
2025-07-03 10:55:25,606 [20] ERROR UOBCMS.Classes.Logger - AccountController\GetAccountPhones		Account Phone of Account: 101097-001M is not found
2025-07-03 10:55:25,630 [10] INFO  UOBCMS.Classes.Logger - AEController\GetAEbyAccno		AE of: 101097-001M is found
2025-07-03 10:55:26,847 [19] ERROR UOBCMS.Classes.Logger - AccountController\GetAccountEmail		Client Email of Account: 101097-001M is not found
2025-07-03 10:55:35,686 [19] INFO  UOBCMS.Classes.Logger - AccountController\GetAccountAddress		Account Address of Account: 101097-001M is found
2025-07-03 10:55:35,686 [19] INFO  UOBCMS.Classes.Logger - AccountController\GetIBOAccountCRS		Account Code: 101097-001M
2025-07-03 10:56:13,149 [19] INFO  UOBCMS.Classes.Logger - AccountController\GetAccountAddress		Account Address of Account: 101097-001M is found
2025-07-03 10:56:13,150 [19] INFO  UOBCMS.Classes.Logger - AccountController\GetIBOAccountCRS		Account Code: 101097-001M
2025-07-03 10:57:27,921 [4] INFO  UOBCMS.Classes.Logger - AccountController\GetAccountAddress		Account Address of Account: 101097-001M is found
2025-07-03 10:57:27,927 [4] INFO  UOBCMS.Classes.Logger - AccountController\GetIBOAccountCRS		Account Code: 101097-001M
2025-07-03 11:10:09,267 [132] INFO  UOBCMS.Classes.Logger - AccountController\GetAccountAddress		Account Address of Account: 101097-001M is found
2025-07-03 11:10:09,271 [132] INFO  UOBCMS.Classes.Logger - AccountController\GetIBOAccountCRS		Account Code: 101097-001M
2025-07-03 11:12:39,776 [145] INFO  UOBCMS.Classes.Logger - AccountController\GetAccountAddress		Account Address of Account: 101097-001M is found
2025-07-03 11:12:39,786 [146] INFO  UOBCMS.Classes.Logger - AccountController\GetIBOAccountCRS		Account Code: 101097-001M
2025-07-03 11:12:52,469 [145] INFO  UOBCMS.Classes.Logger - AccountController\GetIBOUserContact		Account Code: 101097-001M
2025-07-03 11:13:16,898 [146] INFO  UOBCMS.Classes.Logger - AccountController\GetAccountAddress		Account Address of Account: 101097-001M is found
2025-07-03 11:13:16,898 [146] INFO  UOBCMS.Classes.Logger - AccountController\GetIBOAccountCRS		Account Code: 101097-001M
2025-07-03 11:13:23,825 [150] INFO  UOBCMS.Classes.Logger - AccountController\GetAccountAddress		Account Address of Account: 101097-001M is found
2025-07-03 11:13:23,826 [150] INFO  UOBCMS.Classes.Logger - AccountController\GetIBOAccountCRS		Account Code: 101097-001M
2025-07-03 11:14:04,154 [151] INFO  UOBCMS.Classes.Logger - AccountController\GetAccountAddress		Account Address of Account: 101097-001M is found
2025-07-03 11:14:04,158 [153] INFO  UOBCMS.Classes.Logger - AccountController\GetIBOAccountCRS		Account Code: 101097-001M
2025-07-03 11:15:15,557 [156] INFO  UOBCMS.Classes.Logger - AccountController\GetAccountAddress		Account Address of Account: 101097-001M is found
2025-07-03 11:15:15,566 [156] INFO  UOBCMS.Classes.Logger - AccountController\GetIBOAccountCRS		Account Code: 101097-001M
2025-07-03 11:16:29,149 [166] INFO  UOBCMS.Classes.Logger - AccountController\GetAccountAddress		Account Address of Account: 101097-001M is found
2025-07-03 11:16:29,150 [166] INFO  UOBCMS.Classes.Logger - AccountController\GetIBOAccountCRS		Account Code: 101097-001M
2025-07-03 11:16:46,226 [164] INFO  UOBCMS.Classes.Logger - AccountController\GetAccountAddress		Account Address of Account: 101097-001M is found
2025-07-03 11:16:46,227 [164] INFO  UOBCMS.Classes.Logger - AccountController\GetIBOAccountCRS		Account Code: 101097-001M
2025-07-03 11:16:55,173 [163] INFO  UOBCMS.Classes.Logger - AccountController\GetAccountAddress		Account Address of Account: 101097-001M is found
2025-07-03 11:16:55,174 [164] INFO  UOBCMS.Classes.Logger - AccountController\GetIBOAccountCRS		Account Code: 101097-001M
2025-07-03 11:17:23,461 [164] INFO  UOBCMS.Classes.Logger - AccountController\GetAccountAddress		Account Address of Account: 101097-001M is found
2025-07-03 11:17:23,462 [164] INFO  UOBCMS.Classes.Logger - AccountController\GetIBOAccountCRS		Account Code: 101097-001M
2025-07-03 11:17:51,265 [165] INFO  UOBCMS.Classes.Logger - AccountController\GetAccountAddress		Account Address of Account: 101097-001M is found
2025-07-03 11:17:51,265 [165] INFO  UOBCMS.Classes.Logger - AccountController\GetIBOAccountCRS		Account Code: 101097-001M
2025-07-03 11:17:57,110 [168] INFO  UOBCMS.Classes.Logger - AccountController\SaveBulkAddress		UOBCMS.Models.api.body_cms_client_address
2025-07-03 11:17:57,250 [164] INFO  UOBCMS.Classes.Logger - AccountController\GetAccountAddress		Account Address of Account: 101097-001M is found
2025-07-03 11:17:57,256 [168] INFO  UOBCMS.Classes.Logger - AccountController\SaveBulkAddress		UOBCMS.Models.api.body_cms_client_address
2025-07-03 11:17:57,293 [168] ERROR UOBCMS.Classes.Logger - AccountController\GetAccountEmail		Client Email of Account: 101097-001M is not found
2025-07-03 11:18:49,505 [164] INFO  UOBCMS.Classes.Logger - AccountController\GetAccountAddress		Account Address of Account: 101097-001M is found
2025-07-03 11:18:49,506 [164] INFO  UOBCMS.Classes.Logger - AccountController\GetIBOAccountCRS		Account Code: 101097-001M
2025-07-03 11:24:19,732 [139] INFO  UOBCMS.Classes.Logger - AccountController\GetAccountbyAccno		Account: 101097-001M is found
2025-07-03 11:24:25,146 [139] INFO  UOBCMS.Classes.Logger - AccountController\GetAccountbyAccno		Account: 101097-001M is found
2025-07-03 11:24:26,014 [139] ERROR UOBCMS.Classes.Logger - AccountController\GetAccountPhone		Account Phone of Account: 101097-001M is not found
2025-07-03 11:24:26,063 [139] ERROR UOBCMS.Classes.Logger - AccountController\GetAccountPhone		Account Phone of Account: 101097-001M is not found
2025-07-03 11:24:26,091 [140] ERROR UOBCMS.Classes.Logger - AccountController\GetAccountPhone		Account Phone of Account: 101097-001M is not found
2025-07-03 11:24:26,114 [140] ERROR UOBCMS.Classes.Logger - AccountController\GetAccountPhone		Account Phone of Account: 101097-001M is not found
2025-07-03 11:24:26,135 [140] ERROR UOBCMS.Classes.Logger - AccountController\GetAccountEmail		Client Email of Account: 101097-001M is not found
2025-07-03 11:24:26,143 [139] ERROR UOBCMS.Classes.Logger - AccountController\GetAccountEmail		Client Email of Account: 101097-001M is not found
2025-07-03 11:24:26,147 [139] ERROR UOBCMS.Classes.Logger - AccountController\GetAccountEmail		Client Email of Account: 101097-001M is not found
2025-07-03 11:24:26,152 [139] INFO  UOBCMS.Classes.Logger - AccountController\GetAccountAddress		Account Address of Account: 101097-001M is found
2025-07-03 11:24:26,164 [134] INFO  UOBCMS.Classes.Logger - AccountController\GetAccountAddress		Account Address of Account: 101097-001M is found
2025-07-03 11:24:29,674 [140] INFO  UOBCMS.Classes.Logger - AccountController\GetAccountAddress		Account Address of Account: 101097-001M is found
2025-07-03 11:24:29,677 [139] INFO  UOBCMS.Classes.Logger - AccountController\GetIBOAccountCRS		Account Code: 101097-001M
2025-07-03 11:24:43,051 [134] INFO  UOBCMS.Classes.Logger - AccountController\GetAccountbyAccno		Account: 101097-001M is found
2025-07-03 11:24:43,066 [134] INFO  UOBCMS.Classes.Logger - AccountController\GetAccountbyAccno		Account: 101097-001M is found
2025-07-03 11:24:43,077 [139] INFO  UOBCMS.Classes.Logger - AccountController\GetAccountAddress		Account Address of Account: 101097-001M is found
2025-07-03 11:24:43,081 [134] ERROR UOBCMS.Classes.Logger - AccountController\GetAccountPhones		Account Phone of Account: 101097-001M is not found
2025-07-03 11:24:43,244 [134] INFO  UOBCMS.Classes.Logger - AccountController\GetIBOAccountCRS		Account Code: 101097-001M
2025-07-03 11:24:43,255 [134] INFO  UOBCMS.Classes.Logger - AccountController\GetAccountAddress		Account Address of Account: 101097-001M is found
2025-07-03 11:24:46,300 [134] INFO  UOBCMS.Classes.Logger - AccountController\GetAccountbyAccno		Account: 101097-001M is found
2025-07-03 11:24:46,302 [139] INFO  UOBCMS.Classes.Logger - AccountController\GetAccountbyAccno		Account: 101097-001M is found
2025-07-03 11:24:46,306 [139] INFO  UOBCMS.Classes.Logger - AccountController\GetAccountAddress		Account Address of Account: 101097-001M is found
2025-07-03 11:24:46,308 [139] ERROR UOBCMS.Classes.Logger - AccountController\GetAccountPhones		Account Phone of Account: 101097-001M is not found
2025-07-03 11:24:46,354 [134] INFO  UOBCMS.Classes.Logger - AEController\GetAEbyAccno		AE of: 101097-001M is found
2025-07-03 11:24:51,167 [140] ERROR UOBCMS.Classes.Logger - AccountController\GetAccountEmail		Client Email of Account: 101097-001M is not found
2025-07-03 11:25:01,815 [139] INFO  UOBCMS.Classes.Logger - AccountController\GetAccountAddress		Account Address of Account: 101097-001M is found
2025-07-03 11:25:01,816 [140] INFO  UOBCMS.Classes.Logger - AccountController\GetIBOAccountCRS		Account Code: 101097-001M
2025-07-03 11:27:26,279 [131] INFO  UOBCMS.Classes.Logger - AccountController\GetAccountAddress		Account Address of Account: 101097-001M is found
2025-07-03 11:27:26,281 [131] INFO  UOBCMS.Classes.Logger - AccountController\GetIBOAccountCRS		Account Code: 101097-001M
2025-07-03 11:27:38,244 [130] INFO  UOBCMS.Classes.Logger - AccountController\GetAccountAddress		Account Address of Account: 101097-001M is found
2025-07-03 11:27:38,246 [131] INFO  UOBCMS.Classes.Logger - AccountController\GetIBOAccountCRS		Account Code: 101097-001M
2025-07-03 11:28:09,014 [130] INFO  UOBCMS.Classes.Logger - AccountController\GetIBOUserContact		Account Code: 101097-001M
2025-07-03 11:28:21,648 [127] INFO  UOBCMS.Classes.Logger - AccountController\GetIBOUserContact		Account Code: 101097-001M
2025-07-03 11:29:27,800 [124] INFO  UOBCMS.Classes.Logger - AccountController\GetAccountAddress		Account Address of Account: 101097-001M is found
2025-07-03 11:29:27,805 [124] INFO  UOBCMS.Classes.Logger - AccountController\GetIBOAccountCRS		Account Code: 101097-001M
2025-07-03 11:29:42,720 [122] INFO  UOBCMS.Classes.Logger - AccountController\GetAccountAddress		Account Address of Account: 101097-001M is found
2025-07-03 11:29:42,721 [121] INFO  UOBCMS.Classes.Logger - AccountController\GetIBOAccountCRS		Account Code: 101097-001M
2025-07-03 11:29:58,995 [122] INFO  UOBCMS.Classes.Logger - AccountController\GetAccountAddress		Account Address of Account: 101097-001M is found
2025-07-03 11:29:58,996 [124] INFO  UOBCMS.Classes.Logger - AccountController\GetIBOAccountCRS		Account Code: 101097-001M
2025-07-03 11:30:05,918 [121] ERROR UOBCMS.Classes.Logger - AccountController\GetAccountEmail		Client Email of Account: 101097-001M is not found
2025-07-03 11:31:18,884 [119] INFO  UOBCMS.Classes.Logger - AccountController\GetIBOUserContact		Account Code: 101097-001M
2025-07-03 11:33:23,947 [12] INFO  UOBCMS.Classes.Logger - AccountController\GetIBOUserContact		Account Code: 101097-001M
